# Mon May 11 01:36:56 CDT 2020
# job output directory: /pnfs/mu2e/scratch/users/murat/workflow/ts_warm_bore.760_1012.ts1_mubeam.ts2_sim/outstage/32389890
# subdirectory        : /pnfs/mu2e/scratch/users/murat/workflow/ts_warm_bore.760_1012.ts1_mubeam.ts2_sim/outstage/32389890/00
     0 : section 00000  was running on murat-32389890-0-fnpc6019.fnal.gov       , mu2egrid exit status:   0 TrigReport Events total = 242434 passed = 226941 failed = 15493
     1 : section 00001  was running on murat-32389890-1-fnpc6026.fnal.gov       , mu2egrid exit status:   0 TrigReport Events total = 244310 passed = 228726 failed = 15584
     2 : section 00002  was running on murat-32389890-2-fnpc5036.fnal.gov       , mu2egrid exit status:   0 TrigReport Events total = 243885 passed = 228444 failed = 15441
     3 : section 00003  was running on murat-32389890-3-fnpc9056.fnal.gov       , mu2egrid exit status:   0 TrigReport Events total = 244622 passed = 229124 failed = 15498
     4 : section 00004  was running on murat-32389890-4-fnpc6024.fnal.gov       , mu2egrid exit status:   0 TrigReport Events total = 242691 passed = 227216 failed = 15475
     5 : section 00005  was running on murat-32389890-5-fnpc6028.fnal.gov       , mu2egrid exit status:   0 TrigReport Events total = 243355 passed = 227865 failed = 15490
     6 : section 00006  was running on murat-32389890-6-fnpc7014.fnal.gov       , mu2egrid exit status:   0 TrigReport Events total = 243952 passed = 228465 failed = 15487
     7 : section 00007  was running on murat-32389890-7-fnpc19142.fnal.gov      , mu2egrid exit status:   0 TrigReport Events total = 244503 passed = 228934 failed = 15569
     8 : section 00008  was running on murat-32389890-8-fnpc8027.fnal.gov       , mu2egrid exit status:   0 TrigReport Events total = 243500 passed = 227900 failed = 15600
     9 : section 00009  was running on murat-32389890-9-fnpc9015.fnal.gov       , mu2egrid exit status:   0 TrigReport Events total = 243162 passed = 227640 failed = 15522
    10 : section 00010  was running on murat-32389890-10-fnpc9037.fnal.gov      , mu2egrid exit status:   0 TrigReport Events total = 244225 passed = 228560 failed = 15665
    11 : section 00011  was running on murat-32389890-11-fnpc9052.fnal.gov      , mu2egrid exit status:   0 TrigReport Events total = 242954 passed = 227530 failed = 15424
    12 : section 00012  was running on murat-32389890-12-fnpc17149.fnal.gov     , mu2egrid exit status:   0 TrigReport Events total = 243481 passed = 227699 failed = 15782
    13 : section 00013  was running on murat-32389890-13-fnpc8013.fnal.gov      , mu2egrid exit status:   0 TrigReport Events total = 242829 passed = 227582 failed = 15247
    14 : section 00014  was running on murat-32389890-14-fnpc19107.fnal.gov     , mu2egrid exit status:   0 TrigReport Events total = 244117 passed = 228547 failed = 15570
    15 : section 00015  was running on murat-32389890-15-fnpc17159.fnal.gov     , mu2egrid exit status:   0 TrigReport Events total = 242327 passed = 226959 failed = 15368
    16 : section 00016  was running on murat-32389890-16-fnpc17157.fnal.gov     , mu2egrid exit status:   0 TrigReport Events total = 242717 passed = 227271 failed = 15446
    17 : section 00017  was running on murat-32389890-17-fnpc9017.fnal.gov      , mu2egrid exit status:   0 TrigReport Events total = 244671 passed = 229085 failed = 15586
    18 : section 00018  was running on murat-32389890-18-fnpc19126.fnal.gov     , mu2egrid exit status:   0 TrigReport Events total = 244159 passed = 228564 failed = 15595
    19 : section 00019  was running on murat-32389890-19-fnpc9035.fnal.gov      , mu2egrid exit status:   0 TrigReport Events total = 87576 passed = 82006 failed = 5570
--------------------------------------------
JOB SUMMARY:
--------------------------------------------
submitted           :   485 sections
output checked      :    20 sections
completed           :    20 sections
staging failures    :     0 sections
completed with rc=0 :    20 sections
mu2e job failed     :     0 sections
