#
     0 : section 00139  was running on murat-31751122-139-fnpc19112.fnal.gov    , mu2egrid exit status:   0 TrigReport Events total = 2000000 passed = 8283 failed = 1991717
     1 : section 00140  was running on murat-31751122-140-fnpc19112.fnal.gov    , mu2egrid exit status:   0 TrigReport Events total = 2000000 passed = 8635 failed = 1991365
     2 : section 00461  was running on murat-31751122-461-fnpc19129.fnal.gov    , mu2egrid exit status:   0 TrigReport Events total = 2000000 passed = 8870 failed = 1991130
     3 : section 00478  was running on murat-31751122-478-fnpc19129.fnal.gov    , mu2egrid exit status:   0 TrigReport Events total = 2000000 passed = 8448 failed = 1991552
     4 : section 00454  was running on murat-31751122-454-fnpc19117.fnal.gov    , mu2egrid exit status:   0 TrigReport Events total = 2000000 passed = 8277 failed = 1991723
     5 : section 00437  was running on murat-31751122-437-fnpc19117.fnal.gov    , mu2egrid exit status:   0 TrigReport Events total = 2000000 passed = 8440 failed = 1991560
     6 : section 00173  was running on murat-31751122-173-fnpc19102.fnal.gov    , mu2egrid exit status:   0 TrigReport Events total = 2000000 passed = 8352 failed = 1991648
     7 : section 00131  was running on murat-31751122-131-fnpc19111.fnal.gov    , mu2egrid exit status:   0 TrigReport Events total = 2000000 passed = 8230 failed = 1991770
     8 : section 00138  was running on murat-31751122-138-fnpc19112.fnal.gov    , mu2egrid exit status:   0 TrigReport Events total = 2000000 passed = 8593 failed = 1991407
     9 : section 00456  was running on murat-31751122-456-fnpc19127.fnal.gov    , mu2egrid exit status:   0 TrigReport Events total = 2000000 passed = 8408 failed = 1991592
    10 : section 00472  was running on murat-31751122-472-fnpc19117.fnal.gov    , mu2egrid exit status:   0 TrigReport Events total = 2000000 passed = 8187 failed = 1991813
    11 : section 00477  was running on murat-31751122-477-fnpc19140.fnal.gov    , mu2egrid exit status:   0 TrigReport Events total = 2000000 passed = 8342 failed = 1991658
    12 : section 00251  was running on murat-31751122-251-fnpc19111.fnal.gov    , mu2egrid exit status:   0 TrigReport Events total = 2000000 passed = 8264 failed = 1991736
    13 : section 00436  was running on murat-31751122-436-fnpc19116.fnal.gov    , mu2egrid exit status:   0 TrigReport Events total = 2000000 passed = 8167 failed = 1991833
    14 : section 00483  was running on murat-31751122-483-fnpc19116.fnal.gov    , mu2egrid exit status:   0 TrigReport Events total = 2000000 passed = 8282 failed = 1991718
    15 : section 00470  was running on murat-31751122-470-fnpc19116.fnal.gov    , mu2egrid exit status:   0 TrigReport Events total = 2000000 passed = 8544 failed = 1991456
    16 : section 00452  was running on murat-31751122-452-fnpc19114.fnal.gov    , mu2egrid exit status:   0 TrigReport Events total = 2000000 passed = 8598 failed = 1991402
    17 : section 00474  was running on murat-31751122-474-fnpc19127.fnal.gov    , mu2egrid exit status:   0 TrigReport Events total = 2000000 passed = 7978 failed = 1992022
    18 : section 00366  was running on murat-31751122-366-fnpc19134.fnal.gov    , mu2egrid exit status:   0 TrigReport Events total = 2000000 passed = 8827 failed = 1991173
    19 : section 00171  was running on murat-31751122-171-fnpc19120.fnal.gov    , mu2egrid exit status:   0 TrigReport Events total = 2000000 passed = 8505 failed = 1991495
    20 : section 00362  was running on murat-31751122-362-fnpc19111.fnal.gov    , mu2egrid exit status:   0 TrigReport Events total = 2000000 passed = 8358 failed = 1991642
    21 : section 00186  was running on murat-31751122-186-fnpc19102.fnal.gov    , mu2egrid exit status:   0 TrigReport Events total = 2000000 passed = 8042 failed = 1991958
    22 : section 00387  was running on murat-31751122-387-fnpc19134.fnal.gov    , mu2egrid exit status:   0 TrigReport Events total = 2000000 passed = 8872 failed = 1991128
    23 : section 00135  was running on murat-31751122-135-fnpc19118.fnal.gov    , mu2egrid exit status:   0 TrigReport Events total = 2000000 passed = 8163 failed = 1991837
    24 : section 00469  was running on murat-31751122-469-fnpc19114.fnal.gov    , mu2egrid exit status:   0 TrigReport Events total = 2000000 passed = 8347 failed = 1991653
    25 : section 00179  was running on murat-31751122-179-fnpc19139.fnal.gov    , mu2egrid exit status:   0 TrigReport Events total = 2000000 passed = 8670 failed = 1991330
    26 : section 00133  was running on murat-31751122-133-fnpc19120.fnal.gov    , mu2egrid exit status:   0 TrigReport Events total = 2000000 passed = 8247 failed = 1991753
    27 : section 00241  was running on murat-31751122-241-fnpc19135.fnal.gov    , mu2egrid exit status:   0 TrigReport Events total = 2000000 passed = 8273 failed = 1991727
    28 : section 00137  was running on murat-31751122-137-fnpc19136.fnal.gov    , mu2egrid exit status:   0 TrigReport Events total = 2000000 passed = 8517 failed = 1991483
    29 : section 00453  was running on murat-31751122-453-fnpc19116.fnal.gov    , mu2egrid exit status:   0 TrigReport Events total = 2000000 passed = 8472 failed = 1991528
    30 : section 00250  was running on murat-31751122-250-fnpc19126.fnal.gov    , mu2egrid exit status:   0 TrigReport Events total = 2000000 passed = 8138 failed = 1991862
    31 : section 00184  was running on murat-31751122-184-fnpc19120.fnal.gov    , mu2egrid exit status:   0 TrigReport Events total = 2000000 passed = 8382 failed = 1991618
    32 : section 00239  was running on murat-31751122-239-fnpc19126.fnal.gov    , mu2egrid exit status:   0 TrigReport Events total = 2000000 passed = 8422 failed = 1991578
    33 : section 00252  was running on murat-31751122-252-fnpc19135.fnal.gov    , mu2egrid exit status:   0 TrigReport Events total = 2000000 passed = 8368 failed = 1991632
    34 : section 00261  was running on murat-31751122-261-fnpc19126.fnal.gov    , mu2egrid exit status:   0 TrigReport Events total = 2000000 passed = 8222 failed = 1991778
    35 : section 00168  was running on murat-31751122-168-fnpc19139.fnal.gov    , mu2egrid exit status:   0 TrigReport Events total = 2000000 passed = 8392 failed = 1991608
    36 : section 00170  was running on murat-31751122-170-fnpc19108.fnal.gov    , mu2egrid exit status:   0 TrigReport Events total = 2000000 passed = 8466 failed = 1991534
    37 : section 00183  was running on murat-31751122-183-fnpc19108.fnal.gov    , mu2egrid exit status:   0 TrigReport Events total = 2000000 passed = 8339 failed = 1991661
    38 : section 00380  was running on murat-31751122-380-fnpc19141.fnal.gov    , mu2egrid exit status:   0 TrigReport Events total = 2000000 passed = 8390 failed = 1991610
    39 : section 00132  was running on murat-31751122-132-fnpc19137.fnal.gov    , mu2egrid exit status:   0 TrigReport Events total = 2000000 passed = 8241 failed = 1991759
    40 : section 00327  was running on murat-31751122-327-fnpc19130.fnal.gov    , mu2egrid exit status:   0 TrigReport Events total = 2000000 passed = 8627 failed = 1991373
    41 : section 00300  was running on murat-31751122-300-fnpc19130.fnal.gov    , mu2egrid exit status:   0 TrigReport Events total = 2000000 passed = 8035 failed = 1991965
    42 : section 00333  was running on murat-31751122-333-fnpc19130.fnal.gov    , mu2egrid exit status:   0 TrigReport Events total = 2000000 passed = 8040 failed = 1991960
    43 : section 00386  was running on murat-31751122-386-fnpc19133.fnal.gov    , mu2egrid exit status:   0 TrigReport Events total = 2000000 passed = 8586 failed = 1991414
    44 : section 00172  was running on murat-31751122-172-fnpc19124.fnal.gov    , mu2egrid exit status:   0 TrigReport Events total = 2000000 passed = 8297 failed = 1991703
    45 : section 00401  was running on murat-31751122-401-fnpc19102.fnal.gov    , mu2egrid exit status:   0 TrigReport Events total = 2000000 passed = 8086 failed = 1991914
    46 : section 00360  was running on murat-31751122-360-fnpc19141.fnal.gov    , mu2egrid exit status:   0 TrigReport Events total = 2000000 passed = 8431 failed = 1991569
    47 : section 00315  was running on murat-31751122-315-fnpc19130.fnal.gov    , mu2egrid exit status:   0 TrigReport Events total = 2000000 passed = 8225 failed = 1991775
    48 : section 00435  was running on murat-31751122-435-fnpc19114.fnal.gov    , mu2egrid exit status:   0 TrigReport Events total = 2000000 passed = 8503 failed = 1991497
    49 : section 00395  was running on murat-31751122-395-fnpc19102.fnal.gov    , mu2egrid exit status:   0 TrigReport Events total = 2000000 passed = 8401 failed = 1991599
    50 : section 00398  was running on murat-31751122-398-fnpc19141.fnal.gov    , mu2egrid exit status:   0 TrigReport Events total = 2000000 passed = 8143 failed = 1991857
    51 : section 00379  was running on murat-31751122-379-fnpc19102.fnal.gov    , mu2egrid exit status:   0 TrigReport Events total = 2000000 passed = 8130 failed = 1991870
    52 : section 00385  was running on murat-31751122-385-fnpc19142.fnal.gov    , mu2egrid exit status:   0 TrigReport Events total = 2000000 passed = 8358 failed = 1991642
    53 : section 00405  was running on murat-31751122-405-fnpc19102.fnal.gov    , mu2egrid exit status:   0 TrigReport Events total = 2000000 passed = 8433 failed = 1991567
    54 : section 00192  was running on murat-31751122-192-fnpc19108.fnal.gov    , mu2egrid exit status:   0 TrigReport Events total = 2000000 passed = 8205 failed = 1991795
    55 : section 00185  was running on murat-31751122-185-fnpc19124.fnal.gov    , mu2egrid exit status:   0 TrigReport Events total = 2000000 passed = 8096 failed = 1991904
    56 : section 00397  was running on murat-31751122-397-fnpc19133.fnal.gov    , mu2egrid exit status:   0 TrigReport Events total = 2000000 passed = 8399 failed = 1991601
    57 : section 00364  was running on murat-31751122-364-fnpc19133.fnal.gov    , mu2egrid exit status:   0 TrigReport Events total = 2000000 passed = 8815 failed = 1991185
    58 : section 00136  was running on murat-31751122-136-fnpc19124.fnal.gov    , mu2egrid exit status:   0 TrigReport Events total = 2000000 passed = 8156 failed = 1991844
    59 : section 00384  was running on murat-31751122-384-fnpc19111.fnal.gov    , mu2egrid exit status:   0 TrigReport Events total = 2000000 passed = 8334 failed = 1991666
    60 : section 00240  was running on murat-31751122-240-fnpc19111.fnal.gov    , mu2egrid exit status:   0 TrigReport Events total = 2000000 passed = 8260 failed = 1991740
    61 : section 00299  was running on murat-31751122-299-fnpc19108.fnal.gov    , mu2egrid exit status:   0 TrigReport Events total = 2000000 passed = 8207 failed = 1991793
    62 : section 00194  was running on murat-31751122-194-fnpc19128.fnal.gov    , mu2egrid exit status:   0 TrigReport Events total = 2000000 passed = 8308 failed = 1991692
    63 : section 00189  was running on murat-31751122-189-fnpc19128.fnal.gov    , mu2egrid exit status:   0 TrigReport Events total = 2000000 passed = 8246 failed = 1991754
    64 : section 00365  was running on murat-31751122-365-fnpc19135.fnal.gov    , mu2egrid exit status:   0 TrigReport Events total = 2000000 passed = 8602 failed = 1991398
    65 : section 00392  was running on murat-31751122-392-fnpc19135.fnal.gov    , mu2egrid exit status:   0 TrigReport Events total = 2000000 passed = 8373 failed = 1991627
    66 : section 00316  was running on murat-31751122-316-fnpc19105.fnal.gov    , mu2egrid exit status:   0 TrigReport Events total = 2000000 passed = 7898 failed = 1992102
    67 : section 00260  was running on murat-31751122-260-fnpc19128.fnal.gov    , mu2egrid exit status:   0 TrigReport Events total = 2000000 passed = 8694 failed = 1991306
    68 : section 00434  was running on murat-31751122-434-fnpc19124.fnal.gov    , mu2egrid exit status:   0 TrigReport Events total = 2000000 passed = 8358 failed = 1991642
    69 : section 00460  was running on murat-31751122-460-fnpc19124.fnal.gov    , mu2egrid exit status:   0 TrigReport Events total = 2000000 passed = 8426 failed = 1991574
    70 : section 00361  was running on murat-31751122-361-fnpc19126.fnal.gov    , mu2egrid exit status:   0 TrigReport Events total = 2000000 passed = 8219 failed = 1991781
    71 : section 00301  was running on murat-31751122-301-fnpc19105.fnal.gov    , mu2egrid exit status:   0 TrigReport Events total = 2000000 passed = 8319 failed = 1991681
    72 : section 00178  was running on murat-31751122-178-fnpc19128.fnal.gov    , mu2egrid exit status:   0 TrigReport Events total = 2000000 passed = 8119 failed = 1991881
    73 : section 00169  was running on murat-31751122-169-fnpc19121.fnal.gov    , mu2egrid exit status:   0 TrigReport Events total = 2000000 passed = 8638 failed = 1991362
    74 : section 00328  was running on murat-31751122-328-fnpc19105.fnal.gov    , mu2egrid exit status:   0 TrigReport Events total = 2000000 passed = 8236 failed = 1991764
    75 : section 00334  was running on murat-31751122-334-fnpc19105.fnal.gov    , mu2egrid exit status:   0 TrigReport Events total = 2000000 passed = 8438 failed = 1991562
    76 : section 00134  was running on murat-31751122-134-fnpc19135.fnal.gov    , mu2egrid exit status:   0 TrigReport Events total = 2000000 passed = 8479 failed = 1991521
    77 : section 00363  was running on murat-31751122-363-fnpc19142.fnal.gov    , mu2egrid exit status:   0 TrigReport Events total = 2000000 passed = 8234 failed = 1991766
    78 : section 00404  was running on murat-31751122-404-fnpc19133.fnal.gov    , mu2egrid exit status:   0 TrigReport Events total = 2000000 passed = 8268 failed = 1991732
    79 : section 00402  was running on murat-31751122-402-fnpc19133.fnal.gov    , mu2egrid exit status:   0 TrigReport Events total = 2000000 passed = 8078 failed = 1991922
    80 : section 00167  was running on murat-31751122-167-fnpc19128.fnal.gov    , mu2egrid exit status:   0 TrigReport Events total = 2000000 passed = 8393 failed = 1991607
    81 : section 00238  was running on murat-31751122-238-fnpc19128.fnal.gov    , mu2egrid exit status:   0 TrigReport Events total = 2000000 passed = 8421 failed = 1991579
    82 : section 00249  was running on murat-31751122-249-fnpc19128.fnal.gov    , mu2egrid exit status:   0 TrigReport Events total = 2000000 passed = 8449 failed = 1991551
    83 : section 00056  was running on murat-31751122-56-fnpc9008.fnal.gov      , mu2egrid exit status:   0 TrigReport Events total = 2000000 passed = 8483 failed = 1991517
    84 : section 00336  was running on murat-31751122-336-fnpc9045.fnal.gov     , mu2egrid exit status:   0 TrigReport Events total = 2000000 passed = 7950 failed = 1992050
    85 : section 00335  was running on murat-31751122-335-fnpc9045.fnal.gov     , mu2egrid exit status:   0 TrigReport Events total = 2000000 passed = 8269 failed = 1991731
    86 : section 00236  was running on murat-31751122-236-fnpc17108.fnal.gov    , mu2egrid exit status:   0 TrigReport Events total = 2000000 passed = 8520 failed = 1991480
    87 : section 00256  was running on murat-31751122-256-fnpc17108.fnal.gov    , mu2egrid exit status:   0 TrigReport Events total = 2000000 passed = 8275 failed = 1991725
    88 : section 00065  was running on murat-31751122-65-fnpc9062.fnal.gov      , mu2egrid exit status:   0 TrigReport Events total = 2000000 passed = 8509 failed = 1991491
    89 : section 00177  was running on murat-31751122-177-fnpc9009.fnal.gov     , mu2egrid exit status:   0 TrigReport Events total = 2000000 passed = 8330 failed = 1991670
    90 : section 00291  was running on murat-31751122-291-fnpc9045.fnal.gov     , mu2egrid exit status:   0 TrigReport Events total = 2000000 passed = 8481 failed = 1991519
    91 : section 00166  was running on murat-31751122-166-fnpc9009.fnal.gov     , mu2egrid exit status:   0 TrigReport Events total = 2000000 passed = 8471 failed = 1991529
    92 : section 00188  was running on murat-31751122-188-fnpc9009.fnal.gov     , mu2egrid exit status:   0 TrigReport Events total = 2000000 passed = 8486 failed = 1991514
    93 : section 00191  was running on murat-31751122-191-fnpc9009.fnal.gov     , mu2egrid exit status:   0 TrigReport Events total = 2000000 passed = 8659 failed = 1991341
    94 : section 00367  was running on murat-31751122-367-fnpc9106.fnal.gov     , mu2egrid exit status:   0 TrigReport Events total = 2000000 passed = 8448 failed = 1991552
    95 : section 00164  was running on murat-31751122-164-fnpc9021.fnal.gov     , mu2egrid exit status:   0 TrigReport Events total = 2000000 passed = 8344 failed = 1991656
    96 : section 00231  was running on murat-31751122-231-fnpc9021.fnal.gov     , mu2egrid exit status:   0 TrigReport Events total = 2000000 passed = 8007 failed = 1991993
    97 : section 00354  was running on murat-31751122-354-fnpc9106.fnal.gov     , mu2egrid exit status:   0 TrigReport Events total = 2000000 passed = 8142 failed = 1991858
    98 : section 00449  was running on murat-31751122-449-fnpc9015.fnal.gov     , mu2egrid exit status:   0 TrigReport Events total = 2000000 passed = 7913 failed = 1992087
    99 : section 00095  was running on murat-31751122-95-fnpc17110.fnal.gov     , mu2egrid exit status:   0 TrigReport Events total = 2000000 passed = 8307 failed = 1991693
   100 : section 00117  was running on murat-31751122-117-fnpc17110.fnal.gov    , mu2egrid exit status:   0 TrigReport Events total = 2000000 passed = 8392 failed = 1991608
   101 : section 00262  was running on murat-31751122-262-fnpc17108.fnal.gov    , mu2egrid exit status:   0 TrigReport Events total = 2000000 passed = 8455 failed = 1991545
   102 : section 00482  was running on murat-31751122-482-fnpc9015.fnal.gov     , mu2egrid exit status:   0 TrigReport Events total = 2000000 passed = 8167 failed = 1991833
   103 : section 00110  was running on murat-31751122-110-fnpc17110.fnal.gov    , mu2egrid exit status:   0 TrigReport Events total = 2000000 passed = 8417 failed = 1991583
   104 : section 00467  was running on murat-31751122-467-fnpc9015.fnal.gov     , mu2egrid exit status:   0 TrigReport Events total = 2000000 passed = 8326 failed = 1991674
   105 : section 00266  was running on murat-31751122-266-fnpc9021.fnal.gov     , mu2egrid exit status:   0 TrigReport Events total = 2000000 passed = 8489 failed = 1991511
   106 : section 00073  was running on murat-31751122-73-fnpc9101.fnal.gov      , mu2egrid exit status:   0 TrigReport Events total = 2000000 passed = 8213 failed = 1991787
   107 : section 00074  was running on murat-31751122-74-fnpc9078.fnal.gov      , mu2egrid exit status:   0 TrigReport Events total = 2000000 passed = 7986 failed = 1992014
   108 : section 00072  was running on murat-31751122-72-fnpc9021.fnal.gov      , mu2egrid exit status:   0 TrigReport Events total = 2000000 passed = 8240 failed = 1991760
   109 : section 00311  was running on murat-31751122-311-fnpc9020.fnal.gov     , mu2egrid exit status:   0 TrigReport Events total = 2000000 passed = 8471 failed = 1991529
   110 : section 00061  was running on murat-31751122-61-fnpc9043.fnal.gov      , mu2egrid exit status:   0 TrigReport Events total = 2000000 passed = 8590 failed = 1991410
   111 : section 00421  was running on murat-31751122-421-fnpc9020.fnal.gov     , mu2egrid exit status:   0 TrigReport Events total = 2000000 passed = 8502 failed = 1991498
   112 : section 00080  was running on murat-31751122-80-fnpc9020.fnal.gov      , mu2egrid exit status:   0 TrigReport Events total = 2000000 passed = 8347 failed = 1991653
   113 : section 00292  was running on murat-31751122-292-fnpc9020.fnal.gov     , mu2egrid exit status:   0 TrigReport Events total = 2000000 passed = 8470 failed = 1991530
   114 : section 00306  was running on murat-31751122-306-fnpc9020.fnal.gov     , mu2egrid exit status:   0 TrigReport Events total = 2000000 passed = 8490 failed = 1991510
   115 : section 00254  was running on murat-31751122-254-fnpc9047.fnal.gov     , mu2egrid exit status:   0 TrigReport Events total = 2000000 passed = 8290 failed = 1991710
   116 : section 00244  was running on murat-31751122-244-fnpc9047.fnal.gov     , mu2egrid exit status:   0 TrigReport Events total = 2000000 passed = 8427 failed = 1991573
   117 : section 00373  was running on murat-31751122-373-fnpc9069.fnal.gov     , mu2egrid exit status:   0 TrigReport Events total = 2000000 passed = 8377 failed = 1991623
   118 : section 00356  was running on murat-31751122-356-fnpc9069.fnal.gov     , mu2egrid exit status:   0 TrigReport Events total = 2000000 passed = 8160 failed = 1991840
   119 : section 00441  was running on murat-31751122-441-fnpc9042.fnal.gov     , mu2egrid exit status:   0 TrigReport Events total = 2000000 passed = 8638 failed = 1991362
   120 : section 00394  was running on murat-31751122-394-fnpc17124.fnal.gov    , mu2egrid exit status:   0 TrigReport Events total = 2000000 passed = 8431 failed = 1991569
   121 : section 00382  was running on murat-31751122-382-fnpc17124.fnal.gov    , mu2egrid exit status:   0 TrigReport Events total = 2000000 passed = 8082 failed = 1991918
   122 : section 00038  was running on murat-31751122-38-fnpc9019.fnal.gov      , mu2egrid exit status:   0 TrigReport Events total = 2000000 passed = 8472 failed = 1991528
   123 : section 00432  was running on murat-31751122-432-fnpc9015.fnal.gov     , mu2egrid exit status:   0 TrigReport Events total = 2000000 passed = 8366 failed = 1991634
   124 : section 00247  was running on murat-31751122-247-fnpc9040.fnal.gov     , mu2egrid exit status:   0 TrigReport Events total = 2000000 passed = 8447 failed = 1991553
   125 : section 00259  was running on murat-31751122-259-fnpc9040.fnal.gov     , mu2egrid exit status:   0 TrigReport Events total = 2000000 passed = 8361 failed = 1991639
   126 : section 00448  was running on murat-31751122-448-fnpc9028.fnal.gov     , mu2egrid exit status:   0 TrigReport Events total = 2000000 passed = 8169 failed = 1991831
   127 : section 00418  was running on murat-31751122-418-fnpc9042.fnal.gov     , mu2egrid exit status:   0 TrigReport Events total = 2000000 passed = 8463 failed = 1991537
   128 : section 00233  was running on murat-31751122-233-fnpc9040.fnal.gov     , mu2egrid exit status:   0 TrigReport Events total = 2000000 passed = 8294 failed = 1991706
   129 : section 00232  was running on murat-31751122-232-fnpc9047.fnal.gov     , mu2egrid exit status:   0 TrigReport Events total = 2000000 passed = 8368 failed = 1991632
   130 : section 00431  was running on murat-31751122-431-fnpc9028.fnal.gov     , mu2egrid exit status:   0 TrigReport Events total = 2000000 passed = 8362 failed = 1991638
   131 : section 00322  was running on murat-31751122-322-fnpc9071.fnal.gov     , mu2egrid exit status:   0 TrigReport Events total = 2000000 passed = 8408 failed = 1991592
   132 : section 00055  was running on murat-31751122-55-fnpc9079.fnal.gov      , mu2egrid exit status:   0 TrigReport Events total = 2000000 passed = 8034 failed = 1991966
   133 : section 00248  was running on murat-31751122-248-fnpc17108.fnal.gov    , mu2egrid exit status:   0 TrigReport Events total = 2000000 passed = 8362 failed = 1991638
   134 : section 00466  was running on murat-31751122-466-fnpc9028.fnal.gov     , mu2egrid exit status:   0 TrigReport Events total = 2000000 passed = 8110 failed = 1991890
   135 : section 00284  was running on murat-31751122-284-fnpc9071.fnal.gov     , mu2egrid exit status:   0 TrigReport Events total = 2000000 passed = 8342 failed = 1991658
   136 : section 00424  was running on murat-31751122-424-fnpc9043.fnal.gov     , mu2egrid exit status:   0 TrigReport Events total = 2000000 passed = 8430 failed = 1991570
   137 : section 00288  was running on murat-31751122-288-fnpc9079.fnal.gov     , mu2egrid exit status:   0 TrigReport Events total = 2000000 passed = 8056 failed = 1991944
   138 : section 00481  was running on murat-31751122-481-fnpc9028.fnal.gov     , mu2egrid exit status:   0 TrigReport Events total = 2000000 passed = 7973 failed = 1992027
   139 : section 00439  was running on murat-31751122-439-fnpc9107.fnal.gov     , mu2egrid exit status:   0 TrigReport Events total = 2000000 passed = 8466 failed = 1991534
   140 : section 00165  was running on murat-31751122-165-fnpc9040.fnal.gov     , mu2egrid exit status:   0 TrigReport Events total = 2000000 passed = 8256 failed = 1991744
   141 : section 00374  was running on murat-31751122-374-fnpc9003.fnal.gov     , mu2egrid exit status:   0 TrigReport Events total = 2000000 passed = 8702 failed = 1991298
   142 : section 00359  was running on murat-31751122-359-fnpc17124.fnal.gov    , mu2egrid exit status:   0 TrigReport Events total = 2000000 passed = 8485 failed = 1991515
   143 : section 00444  was running on murat-31751122-444-fnpc9043.fnal.gov     , mu2egrid exit status:   0 TrigReport Events total = 2000000 passed = 8403 failed = 1991597
   144 : section 00465  was running on murat-31751122-465-fnpc9031.fnal.gov     , mu2egrid exit status:   0 TrigReport Events total = 2000000 passed = 8456 failed = 1991544
   145 : section 00381  was running on murat-31751122-381-fnpc9003.fnal.gov     , mu2egrid exit status:   0 TrigReport Events total = 2000000 passed = 8476 failed = 1991524
   146 : section 00059  was running on murat-31751122-59-fnpc9061.fnal.gov      , mu2egrid exit status:   0 TrigReport Events total = 2000000 passed = 8262 failed = 1991738
   147 : section 00350  was running on murat-31751122-350-fnpc9003.fnal.gov     , mu2egrid exit status:   0 TrigReport Events total = 2000000 passed = 8695 failed = 1991305
   148 : section 00457  was running on murat-31751122-457-fnpc9107.fnal.gov     , mu2egrid exit status:   0 TrigReport Events total = 2000000 passed = 8515 failed = 1991485
   149 : section 00081  was running on murat-31751122-81-fnpc9076.fnal.gov      , mu2egrid exit status:   0 TrigReport Events total = 2000000 passed = 8274 failed = 1991726
   150 : section 00484  was running on murat-31751122-484-fnpc9107.fnal.gov     , mu2egrid exit status:   0 TrigReport Events total = 2000000 passed = 8169 failed = 1991831
   151 : section 00429  was running on murat-31751122-429-fnpc9107.fnal.gov     , mu2egrid exit status:   0 TrigReport Events total = 2000000 passed = 8208 failed = 1991792
   152 : section 00423  was running on murat-31751122-423-fnpc9031.fnal.gov     , mu2egrid exit status:   0 TrigReport Events total = 2000000 passed = 8058 failed = 1991942
   153 : section 00112  was running on murat-31751122-112-fnpc9076.fnal.gov     , mu2egrid exit status:   0 TrigReport Events total = 2000000 passed = 8436 failed = 1991564
   154 : section 00122  was running on murat-31751122-122-fnpc9076.fnal.gov     , mu2egrid exit status:   0 TrigReport Events total = 2000000 passed = 8333 failed = 1991667
   155 : section 00084  was running on murat-31751122-84-fnpc9076.fnal.gov      , mu2egrid exit status:   0 TrigReport Events total = 2000000 passed = 8442 failed = 1991558
   156 : section 00471  was running on murat-31751122-471-fnpc9107.fnal.gov     , mu2egrid exit status:   0 TrigReport Events total = 2000000 passed = 8216 failed = 1991784
   157 : section 00116  was running on murat-31751122-116-fnpc9076.fnal.gov     , mu2egrid exit status:   0 TrigReport Events total = 2000000 passed = 8275 failed = 1991725
   158 : section 00159  was running on murat-31751122-159-fnpc9003.fnal.gov     , mu2egrid exit status:   0 TrigReport Events total = 2000000 passed = 8233 failed = 1991767
   159 : section 00100  was running on murat-31751122-100-fnpc9076.fnal.gov     , mu2egrid exit status:   0 TrigReport Events total = 2000000 passed = 8196 failed = 1991804
   160 : section 00041  was running on murat-31751122-41-fnpc9046.fnal.gov      , mu2egrid exit status:   0 TrigReport Events total = 2000000 passed = 8377 failed = 1991623
   161 : section 00141  was running on murat-31751122-141-fnpc17102.fnal.gov    , mu2egrid exit status:   0 TrigReport Events total = 2000000 passed = 8263 failed = 1991737
   162 : section 00195  was running on murat-31751122-195-fnpc17158.fnal.gov    , mu2egrid exit status:   0 TrigReport Events total = 2000000 passed = 7738 failed = 1992262
   163 : section 00049  was running on murat-31751122-49-fnpc9052.fnal.gov      , mu2egrid exit status:   0 TrigReport Events total = 2000000 passed = 8405 failed = 1991595
   164 : section 00154  was running on murat-31751122-154-fnpc17158.fnal.gov    , mu2egrid exit status:   0 TrigReport Events total = 2000000 passed = 8418 failed = 1991582
   165 : section 00085  was running on murat-31751122-85-fnpc9017.fnal.gov      , mu2egrid exit status:   0 TrigReport Events total = 2000000 passed = 8091 failed = 1991909
   166 : section 00285  was running on murat-31751122-285-fnpc9034.fnal.gov     , mu2egrid exit status:   0 TrigReport Events total = 2000000 passed = 8372 failed = 1991628
   167 : section 00372  was running on murat-31751122-372-fnpc9024.fnal.gov     , mu2egrid exit status:   0 TrigReport Events total = 2000000 passed = 8258 failed = 1991742
   168 : section 00310  was running on murat-31751122-310-fnpc9036.fnal.gov     , mu2egrid exit status:   0 TrigReport Events total = 2000000 passed = 8450 failed = 1991550
   169 : section 00349  was running on murat-31751122-349-fnpc9024.fnal.gov     , mu2egrid exit status:   0 TrigReport Events total = 2000000 passed = 8311 failed = 1991689
   170 : section 00305  was running on murat-31751122-305-fnpc9036.fnal.gov     , mu2egrid exit status:   0 TrigReport Events total = 2000000 passed = 8670 failed = 1991330
   171 : section 00057  was running on murat-31751122-57-fnpc9017.fnal.gov      , mu2egrid exit status:   0 TrigReport Events total = 2000000 passed = 8335 failed = 1991665
   172 : section 00234  was running on murat-31751122-234-fnpc17133.fnal.gov    , mu2egrid exit status:   0 TrigReport Events total = 2000000 passed = 7946 failed = 1992054
   173 : section 00324  was running on murat-31751122-324-fnpc9036.fnal.gov     , mu2egrid exit status:   0 TrigReport Events total = 2000000 passed = 8251 failed = 1991749
   174 : section 00319  was running on murat-31751122-319-fnpc9036.fnal.gov     , mu2egrid exit status:   0 TrigReport Events total = 2000000 passed = 8306 failed = 1991694
   175 : section 00162  was running on murat-31751122-162-fnpc9007.fnal.gov     , mu2egrid exit status:   0 TrigReport Events total = 2000000 passed = 8340 failed = 1991660
   176 : section 00079  was running on murat-31751122-79-fnpc17159.fnal.gov     , mu2egrid exit status:   0 TrigReport Events total = 2000000 passed = 8477 failed = 1991523
   177 : section 00438  was running on murat-31751122-438-fnpc9059.fnal.gov     , mu2egrid exit status:   0 TrigReport Events total = 2000000 passed = 8838 failed = 1991162
   178 : section 00389  was running on murat-31751122-389-fnpc9024.fnal.gov     , mu2egrid exit status:   0 TrigReport Events total = 2000000 passed = 8322 failed = 1991678
   179 : section 00176  was running on murat-31751122-176-fnpc9007.fnal.gov     , mu2egrid exit status:   0 TrigReport Events total = 2000000 passed = 8302 failed = 1991698
   180 : section 00187  was running on murat-31751122-187-fnpc9007.fnal.gov     , mu2egrid exit status:   0 TrigReport Events total = 2000000 passed = 7995 failed = 1992005
   181 : section 00044  was running on murat-31751122-44-fnpc9006.fnal.gov      , mu2egrid exit status:   0 TrigReport Events total = 2000000 passed = 8518 failed = 1991482
   182 : section 00106  was running on murat-31751122-106-fnpc17159.fnal.gov    , mu2egrid exit status:   0 TrigReport Events total = 2000000 passed = 8371 failed = 1991629
   183 : section 00289  was running on murat-31751122-289-fnpc9036.fnal.gov     , mu2egrid exit status:   0 TrigReport Events total = 2000000 passed = 8142 failed = 1991858
   184 : section 00417  was running on murat-31751122-417-fnpc9059.fnal.gov     , mu2egrid exit status:   0 TrigReport Events total = 2000000 passed = 8244 failed = 1991756
   185 : section 00130  was running on murat-31751122-130-fnpc17102.fnal.gov    , mu2egrid exit status:   0 TrigReport Events total = 2000000 passed = 8390 failed = 1991610
   186 : section 00281  was running on murat-31751122-281-fnpc17158.fnal.gov    , mu2egrid exit status:   0 TrigReport Events total = 2000000 passed = 8429 failed = 1991571
   187 : section 00129  was running on murat-31751122-129-fnpc17102.fnal.gov    , mu2egrid exit status:   0 TrigReport Events total = 2000000 passed = 8739 failed = 1991261
   188 : section 00046  was running on murat-31751122-46-fnpc17102.fnal.gov     , mu2egrid exit status:   0 TrigReport Events total = 2000000 passed = 8618 failed = 1991382
   189 : section 00036  was running on murat-31751122-36-fnpc9077.fnal.gov      , mu2egrid exit status:   0 TrigReport Events total = 2000000 passed = 8064 failed = 1991936
   190 : section 00048  was running on murat-31751122-48-fnpc9033.fnal.gov      , mu2egrid exit status:   0 TrigReport Events total = 2000000 passed = 8278 failed = 1991722
   191 : section 00430  was running on murat-31751122-430-fnpc7304.fnal.gov     , mu2egrid exit status:   0 TrigReport Events total = 2000000 passed = 8482 failed = 1991518
   192 : section 00409  was running on murat-31751122-409-fnpc7304.fnal.gov     , mu2egrid exit status:   0 TrigReport Events total = 2000000 passed = 8083 failed = 1991917
   193 : section 00042  was running on murat-31751122-42-fnpc9060.fnal.gov      , mu2egrid exit status:   0 TrigReport Events total = 2000000 passed = 8305 failed = 1991695
   194 : section 00226  was running on murat-31751122-226-fnpc9048.fnal.gov     , mu2egrid exit status:   0 TrigReport Events total = 2000000 passed = 7989 failed = 1992011
   195 : section 00113  was running on murat-31751122-113-fnpc9050.fnal.gov     , mu2egrid exit status:   0 TrigReport Events total = 2000000 passed = 8463 failed = 1991537
   196 : section 00235  was running on murat-31751122-235-fnpc17131.fnal.gov    , mu2egrid exit status:   0 TrigReport Events total = 2000000 passed = 8294 failed = 1991706
   197 : section 00156  was running on murat-31751122-156-fnpc9050.fnal.gov     , mu2egrid exit status:   0 TrigReport Events total = 2000000 passed = 8315 failed = 1991685
   198 : section 00203  was running on murat-31751122-203-fnpc9050.fnal.gov     , mu2egrid exit status:   0 TrigReport Events total = 2000000 passed = 8018 failed = 1991982
   199 : section 00475  was running on murat-31751122-475-fnpc9048.fnal.gov     , mu2egrid exit status:   0 TrigReport Events total = 2000000 passed = 8450 failed = 1991550
   200 : section 00086  was running on murat-31751122-86-fnpc9050.fnal.gov      , mu2egrid exit status:   0 TrigReport Events total = 2000000 passed = 8178 failed = 1991822
   201 : section 00104  was running on murat-31751122-104-fnpc9050.fnal.gov     , mu2egrid exit status:   0 TrigReport Events total = 2000000 passed = 8347 failed = 1991653
   202 : section 00253  was running on murat-31751122-253-fnpc9048.fnal.gov     , mu2egrid exit status:   0 TrigReport Events total = 2000000 passed = 8669 failed = 1991331
   203 : section 00120  was running on murat-31751122-120-fnpc9050.fnal.gov     , mu2egrid exit status:   0 TrigReport Events total = 2000000 passed = 8121 failed = 1991879
   204 : section 00058  was running on murat-31751122-58-fnpc9050.fnal.gov      , mu2egrid exit status:   0 TrigReport Events total = 2000000 passed = 8198 failed = 1991802
   205 : section 00243  was running on murat-31751122-243-fnpc9048.fnal.gov     , mu2egrid exit status:   0 TrigReport Events total = 2000000 passed = 8693 failed = 1991307
   206 : section 00037  was running on murat-31751122-37-fnpc9057.fnal.gov      , mu2egrid exit status:   0 TrigReport Events total = 2000000 passed = 8433 failed = 1991567
   207 : section 00216  was running on murat-31751122-216-fnpc7302.fnal.gov     , mu2egrid exit status:   0 TrigReport Events total = 2000000 passed = 8471 failed = 1991529
   208 : section 00047  was running on murat-31751122-47-fnpc9058.fnal.gov      , mu2egrid exit status:   0 TrigReport Events total = 2000000 passed = 8415 failed = 1991585
   209 : section 00034  was running on murat-31751122-34-fnpc8021.fnal.gov      , mu2egrid exit status:   0 TrigReport Events total = 2000000 passed = 8449 failed = 1991551
   210 : section 00143  was running on murat-31751122-143-fnpc7305.fnal.gov     , mu2egrid exit status:   0 TrigReport Events total = 2000000 passed = 8266 failed = 1991734
   211 : section 00208  was running on murat-31751122-208-fnpc9050.fnal.gov     , mu2egrid exit status:   0 TrigReport Events total = 2000000 passed = 8386 failed = 1991614
   212 : section 00030  was running on murat-31751122-30-fnpc9066.fnal.gov      , mu2egrid exit status:   0 TrigReport Events total = 2000000 passed = 8156 failed = 1991844
   213 : section 00440  was running on murat-31751122-440-fnpc9048.fnal.gov     , mu2egrid exit status:   0 TrigReport Events total = 2000000 passed = 8326 failed = 1991674
   214 : section 00274  was running on murat-31751122-274-fnpc9049.fnal.gov     , mu2egrid exit status:   0 TrigReport Events total = 2000000 passed = 8227 failed = 1991773
   215 : section 00416  was running on murat-31751122-416-fnpc9048.fnal.gov     , mu2egrid exit status:   0 TrigReport Events total = 2000000 passed = 8215 failed = 1991785
   216 : section 00458  was running on murat-31751122-458-fnpc9048.fnal.gov     , mu2egrid exit status:   0 TrigReport Events total = 2000000 passed = 8170 failed = 1991830
   217 : section 00348  was running on murat-31751122-348-fnpc9012.fnal.gov     , mu2egrid exit status:   0 TrigReport Events total = 2000000 passed = 8439 failed = 1991561
   218 : section 00144  was running on murat-31751122-144-fnpc7309.fnal.gov     , mu2egrid exit status:   0 TrigReport Events total = 2000000 passed = 8176 failed = 1991824
   219 : section 00459  was running on murat-31751122-459-fnpc9105.fnal.gov     , mu2egrid exit status:   0 TrigReport Events total = 2000000 passed = 8025 failed = 1991975
   220 : section 00476  was running on murat-31751122-476-fnpc9105.fnal.gov     , mu2egrid exit status:   0 TrigReport Events total = 2000000 passed = 8418 failed = 1991582
   221 : section 00442  was running on murat-31751122-442-fnpc9105.fnal.gov     , mu2egrid exit status:   0 TrigReport Events total = 2000000 passed = 8322 failed = 1991678
   222 : section 00376  was running on murat-31751122-376-fnpc9012.fnal.gov     , mu2egrid exit status:   0 TrigReport Events total = 2000000 passed = 8349 failed = 1991651
   223 : section 00278  was running on murat-31751122-278-fnpc9066.fnal.gov     , mu2egrid exit status:   0 TrigReport Events total = 2000000 passed = 8150 failed = 1991850
   224 : section 00419  was running on murat-31751122-419-fnpc9105.fnal.gov     , mu2egrid exit status:   0 TrigReport Events total = 2000000 passed = 8445 failed = 1991555
   225 : section 00212  was running on murat-31751122-212-fnpc8018.fnal.gov     , mu2egrid exit status:   0 TrigReport Events total = 2000000 passed = 8445 failed = 1991555
   226 : section 00197  was running on murat-31751122-197-fnpc17129.fnal.gov    , mu2egrid exit status:   0 TrigReport Events total = 2000000 passed = 8403 failed = 1991597
   227 : section 00009  was running on murat-31751122-9-fnpc17125.fnal.gov      , mu2egrid exit status:   0 TrigReport Events total = 2000000 passed = 8488 failed = 1991512
   228 : section 00345  was running on murat-31751122-345-fnpc9068.fnal.gov     , mu2egrid exit status:   0 TrigReport Events total = 2000000 passed = 8615 failed = 1991385
   229 : section 00393  was running on murat-31751122-393-fnpc9068.fnal.gov     , mu2egrid exit status:   0 TrigReport Events total = 2000000 passed = 8430 failed = 1991570
   230 : section 00160  was running on murat-31751122-160-fnpc17129.fnal.gov    , mu2egrid exit status:   0 TrigReport Events total = 2000000 passed = 8440 failed = 1991560
   231 : section 00209  was running on murat-31751122-209-fnpc8018.fnal.gov     , mu2egrid exit status:   0 TrigReport Events total = 2000000 passed = 8129 failed = 1991871
   232 : section 00205  was running on murat-31751122-205-fnpc17129.fnal.gov    , mu2egrid exit status:   0 TrigReport Events total = 2000000 passed = 8279 failed = 1991721
   233 : section 00369  was running on murat-31751122-369-fnpc9068.fnal.gov     , mu2egrid exit status:   0 TrigReport Events total = 2000000 passed = 8611 failed = 1991389
   234 : section 00150  was running on murat-31751122-150-fnpc8018.fnal.gov     , mu2egrid exit status:   0 TrigReport Events total = 2000000 passed = 8252 failed = 1991748
   235 : section 00090  was running on murat-31751122-90-fnpc17143.fnal.gov     , mu2egrid exit status:   0 TrigReport Events total = 2000000 passed = 8442 failed = 1991558
   236 : section 00029  was running on murat-31751122-29-fnpc17143.fnal.gov     , mu2egrid exit status:   0 TrigReport Events total = 2000000 passed = 8278 failed = 1991722
   237 : section 00207  was running on murat-31751122-207-fnpc17129.fnal.gov    , mu2egrid exit status:   0 TrigReport Events total = 2000000 passed = 7996 failed = 1992004
   238 : section 00108  was running on murat-31751122-108-fnpc17143.fnal.gov    , mu2egrid exit status:   0 TrigReport Events total = 2000000 passed = 8203 failed = 1991797
   239 : section 00126  was running on murat-31751122-126-fnpc17143.fnal.gov    , mu2egrid exit status:   0 TrigReport Events total = 2000000 passed = 8619 failed = 1991381
   240 : section 00330  was running on murat-31751122-330-fnpc17125.fnal.gov    , mu2egrid exit status:   0 TrigReport Events total = 2000000 passed = 8252 failed = 1991748
   241 : section 00206  was running on murat-31751122-206-fnpc8018.fnal.gov     , mu2egrid exit status:   0 TrigReport Events total = 2000000 passed = 8378 failed = 1991622
   242 : section 00121  was running on murat-31751122-121-fnpc17143.fnal.gov    , mu2egrid exit status:   0 TrigReport Events total = 2000000 passed = 8146 failed = 1991854
   243 : section 00273  was running on murat-31751122-273-fnpc17125.fnal.gov    , mu2egrid exit status:   0 TrigReport Events total = 2000000 passed = 8210 failed = 1991790
   244 : section 00378  was running on murat-31751122-378-fnpc9051.fnal.gov     , mu2egrid exit status:   0 TrigReport Events total = 2000000 passed = 8407 failed = 1991593
   245 : section 00390  was running on murat-31751122-390-fnpc9051.fnal.gov     , mu2egrid exit status:   0 TrigReport Events total = 2000000 passed = 8429 failed = 1991571
   246 : section 00371  was running on murat-31751122-371-fnpc9051.fnal.gov     , mu2egrid exit status:   0 TrigReport Events total = 2000000 passed = 8348 failed = 1991652
   247 : section 00410  was running on murat-31751122-410-fnpc17125.fnal.gov    , mu2egrid exit status:   0 TrigReport Events total = 2000000 passed = 8300 failed = 1991700
   248 : section 00414  was running on murat-31751122-414-fnpc9051.fnal.gov     , mu2egrid exit status:   0 TrigReport Events total = 2000000 passed = 8359 failed = 1991641
   249 : section 00347  was running on murat-31751122-347-fnpc9051.fnal.gov     , mu2egrid exit status:   0 TrigReport Events total = 2000000 passed = 8506 failed = 1991494
   250 : section 00455  was running on murat-31751122-455-fnpc17148.fnal.gov    , mu2egrid exit status:   0 TrigReport Events total = 2000000 passed = 8340 failed = 1991660
   251 : section 00054  was running on murat-31751122-54-fnpc17101.fnal.gov     , mu2egrid exit status:   0 TrigReport Events total = 2000000 passed = 8077 failed = 1991923
   252 : section 00428  was running on murat-31751122-428-fnpc17148.fnal.gov    , mu2egrid exit status:   0 TrigReport Events total = 2000000 passed = 8774 failed = 1991226
   253 : section 00045  was running on murat-31751122-45-fnpc17160.fnal.gov     , mu2egrid exit status:   0 TrigReport Events total = 2000000 passed = 7970 failed = 1992030
   254 : section 00473  was running on murat-31751122-473-fnpc17148.fnal.gov    , mu2egrid exit status:   0 TrigReport Events total = 2000000 passed = 8504 failed = 1991496
   255 : section 00271  was running on murat-31751122-271-fnpc7301.fnal.gov     , mu2egrid exit status:   0 TrigReport Events total = 2000000 passed = 8454 failed = 1991546
   256 : section 00351  was running on murat-31751122-351-fnpc17101.fnal.gov    , mu2egrid exit status:   0 TrigReport Events total = 2000000 passed = 8448 failed = 1991552
   257 : section 00028  was running on murat-31751122-28-fnpc9002.fnal.gov      , mu2egrid exit status:   0 TrigReport Events total = 2000000 passed = 8255 failed = 1991745
   258 : section 00214  was running on murat-31751122-214-fnpc8201.fnal.gov     , mu2egrid exit status:   0 TrigReport Events total = 2000000 passed = 8633 failed = 1991367
   259 : section 00407  was running on murat-31751122-407-fnpc8205.fnal.gov     , mu2egrid exit status:   0 TrigReport Events total = 2000000 passed = 8362 failed = 1991638
   260 : section 00302  was running on murat-31751122-302-fnpc7307.fnal.gov     , mu2egrid exit status:   0 TrigReport Events total = 2000000 passed = 8384 failed = 1991616
   261 : section 00142  was running on murat-31751122-142-fnpc8205.fnal.gov     , mu2egrid exit status:   0 TrigReport Events total = 2000000 passed = 8233 failed = 1991767
   262 : section 00269  was running on murat-31751122-269-fnpc8205.fnal.gov     , mu2egrid exit status:   0 TrigReport Events total = 2000000 passed = 8454 failed = 1991546
   263 : section 00272  was running on murat-31751122-272-fnpc7307.fnal.gov     , mu2egrid exit status:   0 TrigReport Events total = 2000000 passed = 8368 failed = 1991632
   264 : section 00245  was running on murat-31751122-245-fnpc8209.fnal.gov     , mu2egrid exit status:   0 TrigReport Events total = 2000000 passed = 8633 failed = 1991367
   265 : section 00215  was running on murat-31751122-215-fnpc8209.fnal.gov     , mu2egrid exit status:   0 TrigReport Events total = 2000000 passed = 7886 failed = 1992114
   266 : section 00033  was running on murat-31751122-33-fnpc8026.fnal.gov      , mu2egrid exit status:   0 TrigReport Events total = 2000000 passed = 8402 failed = 1991598
   267 : section 00040  was running on murat-31751122-40-fnpc17155.fnal.gov     , mu2egrid exit status:   0 TrigReport Events total = 2000000 passed = 8136 failed = 1991864
   268 : section 00002  was running on murat-31751122-2-fnpc8208.fnal.gov       , mu2egrid exit status:   0 TrigReport Events total = 2000000 passed = 8504 failed = 1991496
   269 : section 00304  was running on murat-31751122-304-fnpc17140.fnal.gov    , mu2egrid exit status:   0 TrigReport Events total = 2000000 passed = 8368 failed = 1991632
   270 : section 00282  was running on murat-31751122-282-fnpc17140.fnal.gov    , mu2egrid exit status:   0 TrigReport Events total = 2000000 passed = 8189 failed = 1991811
   271 : section 00153  was running on murat-31751122-153-fnpc17155.fnal.gov    , mu2egrid exit status:   0 TrigReport Events total = 2000000 passed = 8240 failed = 1991760
   272 : section 00318  was running on murat-31751122-318-fnpc17140.fnal.gov    , mu2egrid exit status:   0 TrigReport Events total = 2000000 passed = 8199 failed = 1991801
   273 : section 00268  was running on murat-31751122-268-fnpc8202.fnal.gov     , mu2egrid exit status:   0 TrigReport Events total = 2000000 passed = 8378 failed = 1991622
   274 : section 00174  was running on murat-31751122-174-fnpc9025.fnal.gov     , mu2egrid exit status:   0 TrigReport Events total = 2000000 passed = 8603 failed = 1991397
   275 : section 00026  was running on murat-31751122-26-fnpc9004.fnal.gov      , mu2egrid exit status:   0 TrigReport Events total = 2000000 passed = 8327 failed = 1991673
   276 : section 00152  was running on murat-31751122-152-fnpc9025.fnal.gov     , mu2egrid exit status:   0 TrigReport Events total = 2000000 passed = 8197 failed = 1991803
   277 : section 00413  was running on murat-31751122-413-fnpc8006.fnal.gov     , mu2egrid exit status:   0 TrigReport Events total = 2000000 passed = 8376 failed = 1991624
   278 : section 00242  was running on murat-31751122-242-fnpc9053.fnal.gov     , mu2egrid exit status:   0 TrigReport Events total = 2000000 passed = 8316 failed = 1991684
   279 : section 00338  was running on murat-31751122-338-fnpc7306.fnal.gov     , mu2egrid exit status:   0 TrigReport Events total = 2000000 passed = 8238 failed = 1991762
   280 : section 00043  was running on murat-31751122-43-fnpc8204.fnal.gov      , mu2egrid exit status:   0 TrigReport Events total = 2000000 passed = 8431 failed = 1991569
   281 : section 00003  was running on murat-31751122-3-fnpc8204.fnal.gov       , mu2egrid exit status:   0 TrigReport Events total = 2000000 passed = 8569 failed = 1991431
   282 : section 00408  was running on murat-31751122-408-fnpc8210.fnal.gov     , mu2egrid exit status:   0 TrigReport Events total = 2000000 passed = 8500 failed = 1991500
   283 : section 00223  was running on murat-31751122-223-fnpc9053.fnal.gov     , mu2egrid exit status:   0 TrigReport Events total = 2000000 passed = 8199 failed = 1991801
   284 : section 00270  was running on murat-31751122-270-fnpc8210.fnal.gov     , mu2egrid exit status:   0 TrigReport Events total = 2000000 passed = 7981 failed = 1992019
   285 : section 00309  was running on murat-31751122-309-fnpc17123.fnal.gov    , mu2egrid exit status:   0 TrigReport Events total = 2000000 passed = 8562 failed = 1991438
   286 : section 00255  was running on murat-31751122-255-fnpc9053.fnal.gov     , mu2egrid exit status:   0 TrigReport Events total = 2000000 passed = 8448 failed = 1991552
   287 : section 00337  was running on murat-31751122-337-fnpc17113.fnal.gov    , mu2egrid exit status:   0 TrigReport Events total = 2000000 passed = 8276 failed = 1991724
   288 : section 00287  was running on murat-31751122-287-fnpc17113.fnal.gov    , mu2egrid exit status:   0 TrigReport Events total = 2000000 passed = 8394 failed = 1991606
   289 : section 00331  was running on murat-31751122-331-fnpc17113.fnal.gov    , mu2egrid exit status:   0 TrigReport Events total = 2000000 passed = 8526 failed = 1991474
   290 : section 00264  was running on murat-31751122-264-fnpc9053.fnal.gov     , mu2egrid exit status:   0 TrigReport Events total = 2000000 passed = 8431 failed = 1991569
   291 : section 00290  was running on murat-31751122-290-fnpc17123.fnal.gov    , mu2egrid exit status:   0 TrigReport Events total = 2000000 passed = 8540 failed = 1991460
   292 : section 00204  was running on murat-31751122-204-fnpc17132.fnal.gov    , mu2egrid exit status:   0 TrigReport Events total = 2000000 passed = 8443 failed = 1991557
   293 : section 00267  was running on murat-31751122-267-fnpc8203.fnal.gov     , mu2egrid exit status:   0 TrigReport Events total = 2000000 passed = 8426 failed = 1991574
   294 : section 00105  was running on murat-31751122-105-fnpc17132.fnal.gov    , mu2egrid exit status:   0 TrigReport Events total = 2000000 passed = 8434 failed = 1991566
   295 : section 00155  was running on murat-31751122-155-fnpc17132.fnal.gov    , mu2egrid exit status:   0 TrigReport Events total = 2000000 passed = 8658 failed = 1991342
   296 : section 00199  was running on murat-31751122-199-fnpc17132.fnal.gov    , mu2egrid exit status:   0 TrigReport Events total = 2000000 passed = 8247 failed = 1991753
   297 : section 00039  was running on murat-31751122-39-fnpc17132.fnal.gov     , mu2egrid exit status:   0 TrigReport Events total = 2000000 passed = 8327 failed = 1991673
   298 : section 00258  was running on murat-31751122-258-fnpc9016.fnal.gov     , mu2egrid exit status:   0 TrigReport Events total = 2000000 passed = 8206 failed = 1991794
   299 : section 00479  was running on murat-31751122-479-fnpc9016.fnal.gov     , mu2egrid exit status:   0 TrigReport Events total = 2000000 passed = 8259 failed = 1991741
   300 : section 00265  was running on murat-31751122-265-fnpc9016.fnal.gov     , mu2egrid exit status:   0 TrigReport Events total = 2000000 passed = 8381 failed = 1991619
   301 : section 00321  was running on murat-31751122-321-fnpc17123.fnal.gov    , mu2egrid exit status:   0 TrigReport Events total = 2000000 passed = 8612 failed = 1991388
   302 : section 00224  was running on murat-31751122-224-fnpc9016.fnal.gov     , mu2egrid exit status:   0 TrigReport Events total = 2000000 passed = 8354 failed = 1991646
   303 : section 00391  was running on murat-31751122-391-fnpc17132.fnal.gov    , mu2egrid exit status:   0 TrigReport Events total = 2000000 passed = 8181 failed = 1991819
   304 : section 00412  was running on murat-31751122-412-fnpc9016.fnal.gov     , mu2egrid exit status:   0 TrigReport Events total = 2000000 passed = 8633 failed = 1991367
   305 : section 00450  was running on murat-31751122-450-fnpc9016.fnal.gov     , mu2egrid exit status:   0 TrigReport Events total = 2000000 passed = 8152 failed = 1991848
   306 : section 00246  was running on murat-31751122-246-fnpc9016.fnal.gov     , mu2egrid exit status:   0 TrigReport Events total = 2000000 passed = 8408 failed = 1991592
   307 : section 00181  was running on murat-31751122-181-fnpc17132.fnal.gov    , mu2egrid exit status:   0 TrigReport Events total = 2000000 passed = 8179 failed = 1991821
   308 : section 00200  was running on murat-31751122-200-fnpc17104.fnal.gov    , mu2egrid exit status:   0 TrigReport Events total = 2000000 passed = 8358 failed = 1991642
   309 : section 00157  was running on murat-31751122-157-fnpc17104.fnal.gov    , mu2egrid exit status:   0 TrigReport Events total = 2000000 passed = 8136 failed = 1991864
   310 : section 00050  was running on murat-31751122-50-fnpc17104.fnal.gov     , mu2egrid exit status:   0 TrigReport Events total = 2000000 passed = 8115 failed = 1991885
   311 : section 00031  was running on murat-31751122-31-fnpc17147.fnal.gov     , mu2egrid exit status:   0 TrigReport Events total = 2000000 passed = 8343 failed = 1991657
   312 : section 00019  was running on murat-31751122-19-fnpc17114.fnal.gov     , mu2egrid exit status:   0 TrigReport Events total = 2000000 passed = 7934 failed = 1992066
   313 : section 00032  was running on murat-31751122-32-fnpc17122.fnal.gov     , mu2egrid exit status:   0 TrigReport Events total = 2000000 passed = 8536 failed = 1991464
   314 : section 00125  was running on murat-31751122-125-fnpc17114.fnal.gov    , mu2egrid exit status:   0 TrigReport Events total = 2000000 passed = 8173 failed = 1991827
   315 : section 00103  was running on murat-31751122-103-fnpc17114.fnal.gov    , mu2egrid exit status:   0 TrigReport Events total = 2000000 passed = 8164 failed = 1991836
   316 : section 00344  was running on murat-31751122-344-fnpc17132.fnal.gov    , mu2egrid exit status:   0 TrigReport Events total = 2000000 passed = 8085 failed = 1991915
   317 : section 00115  was running on murat-31751122-115-fnpc17132.fnal.gov    , mu2egrid exit status:   0 TrigReport Events total = 2000000 passed = 8031 failed = 1991969
   318 : section 00406  was running on murat-31751122-406-fnpc17132.fnal.gov    , mu2egrid exit status:   0 TrigReport Events total = 2000000 passed = 8464 failed = 1991536
   319 : section 00198  was running on murat-31751122-198-fnpc17132.fnal.gov    , mu2egrid exit status:   0 TrigReport Events total = 2000000 passed = 8646 failed = 1991354
   320 : section 00202  was running on murat-31751122-202-fnpc17132.fnal.gov    , mu2egrid exit status:   0 TrigReport Events total = 2000000 passed = 8496 failed = 1991504
   321 : section 00022  was running on murat-31751122-22-fnpc8024.fnal.gov      , mu2egrid exit status:   0 TrigReport Events total = 2000000 passed = 8291 failed = 1991709
   322 : section 00220  was running on murat-31751122-220-fnpc8001.fnal.gov     , mu2egrid exit status:   0 TrigReport Events total = 2000000 passed = 8495 failed = 1991505
   323 : section 00303  was running on murat-31751122-303-fnpc17142.fnal.gov    , mu2egrid exit status:   0 TrigReport Events total = 2000000 passed = 8540 failed = 1991460
   324 : section 00276  was running on murat-31751122-276-fnpc17142.fnal.gov    , mu2egrid exit status:   0 TrigReport Events total = 2000000 passed = 8219 failed = 1991781
   325 : section 00339  was running on murat-31751122-339-fnpc8001.fnal.gov     , mu2egrid exit status:   0 TrigReport Events total = 2000000 passed = 8211 failed = 1991789
   326 : section 00020  was running on murat-31751122-20-fnpc7206.fnal.gov      , mu2egrid exit status:   0 TrigReport Events total = 2000000 passed = 8265 failed = 1991735
   327 : section 00280  was running on murat-31751122-280-fnpc17126.fnal.gov    , mu2egrid exit status:   0 TrigReport Events total = 2000000 passed = 8710 failed = 1991290
   328 : section 00088  was running on murat-31751122-88-fnpc8016.fnal.gov      , mu2egrid exit status:   0 TrigReport Events total = 2000000 passed = 8759 failed = 1991241
   329 : section 00077  was running on murat-31751122-77-fnpc8016.fnal.gov      , mu2egrid exit status:   0 TrigReport Events total = 2000000 passed = 8764 failed = 1991236
   330 : section 00218  was running on murat-31751122-218-fnpc7206.fnal.gov     , mu2egrid exit status:   0 TrigReport Events total = 2000000 passed = 8311 failed = 1991689
   331 : section 00025  was running on murat-31751122-25-fnpc8005.fnal.gov      , mu2egrid exit status:   0 TrigReport Events total = 2000000 passed = 8342 failed = 1991658
   332 : section 00148  was running on murat-31751122-148-fnpc17150.fnal.gov    , mu2egrid exit status:   0 TrigReport Events total = 2000000 passed = 8416 failed = 1991584
   333 : section 00024  was running on murat-31751122-24-fnpc17142.fnal.gov     , mu2egrid exit status:   0 TrigReport Events total = 2000000 passed = 8681 failed = 1991319
   334 : section 00317  was running on murat-31751122-317-fnpc17142.fnal.gov    , mu2egrid exit status:   0 TrigReport Events total = 2000000 passed = 8426 failed = 1991574
   335 : section 00004  was running on murat-31751122-4-fnpc7206.fnal.gov       , mu2egrid exit status:   0 TrigReport Events total = 2000000 passed = 8290 failed = 1991710
   336 : section 00076  was running on murat-31751122-76-fnpc7203.fnal.gov      , mu2egrid exit status:   0 TrigReport Events total = 2000000 passed = 8633 failed = 1991367
   337 : section 00263  was running on murat-31751122-263-fnpc7202.fnal.gov     , mu2egrid exit status:   0 TrigReport Events total = 2000000 passed = 8339 failed = 1991661
   338 : section 00093  was running on murat-31751122-93-fnpc7203.fnal.gov      , mu2egrid exit status:   0 TrigReport Events total = 2000000 passed = 8348 failed = 1991652
   339 : section 00343  was running on murat-31751122-343-fnpc8005.fnal.gov     , mu2egrid exit status:   0 TrigReport Events total = 2000000 passed = 8161 failed = 1991839
   340 : section 00219  was running on murat-31751122-219-fnpc7202.fnal.gov     , mu2egrid exit status:   0 TrigReport Events total = 2000000 passed = 8184 failed = 1991816
   341 : section 00370  was running on murat-31751122-370-fnpc8005.fnal.gov     , mu2egrid exit status:   0 TrigReport Events total = 2000000 passed = 8119 failed = 1991881
   342 : section 00257  was running on murat-31751122-257-fnpc7202.fnal.gov     , mu2egrid exit status:   0 TrigReport Events total = 2000000 passed = 8518 failed = 1991482
   343 : section 00014  was running on murat-31751122-14-fnpc7203.fnal.gov      , mu2egrid exit status:   0 TrigReport Events total = 2000000 passed = 8236 failed = 1991764
   344 : section 00102  was running on murat-31751122-102-fnpc17152.fnal.gov    , mu2egrid exit status:   0 TrigReport Events total = 2000000 passed = 8749 failed = 1991251
   345 : section 00016  was running on murat-31751122-16-fnpc17152.fnal.gov     , mu2egrid exit status:   0 TrigReport Events total = 2000000 passed = 8193 failed = 1991807
   346 : section 00128  was running on murat-31751122-128-fnpc17152.fnal.gov    , mu2egrid exit status:   0 TrigReport Events total = 2000000 passed = 7917 failed = 1992083
   347 : section 00018  was running on murat-31751122-18-fnpc8020.fnal.gov      , mu2egrid exit status:   0 TrigReport Events total = 2000000 passed = 8214 failed = 1991786
   348 : section 00078  was running on murat-31751122-78-fnpc17152.fnal.gov     , mu2egrid exit status:   0 TrigReport Events total = 2000000 passed = 8103 failed = 1991897
   349 : section 00005  was running on murat-31751122-5-fnpc7202.fnal.gov       , mu2egrid exit status:   0 TrigReport Events total = 2000000 passed = 8479 failed = 1991521
   350 : section 00118  was running on murat-31751122-118-fnpc17152.fnal.gov    , mu2egrid exit status:   0 TrigReport Events total = 2000000 passed = 8336 failed = 1991664
   351 : section 00015  was running on murat-31751122-15-fnpc8016.fnal.gov      , mu2egrid exit status:   0 TrigReport Events total = 2000000 passed = 8200 failed = 1991800
   352 : section 00217  was running on murat-31751122-217-fnpc17152.fnal.gov    , mu2egrid exit status:   0 TrigReport Events total = 2000000 passed = 8310 failed = 1991690
   353 : section 00411  was running on murat-31751122-411-fnpc17150.fnal.gov    , mu2egrid exit status:   0 TrigReport Events total = 2000000 passed = 8509 failed = 1991491
   354 : section 00010  was running on murat-31751122-10-fnpc17120.fnal.gov     , mu2egrid exit status:   0 TrigReport Events total = 2000000 passed = 8601 failed = 1991399
   355 : section 00101  was running on murat-31751122-101-fnpc17120.fnal.gov    , mu2egrid exit status:   0 TrigReport Events total = 2000000 passed = 8335 failed = 1991665
   356 : section 00075  was running on murat-31751122-75-fnpc8014.fnal.gov      , mu2egrid exit status:   0 TrigReport Events total = 2000000 passed = 8512 failed = 1991488
   357 : section 00013  was running on murat-31751122-13-fnpc8014.fnal.gov      , mu2egrid exit status:   0 TrigReport Events total = 2000000 passed = 8816 failed = 1991184
   358 : section 00092  was running on murat-31751122-92-fnpc8014.fnal.gov      , mu2egrid exit status:   0 TrigReport Events total = 2000000 passed = 8692 failed = 1991308
   359 : section 00006  was running on murat-31751122-6-fnpc7209.fnal.gov       , mu2egrid exit status:   0 TrigReport Events total = 2000000 passed = 8333 failed = 1991667
   360 : section 00368  was running on murat-31751122-368-fnpc8011.fnal.gov     , mu2egrid exit status:   0 TrigReport Events total = 2000000 passed = 8126 failed = 1991874
   361 : section 00151  was running on murat-31751122-151-fnpc17138.fnal.gov    , mu2egrid exit status:   0 TrigReport Events total = 2000000 passed = 8744 failed = 1991256
   362 : section 00146  was running on murat-31751122-146-fnpc7209.fnal.gov     , mu2egrid exit status:   0 TrigReport Events total = 2000000 passed = 8296 failed = 1991704
   363 : section 00388  was running on murat-31751122-388-fnpc8011.fnal.gov     , mu2egrid exit status:   0 TrigReport Events total = 2000000 passed = 8529 failed = 1991471
   364 : section 00279  was running on murat-31751122-279-fnpc17146.fnal.gov    , mu2egrid exit status:   0 TrigReport Events total = 2000000 passed = 8598 failed = 1991402
   365 : section 00000  was running on murat-31751122-0-fnpc8017.fnal.gov       , mu2egrid exit status:   0 TrigReport Events total = 2000000 passed = 8206 failed = 1991794
   366 : section 00180  was running on murat-31751122-180-fnpc7209.fnal.gov     , mu2egrid exit status:   0 TrigReport Events total = 2000000 passed = 8221 failed = 1991779
   367 : section 00082  was running on murat-31751122-82-fnpc17120.fnal.gov     , mu2egrid exit status:   0 TrigReport Events total = 2000000 passed = 8659 failed = 1991341
   368 : section 00001  was running on murat-31751122-1-fnpc7205.fnal.gov       , mu2egrid exit status:   0 TrigReport Events total = 2000000 passed = 8196 failed = 1991804
   369 : section 00213  was running on murat-31751122-213-fnpc7211.fnal.gov     , mu2egrid exit status:   0 TrigReport Events total = 2000000 passed = 8312 failed = 1991688
   370 : section 00332  was running on murat-31751122-332-fnpc17146.fnal.gov    , mu2egrid exit status:   0 TrigReport Events total = 2000000 passed = 8368 failed = 1991632
   371 : section 00323  was running on murat-31751122-323-fnpc17146.fnal.gov    , mu2egrid exit status:   0 TrigReport Events total = 2000000 passed = 8494 failed = 1991506
   372 : section 00012  was running on murat-31751122-12-fnpc8025.fnal.gov      , mu2egrid exit status:   0 TrigReport Events total = 2000000 passed = 8385 failed = 1991615
   373 : section 00008  was running on murat-31751122-8-fnpc7204.fnal.gov       , mu2egrid exit status:   0 TrigReport Events total = 2000000 passed = 8592 failed = 1991408
   374 : section 00007  was running on murat-31751122-7-fnpc8012.fnal.gov       , mu2egrid exit status:   0 TrigReport Events total = 2000000 passed = 8391 failed = 1991609
   375 : section 00341  was running on murat-31751122-341-fnpc8011.fnal.gov     , mu2egrid exit status:   0 TrigReport Events total = 2000000 passed = 8388 failed = 1991612
   376 : section 00123  was running on murat-31751122-123-fnpc17156.fnal.gov    , mu2egrid exit status:   0 TrigReport Events total = 2000000 passed = 8375 failed = 1991625
   377 : section 00083  was running on murat-31751122-83-fnpc17156.fnal.gov     , mu2egrid exit status:   0 TrigReport Events total = 2000000 passed = 8214 failed = 1991786
   378 : section 00109  was running on murat-31751122-109-fnpc17156.fnal.gov    , mu2egrid exit status:   0 TrigReport Events total = 2000000 passed = 8446 failed = 1991554
   379 : section 00023  was running on murat-31751122-23-fnpc17156.fnal.gov     , mu2egrid exit status:   0 TrigReport Events total = 2000000 passed = 8241 failed = 1991759
   380 : section 00228  was running on murat-31751122-228-fnpc6021.fnal.gov     , mu2egrid exit status:   0 TrigReport Events total = 2000000 passed = 8361 failed = 1991639
   381 : section 00307  was running on murat-31751122-307-fnpc17146.fnal.gov    , mu2egrid exit status:   0 TrigReport Events total = 2000000 passed = 8242 failed = 1991758
   382 : section 00099  was running on murat-31751122-99-fnpc7020.fnal.gov      , mu2egrid exit status:   0 TrigReport Events total = 2000000 passed = 7976 failed = 1992024
   383 : section 00358  was running on murat-31751122-358-fnpc7020.fnal.gov     , mu2egrid exit status:   0 TrigReport Events total = 2000000 passed = 8231 failed = 1991769
   384 : section 00097  was running on murat-31751122-97-fnpc6018.fnal.gov      , mu2egrid exit status:   0 TrigReport Events total = 2000000 passed = 8513 failed = 1991487
   385 : section 00295  was running on murat-31751122-295-fnpc7007.fnal.gov     , mu2egrid exit status:   0 TrigReport Events total = 2000000 passed = 8386 failed = 1991614
   386 : section 00161  was running on murat-31751122-161-fnpc6005.fnal.gov     , mu2egrid exit status:   0 TrigReport Events total = 2000000 passed = 8287 failed = 1991713
   387 : section 00094  was running on murat-31751122-94-fnpc7010.fnal.gov      , mu2egrid exit status:   0 TrigReport Events total = 2000000 passed = 8335 failed = 1991665
   388 : section 00069  was running on murat-31751122-69-fnpc7009.fnal.gov      , mu2egrid exit status:   0 TrigReport Events total = 2000000 passed = 8437 failed = 1991563
   389 : section 00468  was running on murat-31751122-468-fnpc7020.fnal.gov     , mu2egrid exit status:   0 TrigReport Events total = 2000000 passed = 8381 failed = 1991619
   390 : section 00427  was running on murat-31751122-427-fnpc6027.fnal.gov     , mu2egrid exit status:   0 TrigReport Events total = 2000000 passed = 8276 failed = 1991724
   391 : section 00313  was running on murat-31751122-313-fnpc7010.fnal.gov     , mu2egrid exit status:   0 TrigReport Events total = 2000000 passed = 8622 failed = 1991378
   392 : section 00355  was running on murat-31751122-355-fnpc7014.fnal.gov     , mu2egrid exit status:   0 TrigReport Events total = 2000000 passed = 8421 failed = 1991579
   393 : section 00230  was running on murat-31751122-230-fnpc6027.fnal.gov     , mu2egrid exit status:   0 TrigReport Events total = 2000000 passed = 8224 failed = 1991776
   394 : section 00175  was running on murat-31751122-175-fnpc6005.fnal.gov     , mu2egrid exit status:   0 TrigReport Events total = 2000000 passed = 8529 failed = 1991471
   395 : section 00357  was running on murat-31751122-357-fnpc7009.fnal.gov     , mu2egrid exit status:   0 TrigReport Events total = 2000000 passed = 8619 failed = 1991381
   396 : section 00098  was running on murat-31751122-98-fnpc6013.fnal.gov      , mu2egrid exit status:   0 TrigReport Events total = 2000000 passed = 8357 failed = 1991643
   397 : section 00227  was running on murat-31751122-227-fnpc7008.fnal.gov     , mu2egrid exit status:   0 TrigReport Events total = 2000000 passed = 8295 failed = 1991705
   398 : section 00399  was running on murat-31751122-399-fnpc7009.fnal.gov     , mu2egrid exit status:   0 TrigReport Events total = 2000000 passed = 7994 failed = 1992006
   399 : section 00420  was running on murat-31751122-420-fnpc6022.fnal.gov     , mu2egrid exit status:   0 TrigReport Events total = 2000000 passed = 8392 failed = 1991608
   400 : section 00433  was running on murat-31751122-433-fnpc7020.fnal.gov     , mu2egrid exit status:   0 TrigReport Events total = 2000000 passed = 8517 failed = 1991483
   401 : section 00190  was running on murat-31751122-190-fnpc6005.fnal.gov     , mu2egrid exit status:   0 TrigReport Events total = 2000000 passed = 8316 failed = 1991684
   402 : section 00111  was running on murat-31751122-111-fnpc7020.fnal.gov     , mu2egrid exit status:   0 TrigReport Events total = 2000000 passed = 8287 failed = 1991713
   403 : section 00443  was running on murat-31751122-443-fnpc6022.fnal.gov     , mu2egrid exit status:   0 TrigReport Events total = 2000000 passed = 7944 failed = 1992056
   404 : section 00071  was running on murat-31751122-71-fnpc7003.fnal.gov      , mu2egrid exit status:   0 TrigReport Events total = 2000000 passed = 8556 failed = 1991444
   405 : section 00096  was running on murat-31751122-96-fnpc7030.fnal.gov      , mu2egrid exit status:   0 TrigReport Events total = 2000000 passed = 8243 failed = 1991757
   406 : section 00314  was running on murat-31751122-314-fnpc6013.fnal.gov     , mu2egrid exit status:   0 TrigReport Events total = 2000000 passed = 8553 failed = 1991447
   407 : section 00462  was running on murat-31751122-462-fnpc6022.fnal.gov     , mu2egrid exit status:   0 TrigReport Events total = 2000000 passed = 8609 failed = 1991391
   408 : section 00297  was running on murat-31751122-297-fnpc7020.fnal.gov     , mu2egrid exit status:   0 TrigReport Events total = 2000000 passed = 8289 failed = 1991711
   409 : section 00326  was running on murat-31751122-326-fnpc6013.fnal.gov     , mu2egrid exit status:   0 TrigReport Events total = 2000000 passed = 8431 failed = 1991569
   410 : section 00067  was running on murat-31751122-67-fnpc7011.fnal.gov      , mu2egrid exit status:   0 TrigReport Events total = 2000000 passed = 8601 failed = 1991399
   411 : section 00237  was running on murat-31751122-237-fnpc7007.fnal.gov     , mu2egrid exit status:   0 TrigReport Events total = 2000000 passed = 8395 failed = 1991605
   412 : section 00293  was running on murat-31751122-293-fnpc6010.fnal.gov     , mu2egrid exit status:   0 TrigReport Events total = 2000000 passed = 8534 failed = 1991466
   413 : section 00353  was running on murat-31751122-353-fnpc6024.fnal.gov     , mu2egrid exit status:   0 TrigReport Events total = 2000000 passed = 8491 failed = 1991509
   414 : section 00119  was running on murat-31751122-119-fnpc6031.fnal.gov     , mu2egrid exit status:   0 TrigReport Events total = 2000000 passed = 8619 failed = 1991381
   415 : section 00064  was running on murat-31751122-64-fnpc6022.fnal.gov      , mu2egrid exit status:   0 TrigReport Events total = 2000000 passed = 8292 failed = 1991708
   416 : section 00451  was running on murat-31751122-451-fnpc7020.fnal.gov     , mu2egrid exit status:   0 TrigReport Events total = 2000000 passed = 8566 failed = 1991434
   417 : section 00124  was running on murat-31751122-124-fnpc6031.fnal.gov     , mu2egrid exit status:   0 TrigReport Events total = 2000000 passed = 8562 failed = 1991438
   418 : section 00329  was running on murat-31751122-329-fnpc6029.fnal.gov     , mu2egrid exit status:   0 TrigReport Events total = 2000000 passed = 8389 failed = 1991611
   419 : section 00091  was running on murat-31751122-91-fnpc6005.fnal.gov      , mu2egrid exit status:   0 TrigReport Events total = 2000000 passed = 8342 failed = 1991658
   420 : section 00060  was running on murat-31751122-60-fnpc7023.fnal.gov      , mu2egrid exit status:   0 TrigReport Events total = 2000000 passed = 8151 failed = 1991849
   421 : section 00277  was running on murat-31751122-277-fnpc5002.fnal.gov     , mu2egrid exit status:   0 TrigReport Events total = 2000000 passed = 8200 failed = 1991800
   422 : section 00225  was running on murat-31751122-225-fnpc5027.fnal.gov     , mu2egrid exit status:   0 TrigReport Events total = 2000000 passed = 8300 failed = 1991700
   423 : section 00296  was running on murat-31751122-296-fnpc7010.fnal.gov     , mu2egrid exit status:   0 TrigReport Events total = 2000000 passed = 8512 failed = 1991488
   424 : section 00229  was running on murat-31751122-229-fnpc7011.fnal.gov     , mu2egrid exit status:   0 TrigReport Events total = 2000000 passed = 8688 failed = 1991312
   425 : section 00027  was running on murat-31751122-27-fnpc5016.fnal.gov      , mu2egrid exit status:   0 TrigReport Events total = 2000000 passed = 8504 failed = 1991496
   426 : section 00222  was running on murat-31751122-222-fnpc5020.fnal.gov     , mu2egrid exit status:   0 TrigReport Events total = 2000000 passed = 8038 failed = 1991962
   427 : section 00021  was running on murat-31751122-21-fnpc5018.fnal.gov      , mu2egrid exit status:   0 TrigReport Events total = 2000000 passed = 8273 failed = 1991727
   428 : section 00068  was running on murat-31751122-68-fnpc6005.fnal.gov      , mu2egrid exit status:   0 TrigReport Events total = 2000000 passed = 8035 failed = 1991965
   429 : section 00447  was running on murat-31751122-447-fnpc6027.fnal.gov     , mu2egrid exit status:   0 TrigReport Events total = 2000000 passed = 8378 failed = 1991622
   430 : section 00283  was running on murat-31751122-283-fnpc6029.fnal.gov     , mu2egrid exit status:   0 TrigReport Events total = 2000000 passed = 8266 failed = 1991734
   431 : section 00422  was running on murat-31751122-422-fnpc7011.fnal.gov     , mu2egrid exit status:   0 TrigReport Events total = 2000000 passed = 8712 failed = 1991288
   432 : section 00312  was running on murat-31751122-312-fnpc6001.fnal.gov     , mu2egrid exit status:   0 TrigReport Events total = 2000000 passed = 8298 failed = 1991702
   433 : section 00346  was running on murat-31751122-346-fnpc6026.fnal.gov     , mu2egrid exit status:   0 TrigReport Events total = 2000000 passed = 8472 failed = 1991528
   434 : section 00403  was running on murat-31751122-403-fnpc7009.fnal.gov     , mu2egrid exit status:   0 TrigReport Events total = 2000000 passed = 8179 failed = 1991821
   435 : section 00149  was running on murat-31751122-149-fnpc5018.fnal.gov     , mu2egrid exit status:   0 TrigReport Events total = 2000000 passed = 8570 failed = 1991430
   436 : section 00425  was running on murat-31751122-425-fnpc7023.fnal.gov     , mu2egrid exit status:   0 TrigReport Events total = 2000000 passed = 7950 failed = 1992050
   437 : section 00070  was running on murat-31751122-70-fnpc6014.fnal.gov      , mu2egrid exit status:   0 TrigReport Events total = 2000000 passed = 8235 failed = 1991765
   438 : section 00342  was running on murat-31751122-342-fnpc5020.fnal.gov     , mu2egrid exit status:   0 TrigReport Events total = 2000000 passed = 8738 failed = 1991262
   439 : section 00383  was running on murat-31751122-383-fnpc7009.fnal.gov     , mu2egrid exit status:   0 TrigReport Events total = 2000000 passed = 8504 failed = 1991496
   440 : section 00286  was running on murat-31751122-286-fnpc7017.fnal.gov     , mu2egrid exit status:   0 TrigReport Events total = 2000000 passed = 8058 failed = 1991942
   441 : section 00294  was running on murat-31751122-294-fnpc6001.fnal.gov     , mu2egrid exit status:   0 TrigReport Events total = 2000000 passed = 8468 failed = 1991532
   442 : section 00063  was running on murat-31751122-63-fnpc6024.fnal.gov      , mu2egrid exit status:   0 TrigReport Events total = 2000000 passed = 8219 failed = 1991781
   443 : section 00158  was running on murat-31751122-158-fnpc7026.fnal.gov     , mu2egrid exit status:   0 TrigReport Events total = 2000000 passed = 8314 failed = 1991686
   444 : section 00163  was running on murat-31751122-163-fnpc6024.fnal.gov     , mu2egrid exit status:   0 TrigReport Events total = 2000000 passed = 8466 failed = 1991534
   445 : section 00087  was running on murat-31751122-87-fnpc6024.fnal.gov      , mu2egrid exit status:   0 TrigReport Events total = 2000000 passed = 8041 failed = 1991959
   446 : section 00377  was running on murat-31751122-377-fnpc7001.fnal.gov     , mu2egrid exit status:   0 TrigReport Events total = 2000000 passed = 8269 failed = 1991731
   447 : section 00193  was running on murat-31751122-193-fnpc7026.fnal.gov     , mu2egrid exit status:   0 TrigReport Events total = 2000000 passed = 8415 failed = 1991585
   448 : section 00052  was running on murat-31751122-52-fnpc6004.fnal.gov      , mu2egrid exit status:   0 TrigReport Events total = 2000000 passed = 8277 failed = 1991723
   449 : section 00320  was running on murat-31751122-320-fnpc6029.fnal.gov     , mu2egrid exit status:   0 TrigReport Events total = 2000000 passed = 8469 failed = 1991531
   450 : section 00275  was running on murat-31751122-275-fnpc5020.fnal.gov     , mu2egrid exit status:   0 TrigReport Events total = 2000000 passed = 8306 failed = 1991694
   451 : section 00298  was running on murat-31751122-298-fnpc6013.fnal.gov     , mu2egrid exit status:   0 TrigReport Events total = 2000000 passed = 8128 failed = 1991872
   452 : section 00035  was running on murat-31751122-35-fnpc6026.fnal.gov      , mu2egrid exit status:   0 TrigReport Events total = 2000000 passed = 8316 failed = 1991684
   453 : section 00445  was running on murat-31751122-445-fnpc7023.fnal.gov     , mu2egrid exit status:   0 TrigReport Events total = 2000000 passed = 8370 failed = 1991630
   454 : section 00089  was running on murat-31751122-89-fnpc6000.fnal.gov      , mu2egrid exit status:   0 TrigReport Events total = 2000000 passed = 8268 failed = 1991732
   455 : section 00127  was running on murat-31751122-127-fnpc6031.fnal.gov     , mu2egrid exit status:   0 TrigReport Events total = 2000000 passed = 8374 failed = 1991626
   456 : section 00114  was running on murat-31751122-114-fnpc6031.fnal.gov     , mu2egrid exit status:   0 TrigReport Events total = 2000000 passed = 8706 failed = 1991294
   457 : section 00480  was running on murat-31751122-480-fnpc6022.fnal.gov     , mu2egrid exit status:   0 TrigReport Events total = 2000000 passed = 8499 failed = 1991501
   458 : section 00017  was running on murat-31751122-17-fnpc5006.fnal.gov      , mu2egrid exit status:   0 TrigReport Events total = 2000000 passed = 8294 failed = 1991706
   459 : section 00107  was running on murat-31751122-107-fnpc6031.fnal.gov     , mu2egrid exit status:   0 TrigReport Events total = 2000000 passed = 8283 failed = 1991717
   460 : section 00325  was running on murat-31751122-325-fnpc6001.fnal.gov     , mu2egrid exit status:   0 TrigReport Events total = 2000000 passed = 8032 failed = 1991968
   461 : section 00463  was running on murat-31751122-463-fnpc7023.fnal.gov     , mu2egrid exit status:   0 TrigReport Events total = 2000000 passed = 8049 failed = 1991951
   462 : section 00415  was running on murat-31751122-415-fnpc6029.fnal.gov     , mu2egrid exit status:   0 TrigReport Events total = 2000000 passed = 8621 failed = 1991379
   463 : section 00308  was running on murat-31751122-308-fnpc6029.fnal.gov     , mu2egrid exit status:   0 TrigReport Events total = 2000000 passed = 8070 failed = 1991930
   464 : section 00400  was running on murat-31751122-400-fnpc7001.fnal.gov     , mu2egrid exit status:   0 TrigReport Events total = 2000000 passed = 8440 failed = 1991560
   465 : section 00464  was running on murat-31751122-464-fnpc7018.fnal.gov     , mu2egrid exit status:   0 TrigReport Events total = 2000000 passed = 8191 failed = 1991809
   466 : section 00182  was running on murat-31751122-182-fnpc7026.fnal.gov     , mu2egrid exit status:   0 TrigReport Events total = 2000000 passed = 8373 failed = 1991627
   467 : section 00062  was running on murat-31751122-62-fnpc6015.fnal.gov      , mu2egrid exit status:   0 TrigReport Events total = 2000000 passed = 8643 failed = 1991357
   468 : section 00011  was running on murat-31751122-11-fnpc5037.fnal.gov      , mu2egrid exit status:   0 TrigReport Events total = 2000000 passed = 8266 failed = 1991734
   469 : section 00053  was running on murat-31751122-53-fnpc7001.fnal.gov      , mu2egrid exit status:   0 TrigReport Events total = 2000000 passed = 8299 failed = 1991701
   470 : section 00221  was running on murat-31751122-221-fnpc5037.fnal.gov     , mu2egrid exit status:   0 TrigReport Events total = 2000000 passed = 8158 failed = 1991842
   471 : section 00066  was running on murat-31751122-66-fnpc7018.fnal.gov      , mu2egrid exit status:   0 TrigReport Events total = 2000000 passed = 8363 failed = 1991637
   472 : section 00352  was running on murat-31751122-352-fnpc7001.fnal.gov     , mu2egrid exit status:   0 TrigReport Events total = 2000000 passed = 8088 failed = 1991912
   473 : section 00446  was running on murat-31751122-446-fnpc7018.fnal.gov     , mu2egrid exit status:   0 TrigReport Events total = 2000000 passed = 8196 failed = 1991804
   474 : section 00426  was running on murat-31751122-426-fnpc7018.fnal.gov     , mu2egrid exit status:   0 TrigReport Events total = 2000000 passed = 8498 failed = 1991502
   475 : section 00051  was running on murat-31751122-51-fnpc7025.fnal.gov      , mu2egrid exit status:   0 TrigReport Events total = 2000000 passed = 8172 failed = 1991828
   476 : section 00145  was running on murat-31751122-145-fnpc7021.fnal.gov     , mu2egrid exit status:   0 TrigReport Events total = 2000000 passed = 8354 failed = 1991646
   477 : section 00147  was running on murat-31751122-147-fnpc8008.fnal.gov     , mu2egrid exit status:   0 TrigReport Events total = 2000000 passed = 8335 failed = 1991665
   478 : section 00201  was running on murat-31751122-201-fnpc8008.fnal.gov     , mu2egrid exit status:   0 TrigReport Events total = 2000000 passed = 8276 failed = 1991724
   479 : section 00196  was running on murat-31751122-196-fnpc8008.fnal.gov     , mu2egrid exit status:   0 TrigReport Events total = 2000000 passed = 8240 failed = 1991760
--------------------------------------------
JOB SUMMARY:
--------------------------------------------
submitted           :   485 sections
output checked      :   480 sections
completed           :   480 sections
staging failures    :     0 sections
completed with rc=0 :   480 sections
mu2e job failed     :     0 sections
