# Sat May 16 14:08:15 CDT 2020
# job output directory: /pnfs/mu2e/scratch/users/murat/workflow/ts_warm_bore.760_4022.pbar_vd91.ts1_sim/outstage/7791422
# subdirectory        : /pnfs/mu2e/scratch/users/murat/workflow/ts_warm_bore.760_4022.pbar_vd91.ts1_sim/outstage/7791422/00
     0 : section 00000  was running on murat-7791422-0-fnpc8023.fnal.gov        , mu2egrid exit status:   0 TrigReport Events total = 2000000 passed = 11904 failed = 1988096
     1 : section 00001  was running on murat-7791422-1-fnpc17107.fnal.gov       , mu2egrid exit status:   0 TrigReport Events total = 2000000 passed = 11471 failed = 1988529
     2 : section 00002  was running on murat-7791422-2-fnpc9028.fnal.gov        , mu2egrid exit status:   0 TrigReport Events total = 2000000 passed = 11480 failed = 1988520
     3 : section 00003  was running on murat-7791422-3-fnpc8014.fnal.gov        , mu2egrid exit status:   0 TrigReport Events total = 2000000 passed = 11815 failed = 1988185
     4 : section 00004  was running on murat-7791422-4-fnpc7021.fnal.gov        , mu2egrid exit status:   0 TrigReport Events total = 2000000 passed = 11984 failed = 1988016
     5 : section 00005  was running on murat-7791422-5-fnpc17101.fnal.gov       , mu2egrid exit status:   0 TrigReport Events total = 2000000 passed = 11285 failed = 1988715
     6 : section 00006  was running on murat-7791422-6-fnpc17160.fnal.gov       , mu2egrid exit status:   0 TrigReport Events total = 2000000 passed = 11970 failed = 1988030
     7 : section 00007  was running on murat-7791422-7-fnpc5014.fnal.gov        , mu2egrid exit status:   0 TrigReport Events total = 2000000 passed = 11666 failed = 1988334
     8 : section 00008  was running on murat-7791422-8-fnpc8026.fnal.gov        , mu2egrid exit status:   0 TrigReport Events total = 2000000 passed = 12045 failed = 1987955
     9 : section 00009  was running on murat-7791422-9-fnpc17120.fnal.gov       , mu2egrid exit status:   0 TrigReport Events total = 2000000 passed = 11402 failed = 1988598
    10 : section 00010  was running on murat-7791422-10-fnpc9060.fnal.gov       , mu2egrid exit status:   0 TrigReport Events total = 2000000 passed = 11713 failed = 1988287
    11 : section 00011  was running on murat-7791422-11-fnpc7210.fnal.gov       , mu2egrid exit status:   0 TrigReport Events total = 2000000 passed = 11515 failed = 1988485
    12 : section 00012  was running on murat-7791422-12-fnpc8203.fnal.gov       , mu2egrid exit status:   0 TrigReport Events total = 2000000 passed = 11550 failed = 1988450
    13 : section 00013  was running on murat-7791422-13-fnpc8204.fnal.gov       , mu2egrid exit status:   0 TrigReport Events total = 2000000 passed = 11514 failed = 1988486
    14 : section 00014  was running on murat-7791422-14-fnpc8205.fnal.gov       , mu2egrid exit status:   0 TrigReport Events total = 2000000 passed = 11981 failed = 1988019
    15 : section 00015  was running on murat-7791422-15-fnpc7305.fnal.gov       , mu2egrid exit status:   0 TrigReport Events total = 2000000 passed = 11860 failed = 1988140
    16 : section 00016  was running on murat-7791422-16-fnpc7014.fnal.gov       , mu2egrid exit status:   0 TrigReport Events total = 2000000 passed = 11797 failed = 1988203
    17 : section 00017  was running on murat-7791422-17-fnpc17157.fnal.gov      , mu2egrid exit status:   0 TrigReport Events total = 2000000 passed = 11811 failed = 1988189
    18 : section 00018  was running on murat-7791422-18-fnpc9012.fnal.gov       , mu2egrid exit status:   0 TrigReport Events total = 2000000 passed = 11347 failed = 1988653
    19 : section 00019  was running on murat-7791422-19-fnpc9035.fnal.gov       , mu2egrid exit status:   0 TrigReport Events total = 2000000 passed = 11647 failed = 1988353
    20 : section 00020  was running on murat-7791422-20-fnpc7303.fnal.gov       , mu2egrid exit status:   0 TrigReport Events total = 2000000 passed = 11833 failed = 1988167
    21 : section 00021  was running on murat-7791422-21-fnpc7304.fnal.gov       , mu2egrid exit status:   0 TrigReport Events total = 2000000 passed = 11758 failed = 1988242
    22 : section 00022  was running on murat-7791422-22-fnpc6005.fnal.gov       , mu2egrid exit status:   0 TrigReport Events total = 2000000 passed = 11182 failed = 1988818
    23 : section 00023  was running on murat-7791422-23-fnpc6020.fnal.gov       , mu2egrid exit status:   0 TrigReport Events total = 2000000 passed = 11881 failed = 1988119
    24 : section 00024  was running on murat-7791422-24-fnpc9078.fnal.gov       , mu2egrid exit status:   0 TrigReport Events total = 2000000 passed = 12149 failed = 1987851
    25 : section 00025  was running on murat-7791422-25-fnpc9029.fnal.gov       , mu2egrid exit status:   0 TrigReport Events total = 2000000 passed = 11658 failed = 1988342
    26 : section 00026  was running on murat-7791422-26-fnpc9015.fnal.gov       , mu2egrid exit status:   0 TrigReport Events total = 2000000 passed = 11632 failed = 1988368
    27 : section 00027  was running on murat-7791422-27-fnpc9065.fnal.gov       , mu2egrid exit status:   0 TrigReport Events total = 2000000 passed = 11371 failed = 1988629
    28 : section 00028  was running on murat-7791422-28-fnpc9001.fnal.gov       , mu2egrid exit status:   0 TrigReport Events total = 2000000 passed = 11642 failed = 1988358
    29 : section 00029  was running on murat-7791422-29-fnpc17133.fnal.gov      , mu2egrid exit status:   0 TrigReport Events total = 2000000 passed = 11788 failed = 1988212
    30 : section 00030  was running on murat-7791422-30-fnpc8025.fnal.gov       , mu2egrid exit status:   0 TrigReport Events total = 2000000 passed = 11717 failed = 1988283
    31 : section 00031  was running on murat-7791422-31-fnpc6016.fnal.gov       , mu2egrid exit status:   0 TrigReport Events total = 2000000 passed = 12032 failed = 1987968
    32 : section 00032  was running on murat-7791422-32-fnpc17132.fnal.gov      , mu2egrid exit status:   0 TrigReport Events total = 2000000 passed = 12046 failed = 1987954
    33 : section 00033  was running on 0                                        , mu2egrid exit status:   0 TrigReport Events total = 2000000 passed = 11613 failed = 1988387
    34 : section 00034  was running on murat-7791422-34-fnpc9102.fnal.gov       , mu2egrid exit status:   0 TrigReport Events total = 2000000 passed = 12106 failed = 1987894
    35 : section 00035  was running on murat-7791422-35-fnpc6002.fnal.gov       , mu2egrid exit status:   0 TrigReport Events total = 2000000 passed = 11830 failed = 1988170
    36 : section 00036  was running on murat-7791422-36-fnpc9052.fnal.gov       , mu2egrid exit status:   0 TrigReport Events total = 2000000 passed = 11549 failed = 1988451
    37 : section 00037  was running on murat-7791422-37-fnpc5024.fnal.gov       , mu2egrid exit status:   0 TrigReport Events total = 2000000 passed = 11466 failed = 1988534
    38 : section 00038  was running on murat-7791422-38-fnpc6021.fnal.gov       , mu2egrid exit status:   0 TrigReport Events total = 2000000 passed = 11728 failed = 1988272
    39 : section 00039  was running on murat-7791422-39-fnpc9071.fnal.gov       , mu2egrid exit status:   0 TrigReport Events total = 2000000 passed = 11991 failed = 1988009
    40 : section 00040  was running on murat-7791422-40-fnpc9037.fnal.gov       , mu2egrid exit status:   0 TrigReport Events total = 2000000 passed = 11501 failed = 1988499
    41 : section 00041  was running on murat-7888860-1-fnpc17113.fnal.gov       , mu2egrid exit status:   0 TrigReport Events total = 2000000 passed = 11771 failed = 1988229
    42 : section 00042  was running on murat-7791422-42-fnpc9005.fnal.gov       , mu2egrid exit status:   0 TrigReport Events total = 2000000 passed = 11522 failed = 1988478
    43 : section 00043  was running on murat-7791422-43-fnpc9026.fnal.gov       , mu2egrid exit status:   0 TrigReport Events total = 2000000 passed = 11732 failed = 1988268
    44 : section 00044  was running on murat-7791422-44-fnpc7011.fnal.gov       , mu2egrid exit status:   0 TrigReport Events total = 2000000 passed = 12177 failed = 1987823
    45 : section 00045  was running on murat-7791422-45-fnpc19131.fnal.gov      , mu2egrid exit status:   0 TrigReport Events total = 2000000 passed = 11119 failed = 1988881
    46 : section 00046  was running on murat-7791422-46-fnpc6001.fnal.gov       , mu2egrid exit status:   0 TrigReport Events total = 2000000 passed = 11927 failed = 1988073
    47 : section 00047  was running on murat-7791422-47-fnpc19140.fnal.gov      , mu2egrid exit status:   0 TrigReport Events total = 2000000 passed = 11558 failed = 1988442
    48 : section 00048  was running on murat-7791422-48-fnpc19120.fnal.gov      , mu2egrid exit status:   0 TrigReport Events total = 2000000 passed = 11960 failed = 1988040
    49 : section 00049  was running on murat-7791422-49-fnpc19104.fnal.gov      , mu2egrid exit status:   0 TrigReport Events total = 2000000 passed = 11862 failed = 1988138
    50 : section 00050  was running on murat-7791422-50-fnpc9028.fnal.gov       , mu2egrid exit status:   0 TrigReport Events total = 2000000 passed = 11859 failed = 1988141
    51 : section 00051  was running on murat-7791422-51-fnpc9012.fnal.gov       , mu2egrid exit status:   0 TrigReport Events total = 2000000 passed = 11482 failed = 1988518
    52 : section 00052  was running on murat-7791422-52-fnpc9035.fnal.gov       , mu2egrid exit status:   0 TrigReport Events total = 2000000 passed = 11761 failed = 1988239
    53 : section 00053  was running on murat-7791422-53-fnpc9065.fnal.gov       , mu2egrid exit status:   0 TrigReport Events total = 2000000 passed = 11684 failed = 1988316
    54 : section 00054  was running on murat-7791422-54-fnpc9001.fnal.gov       , mu2egrid exit status:   0 TrigReport Events total = 2000000 passed = 11962 failed = 1988038
    55 : section 00055  was running on murat-7791422-55-fnpc17133.fnal.gov      , mu2egrid exit status:   0 TrigReport Events total = 2000000 passed = 11387 failed = 1988613
    56 : section 00056  was running on murat-7791422-56-fnpc8025.fnal.gov       , mu2egrid exit status:   0 TrigReport Events total = 2000000 passed = 11339 failed = 1988661
    57 : section 00057  was running on murat-7791422-57-fnpc17132.fnal.gov      , mu2egrid exit status:   0 TrigReport Events total = 2000000 passed = 11554 failed = 1988446
    58 : section 00058  was running on murat-7888860-2-fnpc9002.fnal.gov        , mu2egrid exit status:   0 TrigReport Events total = 2000000 passed = 11872 failed = 1988128
    59 : section 00059  was running on murat-7791422-59-fnpc9102.fnal.gov       , mu2egrid exit status:   0 TrigReport Events total = 2000000 passed = 11670 failed = 1988330
    60 : section 00060  was running on murat-7791422-60-fnpc9071.fnal.gov       , mu2egrid exit status:   0 TrigReport Events total = 2000000 passed = 11689 failed = 1988311
    61 : section 00061  was running on murat-7791422-61-fnpc9037.fnal.gov       , mu2egrid exit status:   0 TrigReport Events total = 2000000 passed = 11351 failed = 1988649
    62 : section 00062  was running on murat-7791422-62-fnpc9064.fnal.gov       , mu2egrid exit status:   0 TrigReport Events total = 2000000 passed = 11663 failed = 1988337
    63 : section 00063  was running on murat-7791422-63-fnpc9005.fnal.gov       , mu2egrid exit status:   0 TrigReport Events total = 2000000 passed = 11960 failed = 1988040
    64 : section 00064  was running on murat-7791422-64-fnpc19131.fnal.gov      , mu2egrid exit status:   0 TrigReport Events total = 2000000 passed = 11624 failed = 1988376
    65 : section 00065  was running on murat-7791422-65-fnpc19140.fnal.gov      , mu2egrid exit status:   0 TrigReport Events total = 2000000 passed = 11816 failed = 1988184
    66 : section 00066  was running on murat-7791422-66-fnpc17132.fnal.gov      , mu2egrid exit status:   0 TrigReport Events total = 2000000 passed = 11492 failed = 1988508
    67 : section 00067  was running on murat-7791422-67-fnpc19104.fnal.gov      , mu2egrid exit status:   0 TrigReport Events total = 2000000 passed = 11848 failed = 1988152
    68 : section 00068  was running on murat-7791422-68-fnpc8025.fnal.gov       , mu2egrid exit status:   0 TrigReport Events total = 2000000 passed = 11413 failed = 1988587
    69 : section 00069  was running on murat-7791422-69-fnpc19131.fnal.gov      , mu2egrid exit status:   0 TrigReport Events total = 2000000 passed = 12036 failed = 1987964
    70 : section 00070  was running on murat-7791422-70-fnpc9026.fnal.gov       , mu2egrid exit status:   0 TrigReport Events total = 2000000 passed = 11443 failed = 1988557
    71 : section 00071  was running on murat-7791422-71-fnpc19131.fnal.gov      , mu2egrid exit status:   0 TrigReport Events total = 2000000 passed = 11755 failed = 1988245
    72 : section 00072  was running on murat-7791422-72-fnpc19131.fnal.gov      , mu2egrid exit status:   0 TrigReport Events total = 2000000 passed = 12086 failed = 1987914
    73 : section 00073  was running on murat-7791422-73-fnpc19131.fnal.gov      , mu2egrid exit status:   0 TrigReport Events total = 2000000 passed = 11723 failed = 1988277
    74 : section 00074  was running on murat-7791422-74-fnpc9026.fnal.gov       , mu2egrid exit status:   0 TrigReport Events total = 2000000 passed = 11898 failed = 1988102
    75 : section 00075  was running on murat-7791422-75-fnpc5016.fnal.gov       , mu2egrid exit status:   0 TrigReport Events total = 2000000 passed = 11750 failed = 1988250
    76 : section 00076  was running on murat-7791422-76-fnpc9030.fnal.gov       , mu2egrid exit status:   0 TrigReport Events total = 2000000 passed = 11531 failed = 1988469
    77 : section 00077  was running on murat-7791422-77-fnpc6011.fnal.gov       , mu2egrid exit status:   0 TrigReport Events total = 2000000 passed = 11918 failed = 1988082
    78 : section 00078  was running on murat-7791422-78-fnpc8012.fnal.gov       , mu2egrid exit status:   0 TrigReport Events total = 2000000 passed = 11757 failed = 1988243
    79 : section 00079  was running on murat-7791422-79-fnpc17129.fnal.gov      , mu2egrid exit status:   0 TrigReport Events total = 2000000 passed = 11720 failed = 1988280
    80 : section 00080  was running on murat-7791422-80-fnpc8015.fnal.gov       , mu2egrid exit status:   0 TrigReport Events total = 2000000 passed = 11227 failed = 1988773
    81 : section 00081  was running on murat-7791422-81-fnpc9032.fnal.gov       , mu2egrid exit status:   0 TrigReport Events total = 2000000 passed = 11863 failed = 1988137
    82 : section 00082  was running on murat-7791422-82-fnpc9106.fnal.gov       , mu2egrid exit status:   0 TrigReport Events total = 2000000 passed = 11670 failed = 1988330
    83 : section 00083  was running on murat-7791422-83-fnpc17136.fnal.gov      , mu2egrid exit status:   0 TrigReport Events total = 2000000 passed = 12130 failed = 1987870
    84 : section 00084  was running on murat-7791422-84-fnpc9056.fnal.gov       , mu2egrid exit status:   0 TrigReport Events total = 2000000 passed = 12263 failed = 1987737
    85 : section 00085  was running on murat-7791422-85-fnpc17106.fnal.gov      , mu2egrid exit status:   0 TrigReport Events total = 2000000 passed = 11874 failed = 1988126
    86 : section 00086  was running on murat-7791422-86-fnpc8201.fnal.gov       , mu2egrid exit status:   0 TrigReport Events total = 2000000 passed = 11961 failed = 1988039
    87 : section 00087  was running on murat-7791422-87-fnpc9065.fnal.gov       , mu2egrid exit status:   0 TrigReport Events total = 2000000 passed = 11723 failed = 1988277
    88 : section 00088  was running on murat-7791422-88-fnpc9105.fnal.gov       , mu2egrid exit status:   0 TrigReport Events total = 2000000 passed = 11748 failed = 1988252
    89 : section 00089  was running on murat-7791422-89-fnpc7001.fnal.gov       , mu2egrid exit status:   0 TrigReport Events total = 2000000 passed = 11091 failed = 1988909
    90 : section 00090  was running on murat-7791422-90-fnpc5037.fnal.gov       , mu2egrid exit status:   0 TrigReport Events total = 2000000 passed = 11852 failed = 1988148
    91 : section 00091  was running on murat-7791422-91-fnpc17157.fnal.gov      , mu2egrid exit status:   0 TrigReport Events total = 2000000 passed = 11553 failed = 1988447
    92 : section 00092  was running on murat-7791422-92-fnpc6004.fnal.gov       , mu2egrid exit status:   0 TrigReport Events total = 2000000 passed = 12029 failed = 1987971
    93 : section 00093  was running on murat-7791422-93-fnpc9033.fnal.gov       , mu2egrid exit status:   0 TrigReport Events total = 2000000 passed = 11620 failed = 1988380
    94 : section 00094  was running on murat-7791422-94-fnpc9024.fnal.gov       , mu2egrid exit status:   0 TrigReport Events total = 2000000 passed = 11791 failed = 1988209
    95 : section 00095  was running on murat-7791422-95-fnpc8011.fnal.gov       , mu2egrid exit status:   0 TrigReport Events total = 2000000 passed = 11474 failed = 1988526
    96 : section 00096  was running on murat-7791422-96-fnpc8024.fnal.gov       , mu2egrid exit status:   0 TrigReport Events total = 2000000 passed = 11267 failed = 1988733
    97 : section 00097  was running on murat-7791422-97-fnpc7212.fnal.gov       , mu2egrid exit status:   0 TrigReport Events total = 2000000 passed = 12326 failed = 1987674
    98 : section 00098  was running on murat-7791422-98-fnpc9031.fnal.gov       , mu2egrid exit status:   0 TrigReport Events total = 2000000 passed = 11553 failed = 1988447
    99 : section 00099  was running on murat-7888860-3-fnpc9025.fnal.gov        , mu2egrid exit status:   0 TrigReport Events total = 2000000 passed = 11484 failed = 1988516
   100 : section 00100  was running on murat-7791422-100-fnpc9015.fnal.gov      , mu2egrid exit status:   0 TrigReport Events total = 2000000 passed = 11752 failed = 1988248
   101 : section 00101  was running on murat-7791422-101-fnpc8027.fnal.gov      , mu2egrid exit status:   0 TrigReport Events total = 2000000 passed = 11658 failed = 1988342
   102 : section 00102  was running on murat-7791422-102-fnpc17131.fnal.gov     , mu2egrid exit status:   0 TrigReport Events total = 2000000 passed = 11868 failed = 1988132
   103 : section 00103  was running on murat-7888860-4-fnpc9014.fnal.gov        , mu2egrid exit status:   0 TrigReport Events total = 2000000 passed = 12178 failed = 1987822
   104 : section 00104  was running on murat-7791422-104-fnpc7013.fnal.gov      , mu2egrid exit status:   0 TrigReport Events total = 2000000 passed = 11849 failed = 1988151
   105 : section 00105  was running on murat-7791422-105-fnpc9079.fnal.gov      , mu2egrid exit status:   0 TrigReport Events total = 2000000 passed = 11588 failed = 1988412
   106 : section 00106  was running on murat-7791422-106-fnpc17146.fnal.gov     , mu2egrid exit status:   0 TrigReport Events total = 2000000 passed = 11755 failed = 1988245
   107 : section 00107  was running on murat-7791422-107-fnpc9042.fnal.gov      , mu2egrid exit status:   0 TrigReport Events total = 2000000 passed = 11564 failed = 1988436
   108 : section 00108  was running on murat-7791422-108-fnpc6021.fnal.gov      , mu2egrid exit status:   0 TrigReport Events total = 2000000 passed = 11323 failed = 1988677
   109 : section 00109  was running on murat-7791422-109-fnpc17140.fnal.gov     , mu2egrid exit status:   0 TrigReport Events total = 2000000 passed = 11796 failed = 1988204
   110 : section 00110  was running on murat-7791422-110-fnpc9073.fnal.gov      , mu2egrid exit status:   0 TrigReport Events total = 2000000 passed = 11970 failed = 1988030
   111 : section 00111  was running on murat-7791422-111-fnpc9052.fnal.gov      , mu2egrid exit status:   0 TrigReport Events total = 2000000 passed = 12200 failed = 1987800
   112 : section 00112  was running on murat-7791422-112-fnpc9037.fnal.gov      , mu2egrid exit status:   0 TrigReport Events total = 2000000 passed = 11702 failed = 1988298
   113 : section 00113  was running on murat-7791422-113-fnpc17104.fnal.gov     , mu2egrid exit status:   0 TrigReport Events total = 2000000 passed = 11399 failed = 1988601
   114 : section 00114  was running on murat-7791422-114-fnpc17141.fnal.gov     , mu2egrid exit status:   0 TrigReport Events total = 2000000 passed = 11990 failed = 1988010
   115 : section 00115  was running on murat-7791422-115-fnpc9005.fnal.gov      , mu2egrid exit status:   0 TrigReport Events total = 2000000 passed = 11523 failed = 1988477
   116 : section 00116  was running on murat-7791422-116-fnpc9045.fnal.gov      , mu2egrid exit status:   0 TrigReport Events total = 2000000 passed = 11804 failed = 1988196
   117 : section 00117  was running on murat-7791422-117-fnpc6019.fnal.gov      , mu2egrid exit status:   0 TrigReport Events total = 2000000 passed = 11850 failed = 1988150
   118 : section 00118  was running on murat-7791422-118-fnpc7015.fnal.gov      , mu2egrid exit status:   0 TrigReport Events total = 2000000 passed = 11988 failed = 1988012
   119 : section 00119  was running on murat-7791422-119-fnpc6003.fnal.gov      , mu2egrid exit status:   0 TrigReport Events total = 2000000 passed = 11794 failed = 1988206
   120 : section 00120  was running on murat-7791422-120-fnpc7016.fnal.gov      , mu2egrid exit status:   0 TrigReport Events total = 2000000 passed = 11992 failed = 1988008
   121 : section 00121  was running on murat-7791422-121-fnpc9026.fnal.gov      , mu2egrid exit status:   0 TrigReport Events total = 2000000 passed = 11692 failed = 1988308
   122 : section 00122  was running on murat-7791422-122-fnpc17110.fnal.gov     , mu2egrid exit status:   0 TrigReport Events total = 2000000 passed = 11579 failed = 1988421
   123 : section 00123  was running on murat-7791422-123-fnpc19139.fnal.gov     , mu2egrid exit status:   0 TrigReport Events total = 2000000 passed = 11912 failed = 1988088
   124 : section 00124  was running on murat-7791422-124-fnpc19104.fnal.gov     , mu2egrid exit status:   0 TrigReport Events total = 2000000 passed = 11176 failed = 1988824
   125 : section 00125  was running on murat-7791422-125-fnpc19130.fnal.gov     , mu2egrid exit status:   0 TrigReport Events total = 2000000 passed = 11659 failed = 1988341
   126 : section 00126  was running on murat-7791422-126-fnpc19137.fnal.gov     , mu2egrid exit status:   0 TrigReport Events total = 2000000 passed = 12012 failed = 1987988
   127 : section 00127  was running on murat-7791422-127-fnpc19133.fnal.gov     , mu2egrid exit status:   0 TrigReport Events total = 2000000 passed = 12376 failed = 1987624
   128 : section 00128  was running on murat-7791422-128-fnpc9030.fnal.gov      , mu2egrid exit status:   0 TrigReport Events total = 2000000 passed = 11920 failed = 1988080
   129 : section 00129  was running on murat-7791422-129-fnpc9032.fnal.gov      , mu2egrid exit status:   0 TrigReport Events total = 2000000 passed = 11556 failed = 1988444
   130 : section 00130  was running on murat-7791422-130-fnpc9106.fnal.gov      , mu2egrid exit status:   0 TrigReport Events total = 2000000 passed = 11937 failed = 1988063
   131 : section 00131  was running on murat-7791422-131-fnpc19111.fnal.gov     , mu2egrid exit status:   0 TrigReport Events total = 2000000 passed = 11501 failed = 1988499
   132 : section 00132  was running on murat-7791422-132-fnpc8011.fnal.gov      , mu2egrid exit status:   0 TrigReport Events total = 2000000 passed = 11663 failed = 1988337
   133 : section 00133  was running on murat-7791422-133-fnpc7212.fnal.gov      , mu2egrid exit status:   0 TrigReport Events total = 2000000 passed = 12089 failed = 1987911
   134 : section 00134  was running on murat-7791422-134-fnpc9052.fnal.gov      , mu2egrid exit status:   0 TrigReport Events total = 2000000 passed = 11556 failed = 1988444
   135 : section 00135  was running on murat-7791422-135-fnpc9005.fnal.gov      , mu2egrid exit status:   0 TrigReport Events total = 2000000 passed = 11454 failed = 1988546
   136 : section 00136  was running on murat-7791422-136-fnpc9045.fnal.gov      , mu2egrid exit status:   0 TrigReport Events total = 2000000 passed = 11410 failed = 1988590
   137 : section 00137  was running on murat-7791422-137-fnpc9106.fnal.gov      , mu2egrid exit status:   0 TrigReport Events total = 2000000 passed = 11769 failed = 1988231
   138 : section 00138  was running on murat-7791422-138-fnpc17157.fnal.gov     , mu2egrid exit status:   0 TrigReport Events total = 2000000 passed = 11719 failed = 1988281
   139 : section 00139  was running on murat-7791422-139-fnpc9024.fnal.gov      , mu2egrid exit status:   0 TrigReport Events total = 2000000 passed = 11765 failed = 1988235
   140 : section 00140  was running on murat-7791422-140-fnpc8024.fnal.gov      , mu2egrid exit status:   0 TrigReport Events total = 2000000 passed = 11591 failed = 1988409
   141 : section 00141  was running on murat-7791422-141-fnpc8027.fnal.gov      , mu2egrid exit status:   0 TrigReport Events total = 2000000 passed = 11655 failed = 1988345
   142 : section 00142  was running on murat-7791422-142-fnpc17146.fnal.gov     , mu2egrid exit status:   0 TrigReport Events total = 2000000 passed = 11605 failed = 1988395
   143 : section 00143  was running on murat-7791422-143-fnpc9073.fnal.gov      , mu2egrid exit status:   0 TrigReport Events total = 2000000 passed = 11564 failed = 1988436
   144 : section 00144  was running on murat-7791422-144-fnpc17104.fnal.gov     , mu2egrid exit status:   0 TrigReport Events total = 2000000 passed = 11617 failed = 1988383
   145 : section 00145  was running on murat-7791422-145-fnpc17141.fnal.gov     , mu2egrid exit status:   0 TrigReport Events total = 2000000 passed = 11632 failed = 1988368
   146 : section 00146  was running on murat-7791422-146-fnpc6019.fnal.gov      , mu2egrid exit status:   0 TrigReport Events total = 2000000 passed = 11732 failed = 1988268
   147 : section 00147  was running on murat-7791422-147-fnpc17110.fnal.gov     , mu2egrid exit status:   0 TrigReport Events total = 2000000 passed = 11862 failed = 1988138
   148 : section 00148  was running on murat-7791422-148-fnpc19133.fnal.gov     , mu2egrid exit status:   0 TrigReport Events total = 2000000 passed = 12100 failed = 1987900
   149 : section 00149  was running on murat-7791422-149-fnpc17113.fnal.gov     , mu2egrid exit status:   0 TrigReport Events total = 2000000 passed = 11859 failed = 1988141
   150 : section 00150  was running on murat-7791422-150-fnpc19139.fnal.gov     , mu2egrid exit status:   0 TrigReport Events total = 2000000 passed = 11461 failed = 1988539
   151 : section 00151  was running on murat-7888860-5-fnpc9029.fnal.gov        , mu2egrid exit status:   0 TrigReport Events total = 2000000 passed = 11690 failed = 1988310
   152 : section 00152  was running on murat-7791422-152-fnpc19137.fnal.gov     , mu2egrid exit status:   0 TrigReport Events total = 2000000 passed = 11766 failed = 1988234
   153 : section 00153  was running on murat-7791422-153-fnpc19111.fnal.gov     , mu2egrid exit status:   0 TrigReport Events total = 2000000 passed = 11593 failed = 1988407
   154 : section 00154  was running on murat-7791422-154-fnpc6004.fnal.gov      , mu2egrid exit status:   0 TrigReport Events total = 2000000 passed = 11520 failed = 1988480
   155 : section 00155  was running on murat-7791422-155-fnpc9052.fnal.gov      , mu2egrid exit status:   0 TrigReport Events total = 2000000 passed = 11723 failed = 1988277
   156 : section 00156  was running on murat-7791422-156-fnpc9045.fnal.gov      , mu2egrid exit status:   0 TrigReport Events total = 2000000 passed = 11635 failed = 1988365
   157 : section 00157  was running on murat-7791422-157-fnpc9037.fnal.gov      , mu2egrid exit status:   0 TrigReport Events total = 2000000 passed = 11582 failed = 1988418
   158 : section 00158  was running on murat-7791422-158-fnpc9106.fnal.gov      , mu2egrid exit status:   0 TrigReport Events total = 2000000 passed = 11732 failed = 1988268
   159 : section 00159  was running on murat-7791422-159-fnpc17131.fnal.gov     , mu2egrid exit status:   0 TrigReport Events total = 2000000 passed = 11527 failed = 1988473
   160 : section 00160  was running on murat-7791422-160-fnpc17110.fnal.gov     , mu2egrid exit status:   0 TrigReport Events total = 2000000 passed = 11838 failed = 1988162
   161 : section 00161  was running on murat-7791422-161-fnpc19133.fnal.gov     , mu2egrid exit status:   0 TrigReport Events total = 2000000 passed = 11884 failed = 1988116
   162 : section 00162  was running on murat-7791422-162-fnpc6019.fnal.gov      , mu2egrid exit status:   0 TrigReport Events total = 2000000 passed = 12010 failed = 1987990
   163 : section 00163  was running on murat-7791422-163-fnpc17113.fnal.gov     , mu2egrid exit status:   0 TrigReport Events total = 2000000 passed = 11689 failed = 1988311
   164 : section 00164  was running on murat-7791422-164-fnpc19139.fnal.gov     , mu2egrid exit status:   0 TrigReport Events total = 2000000 passed = 11948 failed = 1988052
   165 : section 00165  was running on murat-7791422-165-fnpc19137.fnal.gov     , mu2egrid exit status:   0 TrigReport Events total = 2000000 passed = 11927 failed = 1988073
   166 : section 00166  was running on murat-7791422-166-fnpc9037.fnal.gov      , mu2egrid exit status:   0 TrigReport Events total = 2000000 passed = 11746 failed = 1988254
   167 : section 00167  was running on murat-7791422-167-fnpc19111.fnal.gov     , mu2egrid exit status:   0 TrigReport Events total = 2000000 passed = 11679 failed = 1988321
   168 : section 00168  was running on murat-7791422-168-fnpc9106.fnal.gov      , mu2egrid exit status:   0 TrigReport Events total = 2000000 passed = 11776 failed = 1988224
   169 : section 00169  was running on murat-7791422-169-fnpc9033.fnal.gov      , mu2egrid exit status:   0 TrigReport Events total = 2000000 passed = 11785 failed = 1988215
   170 : section 00170  was running on murat-7791422-170-fnpc19133.fnal.gov     , mu2egrid exit status:   0 TrigReport Events total = 2000000 passed = 11969 failed = 1988031
   171 : section 00171  was running on murat-7791422-171-fnpc17113.fnal.gov     , mu2egrid exit status:   0 TrigReport Events total = 2000000 passed = 11781 failed = 1988219
   172 : section 00172  was running on murat-7888860-6-fnpc9023.fnal.gov        , mu2egrid exit status:   0 TrigReport Events total = 2000000 passed = 11787 failed = 1988213
   173 : section 00173  was running on murat-7791422-173-fnpc9106.fnal.gov      , mu2egrid exit status:   0 TrigReport Events total = 2000000 passed = 11481 failed = 1988519
   174 : section 00174  was running on murat-7791422-174-fnpc19111.fnal.gov     , mu2egrid exit status:   0 TrigReport Events total = 2000000 passed = 11717 failed = 1988283
   175 : section 00175  was running on murat-7791422-175-fnpc19133.fnal.gov     , mu2egrid exit status:   0 TrigReport Events total = 2000000 passed = 11515 failed = 1988485
   176 : section 00176  was running on murat-7791422-176-fnpc9037.fnal.gov      , mu2egrid exit status:   0 TrigReport Events total = 2000000 passed = 11597 failed = 1988403
   177 : section 00177  was running on murat-7791422-177-fnpc17131.fnal.gov     , mu2egrid exit status:   0 TrigReport Events total = 2000000 passed = 11469 failed = 1988531
   178 : section 00178  was running on murat-7791422-178-fnpc19111.fnal.gov     , mu2egrid exit status:   0 TrigReport Events total = 2000000 passed = 11606 failed = 1988394
   179 : section 00179  was running on murat-7791422-179-fnpc19133.fnal.gov     , mu2egrid exit status:   0 TrigReport Events total = 2000000 passed = 12089 failed = 1987911
   180 : section 00180  was running on murat-7791422-180-fnpc9042.fnal.gov      , mu2egrid exit status:   0 TrigReport Events total = 2000000 passed = 11411 failed = 1988589
   181 : section 00181  was running on murat-7791422-181-fnpc9037.fnal.gov      , mu2egrid exit status:   0 TrigReport Events total = 2000000 passed = 11789 failed = 1988211
   182 : section 00182  was running on murat-7791422-182-fnpc19111.fnal.gov     , mu2egrid exit status:   0 TrigReport Events total = 2000000 passed = 11912 failed = 1988088
   183 : section 00183  was running on murat-7791422-183-fnpc19133.fnal.gov     , mu2egrid exit status:   0 TrigReport Events total = 2000000 passed = 11487 failed = 1988513
   184 : section 00184  was running on murat-7791422-184-fnpc9037.fnal.gov      , mu2egrid exit status:   0 TrigReport Events total = 2000000 passed = 12011 failed = 1987989
   185 : section 00185  was running on murat-7791422-185-fnpc9037.fnal.gov      , mu2egrid exit status:   0 TrigReport Events total = 2000000 passed = 11785 failed = 1988215
   186 : section 00186  was running on murat-7791422-186-fnpc19111.fnal.gov     , mu2egrid exit status:   0 TrigReport Events total = 2000000 passed = 11891 failed = 1988109
   187 : section 00187  was running on murat-7791422-187-fnpc19133.fnal.gov     , mu2egrid exit status:   0 TrigReport Events total = 2000000 passed = 11705 failed = 1988295
   188 : section 00188  was running on murat-7791422-188-fnpc19111.fnal.gov     , mu2egrid exit status:   0 TrigReport Events total = 2000000 passed = 11668 failed = 1988332
   189 : section 00189  was running on murat-7888860-7-fnpc17111.fnal.gov       , mu2egrid exit status:   0 TrigReport Events total = 2000000 passed = 11879 failed = 1988121
   190 : section 00190  was running on murat-7791422-190-fnpc19111.fnal.gov     , mu2egrid exit status:   0 TrigReport Events total = 2000000 passed = 11583 failed = 1988417
   191 : section 00191  was running on murat-7791422-191-fnpc19133.fnal.gov     , mu2egrid exit status:   0 TrigReport Events total = 2000000 passed = 11692 failed = 1988308
   192 : section 00192  was running on murat-7791422-192-fnpc19111.fnal.gov     , mu2egrid exit status:   0 TrigReport Events total = 2000000 passed = 11887 failed = 1988113
   193 : section 00193  was running on murat-7791422-193-fnpc19133.fnal.gov     , mu2egrid exit status:   0 TrigReport Events total = 2000000 passed = 11577 failed = 1988423
   194 : section 00194  was running on murat-7791422-194-fnpc19133.fnal.gov     , mu2egrid exit status:   0 TrigReport Events total = 2000000 passed = 11661 failed = 1988339
   195 : section 00195  was running on murat-7791422-195-fnpc19111.fnal.gov     , mu2egrid exit status:   0 TrigReport Events total = 2000000 passed = 11966 failed = 1988034
   196 : section 00196  was running on murat-7791422-196-fnpc19133.fnal.gov     , mu2egrid exit status:   0 TrigReport Events total = 2000000 passed = 11525 failed = 1988475
   197 : section 00197  was running on murat-7791422-197-fnpc17154.fnal.gov     , mu2egrid exit status:   0 TrigReport Events total = 2000000 passed = 11791 failed = 1988209
   198 : section 00198  was running on murat-7791422-198-fnpc8006.fnal.gov      , mu2egrid exit status:   0 TrigReport Events total = 2000000 passed = 11705 failed = 1988295
   199 : section 00199  was running on murat-7791422-199-fnpc17114.fnal.gov     , mu2egrid exit status:   0 TrigReport Events total = 2000000 passed = 11821 failed = 1988179
   200 : section 00200  was running on murat-7791422-200-fnpc8014.fnal.gov      , mu2egrid exit status:   0 TrigReport Events total = 2000000 passed = 11571 failed = 1988429
   201 : section 00201  was running on 0                                        , mu2egrid exit status:   0 TrigReport Events total = 2000000 passed = 11749 failed = 1988251
   202 : section 00202  was running on murat-7791422-202-fnpc9024.fnal.gov      , mu2egrid exit status:   0 TrigReport Events total = 2000000 passed = 11420 failed = 1988580
   203 : section 00203  was running on murat-7791422-203-fnpc17160.fnal.gov     , mu2egrid exit status:   0 TrigReport Events total = 2000000 passed = 11755 failed = 1988245
   204 : section 00204  was running on murat-7791422-204-fnpc7203.fnal.gov      , mu2egrid exit status:   0 TrigReport Events total = 2000000 passed = 11652 failed = 1988348
   205 : section 00205  was running on murat-7791422-205-fnpc7212.fnal.gov      , mu2egrid exit status:   0 TrigReport Events total = 2000000 passed = 11579 failed = 1988421
   206 : section 00206  was running on murat-7791422-206-fnpc8202.fnal.gov      , mu2egrid exit status:   0 TrigReport Events total = 2000000 passed = 11613 failed = 1988387
   207 : section 00207  was running on murat-7791422-207-fnpc7302.fnal.gov      , mu2egrid exit status:   0 TrigReport Events total = 2000000 passed = 11734 failed = 1988266
   208 : section 00208  was running on murat-7791422-208-fnpc7309.fnal.gov      , mu2egrid exit status:   0 TrigReport Events total = 2000000 passed = 12073 failed = 1987927
   209 : section 00209  was running on murat-7791422-209-fnpc7305.fnal.gov      , mu2egrid exit status:   0 TrigReport Events total = 2000000 passed = 12046 failed = 1987954
   210 : section 00210  was running on murat-7791422-210-fnpc7004.fnal.gov      , mu2egrid exit status:   0 TrigReport Events total = 2000000 passed = 11487 failed = 1988513
   211 : section 00211  was running on murat-7791422-211-fnpc9065.fnal.gov      , mu2egrid exit status:   0 TrigReport Events total = 2000000 passed = 11770 failed = 1988230
   212 : section 00212  was running on murat-7791422-212-fnpc8019.fnal.gov      , mu2egrid exit status:   0 TrigReport Events total = 2000000 passed = 11619 failed = 1988381
   213 : section 00213  was running on murat-7791422-213-fnpc17156.fnal.gov     , mu2egrid exit status:   0 TrigReport Events total = 2000000 passed = 11913 failed = 1988087
   214 : section 00214  was running on murat-7791422-214-fnpc6011.fnal.gov      , mu2egrid exit status:   0 TrigReport Events total = 2000000 passed = 12308 failed = 1987692
   215 : section 00215  was running on murat-7791422-215-fnpc8001.fnal.gov      , mu2egrid exit status:   0 TrigReport Events total = 2000000 passed = 11635 failed = 1988365
   216 : section 00216  was running on murat-7791422-216-fnpc17139.fnal.gov     , mu2egrid exit status:   0 TrigReport Events total = 2000000 passed = 11988 failed = 1988012
   217 : section 00217  was running on murat-7791422-217-fnpc6030.fnal.gov      , mu2egrid exit status:   0 TrigReport Events total = 2000000 passed = 11603 failed = 1988397
   218 : section 00218  was running on murat-7791422-218-fnpc9049.fnal.gov      , mu2egrid exit status:   0 TrigReport Events total = 2000000 passed = 11643 failed = 1988357
   219 : section 00219  was running on murat-7791422-219-fnpc9053.fnal.gov      , mu2egrid exit status:   0 TrigReport Events total = 2000000 passed = 11973 failed = 1988027
   220 : section 00220  was running on murat-7791422-220-fnpc9067.fnal.gov      , mu2egrid exit status:   0 TrigReport Events total = 2000000 passed = 11576 failed = 1988424
   221 : section 00221  was running on murat-7791422-221-fnpc5005.fnal.gov      , mu2egrid exit status:   0 TrigReport Events total = 2000000 passed = 11758 failed = 1988242
   222 : section 00222  was running on murat-7791422-222-fnpc9031.fnal.gov      , mu2egrid exit status:   0 TrigReport Events total = 2000000 passed = 11831 failed = 1988169
   223 : section 00223  was running on murat-7791422-223-fnpc17152.fnal.gov     , mu2egrid exit status:   0 TrigReport Events total = 2000000 passed = 11883 failed = 1988117
   224 : section 00224  was running on murat-7791422-224-fnpc17155.fnal.gov     , mu2egrid exit status:   0 TrigReport Events total = 2000000 passed = 11604 failed = 1988396
   225 : section 00225  was running on murat-7791422-225-fnpc17141.fnal.gov     , mu2egrid exit status:   0 TrigReport Events total = 2000000 passed = 12003 failed = 1987997
   226 : section 00226  was running on murat-7791422-226-fnpc9021.fnal.gov      , mu2egrid exit status:   0 TrigReport Events total = 2000000 passed = 11983 failed = 1988017
   227 : section 00227  was running on murat-7791422-227-fnpc6021.fnal.gov      , mu2egrid exit status:   0 TrigReport Events total = 2000000 passed = 11875 failed = 1988125
   228 : section 00228  was running on murat-7791422-228-fnpc9046.fnal.gov      , mu2egrid exit status:   0 TrigReport Events total = 2000000 passed = 11859 failed = 1988141
   229 : section 00229  was running on murat-7791422-229-fnpc8009.fnal.gov      , mu2egrid exit status:   0 TrigReport Events total = 2000000 passed = 11720 failed = 1988280
   230 : section 00230  was running on murat-7791422-230-fnpc17147.fnal.gov     , mu2egrid exit status:   0 TrigReport Events total = 2000000 passed = 11946 failed = 1988054
   231 : section 00231  was running on murat-7791422-231-fnpc9018.fnal.gov      , mu2egrid exit status:   0 TrigReport Events total = 2000000 passed = 11855 failed = 1988145
   232 : section 00232  was running on murat-7791422-232-fnpc9014.fnal.gov      , mu2egrid exit status:   0 TrigReport Events total = 2000000 passed = 11407 failed = 1988593
   233 : section 00233  was running on murat-7791422-233-fnpc9013.fnal.gov      , mu2egrid exit status:   0 TrigReport Events total = 2000000 passed = 12299 failed = 1987701
   234 : section 00234  was running on murat-7791422-234-fnpc9048.fnal.gov      , mu2egrid exit status:   0 TrigReport Events total = 2000000 passed = 11383 failed = 1988617
   235 : section 00235  was running on murat-7791422-235-fnpc7006.fnal.gov      , mu2egrid exit status:   0 TrigReport Events total = 2000000 passed = 11553 failed = 1988447
   236 : section 00236  was running on murat-7791422-236-fnpc9057.fnal.gov      , mu2egrid exit status:   0 TrigReport Events total = 2000000 passed = 11393 failed = 1988607
   237 : section 00237  was running on murat-7791422-237-fnpc6000.fnal.gov      , mu2egrid exit status:   0 TrigReport Events total = 2000000 passed = 11525 failed = 1988475
   238 : section 00238  was running on murat-7791422-238-fnpc7026.fnal.gov      , mu2egrid exit status:   0 TrigReport Events total = 2000000 passed = 11487 failed = 1988513
   239 : section 00239  was running on murat-7791422-239-fnpc17128.fnal.gov     , mu2egrid exit status:   0 TrigReport Events total = 2000000 passed = 11784 failed = 1988216
   240 : section 00240  was running on murat-7791422-240-fnpc9043.fnal.gov      , mu2egrid exit status:   0 TrigReport Events total = 2000000 passed = 12499 failed = 1987501
   241 : section 00241  was running on 0                                        , mu2egrid exit status:   0 TrigReport Events total = 2000000 passed = 11545 failed = 1988455
   242 : section 00242  was running on murat-7791422-242-fnpc6018.fnal.gov      , mu2egrid exit status:   0 TrigReport Events total = 2000000 passed = 11860 failed = 1988140
   243 : section 00243  was running on murat-7791422-243-fnpc17110.fnal.gov     , mu2egrid exit status:   0 TrigReport Events total = 2000000 passed = 11723 failed = 1988277
   244 : section 00244  was running on murat-7791422-244-fnpc6017.fnal.gov      , mu2egrid exit status:   0 TrigReport Events total = 2000000 passed = 11539 failed = 1988461
   245 : section 00245  was running on murat-7791422-245-fnpc9103.fnal.gov      , mu2egrid exit status:   0 TrigReport Events total = 2000000 passed = 11611 failed = 1988389
   246 : section 00246  was running on murat-7791422-246-fnpc6024.fnal.gov      , mu2egrid exit status:   0 TrigReport Events total = 2000000 passed = 11630 failed = 1988370
   247 : section 00247  was running on murat-7791422-247-fnpc6001.fnal.gov      , mu2egrid exit status:   0 TrigReport Events total = 2000000 passed = 11556 failed = 1988444
   248 : section 00248  was running on murat-7791422-248-fnpc19114.fnal.gov     , mu2egrid exit status:   0 TrigReport Events total = 2000000 passed = 11481 failed = 1988519
   249 : section 00249  was running on murat-7791422-249-fnpc19110.fnal.gov     , mu2egrid exit status:   0 TrigReport Events total = 2000000 passed = 11968 failed = 1988032
   250 : section 00250  was running on murat-7791422-250-fnpc19139.fnal.gov     , mu2egrid exit status:   0 TrigReport Events total = 2000000 passed = 11597 failed = 1988403
   251 : section 00251  was running on murat-7791422-251-fnpc19129.fnal.gov     , mu2egrid exit status:   0 TrigReport Events total = 2000000 passed = 11480 failed = 1988520
   252 : section 00252  was running on murat-7791422-252-fnpc19140.fnal.gov     , mu2egrid exit status:   0 TrigReport Events total = 2000000 passed = 12181 failed = 1987819
   253 : section 00253  was running on murat-7791422-253-fnpc19101.fnal.gov     , mu2egrid exit status:   0 TrigReport Events total = 2000000 passed = 11896 failed = 1988104
   254 : section 00254  was running on murat-7791422-254-fnpc19118.fnal.gov     , mu2egrid exit status:   0 TrigReport Events total = 2000000 passed = 11839 failed = 1988161
   255 : section 00255  was running on murat-7791422-255-fnpc19103.fnal.gov     , mu2egrid exit status:   0 TrigReport Events total = 2000000 passed = 11454 failed = 1988546
   256 : section 00256  was running on murat-7791422-256-fnpc19137.fnal.gov     , mu2egrid exit status:   0 TrigReport Events total = 2000000 passed = 11283 failed = 1988717
   257 : section 00257  was running on murat-7791422-257-fnpc19111.fnal.gov     , mu2egrid exit status:   0 TrigReport Events total = 2000000 passed = 11739 failed = 1988261
   258 : section 00258  was running on murat-7791422-258-fnpc8001.fnal.gov      , mu2egrid exit status:   0 TrigReport Events total = 2000000 passed = 12030 failed = 1987970
   259 : section 00259  was running on murat-7791422-259-fnpc9049.fnal.gov      , mu2egrid exit status:   0 TrigReport Events total = 2000000 passed = 11503 failed = 1988497
   260 : section 00260  was running on murat-7791422-260-fnpc9031.fnal.gov      , mu2egrid exit status:   0 TrigReport Events total = 2000000 passed = 11802 failed = 1988198
   261 : section 00261  was running on murat-7791422-261-fnpc17152.fnal.gov     , mu2egrid exit status:   0 TrigReport Events total = 2000000 passed = 11676 failed = 1988324
   262 : section 00262  was running on murat-7888860-10-fnpc9061.fnal.gov       , mu2egrid exit status:   0 TrigReport Events total = 2000000 passed = 11605 failed = 1988395
   263 : section 00263  was running on murat-7791422-263-fnpc8009.fnal.gov      , mu2egrid exit status:   0 TrigReport Events total = 2000000 passed = 11691 failed = 1988309
   264 : section 00264  was running on murat-7791422-264-fnpc17139.fnal.gov     , mu2egrid exit status:   0 TrigReport Events total = 2000000 passed = 12014 failed = 1987986
   265 : section 00265  was running on murat-7791422-265-fnpc9013.fnal.gov      , mu2egrid exit status:   0 TrigReport Events total = 2000000 passed = 11777 failed = 1988223
   266 : section 00266  was running on murat-7791422-266-fnpc9048.fnal.gov      , mu2egrid exit status:   0 TrigReport Events total = 2000000 passed = 11757 failed = 1988243
   267 : section 00267  was running on murat-7791422-267-fnpc17155.fnal.gov     , mu2egrid exit status:   0 TrigReport Events total = 2000000 passed = 11699 failed = 1988301
   268 : section 00268  was running on murat-7791422-268-fnpc17110.fnal.gov     , mu2egrid exit status:   0 TrigReport Events total = 2000000 passed = 11888 failed = 1988112
   269 : section 00269  was running on murat-7791422-269-fnpc9103.fnal.gov      , mu2egrid exit status:   0 TrigReport Events total = 2000000 passed = 11274 failed = 1988726
   270 : section 00270  was running on murat-7791422-270-fnpc17147.fnal.gov     , mu2egrid exit status:   0 TrigReport Events total = 2000000 passed = 11568 failed = 1988432
   271 : section 00271  was running on murat-7791422-271-fnpc6018.fnal.gov      , mu2egrid exit status:   0 TrigReport Events total = 2000000 passed = 12106 failed = 1987894
   272 : section 00272  was running on murat-7791422-272-fnpc6017.fnal.gov      , mu2egrid exit status:   0 TrigReport Events total = 2000000 passed = 11605 failed = 1988395
   273 : section 00273  was running on murat-7791422-273-fnpc17156.fnal.gov     , mu2egrid exit status:   0 TrigReport Events total = 2000000 passed = 11378 failed = 1988622
   274 : section 00274  was running on murat-7791422-274-fnpc17128.fnal.gov     , mu2egrid exit status:   0 TrigReport Events total = 2000000 passed = 11695 failed = 1988305
   275 : section 00275  was running on murat-7791422-275-fnpc6001.fnal.gov      , mu2egrid exit status:   0 TrigReport Events total = 2000000 passed = 12195 failed = 1987805
   276 : section 00276  was running on murat-7791422-276-fnpc7006.fnal.gov      , mu2egrid exit status:   0 TrigReport Events total = 2000000 passed = 11841 failed = 1988159
   277 : section 00277  was running on murat-7791422-277-fnpc9048.fnal.gov      , mu2egrid exit status:   0 TrigReport Events total = 2000000 passed = 11433 failed = 1988567
   278 : section 00278  was running on murat-7791422-278-fnpc19140.fnal.gov     , mu2egrid exit status:   0 TrigReport Events total = 2000000 passed = 12069 failed = 1987931
   279 : section 00279  was running on murat-7791422-279-fnpc19101.fnal.gov     , mu2egrid exit status:   0 TrigReport Events total = 2000000 passed = 11599 failed = 1988401
   280 : section 00280  was running on murat-7791422-280-fnpc19118.fnal.gov     , mu2egrid exit status:   0 TrigReport Events total = 2000000 passed = 11871 failed = 1988129
   281 : section 00281  was running on murat-7791422-281-fnpc19103.fnal.gov     , mu2egrid exit status:   0 TrigReport Events total = 2000000 passed = 11532 failed = 1988468
   282 : section 00282  was running on murat-7791422-282-fnpc6011.fnal.gov      , mu2egrid exit status:   0 TrigReport Events total = 2000000 passed = 11931 failed = 1988069
   283 : section 00283  was running on murat-7791422-283-fnpc7026.fnal.gov      , mu2egrid exit status:   0 TrigReport Events total = 2000000 passed = 12028 failed = 1987972
   284 : section 00284  was running on murat-7791422-284-fnpc9103.fnal.gov      , mu2egrid exit status:   0 TrigReport Events total = 2000000 passed = 12067 failed = 1987933
   285 : section 00285  was running on murat-7791422-285-fnpc17147.fnal.gov     , mu2egrid exit status:   0 TrigReport Events total = 2000000 passed = 11787 failed = 1988213
   286 : section 00286  was running on murat-7791422-286-fnpc6017.fnal.gov      , mu2egrid exit status:   0 TrigReport Events total = 2000000 passed = 11643 failed = 1988357
   287 : section 00287  was running on murat-7791422-287-fnpc17128.fnal.gov     , mu2egrid exit status:   0 TrigReport Events total = 2000000 passed = 11408 failed = 1988592
   288 : section 00288  was running on murat-7791422-288-fnpc6001.fnal.gov      , mu2egrid exit status:   0 TrigReport Events total = 2000000 passed = 12142 failed = 1987858
   289 : section 00289  was running on murat-7791422-289-fnpc19118.fnal.gov     , mu2egrid exit status:   0 TrigReport Events total = 2000000 passed = 11704 failed = 1988296
   290 : section 00290  was running on murat-7791422-290-fnpc19137.fnal.gov     , mu2egrid exit status:   0 TrigReport Events total = 2000000 passed = 11682 failed = 1988318
   291 : section 00291  was running on murat-7791422-291-fnpc7026.fnal.gov      , mu2egrid exit status:   0 TrigReport Events total = 2000000 passed = 11564 failed = 1988436
   292 : section 00292  was running on murat-7791422-292-fnpc19139.fnal.gov     , mu2egrid exit status:   0 TrigReport Events total = 2000000 passed = 11450 failed = 1988550
   293 : section 00293  was running on murat-7888860-11-fnpc9106.fnal.gov       , mu2egrid exit status:   0 TrigReport Events total = 2000000 passed = 11488 failed = 1988512
   294 : section 00294  was running on murat-7791422-294-fnpc19110.fnal.gov     , mu2egrid exit status:   0 TrigReport Events total = 2000000 passed = 11839 failed = 1988161
   295 : section 00295  was running on murat-7791422-295-fnpc17147.fnal.gov     , mu2egrid exit status:   0 TrigReport Events total = 2000000 passed = 11890 failed = 1988110
   296 : section 00296  was running on murat-7791422-296-fnpc17128.fnal.gov     , mu2egrid exit status:   0 TrigReport Events total = 2000000 passed = 12172 failed = 1987828
   297 : section 00297  was running on murat-7791422-297-fnpc6001.fnal.gov      , mu2egrid exit status:   0 TrigReport Events total = 2000000 passed = 11760 failed = 1988240
   298 : section 00298  was running on murat-7791422-298-fnpc19118.fnal.gov     , mu2egrid exit status:   0 TrigReport Events total = 2000000 passed = 11400 failed = 1988600
   299 : section 00299  was running on murat-7791422-299-fnpc9103.fnal.gov      , mu2egrid exit status:   0 TrigReport Events total = 2000000 passed = 11514 failed = 1988486
   300 : section 00300  was running on murat-7791422-300-fnpc7026.fnal.gov      , mu2egrid exit status:   0 TrigReport Events total = 2000000 passed = 11841 failed = 1988159
   301 : section 00301  was running on murat-7791422-301-fnpc19137.fnal.gov     , mu2egrid exit status:   0 TrigReport Events total = 2000000 passed = 11687 failed = 1988313
   302 : section 00302  was running on murat-7888860-12-fnpc9010.fnal.gov       , mu2egrid exit status:   0 TrigReport Events total = 2000000 passed = 11489 failed = 1988511
   303 : section 00303  was running on murat-7791422-303-fnpc19139.fnal.gov     , mu2egrid exit status:   0 TrigReport Events total = 2000000 passed = 11440 failed = 1988560
   304 : section 00304  was running on murat-7791422-304-fnpc19139.fnal.gov     , mu2egrid exit status:   0 TrigReport Events total = 2000000 passed = 11663 failed = 1988337
   305 : section 00305  was running on murat-7791422-305-fnpc7014.fnal.gov      , mu2egrid exit status:   0 TrigReport Events total = 2000000 passed = 11609 failed = 1988391
   306 : section 00306  was running on murat-7791422-306-fnpc19135.fnal.gov     , mu2egrid exit status:   0 TrigReport Events total = 2000000 passed = 11602 failed = 1988398
   307 : section 00307  was running on murat-7791422-307-fnpc19140.fnal.gov     , mu2egrid exit status:   0 TrigReport Events total = 2000000 passed = 11884 failed = 1988116
   308 : section 00308  was running on murat-7791422-308-fnpc19104.fnal.gov     , mu2egrid exit status:   0 TrigReport Events total = 2000000 passed = 11937 failed = 1988063
   309 : section 00309  was running on murat-7791422-309-fnpc19138.fnal.gov     , mu2egrid exit status:   0 TrigReport Events total = 2000000 passed = 11781 failed = 1988219
   310 : section 00310  was running on murat-7791422-310-fnpc19111.fnal.gov     , mu2egrid exit status:   0 TrigReport Events total = 2000000 passed = 11784 failed = 1988216
   311 : section 00311  was running on murat-7791422-311-fnpc19135.fnal.gov     , mu2egrid exit status:   0 TrigReport Events total = 2000000 passed = 11611 failed = 1988389
   312 : section 00312  was running on murat-7888860-13-fnpc17133.fnal.gov      , mu2egrid exit status:   0 TrigReport Events total = 2000000 passed = 11372 failed = 1988628
   313 : section 00313  was running on murat-7791422-313-fnpc19104.fnal.gov     , mu2egrid exit status:   0 TrigReport Events total = 2000000 passed = 11183 failed = 1988817
   314 : section 00314  was running on murat-7791422-314-fnpc19104.fnal.gov     , mu2egrid exit status:   0 TrigReport Events total = 2000000 passed = 11724 failed = 1988276
   315 : section 00315  was running on murat-7791422-315-fnpc19104.fnal.gov     , mu2egrid exit status:   0 TrigReport Events total = 2000000 passed = 11835 failed = 1988165
   316 : section 00316  was running on murat-7791422-316-fnpc5016.fnal.gov      , mu2egrid exit status:   0 TrigReport Events total = 2000000 passed = 11948 failed = 1988052
   317 : section 00317  was running on murat-7791422-317-fnpc8005.fnal.gov      , mu2egrid exit status:   0 TrigReport Events total = 2000000 passed = 11688 failed = 1988312
   318 : section 00318  was running on murat-7791422-318-fnpc9062.fnal.gov      , mu2egrid exit status:   0 TrigReport Events total = 2000000 passed = 11762 failed = 1988238
   319 : section 00319  was running on murat-7791422-319-fnpc8023.fnal.gov      , mu2egrid exit status:   0 TrigReport Events total = 2000000 passed = 11636 failed = 1988364
   320 : section 00320  was running on murat-7888860-14-fnpc9101.fnal.gov       , mu2egrid exit status:   0 TrigReport Events total = 2000000 passed = 11458 failed = 1988542
   321 : section 00321  was running on murat-7791422-321-fnpc9028.fnal.gov      , mu2egrid exit status:   0 TrigReport Events total = 2000000 passed = 11202 failed = 1988798
   322 : section 00322  was running on murat-7791422-322-fnpc9047.fnal.gov      , mu2egrid exit status:   0 TrigReport Events total = 2000000 passed = 11507 failed = 1988493
   323 : section 00323  was running on murat-7791422-323-fnpc17133.fnal.gov     , mu2egrid exit status:   0 TrigReport Events total = 2000000 passed = 11496 failed = 1988504
   324 : section 00324  was running on murat-7791422-324-fnpc17145.fnal.gov     , mu2egrid exit status:   0 TrigReport Events total = 2000000 passed = 11166 failed = 1988834
   325 : section 00325  was running on murat-7791422-325-fnpc17130.fnal.gov     , mu2egrid exit status:   0 TrigReport Events total = 2000000 passed = 11656 failed = 1988344
   326 : section 00326  was running on murat-7791422-326-fnpc8020.fnal.gov      , mu2egrid exit status:   0 TrigReport Events total = 2000000 passed = 12101 failed = 1987899
   327 : section 00327  was running on murat-7791422-327-fnpc7208.fnal.gov      , mu2egrid exit status:   0 TrigReport Events total = 2000000 passed = 11901 failed = 1988099
   328 : section 00328  was running on murat-7791422-328-fnpc8202.fnal.gov      , mu2egrid exit status:   0 TrigReport Events total = 2000000 passed = 11647 failed = 1988353
   329 : section 00329  was running on murat-7791422-329-fnpc8207.fnal.gov      , mu2egrid exit status:   0 TrigReport Events total = 2000000 passed = 11298 failed = 1988702
   330 : section 00330  was running on murat-7791422-330-fnpc8013.fnal.gov      , mu2egrid exit status:   0 TrigReport Events total = 2000000 passed = 11580 failed = 1988420
   331 : section 00331  was running on murat-7791422-331-fnpc8014.fnal.gov      , mu2egrid exit status:   0 TrigReport Events total = 2000000 passed = 11926 failed = 1988074
   332 : section 00332  was running on murat-7791422-332-fnpc7004.fnal.gov      , mu2egrid exit status:   0 TrigReport Events total = 2000000 passed = 11520 failed = 1988480
   333 : section 00333  was running on murat-7791422-333-fnpc8019.fnal.gov      , mu2egrid exit status:   0 TrigReport Events total = 2000000 passed = 11934 failed = 1988066
   334 : section 00334  was running on murat-7791422-334-fnpc17103.fnal.gov     , mu2egrid exit status:   0 TrigReport Events total = 2000000 passed = 12010 failed = 1987990
   335 : section 00335  was running on murat-7791422-335-fnpc17154.fnal.gov     , mu2egrid exit status:   0 TrigReport Events total = 2000000 passed = 11792 failed = 1988208
   336 : section 00336  was running on murat-7791422-336-fnpc8007.fnal.gov      , mu2egrid exit status:   0 TrigReport Events total = 2000000 passed = 11556 failed = 1988444
   337 : section 00337  was running on murat-7791422-337-fnpc7310.fnal.gov      , mu2egrid exit status:   0 TrigReport Events total = 2000000 passed = 12289 failed = 1987711
   338 : section 00338  was running on murat-7791422-338-fnpc8205.fnal.gov      , mu2egrid exit status:   0 TrigReport Events total = 2000000 passed = 12038 failed = 1987962
   339 : section 00339  was running on murat-7791422-339-fnpc17125.fnal.gov     , mu2egrid exit status:   0 TrigReport Events total = 2000000 passed = 12095 failed = 1987905
   340 : section 00340  was running on murat-7791422-340-fnpc6030.fnal.gov      , mu2egrid exit status:   0 TrigReport Events total = 2000000 passed = 11902 failed = 1988098
   341 : section 00341  was running on murat-7791422-341-fnpc9049.fnal.gov      , mu2egrid exit status:   0 TrigReport Events total = 2000000 passed = 11688 failed = 1988312
   342 : section 00342  was running on murat-7791422-342-fnpc9052.fnal.gov      , mu2egrid exit status:   0 TrigReport Events total = 2000000 passed = 11380 failed = 1988620
   343 : section 00343  was running on murat-7791422-343-fnpc17128.fnal.gov     , mu2egrid exit status:   0 TrigReport Events total = 2000000 passed = 11738 failed = 1988262
   344 : section 00344  was running on murat-7791422-344-fnpc9003.fnal.gov      , mu2egrid exit status:   0 TrigReport Events total = 2000000 passed = 11971 failed = 1988029
   345 : section 00345  was running on murat-7791422-345-fnpc9075.fnal.gov      , mu2egrid exit status:   0 TrigReport Events total = 2000000 passed = 11751 failed = 1988249
   346 : section 00346  was running on murat-7791422-346-fnpc5002.fnal.gov      , mu2egrid exit status:   0 TrigReport Events total = 2000000 passed = 11837 failed = 1988163
   347 : section 00347  was running on murat-7791422-347-fnpc17148.fnal.gov     , mu2egrid exit status:   0 TrigReport Events total = 2000000 passed = 12161 failed = 1987839
   348 : section 00348  was running on murat-7791422-348-fnpc6018.fnal.gov      , mu2egrid exit status:   0 TrigReport Events total = 2000000 passed = 11603 failed = 1988397
   349 : section 00349  was running on murat-7791422-349-fnpc9021.fnal.gov      , mu2egrid exit status:   0 TrigReport Events total = 2000000 passed = 11683 failed = 1988317
   350 : section 00350  was running on murat-7791422-350-fnpc9057.fnal.gov      , mu2egrid exit status:   0 TrigReport Events total = 2000000 passed = 11096 failed = 1988904
   351 : section 00351  was running on murat-7791422-351-fnpc9077.fnal.gov      , mu2egrid exit status:   0 TrigReport Events total = 2000000 passed = 11970 failed = 1988030
   352 : section 00352  was running on murat-7791422-352-fnpc7028.fnal.gov      , mu2egrid exit status:   0 TrigReport Events total = 2000000 passed = 11373 failed = 1988627
   353 : section 00353  was running on murat-7791422-353-fnpc9109.fnal.gov      , mu2egrid exit status:   0 TrigReport Events total = 2000000 passed = 11584 failed = 1988416
   354 : section 00354  was running on murat-7791422-354-fnpc7030.fnal.gov      , mu2egrid exit status:   0 TrigReport Events total = 2000000 passed = 11902 failed = 1988098
   355 : section 00355  was running on murat-7888860-15-fnpc8004.fnal.gov       , mu2egrid exit status:   0 TrigReport Events total = 2000000 passed = 11657 failed = 1988343
   356 : section 00356  was running on murat-7791422-356-fnpc19139.fnal.gov     , mu2egrid exit status:   0 TrigReport Events total = 2000000 passed = 11590 failed = 1988410
   357 : section 00357  was running on murat-7791422-357-fnpc19120.fnal.gov     , mu2egrid exit status:   0 TrigReport Events total = 2000000 passed = 12178 failed = 1987822
   358 : section 00358  was running on murat-7791422-358-fnpc19125.fnal.gov     , mu2egrid exit status:   0 TrigReport Events total = 2000000 passed = 11555 failed = 1988445
   359 : section 00359  was running on murat-7791422-359-fnpc19134.fnal.gov     , mu2egrid exit status:   0 TrigReport Events total = 2000000 passed = 11912 failed = 1988088
   360 : section 00360  was running on murat-7791422-360-fnpc19133.fnal.gov     , mu2egrid exit status:   0 TrigReport Events total = 2000000 passed = 12111 failed = 1987889
   361 : section 00361  was running on murat-7791422-361-fnpc19106.fnal.gov     , mu2egrid exit status:   0 TrigReport Events total = 2000000 passed = 11480 failed = 1988520
   362 : section 00362  was running on murat-7791422-362-fnpc9003.fnal.gov      , mu2egrid exit status:   0 TrigReport Events total = 2000000 passed = 11655 failed = 1988345
   363 : section 00363  was running on murat-7791422-363-fnpc17103.fnal.gov     , mu2egrid exit status:   0 TrigReport Events total = 2000000 passed = 11283 failed = 1988717
   364 : section 00364  was running on murat-7791422-364-fnpc17154.fnal.gov     , mu2egrid exit status:   0 TrigReport Events total = 2000000 passed = 11967 failed = 1988033
   365 : section 00365  was running on murat-7791422-365-fnpc8205.fnal.gov      , mu2egrid exit status:   0 TrigReport Events total = 2000000 passed = 12001 failed = 1987999
   366 : section 00366  was running on murat-7791422-366-fnpc5002.fnal.gov      , mu2egrid exit status:   0 TrigReport Events total = 2000000 passed = 11734 failed = 1988266
   367 : section 00367  was running on murat-7791422-367-fnpc17148.fnal.gov     , mu2egrid exit status:   0 TrigReport Events total = 2000000 passed = 11697 failed = 1988303
   368 : section 00368  was running on murat-7791422-368-fnpc9057.fnal.gov      , mu2egrid exit status:   0 TrigReport Events total = 2000000 passed = 11592 failed = 1988408
   369 : section 00369  was running on murat-7791422-369-fnpc7028.fnal.gov      , mu2egrid exit status:   0 TrigReport Events total = 2000000 passed = 11927 failed = 1988073
   370 : section 00370  was running on murat-7791422-370-fnpc6030.fnal.gov      , mu2egrid exit status:   0 TrigReport Events total = 2000000 passed = 11559 failed = 1988441
   371 : section 00371  was running on murat-7791422-371-fnpc19133.fnal.gov     , mu2egrid exit status:   0 TrigReport Events total = 2000000 passed = 11786 failed = 1988214
   372 : section 00372  was running on murat-7791422-372-fnpc19106.fnal.gov     , mu2egrid exit status:   0 TrigReport Events total = 2000000 passed = 11337 failed = 1988663
   373 : section 00373  was running on murat-7791422-373-fnpc5002.fnal.gov      , mu2egrid exit status:   0 TrigReport Events total = 2000000 passed = 11858 failed = 1988142
   374 : section 00374  was running on murat-7791422-374-fnpc19120.fnal.gov     , mu2egrid exit status:   0 TrigReport Events total = 2000000 passed = 11676 failed = 1988324
   375 : section 00375  was running on murat-7791422-375-fnpc19139.fnal.gov     , mu2egrid exit status:   0 TrigReport Events total = 2000000 passed = 11929 failed = 1988071
   376 : section 00376  was running on murat-7791422-376-fnpc8007.fnal.gov      , mu2egrid exit status:   0 TrigReport Events total = 2000000 passed = 12027 failed = 1987973
   377 : section 00377  was running on murat-7791422-377-fnpc17148.fnal.gov     , mu2egrid exit status:   0 TrigReport Events total = 2000000 passed = 11562 failed = 1988438
   378 : section 00378  was running on murat-7791422-378-fnpc6030.fnal.gov      , mu2egrid exit status:   0 TrigReport Events total = 2000000 passed = 11634 failed = 1988366
   379 : section 00379  was running on murat-7791422-379-fnpc19106.fnal.gov     , mu2egrid exit status:   0 TrigReport Events total = 2000000 passed = 11684 failed = 1988316
   380 : section 00380  was running on murat-7791422-380-fnpc9077.fnal.gov      , mu2egrid exit status:   0 TrigReport Events total = 2000000 passed = 11616 failed = 1988384
   381 : section 00381  was running on murat-7888860-16-fnpc17106.fnal.gov      , mu2egrid exit status:   0 TrigReport Events total = 2000000 passed = 11782 failed = 1988218
   382 : section 00382  was running on murat-7791422-382-fnpc8007.fnal.gov      , mu2egrid exit status:   0 TrigReport Events total = 2000000 passed = 12147 failed = 1987853
   383 : section 00383  was running on murat-7791422-383-fnpc19106.fnal.gov     , mu2egrid exit status:   0 TrigReport Events total = 2000000 passed = 11885 failed = 1988115
   384 : section 00384  was running on murat-7791422-384-fnpc8014.fnal.gov      , mu2egrid exit status:   0 TrigReport Events total = 2000000 passed = 11700 failed = 1988300
   385 : section 00385  was running on murat-7791422-385-fnpc9038.fnal.gov      , mu2egrid exit status:   0 TrigReport Events total = 2000000 passed = 11916 failed = 1988084
   386 : section 00386  was running on murat-7791422-386-fnpc9105.fnal.gov      , mu2egrid exit status:   0 TrigReport Events total = 2000000 passed = 11829 failed = 1988171
   387 : section 00387  was running on murat-7791422-387-fnpc17146.fnal.gov     , mu2egrid exit status:   0 TrigReport Events total = 2000000 passed = 12365 failed = 1987635
   388 : section 00388  was running on murat-7791422-388-fnpc8011.fnal.gov      , mu2egrid exit status:   0 TrigReport Events total = 2000000 passed = 11828 failed = 1988172
   389 : section 00389  was running on murat-7791422-389-fnpc17113.fnal.gov     , mu2egrid exit status:   0 TrigReport Events total = 2000000 passed = 11989 failed = 1988011
   390 : section 00390  was running on murat-7791422-390-fnpc9032.fnal.gov      , mu2egrid exit status:   0 TrigReport Events total = 2000000 passed = 11904 failed = 1988096
   391 : section 00391  was running on murat-7791422-391-fnpc17127.fnal.gov     , mu2egrid exit status:   0 TrigReport Events total = 2000000 passed = 11434 failed = 1988566
   392 : section 00392  was running on murat-7791422-392-fnpc17101.fnal.gov     , mu2egrid exit status:   0 TrigReport Events total = 2000000 passed = 11578 failed = 1988422
   393 : section 00393  was running on murat-7791422-393-fnpc6004.fnal.gov      , mu2egrid exit status:   0 TrigReport Events total = 2000000 passed = 11666 failed = 1988334
   394 : section 00394  was running on murat-7791422-394-fnpc8209.fnal.gov      , mu2egrid exit status:   0 TrigReport Events total = 2000000 passed = 11254 failed = 1988746
   395 : section 00395  was running on murat-7791422-395-fnpc8012.fnal.gov      , mu2egrid exit status:   0 TrigReport Events total = 2000000 passed = 12048 failed = 1987952
   396 : section 00396  was running on murat-7791422-396-fnpc6029.fnal.gov      , mu2egrid exit status:   0 TrigReport Events total = 2000000 passed = 11877 failed = 1988123
   397 : section 00397  was running on murat-7791422-397-fnpc9028.fnal.gov      , mu2egrid exit status:   0 TrigReport Events total = 2000000 passed = 11922 failed = 1988078
   398 : section 00398  was running on murat-7791422-398-fnpc7308.fnal.gov      , mu2egrid exit status:   0 TrigReport Events total = 2000000 passed = 11779 failed = 1988221
   399 : section 00399  was running on murat-7791422-399-fnpc8208.fnal.gov      , mu2egrid exit status:   0 TrigReport Events total = 2000000 passed = 11592 failed = 1988408
   400 : section 00400  was running on murat-7791422-400-fnpc9003.fnal.gov      , mu2egrid exit status:   0 TrigReport Events total = 2000000 passed = 11403 failed = 1988597
   401 : section 00401  was running on murat-7791422-401-fnpc7026.fnal.gov      , mu2egrid exit status:   0 TrigReport Events total = 2000000 passed = 11961 failed = 1988039
   402 : section 00402  was running on murat-7791422-402-fnpc9072.fnal.gov      , mu2egrid exit status:   0 TrigReport Events total = 2000000 passed = 12111 failed = 1987889
   403 : section 00403  was running on murat-7791422-403-fnpc9064.fnal.gov      , mu2egrid exit status:   0 TrigReport Events total = 2000000 passed = 11994 failed = 1988006
   404 : section 00404  was running on murat-7791422-404-fnpc17127.fnal.gov     , mu2egrid exit status:   0 TrigReport Events total = 2000000 passed = 11578 failed = 1988422
   405 : section 00405  was running on murat-7791422-405-fnpc9071.fnal.gov      , mu2egrid exit status:   0 TrigReport Events total = 2000000 passed = 11514 failed = 1988486
   406 : section 00406  was running on murat-7791422-406-fnpc17120.fnal.gov     , mu2egrid exit status:   0 TrigReport Events total = 2000000 passed = 11768 failed = 1988232
   407 : section 00407  was running on murat-7791422-407-fnpc8025.fnal.gov      , mu2egrid exit status:   0 TrigReport Events total = 2000000 passed = 11597 failed = 1988403
   408 : section 00408  was running on murat-7791422-408-fnpc9066.fnal.gov      , mu2egrid exit status:   0 TrigReport Events total = 2000000 passed = 12131 failed = 1987869
   409 : section 00409  was running on murat-7791422-409-fnpc17141.fnal.gov     , mu2egrid exit status:   0 TrigReport Events total = 2000000 passed = 11602 failed = 1988398
   410 : section 00410  was running on murat-7791422-410-fnpc7020.fnal.gov      , mu2egrid exit status:   0 TrigReport Events total = 2000000 passed = 11923 failed = 1988077
   411 : section 00411  was running on murat-7791422-411-fnpc9054.fnal.gov      , mu2egrid exit status:   0 TrigReport Events total = 2000000 passed = 11768 failed = 1988232
   412 : section 00412  was running on murat-7791422-412-fnpc9077.fnal.gov      , mu2egrid exit status:   0 TrigReport Events total = 2000000 passed = 11667 failed = 1988333
   413 : section 00413  was running on murat-7791422-413-fnpc17114.fnal.gov     , mu2egrid exit status:   0 TrigReport Events total = 2000000 passed = 11501 failed = 1988499
   414 : section 00414  was running on murat-7791422-414-fnpc9070.fnal.gov      , mu2egrid exit status:   0 TrigReport Events total = 2000000 passed = 11465 failed = 1988535
   415 : section 00415  was running on murat-7791422-415-fnpc7017.fnal.gov      , mu2egrid exit status:   0 TrigReport Events total = 2000000 passed = 11891 failed = 1988109
   416 : section 00416  was running on murat-7791422-416-fnpc7023.fnal.gov      , mu2egrid exit status:   0 TrigReport Events total = 2000000 passed = 11811 failed = 1988189
   417 : section 00417  was running on murat-7791422-417-fnpc8007.fnal.gov      , mu2egrid exit status:   0 TrigReport Events total = 2000000 passed = 11801 failed = 1988199
   418 : section 00418  was running on murat-7791422-418-fnpc19110.fnal.gov     , mu2egrid exit status:   0 TrigReport Events total = 2000000 passed = 11784 failed = 1988216
   419 : section 00419  was running on murat-7791422-419-fnpc19139.fnal.gov     , mu2egrid exit status:   0 TrigReport Events total = 2000000 passed = 11817 failed = 1988183
   420 : section 00420  was running on murat-7791422-420-fnpc8011.fnal.gov      , mu2egrid exit status:   0 TrigReport Events total = 2000000 passed = 11877 failed = 1988123
   421 : section 00421  was running on murat-7791422-421-fnpc8206.fnal.gov      , mu2egrid exit status:   0 TrigReport Events total = 2000000 passed = 11857 failed = 1988143
   422 : section 00422  was running on murat-7791422-422-fnpc7305.fnal.gov      , mu2egrid exit status:   0 TrigReport Events total = 2000000 passed = 11849 failed = 1988151
   423 : section 00423  was running on murat-7791422-423-fnpc17119.fnal.gov     , mu2egrid exit status:   0 TrigReport Events total = 2000000 passed = 12050 failed = 1987950
   424 : section 00424  was running on murat-7791422-424-fnpc19108.fnal.gov     , mu2egrid exit status:   0 TrigReport Events total = 2000000 passed = 11679 failed = 1988321
   425 : section 00425  was running on murat-7791422-425-fnpc19124.fnal.gov     , mu2egrid exit status:   0 TrigReport Events total = 2000000 passed = 11692 failed = 1988308
   426 : section 00426  was running on murat-7791422-426-fnpc8011.fnal.gov      , mu2egrid exit status:   0 TrigReport Events total = 2000000 passed = 12205 failed = 1987795
   427 : section 00427  was running on murat-7791422-427-fnpc9066.fnal.gov      , mu2egrid exit status:   0 TrigReport Events total = 2000000 passed = 11951 failed = 1988049
   428 : section 00428  was running on murat-7791422-428-fnpc9028.fnal.gov      , mu2egrid exit status:   0 TrigReport Events total = 2000000 passed = 11347 failed = 1988653
   429 : section 00429  was running on murat-7791422-429-fnpc8208.fnal.gov      , mu2egrid exit status:   0 TrigReport Events total = 2000000 passed = 11406 failed = 1988594
   430 : section 00430  was running on murat-7791422-430-fnpc9064.fnal.gov      , mu2egrid exit status:   0 TrigReport Events total = 2000000 passed = 11703 failed = 1988297
   431 : section 00431  was running on murat-7791422-431-fnpc9070.fnal.gov      , mu2egrid exit status:   0 TrigReport Events total = 2000000 passed = 11574 failed = 1988426
   432 : section 00432  was running on murat-7888860-17-fnpc17135.fnal.gov      , mu2egrid exit status:   0 TrigReport Events total = 2000000 passed = 11731 failed = 1988269
   433 : section 00433  was running on murat-7791422-433-fnpc9072.fnal.gov      , mu2egrid exit status:   0 TrigReport Events total = 2000000 passed = 11298 failed = 1988702
   434 : section 00434  was running on murat-7791422-434-fnpc7017.fnal.gov      , mu2egrid exit status:   0 TrigReport Events total = 2000000 passed = 11850 failed = 1988150
   435 : section 00435  was running on murat-7791422-435-fnpc19124.fnal.gov     , mu2egrid exit status:   0 TrigReport Events total = 2000000 passed = 11604 failed = 1988396
   436 : section 00436  was running on murat-7791422-436-fnpc7023.fnal.gov      , mu2egrid exit status:   0 TrigReport Events total = 2000000 passed = 11640 failed = 1988360
   437 : section 00437  was running on murat-7791422-437-fnpc9064.fnal.gov      , mu2egrid exit status:   0 TrigReport Events total = 2000000 passed = 11676 failed = 1988324
   438 : section 00438  was running on murat-7791422-438-fnpc9070.fnal.gov      , mu2egrid exit status:   0 TrigReport Events total = 2000000 passed = 11462 failed = 1988538
   439 : section 00439  was running on murat-7791422-439-fnpc17127.fnal.gov     , mu2egrid exit status:   0 TrigReport Events total = 2000000 passed = 12052 failed = 1987948
   440 : section 00440  was running on murat-7791422-440-fnpc19139.fnal.gov     , mu2egrid exit status:   0 TrigReport Events total = 2000000 passed = 12018 failed = 1987982
   441 : section 00441  was running on murat-7791422-441-fnpc7026.fnal.gov      , mu2egrid exit status:   0 TrigReport Events total = 2000000 passed = 11698 failed = 1988302
   442 : section 00442  was running on murat-7791422-442-fnpc9070.fnal.gov      , mu2egrid exit status:   0 TrigReport Events total = 2000000 passed = 11800 failed = 1988200
   443 : section 00443  was running on murat-7791422-443-fnpc9064.fnal.gov      , mu2egrid exit status:   0 TrigReport Events total = 2000000 passed = 11370 failed = 1988630
   444 : section 00444  was running on murat-7791422-444-fnpc9070.fnal.gov      , mu2egrid exit status:   0 TrigReport Events total = 2000000 passed = 11689 failed = 1988311
   445 : section 00445  was running on murat-7791422-445-fnpc9064.fnal.gov      , mu2egrid exit status:   0 TrigReport Events total = 2000000 passed = 11856 failed = 1988144
   446 : section 00446  was running on murat-7791422-446-fnpc6029.fnal.gov      , mu2egrid exit status:   0 TrigReport Events total = 2000000 passed = 11609 failed = 1988391
   447 : section 00447  was running on murat-7791422-447-fnpc17141.fnal.gov     , mu2egrid exit status:   0 TrigReport Events total = 2000000 passed = 11886 failed = 1988114
   448 : section 00448  was running on murat-7791422-448-fnpc17127.fnal.gov     , mu2egrid exit status:   0 TrigReport Events total = 2000000 passed = 11401 failed = 1988599
   449 : section 00449  was running on murat-7791422-449-fnpc9054.fnal.gov      , mu2egrid exit status:   0 TrigReport Events total = 2000000 passed = 11814 failed = 1988186
   450 : section 00450  was running on murat-7791422-450-fnpc9077.fnal.gov      , mu2egrid exit status:   0 TrigReport Events total = 2000000 passed = 12042 failed = 1987958
   451 : section 00451  was running on murat-7791422-451-fnpc19139.fnal.gov     , mu2egrid exit status:   0 TrigReport Events total = 2000000 passed = 11551 failed = 1988449
   452 : section 00452  was running on murat-7791422-452-fnpc17127.fnal.gov     , mu2egrid exit status:   0 TrigReport Events total = 2000000 passed = 11893 failed = 1988107
   453 : section 00453  was running on murat-7791422-453-fnpc17141.fnal.gov     , mu2egrid exit status:   0 TrigReport Events total = 2000000 passed = 11587 failed = 1988413
   454 : section 00454  was running on murat-7791422-454-fnpc9077.fnal.gov      , mu2egrid exit status:   0 TrigReport Events total = 2000000 passed = 12221 failed = 1987779
   455 : section 00455  was running on murat-7791422-455-fnpc17141.fnal.gov     , mu2egrid exit status:   0 TrigReport Events total = 2000000 passed = 11935 failed = 1988065
   456 : section 00456  was running on murat-7791422-456-fnpc17127.fnal.gov     , mu2egrid exit status:   0 TrigReport Events total = 2000000 passed = 11931 failed = 1988069
   457 : section 00457  was running on murat-7791422-457-fnpc17141.fnal.gov     , mu2egrid exit status:   0 TrigReport Events total = 2000000 passed = 11522 failed = 1988478
   458 : section 00458  was running on murat-7791422-458-fnpc9077.fnal.gov      , mu2egrid exit status:   0 TrigReport Events total = 2000000 passed = 11792 failed = 1988208
   459 : section 00459  was running on murat-7791422-459-fnpc17141.fnal.gov     , mu2egrid exit status:   0 TrigReport Events total = 2000000 passed = 12198 failed = 1987802
   460 : section 00460  was running on murat-7791422-460-fnpc17141.fnal.gov     , mu2egrid exit status:   0 TrigReport Events total = 2000000 passed = 11836 failed = 1988164
   461 : section 00461  was running on murat-7791422-461-fnpc8024.fnal.gov      , mu2egrid exit status:   0 TrigReport Events total = 2000000 passed = 11687 failed = 1988313
   462 : section 00462  was running on murat-7888860-18-fnpc17159.fnal.gov      , mu2egrid exit status:   0 TrigReport Events total = 2000000 passed = 11532 failed = 1988468
   463 : section 00463  was running on murat-7791422-463-fnpc17115.fnal.gov     , mu2egrid exit status:   0 TrigReport Events total = 2000000 passed = 11557 failed = 1988443
   464 : section 00464  was running on murat-7791422-464-fnpc9060.fnal.gov      , mu2egrid exit status:   0 TrigReport Events total = 2000000 passed = 11636 failed = 1988364
   465 : section 00465  was running on murat-7791422-465-fnpc17134.fnal.gov     , mu2egrid exit status:   0 TrigReport Events total = 2000000 passed = 11768 failed = 1988232
   466 : section 00466  was running on murat-7791422-466-fnpc9101.fnal.gov      , mu2egrid exit status:   0 TrigReport Events total = 2000000 passed = 11790 failed = 1988210
   467 : section 00467  was running on murat-7791422-467-fnpc7308.fnal.gov      , mu2egrid exit status:   0 TrigReport Events total = 2000000 passed = 11581 failed = 1988419
   468 : section 00468  was running on murat-7791422-468-fnpc17125.fnal.gov     , mu2egrid exit status:   0 TrigReport Events total = 2000000 passed = 11762 failed = 1988238
   469 : section 00469  was running on murat-7791422-469-fnpc17148.fnal.gov     , mu2egrid exit status:   0 TrigReport Events total = 2000000 passed = 11731 failed = 1988269
   470 : section 00470  was running on murat-7791422-470-fnpc7018.fnal.gov      , mu2egrid exit status:   0 TrigReport Events total = 2000000 passed = 11295 failed = 1988705
   471 : section 00471  was running on murat-7791422-471-fnpc6026.fnal.gov      , mu2egrid exit status:   0 TrigReport Events total = 2000000 passed = 11536 failed = 1988464
   472 : section 00472  was running on murat-7791422-472-fnpc17112.fnal.gov     , mu2egrid exit status:   0 TrigReport Events total = 2000000 passed = 11762 failed = 1988238
   473 : section 00473  was running on murat-7791422-473-fnpc7006.fnal.gov      , mu2egrid exit status:   0 TrigReport Events total = 2000000 passed = 11744 failed = 1988256
   474 : section 00474  was running on murat-7791422-474-fnpc9008.fnal.gov      , mu2egrid exit status:   0 TrigReport Events total = 2000000 passed = 11240 failed = 1988760
   475 : section 00475  was running on murat-7791422-475-fnpc17144.fnal.gov     , mu2egrid exit status:   0 TrigReport Events total = 2000000 passed = 11877 failed = 1988123
   476 : section 00476  was running on murat-7791422-476-fnpc8003.fnal.gov      , mu2egrid exit status:   0 TrigReport Events total = 2000000 passed = 11757 failed = 1988243
   477 : section 00477  was running on murat-7791422-477-fnpc17155.fnal.gov     , mu2egrid exit status:   0 TrigReport Events total = 2000000 passed = 11934 failed = 1988066
   478 : section 00478  was running on murat-7791422-478-fnpc17110.fnal.gov     , mu2egrid exit status:   0 TrigReport Events total = 2000000 passed = 11413 failed = 1988587
   479 : section 00479  was running on murat-7791422-479-fnpc6019.fnal.gov      , mu2egrid exit status:   0 TrigReport Events total = 2000000 passed = 11338 failed = 1988662
   480 : section 00480  was running on murat-7791422-480-fnpc9014.fnal.gov      , mu2egrid exit status:   0 TrigReport Events total = 2000000 passed = 11798 failed = 1988202
   481 : section 00481  was running on murat-7791422-481-fnpc17109.fnal.gov     , mu2egrid exit status:   0 TrigReport Events total = 2000000 passed = 11162 failed = 1988838
   482 : section 00482  was running on murat-7791422-482-fnpc9078.fnal.gov      , mu2egrid exit status:   0 TrigReport Events total = 2000000 passed = 11223 failed = 1988777
   483 : section 00483  was running on murat-7791422-483-fnpc9040.fnal.gov      , mu2egrid exit status:   0 TrigReport Events total = 2000000 passed = 11490 failed = 1988510
   484 : section 00484  was running on murat-7888860-19-fnpc9105.fnal.gov       , mu2egrid exit status:   0 TrigReport Events total = 2000000 passed = 11692 failed = 1988308
--------------------------------------------
JOB SUMMARY:
--------------------------------------------
submitted           :   485 sections
output checked      :   485 sections
completed           :   485 sections
staging failures    :     0 sections
completed with rc=0 :   485 sections
mu2e job failed     :     0 sections
