# Wed May 20 09:17:16 CDT 2020
# job output directory: /pnfs/mu2e/scratch/users/murat/workflow/ts_warm_bore.760_1027.ts3_mubeam.ts4_sim/outstage/33002708
# subdirectory        : /pnfs/mu2e/scratch/users/murat/workflow/ts_warm_bore.760_1027.ts3_mubeam.ts4_sim/outstage/33002708/00
     0 : section 00000  was running on murat-33002708-0-fnpc9029.fnal.gov       , mu2egrid exit status:   0 TrigReport Events total = 4341 passed = 4120 failed = 221
     1 : section 00001  was running on murat-33002708-1-fnpc17113.fnal.gov      , mu2egrid exit status:   0 TrigReport Events total = 4296 passed = 4047 failed = 249
     2 : section 00002  was running on murat-33002708-2-fnpc8010.fnal.gov       , mu2egrid exit status:   0 TrigReport Events total = 4175 passed = 3939 failed = 236
     3 : section 00003  was running on murat-33002708-3-fnpc5030.fnal.gov       , mu2egrid exit status:   0 TrigReport Events total = 4301 passed = 4046 failed = 255
     4 : section 00004  was running on murat-33002708-4-fnpc9041.fnal.gov       , mu2egrid exit status:   0 TrigReport Events total = 4257 passed = 3989 failed = 268
     5 : section 00005  was running on murat-33002708-5-fnpc9060.fnal.gov       , mu2egrid exit status:   0 TrigReport Events total = 4200 passed = 3960 failed = 240
     6 : section 00006  was running on murat-33002708-6-fnpc9062.fnal.gov       , mu2egrid exit status:   0 TrigReport Events total = 4307 passed = 4032 failed = 275
     7 : section 00007  was running on murat-33002708-7-fnpc5020.fnal.gov       , mu2egrid exit status:   0 TrigReport Events total = 4198 passed = 3951 failed = 247
     8 : section 00008  was running on murat-33002708-8-fnpc17127.fnal.gov      , mu2egrid exit status:   0 TrigReport Events total = 4309 passed = 4019 failed = 290
     9 : section 00009  was running on murat-33002708-9-fnpc8005.fnal.gov       , mu2egrid exit status:   0 TrigReport Events total = 2963 passed = 2784 failed = 179
--------------------------------------------
JOB SUMMARY:
--------------------------------------------
submitted           :     2 sections
output checked      :    10 sections
completed           :    10 sections
staging failures    :     0 sections
completed with rc=0 :    10 sections
mu2e job failed     :     0 sections
