# Wed May 20 07:19:40 CDT 2020
# job output directory: /pnfs/mu2e/scratch/users/murat/workflow/ts_warm_bore.760_1027.ts1_mubeam.ts2_sim/outstage/8109873
# subdirectory        : /pnfs/mu2e/scratch/users/murat/workflow/ts_warm_bore.760_1027.ts1_mubeam.ts2_sim/outstage/8109873/00
     0 : section 00000  was running on murat-8109873-0-fnpc8002.fnal.gov        , mu2egrid exit status:   0 TrigReport Events total = 242434 passed = 226912 failed = 15522
     1 : section 00001  was running on murat-8109873-1-fnpc17123.fnal.gov       , mu2egrid exit status:   0 TrigReport Events total = 244310 passed = 228811 failed = 15499
     2 : section 00002  was running on murat-8109873-2-fnpc17160.fnal.gov       , mu2egrid exit status:   0 TrigReport Events total = 243885 passed = 228521 failed = 15364
     3 : section 00003  was running on murat-8109873-3-fnpc8011.fnal.gov        , mu2egrid exit status:   0 TrigReport Events total = 244622 passed = 229101 failed = 15521
     4 : section 00004  was running on murat-8109873-4-fnpc9018.fnal.gov        , mu2egrid exit status:   0 TrigReport Events total = 242691 passed = 227393 failed = 15298
     5 : section 00005  was running on murat-8109873-5-fnpc17102.fnal.gov       , mu2egrid exit status:   0 TrigReport Events total = 243355 passed = 227935 failed = 15420
     6 : section 00006  was running on murat-8109873-6-fnpc9001.fnal.gov        , mu2egrid exit status:   0 TrigReport Events total = 243952 passed = 228446 failed = 15506
     7 : section 00007  was running on murat-8109873-7-fnpc8028.fnal.gov        , mu2egrid exit status:   0 TrigReport Events total = 244503 passed = 228775 failed = 15728
     8 : section 00008  was running on murat-8109873-8-fnpc7013.fnal.gov        , mu2egrid exit status:   0 TrigReport Events total = 243500 passed = 227895 failed = 15605
     9 : section 00009  was running on murat-8109873-9-fnpc17159.fnal.gov       , mu2egrid exit status:   0 TrigReport Events total = 243162 passed = 227745 failed = 15417
    10 : section 00010  was running on murat-8109873-10-fnpc17105.fnal.gov      , mu2egrid exit status:   0 TrigReport Events total = 244225 passed = 228511 failed = 15714
    11 : section 00011  was running on murat-8109873-11-fnpc17129.fnal.gov      , mu2egrid exit status:   0 TrigReport Events total = 242954 passed = 227416 failed = 15538
    12 : section 00012  was running on murat-8109873-12-fnpc9073.fnal.gov       , mu2egrid exit status:   0 TrigReport Events total = 243481 passed = 227864 failed = 15617
    13 : section 00013  was running on murat-8109873-13-fnpc19126.fnal.gov      , mu2egrid exit status:   0 TrigReport Events total = 242829 passed = 227681 failed = 15148
    14 : section 00014  was running on murat-8109873-14-fnpc8021.fnal.gov       , mu2egrid exit status:   0 TrigReport Events total = 244117 passed = 228666 failed = 15451
    15 : section 00015  was running on murat-8109873-15-fnpc7201.fnal.gov       , mu2egrid exit status:   0 TrigReport Events total = 242327 passed = 226970 failed = 15357
    16 : section 00016  was running on murat-8109873-16-fnpc8025.fnal.gov       , mu2egrid exit status:   0 TrigReport Events total = 242717 passed = 227262 failed = 15455
    17 : section 00017  was running on murat-8109873-17-fnpc17127.fnal.gov      , mu2egrid exit status:   0 TrigReport Events total = 244671 passed = 229035 failed = 15636
    18 : section 00018  was running on murat-8109873-18-fnpc17153.fnal.gov      , mu2egrid exit status:   0 TrigReport Events total = 244159 passed = 228598 failed = 15561
    19 : section 00019  was running on murat-8109873-19-fnpc17120.fnal.gov      , mu2egrid exit status:   0 TrigReport Events total = 87576 passed = 81994 failed = 5582
--------------------------------------------
JOB SUMMARY:
--------------------------------------------
submitted           :   485 sections
output checked      :    20 sections
completed           :    20 sections
staging failures    :     0 sections
completed with rc=0 :    20 sections
mu2e job failed     :     0 sections
