# Mon May 4 17:45:01 CDT 2020
# job output directory: /pnfs/mu2e/scratch/users/murat/workflow/ts_warm_bore.760_3200.pbar_vd91.ts1_sim/outstage/31925572
# subdirectory        : /pnfs/mu2e/scratch/users/murat/workflow/ts_warm_bore.760_3200.pbar_vd91.ts1_sim/outstage/31925572/00
     0 : section 00000  was running on murat-31925572-0-fnpc8020.fnal.gov       , mu2egrid exit status:   0 TrigReport Events total = 2000000 passed = 15031 failed = 1984969
     1 : section 00001  was running on murat-31925572-1-fnpc7201.fnal.gov       , mu2egrid exit status:   0 TrigReport Events total = 2000000 passed = 14870 failed = 1985130
     2 : section 00002  was running on murat-31925572-2-fnpc8204.fnal.gov       , mu2egrid exit status:   0 TrigReport Events total = 2000000 passed = 14840 failed = 1985160
     3 : section 00003  was running on murat-31925572-3-fnpc8206.fnal.gov       , mu2egrid exit status:   0 TrigReport Events total = 2000000 passed = 14461 failed = 1985539
     4 : section 00004  was running on murat-31925572-4-fnpc17124.fnal.gov      , mu2egrid exit status:   0 TrigReport Events total = 2000000 passed = 14921 failed = 1985079
     5 : section 00005  was running on murat-31925572-5-fnpc7307.fnal.gov       , mu2egrid exit status:   0 TrigReport Events total = 2000000 passed = 15011 failed = 1984989
     6 : section 00006  was running on murat-31925572-6-fnpc7310.fnal.gov       , mu2egrid exit status:   0 TrigReport Events total = 2000000 passed = 15004 failed = 1984996
     7 : section 00007  was running on murat-31925572-7-fnpc17132.fnal.gov      , mu2egrid exit status:   0 TrigReport Events total = 2000000 passed = 15006 failed = 1984994
     8 : section 00008  was running on murat-31925572-8-fnpc17142.fnal.gov      , mu2egrid exit status:   0 TrigReport Events total = 2000000 passed = 14911 failed = 1985089
     9 : section 00009  was running on murat-31925572-9-fnpc9003.fnal.gov       , mu2egrid exit status:   0 TrigReport Events total = 2000000 passed = 14744 failed = 1985256
    10 : section 00010  was running on murat-31925572-10-fnpc7307.fnal.gov      , mu2egrid exit status:   0 TrigReport Events total = 2000000 passed = 14884 failed = 1985116
    11 : section 00011  was running on murat-31925572-11-fnpc7301.fnal.gov      , mu2egrid exit status:   0 TrigReport Events total = 2000000 passed = 15167 failed = 1984833
    12 : section 00012  was running on murat-31925572-12-fnpc7303.fnal.gov      , mu2egrid exit status:   0 TrigReport Events total = 2000000 passed = 14870 failed = 1985130
    13 : section 00013  was running on murat-31925572-13-fnpc17123.fnal.gov     , mu2egrid exit status:   0 TrigReport Events total = 2000000 passed = 14669 failed = 1985331
    14 : section 00014  was running on murat-31925572-14-fnpc8010.fnal.gov      , mu2egrid exit status:   0 TrigReport Events total = 2000000 passed = 14921 failed = 1985079
    15 : section 00016  was running on murat-31925572-16-fnpc17152.fnal.gov     , mu2egrid exit status:   0 TrigReport Events total = 2000000 passed = 15091 failed = 1984909
    16 : section 00017  was running on murat-31925572-17-fnpc8012.fnal.gov      , mu2egrid exit status:   0 TrigReport Events total = 2000000 passed = 14997 failed = 1985003
    17 : section 00018  was running on murat-31925572-18-fnpc17106.fnal.gov     , mu2egrid exit status:   0 TrigReport Events total = 2000000 passed = 15317 failed = 1984683
    18 : section 00019  was running on murat-31925572-19-fnpc17160.fnal.gov     , mu2egrid exit status:   0 TrigReport Events total = 2000000 passed = 15447 failed = 1984553
    19 : section 00020  was running on murat-31925572-20-fnpc5020.fnal.gov      , mu2egrid exit status:   0 TrigReport Events total = 2000000 passed = 14876 failed = 1985124
    20 : section 00021  was running on murat-31925572-21-fnpc8009.fnal.gov      , mu2egrid exit status:   0 TrigReport Events total = 2000000 passed = 14842 failed = 1985158
    21 : section 00022  was running on murat-31925572-22-fnpc17112.fnal.gov     , mu2egrid exit status:   0 TrigReport Events total = 2000000 passed = 14538 failed = 1985462
    22 : section 00023  was running on murat-31925572-23-fnpc9062.fnal.gov      , mu2egrid exit status:   0 TrigReport Events total = 2000000 passed = 15127 failed = 1984873
    23 : section 00024  was running on murat-31925572-24-fnpc6025.fnal.gov      , mu2egrid exit status:   0 TrigReport Events total = 2000000 passed = 15467 failed = 1984533
    24 : section 00025  was running on murat-31925572-25-fnpc17117.fnal.gov     , mu2egrid exit status:   0 TrigReport Events total = 2000000 passed = 14731 failed = 1985269
    25 : section 00026  was running on murat-31925572-26-fnpc17137.fnal.gov     , mu2egrid exit status:   0 TrigReport Events total = 2000000 passed = 15228 failed = 1984772
    26 : section 00027  was running on murat-31925572-27-fnpc9019.fnal.gov      , mu2egrid exit status:   0 TrigReport Events total = 2000000 passed = 14792 failed = 1985208
    27 : section 00028  was running on murat-31925572-28-fnpc9018.fnal.gov      , mu2egrid exit status:   0 TrigReport Events total = 2000000 passed = 14807 failed = 1985193
    28 : section 00029  was running on murat-31925572-29-fnpc9026.fnal.gov      , mu2egrid exit status:   0 TrigReport Events total = 2000000 passed = 14912 failed = 1985088
    29 : section 00030  was running on murat-31925572-30-fnpc17107.fnal.gov     , mu2egrid exit status:   0 TrigReport Events total = 2000000 passed = 15647 failed = 1984353
    30 : section 00031  was running on murat-31925572-31-fnpc17101.fnal.gov     , mu2egrid exit status:   0 TrigReport Events total = 2000000 passed = 14659 failed = 1985341
    31 : section 00032  was running on murat-31925572-32-fnpc6028.fnal.gov      , mu2egrid exit status:   0 TrigReport Events total = 2000000 passed = 14804 failed = 1985196
    32 : section 00033  was running on murat-31925572-33-fnpc9027.fnal.gov      , mu2egrid exit status:   0 TrigReport Events total = 2000000 passed = 14716 failed = 1985284
    33 : section 00034  was running on murat-31925572-34-fnpc9024.fnal.gov      , mu2egrid exit status:   0 TrigReport Events total = 2000000 passed = 15007 failed = 1984993
    34 : section 00035  was running on murat-31925572-35-fnpc17149.fnal.gov     , mu2egrid exit status:   0 TrigReport Events total = 2000000 passed = 15395 failed = 1984605
    35 : section 00036  was running on murat-31925572-36-fnpc17108.fnal.gov     , mu2egrid exit status:   0 TrigReport Events total = 2000000 passed = 14172 failed = 1985828
    36 : section 00037  was running on murat-31925572-37-fnpc6002.fnal.gov      , mu2egrid exit status:   0 TrigReport Events total = 2000000 passed = 15363 failed = 1984637
    37 : section 00038  was running on murat-31925572-38-fnpc9102.fnal.gov      , mu2egrid exit status:   0 TrigReport Events total = 2000000 passed = 14665 failed = 1985335
    38 : section 00039  was running on murat-31925572-39-fnpc19107.fnal.gov     , mu2egrid exit status:   0 TrigReport Events total = 2000000 passed = 14624 failed = 1985376
    39 : section 00040  was running on murat-31925572-40-fnpc19135.fnal.gov     , mu2egrid exit status:   0 TrigReport Events total = 2000000 passed = 15157 failed = 1984843
    40 : section 00041  was running on murat-31925572-41-fnpc19137.fnal.gov     , mu2egrid exit status:   0 TrigReport Events total = 2000000 passed = 14844 failed = 1985156
    41 : section 00042  was running on murat-31925572-42-fnpc19123.fnal.gov     , mu2egrid exit status:   0 TrigReport Events total = 2000000 passed = 15122 failed = 1984878
    42 : section 00043  was running on murat-31925572-43-fnpc7310.fnal.gov      , mu2egrid exit status:   0 TrigReport Events total = 2000000 passed = 14326 failed = 1985674
    43 : section 00044  was running on murat-31925572-44-fnpc9026.fnal.gov      , mu2egrid exit status:   0 TrigReport Events total = 2000000 passed = 14793 failed = 1985207
    44 : section 00045  was running on murat-31925572-45-fnpc5020.fnal.gov      , mu2egrid exit status:   0 TrigReport Events total = 2000000 passed = 15421 failed = 1984579
    45 : section 00046  was running on murat-31925572-46-fnpc8009.fnal.gov      , mu2egrid exit status:   0 TrigReport Events total = 2000000 passed = 15145 failed = 1984855
    46 : section 00047  was running on murat-31925572-47-fnpc17107.fnal.gov     , mu2egrid exit status:   0 TrigReport Events total = 2000000 passed = 15141 failed = 1984859
    47 : section 00048  was running on murat-31925572-48-fnpc17101.fnal.gov     , mu2egrid exit status:   0 TrigReport Events total = 2000000 passed = 14599 failed = 1985401
    48 : section 00049  was running on murat-31925572-49-fnpc9027.fnal.gov      , mu2egrid exit status:   0 TrigReport Events total = 2000000 passed = 14913 failed = 1985087
    49 : section 00050  was running on murat-31925572-50-fnpc9024.fnal.gov      , mu2egrid exit status:   0 TrigReport Events total = 2000000 passed = 15136 failed = 1984864
    50 : section 00051  was running on murat-31925572-51-fnpc9003.fnal.gov      , mu2egrid exit status:   0 TrigReport Events total = 2000000 passed = 14882 failed = 1985118
    51 : section 00052  was running on murat-31925572-52-fnpc17137.fnal.gov     , mu2egrid exit status:   0 TrigReport Events total = 2000000 passed = 14930 failed = 1985070
    52 : section 00053  was running on murat-31925572-53-fnpc9018.fnal.gov      , mu2egrid exit status:   0 TrigReport Events total = 2000000 passed = 15154 failed = 1984846
    53 : section 00054  was running on murat-31925572-54-fnpc6028.fnal.gov      , mu2egrid exit status:   0 TrigReport Events total = 2000000 passed = 15105 failed = 1984895
    54 : section 00055  was running on murat-31925572-55-fnpc17149.fnal.gov     , mu2egrid exit status:   0 TrigReport Events total = 2000000 passed = 15256 failed = 1984744
    55 : section 00056  was running on murat-31925572-56-fnpc17108.fnal.gov     , mu2egrid exit status:   0 TrigReport Events total = 2000000 passed = 14773 failed = 1985227
    56 : section 00057  was running on murat-31925572-57-fnpc6002.fnal.gov      , mu2egrid exit status:   0 TrigReport Events total = 2000000 passed = 15093 failed = 1984907
    57 : section 00058  was running on murat-31925572-58-fnpc19107.fnal.gov     , mu2egrid exit status:   0 TrigReport Events total = 2000000 passed = 14818 failed = 1985182
    58 : section 00059  was running on murat-31925572-59-fnpc19137.fnal.gov     , mu2egrid exit status:   0 TrigReport Events total = 2000000 passed = 15141 failed = 1984859
    59 : section 00060  was running on murat-31925572-60-fnpc17117.fnal.gov     , mu2egrid exit status:   0 TrigReport Events total = 2000000 passed = 14794 failed = 1985206
    60 : section 00061  was running on murat-31925572-61-fnpc9019.fnal.gov      , mu2egrid exit status:   0 TrigReport Events total = 2000000 passed = 15108 failed = 1984892
    61 : section 00062  was running on murat-31925572-62-fnpc9027.fnal.gov      , mu2egrid exit status:   0 TrigReport Events total = 2000000 passed = 14954 failed = 1985046
    62 : section 00063  was running on murat-31925572-63-fnpc9018.fnal.gov      , mu2egrid exit status:   0 TrigReport Events total = 2000000 passed = 15271 failed = 1984729
    63 : section 00064  was running on murat-31925572-64-fnpc6028.fnal.gov      , mu2egrid exit status:   0 TrigReport Events total = 2000000 passed = 14459 failed = 1985541
    64 : section 00065  was running on murat-31925572-65-fnpc9027.fnal.gov      , mu2egrid exit status:   0 TrigReport Events total = 2000000 passed = 15307 failed = 1984693
    65 : section 00066  was running on murat-31925572-66-fnpc19107.fnal.gov     , mu2egrid exit status:   0 TrigReport Events total = 2000000 passed = 14834 failed = 1985166
    66 : section 00067  was running on murat-31925572-67-fnpc19137.fnal.gov     , mu2egrid exit status:   0 TrigReport Events total = 2000000 passed = 15036 failed = 1984964
    67 : section 00068  was running on murat-31925572-68-fnpc17124.fnal.gov     , mu2egrid exit status:   0 TrigReport Events total = 2000000 passed = 14683 failed = 1985317
    68 : section 00069  was running on murat-31925572-69-fnpc9018.fnal.gov      , mu2egrid exit status:   0 TrigReport Events total = 2000000 passed = 14851 failed = 1985149
    69 : section 00070  was running on murat-31925572-70-fnpc9062.fnal.gov      , mu2egrid exit status:   0 TrigReport Events total = 2000000 passed = 14719 failed = 1985281
    70 : section 00071  was running on murat-31925572-71-fnpc6028.fnal.gov      , mu2egrid exit status:   0 TrigReport Events total = 2000000 passed = 14487 failed = 1985513
    71 : section 00072  was running on murat-31925572-72-fnpc19137.fnal.gov     , mu2egrid exit status:   0 TrigReport Events total = 2000000 passed = 14575 failed = 1985425
    72 : section 00073  was running on murat-31925572-73-fnpc17106.fnal.gov     , mu2egrid exit status:   0 TrigReport Events total = 2000000 passed = 14617 failed = 1985383
    73 : section 00074  was running on murat-31925572-74-fnpc19137.fnal.gov     , mu2egrid exit status:   0 TrigReport Events total = 2000000 passed = 14879 failed = 1985121
    74 : section 00075  was running on murat-31925572-75-fnpc17106.fnal.gov     , mu2egrid exit status:   0 TrigReport Events total = 2000000 passed = 14572 failed = 1985428
    75 : section 00076  was running on murat-31925572-76-fnpc9062.fnal.gov      , mu2egrid exit status:   0 TrigReport Events total = 2000000 passed = 14835 failed = 1985165
    76 : section 00077  was running on murat-31925572-77-fnpc17106.fnal.gov     , mu2egrid exit status:   0 TrigReport Events total = 2000000 passed = 15024 failed = 1984976
    77 : section 00078  was running on murat-31925572-78-fnpc17160.fnal.gov     , mu2egrid exit status:   0 TrigReport Events total = 2000000 passed = 14596 failed = 1985404
    78 : section 00079  was running on murat-31925572-79-fnpc17160.fnal.gov     , mu2egrid exit status:   0 TrigReport Events total = 2000000 passed = 15044 failed = 1984956
    79 : section 00080  was running on murat-31925572-80-fnpc17160.fnal.gov     , mu2egrid exit status:   0 TrigReport Events total = 2000000 passed = 15117 failed = 1984883
    80 : section 00081  was running on murat-31925572-81-fnpc17129.fnal.gov     , mu2egrid exit status:   0 TrigReport Events total = 2000000 passed = 15524 failed = 1984476
    81 : section 00082  was running on murat-31925572-81-fnpc17129.fnal.gov     , NO mu2egrid exit status   0
    82 : section 00084  was running on murat-31925572-84-fnpc7201.fnal.gov      , mu2egrid exit status:   0 TrigReport Events total = 2000000 passed = 14844 failed = 1985156
    83 : section 00085  was running on murat-31925572-85-fnpc7206.fnal.gov      , mu2egrid exit status:   0 TrigReport Events total = 2000000 passed = 14553 failed = 1985447
    84 : section 00086  was running on murat-31925572-86-fnpc7210.fnal.gov      , mu2egrid exit status:   0 TrigReport Events total = 2000000 passed = 14984 failed = 1985016
    85 : section 00088  was running on murat-31925572-88-fnpc17146.fnal.gov     , mu2egrid exit status:   0 TrigReport Events total = 2000000 passed = 14603 failed = 1985397
    86 : section 00089  was running on murat-31925572-89-fnpc8006.fnal.gov      , mu2egrid exit status:   0 TrigReport Events total = 2000000 passed = 15166 failed = 1984834
    87 : section 00090  was running on murat-31925572-90-fnpc8203.fnal.gov      , mu2egrid exit status:   0 TrigReport Events total = 2000000 passed = 14846 failed = 1985154
    88 : section 00091  was running on murat-31925572-91-fnpc8207.fnal.gov      , mu2egrid exit status:   0 TrigReport Events total = 2000000 passed = 14908 failed = 1985092
    89 : section 00092  was running on murat-31925572-92-fnpc7306.fnal.gov      , mu2egrid exit status:   0 TrigReport Events total = 2000000 passed = 14956 failed = 1985044
    90 : section 00093  was running on murat-31925572-93-fnpc7302.fnal.gov      , mu2egrid exit status:   0 TrigReport Events total = 2000000 passed = 14884 failed = 1985116
    91 : section 00094  was running on murat-31925572-94-fnpc8027.fnal.gov      , mu2egrid exit status:   0 TrigReport Events total = 2000000 passed = 15138 failed = 1984862
    92 : section 00095  was running on murat-31925572-95-fnpc8201.fnal.gov      , mu2egrid exit status:   0 TrigReport Events total = 2000000 passed = 15050 failed = 1984950
    93 : section 00096  was running on murat-31925572-96-fnpc17125.fnal.gov     , mu2egrid exit status:   0 TrigReport Events total = 2000000 passed = 14922 failed = 1985078
    94 : section 00097  was running on murat-31925572-97-fnpc9006.fnal.gov      , mu2egrid exit status:   0 TrigReport Events total = 2000000 passed = 15166 failed = 1984834
    95 : section 00098  was running on murat-31925572-98-fnpc17153.fnal.gov     , mu2egrid exit status:   0 TrigReport Events total = 2000000 passed = 15402 failed = 1984598
    96 : section 00099  was running on murat-31925572-99-fnpc17159.fnal.gov     , mu2egrid exit status:   0 TrigReport Events total = 2000000 passed = 14712 failed = 1985288
    97 : section 00100  was running on murat-31925572-100-fnpc17148.fnal.gov    , mu2egrid exit status:   0 TrigReport Events total = 2000000 passed = 14596 failed = 1985404
    98 : section 00101  was running on murat-31925572-101-fnpc8028.fnal.gov     , mu2egrid exit status:   0 TrigReport Events total = 2000000 passed = 14980 failed = 1985020
    99 : section 00102  was running on murat-31925572-102-fnpc9110.fnal.gov     , mu2egrid exit status:   0 TrigReport Events total = 2000000 passed = 15319 failed = 1984681
   100 : section 00103  was running on murat-31925572-103-fnpc9060.fnal.gov     , mu2egrid exit status:   0 TrigReport Events total = 2000000 passed = 15203 failed = 1984797
   101 : section 00104  was running on murat-31925572-104-fnpc9074.fnal.gov     , mu2egrid exit status:   0 TrigReport Events total = 2000000 passed = 15176 failed = 1984824
   102 : section 00105  was running on murat-31925572-105-fnpc9064.fnal.gov     , mu2egrid exit status:   0 TrigReport Events total = 2000000 passed = 15453 failed = 1984547
   103 : section 00106  was running on murat-31925572-106-fnpc17103.fnal.gov    , mu2egrid exit status:   0 TrigReport Events total = 2000000 passed = 14544 failed = 1985456
   104 : section 00107  was running on murat-31925572-107-fnpc9108.fnal.gov     , mu2egrid exit status:   0 TrigReport Events total = 2000000 passed = 14564 failed = 1985436
   105 : section 00108  was running on murat-31925572-108-fnpc17154.fnal.gov    , mu2egrid exit status:   0 TrigReport Events total = 2000000 passed = 15339 failed = 1984661
   106 : section 00109  was running on murat-31925572-109-fnpc9029.fnal.gov     , mu2egrid exit status:   0 TrigReport Events total = 2000000 passed = 15008 failed = 1984992
   107 : section 00110  was running on murat-31925572-110-fnpc9063.fnal.gov     , mu2egrid exit status:   0 TrigReport Events total = 2000000 passed = 15105 failed = 1984895
   108 : section 00111  was running on murat-31925572-111-fnpc17147.fnal.gov    , mu2egrid exit status:   0 TrigReport Events total = 2000000 passed = 15229 failed = 1984771
   109 : section 00112  was running on murat-31925572-112-fnpc7006.fnal.gov     , mu2egrid exit status:   0 TrigReport Events total = 2000000 passed = 15098 failed = 1984902
   110 : section 00113  was running on murat-31925572-113-fnpc9067.fnal.gov     , mu2egrid exit status:   0 TrigReport Events total = 2000000 passed = 14720 failed = 1985280
   111 : section 00114  was running on murat-31925572-114-fnpc17107.fnal.gov    , mu2egrid exit status:   0 TrigReport Events total = 2000000 passed = 14997 failed = 1985003
   112 : section 00115  was running on murat-31925572-115-fnpc9053.fnal.gov     , mu2egrid exit status:   0 TrigReport Events total = 2000000 passed = 15005 failed = 1984995
   113 : section 00116  was running on murat-31925572-116-fnpc6016.fnal.gov     , mu2egrid exit status:   0 TrigReport Events total = 2000000 passed = 14726 failed = 1985274
   114 : section 00117  was running on murat-31925572-117-fnpc7023.fnal.gov     , mu2egrid exit status:   0 TrigReport Events total = 2000000 passed = 14721 failed = 1985279
   115 : section 00118  was running on murat-31925572-118-fnpc6017.fnal.gov     , mu2egrid exit status:   0 TrigReport Events total = 2000000 passed = 14946 failed = 1985054
   116 : section 00119  was running on murat-31925572-119-fnpc9033.fnal.gov     , mu2egrid exit status:   0 TrigReport Events total = 2000000 passed = 15013 failed = 1984987
   117 : section 00120  was running on murat-31925572-120-fnpc6024.fnal.gov     , mu2egrid exit status:   0 TrigReport Events total = 2000000 passed = 14879 failed = 1985121
   118 : section 00121  was running on murat-31925572-121-fnpc6018.fnal.gov     , mu2egrid exit status:   0 TrigReport Events total = 2000000 passed = 15159 failed = 1984841
   119 : section 00122  was running on murat-31925572-122-fnpc6013.fnal.gov     , mu2egrid exit status:   0 TrigReport Events total = 2000000 passed = 15087 failed = 1984913
   120 : section 00123  was running on murat-31925572-123-fnpc9052.fnal.gov     , mu2egrid exit status:   0 TrigReport Events total = 2000000 passed = 14941 failed = 1985059
   121 : section 00124  was running on murat-31925572-124-fnpc7028.fnal.gov     , mu2egrid exit status:   0 TrigReport Events total = 2000000 passed = 15299 failed = 1984701
   122 : section 00125  was running on murat-31925572-125-fnpc17115.fnal.gov    , mu2egrid exit status:   0 TrigReport Events total = 2000000 passed = 14747 failed = 1985253
   123 : section 00126  was running on murat-31925572-126-fnpc7011.fnal.gov     , mu2egrid exit status:   0 TrigReport Events total = 2000000 passed = 14956 failed = 1985044
   124 : section 00127  was running on murat-31925572-127-fnpc9072.fnal.gov     , mu2egrid exit status:   0 TrigReport Events total = 2000000 passed = 14957 failed = 1985043
   125 : section 00128  was running on murat-31925572-128-fnpc6026.fnal.gov     , mu2egrid exit status:   0 TrigReport Events total = 2000000 passed = 14859 failed = 1985141
   126 : section 00129  was running on murat-31925572-129-fnpc7012.fnal.gov     , mu2egrid exit status:   0 TrigReport Events total = 2000000 passed = 15319 failed = 1984681
   127 : section 00130  was running on murat-31925572-130-fnpc19139.fnal.gov    , mu2egrid exit status:   0 TrigReport Events total = 2000000 passed = 15329 failed = 1984671
   128 : section 00131  was running on murat-31925572-131-fnpc19107.fnal.gov    , mu2egrid exit status:   0 TrigReport Events total = 2000000 passed = 15048 failed = 1984952
   129 : section 00132  was running on murat-31925572-132-fnpc19133.fnal.gov    , mu2egrid exit status:   0 TrigReport Events total = 2000000 passed = 14963 failed = 1985037
   130 : section 00133  was running on murat-31925572-133-fnpc19135.fnal.gov    , mu2egrid exit status:   0 TrigReport Events total = 2000000 passed = 14920 failed = 1985080
   131 : section 00134  was running on murat-31925572-133-fnpc19135.fnal.gov    , NO mu2egrid exit status   0
   132 : section 00135  was running on murat-31925572-135-fnpc19125.fnal.gov    , mu2egrid exit status:   0 TrigReport Events total = 2000000 passed = 14871 failed = 1985129
   133 : section 00136  was running on murat-31925572-136-fnpc19142.fnal.gov    , mu2egrid exit status:   0 TrigReport Events total = 2000000 passed = 15040 failed = 1984960
   134 : section 00137  was running on murat-31925572-137-fnpc19127.fnal.gov    , mu2egrid exit status:   0 TrigReport Events total = 2000000 passed = 15236 failed = 1984764
   135 : section 00138  was running on murat-31925572-138-fnpc19106.fnal.gov    , mu2egrid exit status:   0 TrigReport Events total = 2000000 passed = 14795 failed = 1985205
   136 : section 00139  was running on murat-31925572-139-fnpc7212.fnal.gov     , mu2egrid exit status:   0 TrigReport Events total = 2000000 passed = 14773 failed = 1985227
   137 : section 00140  was running on murat-31925572-140-fnpc8201.fnal.gov     , mu2egrid exit status:   0 TrigReport Events total = 2000000 passed = 14957 failed = 1985043
   138 : section 00141  was running on murat-31925572-141-fnpc17159.fnal.gov    , mu2egrid exit status:   0 TrigReport Events total = 2000000 passed = 14952 failed = 1985048
   139 : section 00142  was running on murat-31925572-142-fnpc9110.fnal.gov     , mu2egrid exit status:   0 TrigReport Events total = 2000000 passed = 15169 failed = 1984831
   140 : section 00143  was running on murat-31925572-143-fnpc9064.fnal.gov     , mu2egrid exit status:   0 TrigReport Events total = 2000000 passed = 15317 failed = 1984683
   141 : section 00144  was running on murat-31925572-144-fnpc9029.fnal.gov     , mu2egrid exit status:   0 TrigReport Events total = 2000000 passed = 15028 failed = 1984972
   142 : section 00145  was running on murat-31925572-145-fnpc17147.fnal.gov    , mu2egrid exit status:   0 TrigReport Events total = 2000000 passed = 15592 failed = 1984408
   143 : section 00146  was running on murat-31925572-146-fnpc7006.fnal.gov     , mu2egrid exit status:   0 TrigReport Events total = 2000000 passed = 15070 failed = 1984930
   144 : section 00147  was running on murat-31925572-147-fnpc7023.fnal.gov     , mu2egrid exit status:   0 TrigReport Events total = 2000000 passed = 14935 failed = 1985065
   145 : section 00148  was running on murat-31925572-148-fnpc6017.fnal.gov     , mu2egrid exit status:   0 TrigReport Events total = 2000000 passed = 14533 failed = 1985467
   146 : section 00149  was running on murat-31925572-149-fnpc9052.fnal.gov     , mu2egrid exit status:   0 TrigReport Events total = 2000000 passed = 15259 failed = 1984741
   147 : section 00150  was running on murat-31925572-150-fnpc9072.fnal.gov     , mu2egrid exit status:   0 TrigReport Events total = 2000000 passed = 14880 failed = 1985120
   148 : section 00151  was running on murat-31925572-151-fnpc6016.fnal.gov     , mu2egrid exit status:   0 TrigReport Events total = 2000000 passed = 14776 failed = 1985224
   149 : section 00152  was running on murat-31925572-152-fnpc6024.fnal.gov     , mu2egrid exit status:   0 TrigReport Events total = 2000000 passed = 14945 failed = 1985055
   150 : section 00153  was running on murat-31925572-153-fnpc6018.fnal.gov     , mu2egrid exit status:   0 TrigReport Events total = 2000000 passed = 14763 failed = 1985237
   151 : section 00154  was running on murat-31925572-154-fnpc6013.fnal.gov     , mu2egrid exit status:   0 TrigReport Events total = 2000000 passed = 14636 failed = 1985364
   152 : section 00155  was running on murat-31925572-155-fnpc7028.fnal.gov     , mu2egrid exit status:   0 TrigReport Events total = 2000000 passed = 15170 failed = 1984830
   153 : section 00156  was running on murat-31925572-156-fnpc17115.fnal.gov    , mu2egrid exit status:   0 TrigReport Events total = 2000000 passed = 15010 failed = 1984990
   154 : section 00157  was running on murat-31925572-157-fnpc7011.fnal.gov     , mu2egrid exit status:   0 TrigReport Events total = 2000000 passed = 14696 failed = 1985304
   155 : section 00158  was running on murat-31925572-158-fnpc19139.fnal.gov    , mu2egrid exit status:   0 TrigReport Events total = 2000000 passed = 15345 failed = 1984655
   156 : section 00159  was running on murat-31925572-159-fnpc19135.fnal.gov    , mu2egrid exit status:   0 TrigReport Events total = 2000000 passed = 15043 failed = 1984957
   157 : section 00160  was running on murat-31925572-160-fnpc19136.fnal.gov    , mu2egrid exit status:   0 TrigReport Events total = 2000000 passed = 14845 failed = 1985155
   158 : section 00161  was running on murat-31925572-161-fnpc17159.fnal.gov    , mu2egrid exit status:   0 TrigReport Events total = 2000000 passed = 15134 failed = 1984866
   159 : section 00162  was running on murat-31925572-162-fnpc9064.fnal.gov     , mu2egrid exit status:   0 TrigReport Events total = 2000000 passed = 15360 failed = 1984640
   160 : section 00163  was running on murat-31925572-163-fnpc19127.fnal.gov    , mu2egrid exit status:   0 TrigReport Events total = 2000000 passed = 15079 failed = 1984921
   161 : section 00164  was running on murat-31925572-164-fnpc9067.fnal.gov     , mu2egrid exit status:   0 TrigReport Events total = 2000000 passed = 15247 failed = 1984753
   162 : section 00165  was running on murat-31925572-165-fnpc17125.fnal.gov    , mu2egrid exit status:   0 TrigReport Events total = 2000000 passed = 15019 failed = 1984981
   163 : section 00166  was running on murat-31925572-166-fnpc17148.fnal.gov    , mu2egrid exit status:   0 TrigReport Events total = 2000000 passed = 15075 failed = 1984925
   164 : section 00167  was running on murat-31925572-167-fnpc19107.fnal.gov    , mu2egrid exit status:   0 TrigReport Events total = 2000000 passed = 14499 failed = 1985501
   165 : section 00168  was running on murat-31925572-168-fnpc9052.fnal.gov     , mu2egrid exit status:   0 TrigReport Events total = 2000000 passed = 14997 failed = 1985003
   166 : section 00169  was running on murat-31925572-169-fnpc17115.fnal.gov    , mu2egrid exit status:   0 TrigReport Events total = 2000000 passed = 14667 failed = 1985333
   167 : section 00170  was running on murat-31925572-170-fnpc7011.fnal.gov     , mu2egrid exit status:   0 TrigReport Events total = 2000000 passed = 14841 failed = 1985159
   168 : section 00171  was running on murat-31925572-171-fnpc9033.fnal.gov     , mu2egrid exit status:   0 TrigReport Events total = 2000000 passed = 14891 failed = 1985109
   169 : section 00172  was running on murat-31925572-172-fnpc17148.fnal.gov    , mu2egrid exit status:   0 TrigReport Events total = 2000000 passed = 14763 failed = 1985237
   170 : section 00173  was running on murat-31925572-173-fnpc9074.fnal.gov     , mu2egrid exit status:   0 TrigReport Events total = 2000000 passed = 14645 failed = 1985355
   171 : section 00174  was running on murat-31925572-174-fnpc9006.fnal.gov     , mu2egrid exit status:   0 TrigReport Events total = 2000000 passed = 15071 failed = 1984929
   172 : section 00175  was running on murat-31925572-175-fnpc9060.fnal.gov     , mu2egrid exit status:   0 TrigReport Events total = 2000000 passed = 15235 failed = 1984765
   173 : section 00176  was running on murat-31925572-176-fnpc17125.fnal.gov    , mu2egrid exit status:   0 TrigReport Events total = 2000000 passed = 14622 failed = 1985378
   174 : section 00177  was running on murat-31925572-177-fnpc7011.fnal.gov     , mu2egrid exit status:   0 TrigReport Events total = 2000000 passed = 14432 failed = 1985568
   175 : section 00178  was running on murat-31925572-178-fnpc17115.fnal.gov    , mu2egrid exit status:   0 TrigReport Events total = 2000000 passed = 15243 failed = 1984757
   176 : section 00179  was running on murat-31925572-179-fnpc9074.fnal.gov     , mu2egrid exit status:   0 TrigReport Events total = 2000000 passed = 14932 failed = 1985068
   177 : section 00180  was running on murat-31925572-180-fnpc17148.fnal.gov    , mu2egrid exit status:   0 TrigReport Events total = 2000000 passed = 15115 failed = 1984885
   178 : section 00181  was running on murat-31925572-181-fnpc17115.fnal.gov    , mu2egrid exit status:   0 TrigReport Events total = 2000000 passed = 14801 failed = 1985199
   179 : section 00182  was running on murat-31925572-182-fnpc9074.fnal.gov     , mu2egrid exit status:   0 TrigReport Events total = 2000000 passed = 15056 failed = 1984944
   180 : section 00183  was running on murat-31925572-183-fnpc9067.fnal.gov     , mu2egrid exit status:   0 TrigReport Events total = 2000000 passed = 14843 failed = 1985157
   181 : section 00184  was running on murat-31925572-184-fnpc9074.fnal.gov     , mu2egrid exit status:   0 TrigReport Events total = 2000000 passed = 14815 failed = 1985185
   182 : section 00185  was running on murat-31925572-185-fnpc9074.fnal.gov     , mu2egrid exit status:   0 TrigReport Events total = 2000000 passed = 14788 failed = 1985212
   183 : section 00186  was running on murat-31925572-186-fnpc9064.fnal.gov     , mu2egrid exit status:   0 TrigReport Events total = 2000000 passed = 14711 failed = 1985289
   184 : section 00187  was running on murat-31925572-187-fnpc17124.fnal.gov    , mu2egrid exit status:   0 TrigReport Events total = 2000000 passed = 14874 failed = 1985126
   185 : section 00188  was running on murat-31925572-188-fnpc8203.fnal.gov     , mu2egrid exit status:   0 TrigReport Events total = 2000000 passed = 14898 failed = 1985102
   186 : section 00189  was running on murat-31925572-189-fnpc7305.fnal.gov     , mu2egrid exit status:   0 TrigReport Events total = 2000000 passed = 15105 failed = 1984895
   187 : section 00190  was running on murat-31925572-190-fnpc7306.fnal.gov     , mu2egrid exit status:   0 TrigReport Events total = 2000000 passed = 15013 failed = 1984987
   188 : section 00191  was running on murat-31925572-191-fnpc7303.fnal.gov     , mu2egrid exit status:   0 TrigReport Events total = 2000000 passed = 15288 failed = 1984712
   189 : section 00192  was running on murat-31925572-192-fnpc8208.fnal.gov     , mu2egrid exit status:   0 TrigReport Events total = 2000000 passed = 14929 failed = 1985071
   190 : section 00193  was running on murat-31925572-193-fnpc17148.fnal.gov    , mu2egrid exit status:   0 TrigReport Events total = 2000000 passed = 15216 failed = 1984784
   191 : section 00194  was running on murat-31925572-194-fnpc8003.fnal.gov     , mu2egrid exit status:   0 TrigReport Events total = 2000000 passed = 14725 failed = 1985275
   192 : section 00195  was running on murat-31925572-195-fnpc7211.fnal.gov     , mu2egrid exit status:   0 TrigReport Events total = 2000000 passed = 15323 failed = 1984677
   193 : section 00197  was running on murat-31925572-197-fnpc17127.fnal.gov    , mu2egrid exit status:   0 TrigReport Events total = 2000000 passed = 14899 failed = 1985101
   194 : section 00198  was running on murat-31925572-198-fnpc8012.fnal.gov     , mu2egrid exit status:   0 TrigReport Events total = 2000000 passed = 14951 failed = 1985049
   195 : section 00199  was running on murat-31925572-199-fnpc8009.fnal.gov     , mu2egrid exit status:   0 TrigReport Events total = 2000000 passed = 14877 failed = 1985123
   196 : section 00200  was running on murat-31925572-200-fnpc17122.fnal.gov    , mu2egrid exit status:   0 TrigReport Events total = 2000000 passed = 14827 failed = 1985173
   197 : section 00201  was running on murat-31925572-201-fnpc9106.fnal.gov     , mu2egrid exit status:   0 TrigReport Events total = 2000000 passed = 14867 failed = 1985133
   198 : section 00202  was running on murat-31925572-202-fnpc8017.fnal.gov     , mu2egrid exit status:   0 TrigReport Events total = 2000000 passed = 14546 failed = 1985454
   199 : section 00203  was running on murat-31925572-203-fnpc17117.fnal.gov    , mu2egrid exit status:   0 TrigReport Events total = 2000000 passed = 15088 failed = 1984912
   200 : section 00204  was running on murat-31925572-204-fnpc6021.fnal.gov     , mu2egrid exit status:   0 TrigReport Events total = 2000000 passed = 15147 failed = 1984853
   201 : section 00205  was running on murat-31925572-205-fnpc9048.fnal.gov     , mu2egrid exit status:   0 TrigReport Events total = 2000000 passed = 14813 failed = 1985187
   202 : section 00206  was running on murat-31925572-206-fnpc9069.fnal.gov     , mu2egrid exit status:   0 TrigReport Events total = 2000000 passed = 15032 failed = 1984968
   203 : section 00207  was running on murat-31925572-207-fnpc17141.fnal.gov    , mu2egrid exit status:   0 TrigReport Events total = 2000000 passed = 14665 failed = 1985335
   204 : section 00208  was running on murat-31925572-208-fnpc7002.fnal.gov     , mu2egrid exit status:   0 TrigReport Events total = 2000000 passed = 14805 failed = 1985195
   205 : section 00209  was running on murat-31925572-209-fnpc6006.fnal.gov     , mu2egrid exit status:   0 TrigReport Events total = 2000000 passed = 14971 failed = 1985029
   206 : section 00210  was running on murat-31925572-210-fnpc9058.fnal.gov     , mu2egrid exit status:   0 TrigReport Events total = 2000000 passed = 15576 failed = 1984424
   207 : section 00211  was running on murat-31925572-211-fnpc9026.fnal.gov     , mu2egrid exit status:   0 TrigReport Events total = 2000000 passed = 14671 failed = 1985329
   208 : section 00212  was running on murat-31925572-212-fnpc6017.fnal.gov     , mu2egrid exit status:   0 TrigReport Events total = 2000000 passed = 14670 failed = 1985330
   209 : section 00213  was running on murat-31925572-213-fnpc9036.fnal.gov     , mu2egrid exit status:   0 TrigReport Events total = 2000000 passed = 15193 failed = 1984807
   210 : section 00214  was running on murat-31925572-214-fnpc17121.fnal.gov    , mu2egrid exit status:   0 TrigReport Events total = 2000000 passed = 14564 failed = 1985436
   211 : section 00215  was running on murat-31925572-215-fnpc9038.fnal.gov     , mu2egrid exit status:   0 TrigReport Events total = 2000000 passed = 15403 failed = 1984597
   212 : section 00216  was running on murat-31925572-216-fnpc9027.fnal.gov     , mu2egrid exit status:   0 TrigReport Events total = 2000000 passed = 14337 failed = 1985663
   213 : section 00217  was running on murat-31925572-217-fnpc6005.fnal.gov     , mu2egrid exit status:   0 TrigReport Events total = 2000000 passed = 15023 failed = 1984977
   214 : section 00218  was running on murat-31925572-218-fnpc17120.fnal.gov    , mu2egrid exit status:   0 TrigReport Events total = 2000000 passed = 14991 failed = 1985009
   215 : section 00219  was running on murat-31925572-219-fnpc17111.fnal.gov    , mu2egrid exit status:   0 TrigReport Events total = 2000000 passed = 15313 failed = 1984687
   216 : section 00220  was running on murat-31925572-220-fnpc9046.fnal.gov     , mu2egrid exit status:   0 TrigReport Events total = 2000000 passed = 15185 failed = 1984815
   217 : section 00221  was running on murat-31925572-221-fnpc6030.fnal.gov     , mu2egrid exit status:   0 TrigReport Events total = 2000000 passed = 14871 failed = 1985129
   218 : section 00222  was running on murat-31925572-221-fnpc6030.fnal.gov     , NO mu2egrid exit status   0
   219 : section 00223  was running on murat-31925572-223-fnpc17149.fnal.gov    , mu2egrid exit status:   0 TrigReport Events total = 2000000 passed = 14912 failed = 1985088
   220 : section 00224  was running on murat-31925572-224-fnpc9050.fnal.gov     , mu2egrid exit status:   0 TrigReport Events total = 2000000 passed = 14531 failed = 1985469
   221 : section 00225  was running on murat-31925572-225-fnpc9043.fnal.gov     , mu2egrid exit status:   0 TrigReport Events total = 2000000 passed = 14928 failed = 1985072
   222 : section 00226  was running on murat-31925572-226-fnpc19135.fnal.gov    , mu2egrid exit status:   0 TrigReport Events total = 2000000 passed = 14773 failed = 1985227
   223 : section 00227  was running on murat-31925572-227-fnpc19136.fnal.gov    , mu2egrid exit status:   0 TrigReport Events total = 2000000 passed = 15090 failed = 1984910
   224 : section 00228  was running on murat-31925572-228-fnpc19126.fnal.gov    , mu2egrid exit status:   0 TrigReport Events total = 2000000 passed = 15004 failed = 1984996
   225 : section 00229  was running on murat-31925572-229-fnpc19123.fnal.gov    , mu2egrid exit status:   0 TrigReport Events total = 2000000 passed = 15020 failed = 1984980
   226 : section 00230  was running on murat-31925572-230-fnpc19130.fnal.gov    , mu2egrid exit status:   0 TrigReport Events total = 2000000 passed = 15046 failed = 1984954
   227 : section 00231  was running on murat-31925572-231-fnpc7306.fnal.gov     , mu2egrid exit status:   0 TrigReport Events total = 2000000 passed = 14813 failed = 1985187
   228 : section 00232  was running on murat-31925572-232-fnpc8208.fnal.gov     , mu2egrid exit status:   0 TrigReport Events total = 2000000 passed = 14767 failed = 1985233
   229 : section 00233  was running on murat-31925572-233-fnpc7211.fnal.gov     , mu2egrid exit status:   0 TrigReport Events total = 2000000 passed = 14864 failed = 1985136
   230 : section 00234  was running on murat-31925572-234-fnpc9106.fnal.gov     , mu2egrid exit status:   0 TrigReport Events total = 2000000 passed = 14636 failed = 1985364
   231 : section 00235  was running on murat-31925572-235-fnpc8003.fnal.gov     , mu2egrid exit status:   0 TrigReport Events total = 2000000 passed = 15348 failed = 1984652
   232 : section 00236  was running on murat-31925572-236-fnpc9069.fnal.gov     , mu2egrid exit status:   0 TrigReport Events total = 2000000 passed = 15250 failed = 1984750
   233 : section 00237  was running on murat-31925572-237-fnpc9048.fnal.gov     , mu2egrid exit status:   0 TrigReport Events total = 2000000 passed = 15076 failed = 1984924
   234 : section 00238  was running on murat-31925572-238-fnpc17159.fnal.gov    , mu2egrid exit status:   0 TrigReport Events total = 2000000 passed = 14853 failed = 1985147
   235 : section 00239  was running on murat-31925572-239-fnpc8009.fnal.gov     , mu2egrid exit status:   0 TrigReport Events total = 2000000 passed = 14877 failed = 1985123
   236 : section 00240  was running on murat-31925572-240-fnpc9036.fnal.gov     , mu2egrid exit status:   0 TrigReport Events total = 2000000 passed = 15521 failed = 1984479
   237 : section 00241  was running on murat-31925572-241-fnpc17121.fnal.gov    , mu2egrid exit status:   0 TrigReport Events total = 2000000 passed = 14631 failed = 1985369
   238 : section 00242  was running on murat-31925572-242-fnpc9038.fnal.gov     , mu2egrid exit status:   0 TrigReport Events total = 2000000 passed = 15412 failed = 1984588
   239 : section 00243  was running on murat-31925572-243-fnpc9027.fnal.gov     , mu2egrid exit status:   0 TrigReport Events total = 2000000 passed = 14940 failed = 1985060
   240 : section 00244  was running on murat-31925572-244-fnpc17149.fnal.gov    , mu2egrid exit status:   0 TrigReport Events total = 2000000 passed = 14484 failed = 1985516
   241 : section 00245  was running on murat-31925572-245-fnpc9106.fnal.gov     , mu2egrid exit status:   0 TrigReport Events total = 2000000 passed = 14570 failed = 1985430
   242 : section 00246  was running on murat-31925572-246-fnpc6021.fnal.gov     , mu2egrid exit status:   0 TrigReport Events total = 2000000 passed = 14590 failed = 1985410
   243 : section 00247  was running on murat-31925572-247-fnpc17141.fnal.gov    , mu2egrid exit status:   0 TrigReport Events total = 2000000 passed = 15383 failed = 1984617
   244 : section 00248  was running on murat-31925572-248-fnpc7002.fnal.gov     , mu2egrid exit status:   0 TrigReport Events total = 2000000 passed = 14495 failed = 1985505
   245 : section 00249  was running on murat-31925572-249-fnpc6006.fnal.gov     , mu2egrid exit status:   0 TrigReport Events total = 2000000 passed = 15311 failed = 1984689
   246 : section 00250  was running on murat-31925572-250-fnpc6017.fnal.gov     , mu2egrid exit status:   0 TrigReport Events total = 2000000 passed = 14710 failed = 1985290
   247 : section 00251  was running on murat-31925572-251-fnpc17120.fnal.gov    , mu2egrid exit status:   0 TrigReport Events total = 2000000 passed = 15171 failed = 1984829
   248 : section 00252  was running on murat-31925572-252-fnpc6030.fnal.gov     , mu2egrid exit status:   0 TrigReport Events total = 2000000 passed = 15294 failed = 1984706
   249 : section 00253  was running on murat-31925572-253-fnpc6031.fnal.gov     , mu2egrid exit status:   0 TrigReport Events total = 2000000 passed = 14614 failed = 1985386
   250 : section 00254  was running on murat-31925572-254-fnpc9050.fnal.gov     , mu2egrid exit status:   0 TrigReport Events total = 2000000 passed = 14587 failed = 1985413
   251 : section 00255  was running on murat-31925572-255-fnpc19130.fnal.gov    , mu2egrid exit status:   0 TrigReport Events total = 2000000 passed = 14953 failed = 1985047
   252 : section 00256  was running on murat-31925572-256-fnpc17148.fnal.gov    , mu2egrid exit status:   0 TrigReport Events total = 2000000 passed = 15134 failed = 1984866
   253 : section 00257  was running on murat-31925572-257-fnpc9069.fnal.gov     , mu2egrid exit status:   0 TrigReport Events total = 2000000 passed = 14935 failed = 1985065
   254 : section 00258  was running on murat-31925572-258-fnpc9036.fnal.gov     , mu2egrid exit status:   0 TrigReport Events total = 2000000 passed = 15134 failed = 1984866
   255 : section 00259  was running on murat-31925572-259-fnpc9027.fnal.gov     , mu2egrid exit status:   0 TrigReport Events total = 2000000 passed = 15129 failed = 1984871
   256 : section 00260  was running on murat-31925572-260-fnpc17121.fnal.gov    , mu2egrid exit status:   0 TrigReport Events total = 2000000 passed = 15150 failed = 1984850
   257 : section 00261  was running on murat-31925572-261-fnpc6030.fnal.gov     , mu2egrid exit status:   0 TrigReport Events total = 2000000 passed = 14939 failed = 1985061
   258 : section 00262  was running on murat-31925572-262-fnpc8203.fnal.gov     , mu2egrid exit status:   0 TrigReport Events total = 2000000 passed = 15194 failed = 1984806
   259 : section 00263  was running on murat-31925572-263-fnpc9036.fnal.gov     , mu2egrid exit status:   0 TrigReport Events total = 2000000 passed = 14965 failed = 1985035
   260 : section 00264  was running on murat-31925572-264-fnpc17120.fnal.gov    , mu2egrid exit status:   0 TrigReport Events total = 2000000 passed = 15203 failed = 1984797
   261 : section 00265  was running on murat-31925572-265-fnpc17117.fnal.gov    , mu2egrid exit status:   0 TrigReport Events total = 2000000 passed = 15451 failed = 1984549
   262 : section 00266  was running on murat-31925572-266-fnpc19130.fnal.gov    , mu2egrid exit status:   0 TrigReport Events total = 2000000 passed = 14576 failed = 1985424
   263 : section 00267  was running on murat-31925572-267-fnpc9043.fnal.gov     , mu2egrid exit status:   0 TrigReport Events total = 2000000 passed = 15290 failed = 1984710
   264 : section 00268  was running on murat-31925572-268-fnpc17117.fnal.gov    , mu2egrid exit status:   0 TrigReport Events total = 2000000 passed = 15228 failed = 1984772
   265 : section 00269  was running on murat-31925572-269-fnpc9046.fnal.gov     , mu2egrid exit status:   0 TrigReport Events total = 2000000 passed = 15066 failed = 1984934
   266 : section 00270  was running on murat-31925572-270-fnpc8205.fnal.gov     , mu2egrid exit status:   0 TrigReport Events total = 2000000 passed = 15079 failed = 1984921
   267 : section 00271  was running on murat-31925572-271-fnpc17132.fnal.gov    , mu2egrid exit status:   0 TrigReport Events total = 2000000 passed = 14738 failed = 1985262
   268 : section 00272  was running on murat-31925572-272-fnpc17151.fnal.gov    , mu2egrid exit status:   0 TrigReport Events total = 2000000 passed = 15107 failed = 1984893
   269 : section 00273  was running on murat-31925572-273-fnpc9003.fnal.gov     , mu2egrid exit status:   0 TrigReport Events total = 2000000 passed = 15102 failed = 1984898
   270 : section 00274  was running on murat-31925572-274-fnpc17144.fnal.gov    , mu2egrid exit status:   0 TrigReport Events total = 2000000 passed = 14655 failed = 1985345
   271 : section 00275  was running on murat-31925572-275-fnpc17157.fnal.gov    , mu2egrid exit status:   0 TrigReport Events total = 2000000 passed = 15069 failed = 1984931
   272 : section 00276  was running on murat-31925572-276-fnpc8013.fnal.gov     , mu2egrid exit status:   0 TrigReport Events total = 2000000 passed = 15324 failed = 1984676
   273 : section 00277  was running on murat-31925572-277-fnpc8021.fnal.gov     , mu2egrid exit status:   0 TrigReport Events total = 2000000 passed = 14905 failed = 1985095
   274 : section 00278  was running on murat-31925572-278-fnpc7017.fnal.gov     , mu2egrid exit status:   0 TrigReport Events total = 2000000 passed = 14985 failed = 1985015
   275 : section 00279  was running on murat-31925572-279-fnpc17155.fnal.gov    , mu2egrid exit status:   0 TrigReport Events total = 2000000 passed = 15346 failed = 1984654
   276 : section 00280  was running on murat-31925572-280-fnpc9067.fnal.gov     , mu2egrid exit status:   0 TrigReport Events total = 2000000 passed = 14966 failed = 1985034
   277 : section 00281  was running on murat-31925572-281-fnpc9019.fnal.gov     , mu2egrid exit status:   0 TrigReport Events total = 2000000 passed = 14319 failed = 1985681
   278 : section 00282  was running on murat-31925572-282-fnpc9070.fnal.gov     , mu2egrid exit status:   0 TrigReport Events total = 2000000 passed = 15061 failed = 1984939
   279 : section 00283  was running on murat-31925572-283-fnpc9014.fnal.gov     , mu2egrid exit status:   0 TrigReport Events total = 2000000 passed = 15017 failed = 1984983
   280 : section 00284  was running on murat-31925572-284-fnpc9022.fnal.gov     , mu2egrid exit status:   0 TrigReport Events total = 2000000 passed = 15344 failed = 1984656
   281 : section 00285  was running on murat-31925572-285-fnpc6000.fnal.gov     , mu2egrid exit status:   0 TrigReport Events total = 2000000 passed = 14759 failed = 1985241
   282 : section 00286  was running on murat-31925572-286-fnpc9069.fnal.gov     , mu2egrid exit status:   0 TrigReport Events total = 2000000 passed = 15197 failed = 1984803
   283 : section 00287  was running on murat-31925572-287-fnpc9105.fnal.gov     , mu2egrid exit status:   0 TrigReport Events total = 2000000 passed = 14880 failed = 1985120
   284 : section 00288  was running on murat-31925572-288-fnpc9017.fnal.gov     , mu2egrid exit status:   0 TrigReport Events total = 2000000 passed = 14721 failed = 1985279
   285 : section 00289  was running on murat-31925572-289-fnpc9013.fnal.gov     , mu2egrid exit status:   0 TrigReport Events total = 2000000 passed = 14974 failed = 1985026
   286 : section 00290  was running on murat-31925572-290-fnpc7027.fnal.gov     , mu2egrid exit status:   0 TrigReport Events total = 2000000 passed = 15138 failed = 1984862
   287 : section 00291  was running on murat-31925572-291-fnpc7010.fnal.gov     , mu2egrid exit status:   0 TrigReport Events total = 2000000 passed = 14292 failed = 1985708
   288 : section 00292  was running on murat-31925572-292-fnpc9103.fnal.gov     , mu2egrid exit status:   0 TrigReport Events total = 2000000 passed = 15062 failed = 1984938
   289 : section 00293  was running on murat-31925572-293-fnpc19107.fnal.gov    , mu2egrid exit status:   0 TrigReport Events total = 2000000 passed = 15178 failed = 1984822
   290 : section 00294  was running on murat-31925572-293-fnpc19107.fnal.gov    , NO mu2egrid exit status   0
   291 : section 00295  was running on murat-31925572-295-fnpc19126.fnal.gov    , mu2egrid exit status:   0 TrigReport Events total = 2000000 passed = 14557 failed = 1985443
   292 : section 00296  was running on murat-31925572-296-fnpc19130.fnal.gov    , mu2egrid exit status:   0 TrigReport Events total = 2000000 passed = 14840 failed = 1985160
   293 : section 00297  was running on murat-31925572-297-fnpc19117.fnal.gov    , mu2egrid exit status:   0 TrigReport Events total = 2000000 passed = 15242 failed = 1984758
   294 : section 00298  was running on murat-31925572-298-fnpc19114.fnal.gov    , mu2egrid exit status:   0 TrigReport Events total = 2000000 passed = 15082 failed = 1984918
   295 : section 00299  was running on murat-31925572-299-fnpc19115.fnal.gov    , mu2egrid exit status:   0 TrigReport Events total = 2000000 passed = 15118 failed = 1984882
   296 : section 00300  was running on murat-31925572-300-fnpc19141.fnal.gov    , mu2egrid exit status:   0 TrigReport Events total = 2000000 passed = 14738 failed = 1985262
   297 : section 00301  was running on murat-31925572-301-fnpc19119.fnal.gov    , mu2egrid exit status:   0 TrigReport Events total = 2000000 passed = 14936 failed = 1985064
   298 : section 00302  was running on murat-31925572-302-fnpc19109.fnal.gov    , mu2egrid exit status:   0 TrigReport Events total = 2000000 passed = 14822 failed = 1985178
   299 : section 00303  was running on murat-31925572-303-fnpc19128.fnal.gov    , mu2egrid exit status:   0 TrigReport Events total = 2000000 passed = 14739 failed = 1985261
   300 : section 00304  was running on murat-31925572-304-fnpc19106.fnal.gov    , mu2egrid exit status:   0 TrigReport Events total = 2000000 passed = 14613 failed = 1985387
   301 : section 00305  was running on murat-31925572-305-fnpc19140.fnal.gov    , mu2egrid exit status:   0 TrigReport Events total = 2000000 passed = 14787 failed = 1985213
   302 : section 00306  was running on murat-31925572-306-fnpc19102.fnal.gov    , mu2egrid exit status:   0 TrigReport Events total = 2000000 passed = 14954 failed = 1985046
   303 : section 00307  was running on murat-31925572-307-fnpc8013.fnal.gov     , mu2egrid exit status:   0 TrigReport Events total = 2000000 passed = 15159 failed = 1984841
   304 : section 00308  was running on murat-31925572-308-fnpc9014.fnal.gov     , mu2egrid exit status:   0 TrigReport Events total = 2000000 passed = 14906 failed = 1985094
   305 : section 00309  was running on murat-31925572-309-fnpc9022.fnal.gov     , mu2egrid exit status:   0 TrigReport Events total = 2000000 passed = 15160 failed = 1984840
   306 : section 00310  was running on murat-31925572-310-fnpc9017.fnal.gov     , mu2egrid exit status:   0 TrigReport Events total = 2000000 passed = 14869 failed = 1985131
   307 : section 00311  was running on murat-31925572-311-fnpc9103.fnal.gov     , mu2egrid exit status:   0 TrigReport Events total = 2000000 passed = 14888 failed = 1985112
   308 : section 00312  was running on murat-31925572-312-fnpc19119.fnal.gov    , mu2egrid exit status:   0 TrigReport Events total = 2000000 passed = 14931 failed = 1985069
   309 : section 00313  was running on murat-31925572-313-fnpc9019.fnal.gov     , mu2egrid exit status:   0 TrigReport Events total = 2000000 passed = 15034 failed = 1984966
   310 : section 00314  was running on murat-31925572-314-fnpc7010.fnal.gov     , mu2egrid exit status:   0 TrigReport Events total = 2000000 passed = 15292 failed = 1984708
   311 : section 00315  was running on murat-31925572-315-fnpc19126.fnal.gov    , mu2egrid exit status:   0 TrigReport Events total = 2000000 passed = 15093 failed = 1984907
   312 : section 00316  was running on murat-31925572-316-fnpc19130.fnal.gov    , mu2egrid exit status:   0 TrigReport Events total = 2000000 passed = 14729 failed = 1985271
   313 : section 00317  was running on murat-31925572-317-fnpc19117.fnal.gov    , mu2egrid exit status:   0 TrigReport Events total = 2000000 passed = 14735 failed = 1985265
   314 : section 00318  was running on murat-31925572-318-fnpc19114.fnal.gov    , mu2egrid exit status:   0 TrigReport Events total = 2000000 passed = 14901 failed = 1985099
   315 : section 00319  was running on murat-31925572-319-fnpc19141.fnal.gov    , mu2egrid exit status:   0 TrigReport Events total = 2000000 passed = 15341 failed = 1984659
   316 : section 00320  was running on murat-31925572-320-fnpc19128.fnal.gov    , mu2egrid exit status:   0 TrigReport Events total = 2000000 passed = 14989 failed = 1985011
   317 : section 00321  was running on murat-31925572-321-fnpc19140.fnal.gov    , mu2egrid exit status:   0 TrigReport Events total = 2000000 passed = 15016 failed = 1984984
   318 : section 00322  was running on murat-31925572-322-fnpc19102.fnal.gov    , mu2egrid exit status:   0 TrigReport Events total = 2000000 passed = 15014 failed = 1984986
   319 : section 00323  was running on murat-31925572-323-fnpc19109.fnal.gov    , mu2egrid exit status:   0 TrigReport Events total = 2000000 passed = 15151 failed = 1984849
   320 : section 00324  was running on murat-31925572-324-fnpc7017.fnal.gov     , mu2egrid exit status:   0 TrigReport Events total = 2000000 passed = 15025 failed = 1984975
   321 : section 00325  was running on murat-31925572-325-fnpc9017.fnal.gov     , mu2egrid exit status:   0 TrigReport Events total = 2000000 passed = 14962 failed = 1985038
   322 : section 00326  was running on murat-31925572-326-fnpc6000.fnal.gov     , mu2egrid exit status:   0 TrigReport Events total = 2000000 passed = 15039 failed = 1984961
   323 : section 00327  was running on murat-31925572-327-fnpc19107.fnal.gov    , mu2egrid exit status:   0 TrigReport Events total = 2000000 passed = 15346 failed = 1984654
   324 : section 00328  was running on murat-31925572-328-fnpc19115.fnal.gov    , mu2egrid exit status:   0 TrigReport Events total = 2000000 passed = 14959 failed = 1985041
   325 : section 00329  was running on murat-31925572-329-fnpc19106.fnal.gov    , mu2egrid exit status:   0 TrigReport Events total = 2000000 passed = 15001 failed = 1984999
   326 : section 00330  was running on murat-31925572-330-fnpc9003.fnal.gov     , mu2egrid exit status:   0 TrigReport Events total = 2000000 passed = 15316 failed = 1984684
   327 : section 00331  was running on murat-31925572-331-fnpc17155.fnal.gov    , mu2egrid exit status:   0 TrigReport Events total = 2000000 passed = 15219 failed = 1984781
   328 : section 00332  was running on murat-31925572-332-fnpc19119.fnal.gov    , mu2egrid exit status:   0 TrigReport Events total = 2000000 passed = 14547 failed = 1985453
   329 : section 00333  was running on murat-31925572-333-fnpc9019.fnal.gov     , mu2egrid exit status:   0 TrigReport Events total = 2000000 passed = 15142 failed = 1984858
   330 : section 00334  was running on murat-31925572-334-fnpc19141.fnal.gov    , mu2egrid exit status:   0 TrigReport Events total = 2000000 passed = 15209 failed = 1984791
   331 : section 00335  was running on murat-31925572-335-fnpc19128.fnal.gov    , mu2egrid exit status:   0 TrigReport Events total = 2000000 passed = 15090 failed = 1984910
   332 : section 00336  was running on murat-31925572-336-fnpc19140.fnal.gov    , mu2egrid exit status:   0 TrigReport Events total = 2000000 passed = 14969 failed = 1985031
   333 : section 00337  was running on murat-31925572-337-fnpc19109.fnal.gov    , mu2egrid exit status:   0 TrigReport Events total = 2000000 passed = 14995 failed = 1985005
   334 : section 00338  was running on murat-31925572-338-fnpc19102.fnal.gov    , mu2egrid exit status:   0 TrigReport Events total = 2000000 passed = 14950 failed = 1985050
   335 : section 00339  was running on murat-31925572-339-fnpc19117.fnal.gov    , mu2egrid exit status:   0 TrigReport Events total = 2000000 passed = 14897 failed = 1985103
   336 : section 00340  was running on murat-31925572-340-fnpc19114.fnal.gov    , mu2egrid exit status:   0 TrigReport Events total = 2000000 passed = 15165 failed = 1984835
   337 : section 00341  was running on murat-31925572-341-fnpc19115.fnal.gov    , mu2egrid exit status:   0 TrigReport Events total = 2000000 passed = 14446 failed = 1985554
   338 : section 00342  was running on murat-31925572-342-fnpc19130.fnal.gov    , mu2egrid exit status:   0 TrigReport Events total = 2000000 passed = 15034 failed = 1984966
   339 : section 00343  was running on murat-31925572-343-fnpc7017.fnal.gov     , mu2egrid exit status:   0 TrigReport Events total = 2000000 passed = 15039 failed = 1984961
   340 : section 00344  was running on murat-31925572-344-fnpc19106.fnal.gov    , mu2egrid exit status:   0 TrigReport Events total = 2000000 passed = 14959 failed = 1985041
   341 : section 00345  was running on murat-31925572-345-fnpc9019.fnal.gov     , mu2egrid exit status:   0 TrigReport Events total = 2000000 passed = 14872 failed = 1985128
   342 : section 00346  was running on murat-31925572-346-fnpc6000.fnal.gov     , mu2egrid exit status:   0 TrigReport Events total = 2000000 passed = 14592 failed = 1985408
   343 : section 00347  was running on murat-31925572-347-fnpc19102.fnal.gov    , mu2egrid exit status:   0 TrigReport Events total = 2000000 passed = 14697 failed = 1985303
   344 : section 00348  was running on murat-31925572-348-fnpc19119.fnal.gov    , mu2egrid exit status:   0 TrigReport Events total = 2000000 passed = 14742 failed = 1985258
   345 : section 00349  was running on murat-31925572-349-fnpc19141.fnal.gov    , mu2egrid exit status:   0 TrigReport Events total = 2000000 passed = 14865 failed = 1985135
   346 : section 00350  was running on murat-31925572-350-fnpc19128.fnal.gov    , mu2egrid exit status:   0 TrigReport Events total = 2000000 passed = 15083 failed = 1984917
   347 : section 00351  was running on murat-31925572-351-fnpc19114.fnal.gov    , mu2egrid exit status:   0 TrigReport Events total = 2000000 passed = 14983 failed = 1985017
   348 : section 00352  was running on murat-31925572-352-fnpc19109.fnal.gov    , mu2egrid exit status:   0 TrigReport Events total = 2000000 passed = 15055 failed = 1984945
   349 : section 00353  was running on murat-31925572-353-fnpc19117.fnal.gov    , mu2egrid exit status:   0 TrigReport Events total = 2000000 passed = 15028 failed = 1984972
   350 : section 00354  was running on murat-31925572-354-fnpc19140.fnal.gov    , mu2egrid exit status:   0 TrigReport Events total = 2000000 passed = 14534 failed = 1985466
   351 : section 00355  was running on murat-31925572-355-fnpc19115.fnal.gov    , mu2egrid exit status:   0 TrigReport Events total = 2000000 passed = 14511 failed = 1985489
   352 : section 00356  was running on murat-31925572-356-fnpc9019.fnal.gov     , mu2egrid exit status:   0 TrigReport Events total = 2000000 passed = 14804 failed = 1985196
   353 : section 00357  was running on murat-31925572-357-fnpc19130.fnal.gov    , mu2egrid exit status:   0 TrigReport Events total = 2000000 passed = 14857 failed = 1985143
   354 : section 00358  was running on murat-31925572-358-fnpc19102.fnal.gov    , mu2egrid exit status:   0 TrigReport Events total = 2000000 passed = 14985 failed = 1985015
   355 : section 00359  was running on murat-31925572-359-fnpc19106.fnal.gov    , mu2egrid exit status:   0 TrigReport Events total = 2000000 passed = 15203 failed = 1984797
   356 : section 00360  was running on murat-31925572-360-fnpc9013.fnal.gov     , mu2egrid exit status:   0 TrigReport Events total = 2000000 passed = 15114 failed = 1984886
   357 : section 00361  was running on murat-31925572-361-fnpc19119.fnal.gov    , mu2egrid exit status:   0 TrigReport Events total = 2000000 passed = 14819 failed = 1985181
   358 : section 00362  was running on murat-31925572-362-fnpc19128.fnal.gov    , mu2egrid exit status:   0 TrigReport Events total = 2000000 passed = 14720 failed = 1985280
   359 : section 00363  was running on murat-31925572-363-fnpc19141.fnal.gov    , mu2egrid exit status:   0 TrigReport Events total = 2000000 passed = 15093 failed = 1984907
   360 : section 00364  was running on murat-31925572-364-fnpc19140.fnal.gov    , mu2egrid exit status:   0 TrigReport Events total = 2000000 passed = 14735 failed = 1985265
   361 : section 00365  was running on murat-31925572-365-fnpc19115.fnal.gov    , mu2egrid exit status:   0 TrigReport Events total = 2000000 passed = 14416 failed = 1985584
   362 : section 00366  was running on murat-31925572-366-fnpc19102.fnal.gov    , mu2egrid exit status:   0 TrigReport Events total = 2000000 passed = 15206 failed = 1984794
   363 : section 00367  was running on murat-31925572-367-fnpc19117.fnal.gov    , mu2egrid exit status:   0 TrigReport Events total = 2000000 passed = 15001 failed = 1984999
   364 : section 00368  was running on murat-31925572-368-fnpc19106.fnal.gov    , mu2egrid exit status:   0 TrigReport Events total = 2000000 passed = 15178 failed = 1984822
   365 : section 00369  was running on murat-31925572-369-fnpc19114.fnal.gov    , mu2egrid exit status:   0 TrigReport Events total = 2000000 passed = 14974 failed = 1985026
   366 : section 00370  was running on murat-31925572-370-fnpc19109.fnal.gov    , mu2egrid exit status:   0 TrigReport Events total = 2000000 passed = 15213 failed = 1984787
   367 : section 00371  was running on murat-31925572-371-fnpc19119.fnal.gov    , mu2egrid exit status:   0 TrigReport Events total = 2000000 passed = 15354 failed = 1984646
   368 : section 00372  was running on murat-31925572-372-fnpc9019.fnal.gov     , mu2egrid exit status:   0 TrigReport Events total = 2000000 passed = 15443 failed = 1984557
   369 : section 00373  was running on murat-31925572-373-fnpc19128.fnal.gov    , mu2egrid exit status:   0 TrigReport Events total = 2000000 passed = 15045 failed = 1984955
   370 : section 00374  was running on murat-31925572-374-fnpc19141.fnal.gov    , mu2egrid exit status:   0 TrigReport Events total = 2000000 passed = 15004 failed = 1984996
   371 : section 00375  was running on murat-31925572-375-fnpc17144.fnal.gov    , mu2egrid exit status:   0 TrigReport Events total = 2000000 passed = 15153 failed = 1984847
   372 : section 00376  was running on murat-31925572-376-fnpc19140.fnal.gov    , mu2egrid exit status:   0 TrigReport Events total = 2000000 passed = 14855 failed = 1985145
   373 : section 00377  was running on murat-31925572-377-fnpc8021.fnal.gov     , mu2egrid exit status:   0 TrigReport Events total = 2000000 passed = 14917 failed = 1985083
   374 : section 00378  was running on murat-31925572-378-fnpc19102.fnal.gov    , mu2egrid exit status:   0 TrigReport Events total = 2000000 passed = 15095 failed = 1984905
   375 : section 00379  was running on murat-31925572-379-fnpc19115.fnal.gov    , mu2egrid exit status:   0 TrigReport Events total = 2000000 passed = 14997 failed = 1985003
   376 : section 00380  was running on murat-31925572-380-fnpc19117.fnal.gov    , mu2egrid exit status:   0 TrigReport Events total = 2000000 passed = 14690 failed = 1985310
   377 : section 00381  was running on murat-31925572-381-fnpc19109.fnal.gov    , mu2egrid exit status:   0 TrigReport Events total = 2000000 passed = 14818 failed = 1985182
   378 : section 00382  was running on murat-31925572-382-fnpc19128.fnal.gov    , mu2egrid exit status:   0 TrigReport Events total = 2000000 passed = 15080 failed = 1984920
   379 : section 00383  was running on murat-31925572-383-fnpc19106.fnal.gov    , mu2egrid exit status:   0 TrigReport Events total = 2000000 passed = 14944 failed = 1985056
   380 : section 00384  was running on murat-31925572-384-fnpc19102.fnal.gov    , mu2egrid exit status:   0 TrigReport Events total = 2000000 passed = 14708 failed = 1985292
   381 : section 00385  was running on murat-31925572-385-fnpc9069.fnal.gov     , mu2egrid exit status:   0 TrigReport Events total = 2000000 passed = 14976 failed = 1985024
   382 : section 00386  was running on murat-31925572-386-fnpc19114.fnal.gov    , mu2egrid exit status:   0 TrigReport Events total = 2000000 passed = 15364 failed = 1984636
   383 : section 00387  was running on murat-31925572-387-fnpc19119.fnal.gov    , mu2egrid exit status:   0 TrigReport Events total = 2000000 passed = 15197 failed = 1984803
   384 : section 00388  was running on murat-31925572-388-fnpc19141.fnal.gov    , mu2egrid exit status:   0 TrigReport Events total = 2000000 passed = 15046 failed = 1984954
   385 : section 00389  was running on murat-31925572-389-fnpc19140.fnal.gov    , mu2egrid exit status:   0 TrigReport Events total = 2000000 passed = 14658 failed = 1985342
   386 : section 00390  was running on murat-31925572-390-fnpc19102.fnal.gov    , mu2egrid exit status:   0 TrigReport Events total = 2000000 passed = 14611 failed = 1985389
   387 : section 00391  was running on murat-31925572-391-fnpc19115.fnal.gov    , mu2egrid exit status:   0 TrigReport Events total = 2000000 passed = 14960 failed = 1985040
   388 : section 00392  was running on murat-31925572-392-fnpc19128.fnal.gov    , mu2egrid exit status:   0 TrigReport Events total = 2000000 passed = 14681 failed = 1985319
   389 : section 00393  was running on murat-31925572-393-fnpc19109.fnal.gov    , mu2egrid exit status:   0 TrigReport Events total = 2000000 passed = 15026 failed = 1984974
   390 : section 00394  was running on murat-31925572-394-fnpc19106.fnal.gov    , mu2egrid exit status:   0 TrigReport Events total = 2000000 passed = 15308 failed = 1984692
   391 : section 00395  was running on murat-31925572-395-fnpc19119.fnal.gov    , mu2egrid exit status:   0 TrigReport Events total = 2000000 passed = 15030 failed = 1984970
   392 : section 00396  was running on murat-31925572-396-fnpc19117.fnal.gov    , mu2egrid exit status:   0 TrigReport Events total = 2000000 passed = 14368 failed = 1985632
   393 : section 00397  was running on murat-31925572-397-fnpc19140.fnal.gov    , mu2egrid exit status:   0 TrigReport Events total = 2000000 passed = 14589 failed = 1985411
   394 : section 00398  was running on murat-31925572-398-fnpc19114.fnal.gov    , mu2egrid exit status:   0 TrigReport Events total = 2000000 passed = 14995 failed = 1985005
   395 : section 00399  was running on murat-31925572-399-fnpc19141.fnal.gov    , mu2egrid exit status:   0 TrigReport Events total = 2000000 passed = 15349 failed = 1984651
   396 : section 00400  was running on murat-31925572-400-fnpc19102.fnal.gov    , mu2egrid exit status:   0 TrigReport Events total = 2000000 passed = 14487 failed = 1985513
   397 : section 00401  was running on murat-31925572-401-fnpc19128.fnal.gov    , mu2egrid exit status:   0 TrigReport Events total = 2000000 passed = 14787 failed = 1985213
   398 : section 00402  was running on murat-31925572-402-fnpc19109.fnal.gov    , mu2egrid exit status:   0 TrigReport Events total = 2000000 passed = 14564 failed = 1985436
   399 : section 00403  was running on murat-31925572-403-fnpc19115.fnal.gov    , mu2egrid exit status:   0 TrigReport Events total = 2000000 passed = 14700 failed = 1985300
   400 : section 00404  was running on murat-31925572-404-fnpc19119.fnal.gov    , mu2egrid exit status:   0 TrigReport Events total = 2000000 passed = 14857 failed = 1985143
   401 : section 00405  was running on murat-31925572-405-fnpc19140.fnal.gov    , mu2egrid exit status:   0 TrigReport Events total = 2000000 passed = 14826 failed = 1985174
   402 : section 00406  was running on murat-31925572-406-fnpc19102.fnal.gov    , mu2egrid exit status:   0 TrigReport Events total = 2000000 passed = 15112 failed = 1984888
   403 : section 00407  was running on murat-31925572-407-fnpc19114.fnal.gov    , mu2egrid exit status:   0 TrigReport Events total = 2000000 passed = 15350 failed = 1984650
   404 : section 00408  was running on murat-31925572-408-fnpc19141.fnal.gov    , mu2egrid exit status:   0 TrigReport Events total = 2000000 passed = 15075 failed = 1984925
   405 : section 00409  was running on murat-31925572-409-fnpc19117.fnal.gov    , mu2egrid exit status:   0 TrigReport Events total = 2000000 passed = 15234 failed = 1984766
   406 : section 00410  was running on murat-31925572-410-fnpc19109.fnal.gov    , mu2egrid exit status:   0 TrigReport Events total = 2000000 passed = 14752 failed = 1985248
   407 : section 00411  was running on murat-31925572-411-fnpc19128.fnal.gov    , mu2egrid exit status:   0 TrigReport Events total = 2000000 passed = 14892 failed = 1985108
   408 : section 00412  was running on murat-31925572-412-fnpc19102.fnal.gov    , mu2egrid exit status:   0 TrigReport Events total = 2000000 passed = 14915 failed = 1985085
   409 : section 00413  was running on murat-31925572-413-fnpc19102.fnal.gov    , mu2egrid exit status:   0 TrigReport Events total = 2000000 passed = 15167 failed = 1984833
   410 : section 00414  was running on murat-31925572-414-fnpc19114.fnal.gov    , mu2egrid exit status:   0 TrigReport Events total = 2000000 passed = 15089 failed = 1984911
   411 : section 00415  was running on murat-31925572-415-fnpc19109.fnal.gov    , mu2egrid exit status:   0 TrigReport Events total = 2000000 passed = 15160 failed = 1984840
   412 : section 00416  was running on murat-31925572-416-fnpc19115.fnal.gov    , mu2egrid exit status:   0 TrigReport Events total = 2000000 passed = 14669 failed = 1985331
   413 : section 00417  was running on murat-31925572-417-fnpc19119.fnal.gov    , mu2egrid exit status:   0 TrigReport Events total = 2000000 passed = 15075 failed = 1984925
   414 : section 00418  was running on murat-31925572-418-fnpc19140.fnal.gov    , mu2egrid exit status:   0 TrigReport Events total = 2000000 passed = 15128 failed = 1984872
   415 : section 00419  was running on murat-31925572-419-fnpc19102.fnal.gov    , mu2egrid exit status:   0 TrigReport Events total = 2000000 passed = 14508 failed = 1985492
   416 : section 00420  was running on murat-31925572-420-fnpc19117.fnal.gov    , mu2egrid exit status:   0 TrigReport Events total = 2000000 passed = 15394 failed = 1984606
   417 : section 00421  was running on murat-31925572-421-fnpc19141.fnal.gov    , mu2egrid exit status:   0 TrigReport Events total = 2000000 passed = 14846 failed = 1985154
   418 : section 00422  was running on murat-31925572-421-fnpc19141.fnal.gov    , NO mu2egrid exit status   0
   419 : section 00423  was running on murat-31925572-423-fnpc19128.fnal.gov    , mu2egrid exit status:   0 TrigReport Events total = 2000000 passed = 14654 failed = 1985346
   420 : section 00424  was running on murat-31925572-424-fnpc19114.fnal.gov    , mu2egrid exit status:   0 TrigReport Events total = 2000000 passed = 15289 failed = 1984711
   421 : section 00425  was running on murat-31925572-425-fnpc19119.fnal.gov    , mu2egrid exit status:   0 TrigReport Events total = 2000000 passed = 14619 failed = 1985381
   422 : section 00426  was running on murat-31925572-426-fnpc19102.fnal.gov    , mu2egrid exit status:   0 TrigReport Events total = 2000000 passed = 14849 failed = 1985151
   423 : section 00427  was running on murat-31925572-427-fnpc19115.fnal.gov    , mu2egrid exit status:   0 TrigReport Events total = 2000000 passed = 14832 failed = 1985168
   424 : section 00428  was running on murat-31925572-428-fnpc19140.fnal.gov    , mu2egrid exit status:   0 TrigReport Events total = 2000000 passed = 15121 failed = 1984879
   425 : section 00429  was running on murat-31925572-429-fnpc19109.fnal.gov    , mu2egrid exit status:   0 TrigReport Events total = 2000000 passed = 15274 failed = 1984726
   426 : section 00430  was running on murat-31925572-430-fnpc19117.fnal.gov    , mu2egrid exit status:   0 TrigReport Events total = 2000000 passed = 15058 failed = 1984942
   427 : section 00431  was running on murat-31925572-431-fnpc19128.fnal.gov    , mu2egrid exit status:   0 TrigReport Events total = 2000000 passed = 14613 failed = 1985387
   428 : section 00432  was running on murat-31925572-432-fnpc19119.fnal.gov    , mu2egrid exit status:   0 TrigReport Events total = 2000000 passed = 14836 failed = 1985164
   429 : section 00433  was running on murat-31925572-433-fnpc19115.fnal.gov    , mu2egrid exit status:   0 TrigReport Events total = 2000000 passed = 14686 failed = 1985314
   430 : section 00434  was running on murat-31925572-434-fnpc19114.fnal.gov    , mu2egrid exit status:   0 TrigReport Events total = 2000000 passed = 15000 failed = 1985000
   431 : section 00435  was running on murat-31925572-435-fnpc19140.fnal.gov    , mu2egrid exit status:   0 TrigReport Events total = 2000000 passed = 15277 failed = 1984723
   432 : section 00436  was running on murat-31925572-436-fnpc19102.fnal.gov    , mu2egrid exit status:   0 TrigReport Events total = 2000000 passed = 14985 failed = 1985015
   433 : section 00437  was running on murat-31925572-437-fnpc19117.fnal.gov    , mu2egrid exit status:   0 TrigReport Events total = 2000000 passed = 15021 failed = 1984979
   434 : section 00438  was running on murat-31925572-438-fnpc19141.fnal.gov    , mu2egrid exit status:   0 TrigReport Events total = 2000000 passed = 14855 failed = 1985145
   435 : section 00439  was running on murat-31925572-439-fnpc19109.fnal.gov    , mu2egrid exit status:   0 TrigReport Events total = 2000000 passed = 15074 failed = 1984926
   436 : section 00440  was running on murat-31925572-440-fnpc19128.fnal.gov    , mu2egrid exit status:   0 TrigReport Events total = 2000000 passed = 14971 failed = 1985029
   437 : section 00441  was running on murat-31925572-441-fnpc19119.fnal.gov    , mu2egrid exit status:   0 TrigReport Events total = 2000000 passed = 14623 failed = 1985377
   438 : section 00442  was running on murat-31925572-442-fnpc19114.fnal.gov    , mu2egrid exit status:   0 TrigReport Events total = 2000000 passed = 14961 failed = 1985039
   439 : section 00443  was running on murat-31925572-443-fnpc19140.fnal.gov    , mu2egrid exit status:   0 TrigReport Events total = 2000000 passed = 15312 failed = 1984688
   440 : section 00444  was running on murat-31925572-444-fnpc19102.fnal.gov    , mu2egrid exit status:   0 TrigReport Events total = 2000000 passed = 15035 failed = 1984965
   441 : section 00445  was running on murat-31925572-445-fnpc19117.fnal.gov    , mu2egrid exit status:   0 TrigReport Events total = 2000000 passed = 15020 failed = 1984980
   442 : section 00446  was running on murat-31925572-446-fnpc19109.fnal.gov    , mu2egrid exit status:   0 TrigReport Events total = 2000000 passed = 14948 failed = 1985052
   443 : section 00447  was running on murat-31925572-447-fnpc19115.fnal.gov    , mu2egrid exit status:   0 TrigReport Events total = 2000000 passed = 15114 failed = 1984886
   444 : section 00448  was running on murat-31925572-448-fnpc19141.fnal.gov    , mu2egrid exit status:   0 TrigReport Events total = 2000000 passed = 15349 failed = 1984651
   445 : section 00449  was running on murat-31925572-449-fnpc19128.fnal.gov    , mu2egrid exit status:   0 TrigReport Events total = 2000000 passed = 15149 failed = 1984851
   446 : section 00450  was running on murat-31925572-449-fnpc19128.fnal.gov    , NO mu2egrid exit status   0
   447 : section 00451  was running on murat-31925572-451-fnpc19140.fnal.gov    , mu2egrid exit status:   0 TrigReport Events total = 2000000 passed = 15205 failed = 1984795
   448 : section 00452  was running on murat-31925572-452-fnpc19102.fnal.gov    , mu2egrid exit status:   0 TrigReport Events total = 2000000 passed = 15172 failed = 1984828
   449 : section 00453  was running on murat-31925572-453-fnpc19109.fnal.gov    , mu2egrid exit status:   0 TrigReport Events total = 2000000 passed = 14939 failed = 1985061
   450 : section 00454  was running on murat-31925572-454-fnpc9069.fnal.gov     , mu2egrid exit status:   0 TrigReport Events total = 2000000 passed = 14495 failed = 1985505
   451 : section 00455  was running on murat-31925572-455-fnpc19114.fnal.gov    , mu2egrid exit status:   0 TrigReport Events total = 2000000 passed = 14818 failed = 1985182
   452 : section 00456  was running on murat-31925572-456-fnpc19141.fnal.gov    , mu2egrid exit status:   0 TrigReport Events total = 2000000 passed = 14925 failed = 1985075
   453 : section 00457  was running on murat-31925572-457-fnpc19128.fnal.gov    , mu2egrid exit status:   0 TrigReport Events total = 2000000 passed = 14349 failed = 1985651
   454 : section 00458  was running on murat-31925572-458-fnpc19119.fnal.gov    , mu2egrid exit status:   0 TrigReport Events total = 2000000 passed = 14820 failed = 1985180
   455 : section 00459  was running on murat-31925572-459-fnpc19140.fnal.gov    , mu2egrid exit status:   0 TrigReport Events total = 2000000 passed = 15248 failed = 1984752
   456 : section 00460  was running on murat-31925572-459-fnpc19140.fnal.gov    , NO mu2egrid exit status   0
   457 : section 00461  was running on murat-31925572-461-fnpc19109.fnal.gov    , mu2egrid exit status:   0 TrigReport Events total = 2000000 passed = 15111 failed = 1984889
   458 : section 00462  was running on murat-31925572-462-fnpc19114.fnal.gov    , mu2egrid exit status:   0 TrigReport Events total = 2000000 passed = 14720 failed = 1985280
   459 : section 00463  was running on murat-31925572-463-fnpc19115.fnal.gov    , mu2egrid exit status:   0 TrigReport Events total = 2000000 passed = 14918 failed = 1985082
   460 : section 00464  was running on murat-31925572-464-fnpc19128.fnal.gov    , mu2egrid exit status:   0 TrigReport Events total = 2000000 passed = 15151 failed = 1984849
   461 : section 00465  was running on murat-31925572-465-fnpc19102.fnal.gov    , mu2egrid exit status:   0 TrigReport Events total = 2000000 passed = 14764 failed = 1985236
   462 : section 00466  was running on murat-31925572-466-fnpc19141.fnal.gov    , mu2egrid exit status:   0 TrigReport Events total = 2000000 passed = 15125 failed = 1984875
   463 : section 00467  was running on murat-31925572-467-fnpc19119.fnal.gov    , mu2egrid exit status:   0 TrigReport Events total = 2000000 passed = 15330 failed = 1984670
   464 : section 00468  was running on murat-31925572-468-fnpc19115.fnal.gov    , mu2egrid exit status:   0 TrigReport Events total = 2000000 passed = 14952 failed = 1985048
   465 : section 00469  was running on murat-31925572-469-fnpc19128.fnal.gov    , mu2egrid exit status:   0 TrigReport Events total = 2000000 passed = 14966 failed = 1985034
   466 : section 00470  was running on murat-31925572-470-fnpc19140.fnal.gov    , mu2egrid exit status:   0 TrigReport Events total = 2000000 passed = 15118 failed = 1984882
   467 : section 00471  was running on murat-31925572-471-fnpc19102.fnal.gov    , mu2egrid exit status:   0 TrigReport Events total = 2000000 passed = 14614 failed = 1985386
   468 : section 00472  was running on murat-31925572-472-fnpc19114.fnal.gov    , mu2egrid exit status:   0 TrigReport Events total = 2000000 passed = 14922 failed = 1985078
   469 : section 00473  was running on murat-31925572-473-fnpc19128.fnal.gov    , mu2egrid exit status:   0 TrigReport Events total = 2000000 passed = 15214 failed = 1984786
   470 : section 00474  was running on murat-31925572-474-fnpc19102.fnal.gov    , mu2egrid exit status:   0 TrigReport Events total = 2000000 passed = 14578 failed = 1985422
   471 : section 00475  was running on murat-31925572-475-fnpc19115.fnal.gov    , mu2egrid exit status:   0 TrigReport Events total = 2000000 passed = 14431 failed = 1985569
   472 : section 00476  was running on murat-31925572-476-fnpc19141.fnal.gov    , mu2egrid exit status:   0 TrigReport Events total = 2000000 passed = 15181 failed = 1984819
   473 : section 00477  was running on murat-31925572-477-fnpc19115.fnal.gov    , mu2egrid exit status:   0 TrigReport Events total = 2000000 passed = 14739 failed = 1985261
   474 : section 00478  was running on murat-31925572-478-fnpc19140.fnal.gov    , mu2egrid exit status:   0 TrigReport Events total = 2000000 passed = 14513 failed = 1985487
   475 : section 00479  was running on murat-31925572-479-fnpc19128.fnal.gov    , mu2egrid exit status:   0 TrigReport Events total = 2000000 passed = 15037 failed = 1984963
   476 : section 00480  was running on murat-31925572-480-fnpc19128.fnal.gov    , mu2egrid exit status:   0 TrigReport Events total = 2000000 passed = 14826 failed = 1985174
   477 : section 00481  was running on murat-31925572-481-fnpc19140.fnal.gov    , mu2egrid exit status:   0 TrigReport Events total = 2000000 passed = 15293 failed = 1984707
   478 : section 00482  was running on murat-31925572-482-fnpc19128.fnal.gov    , mu2egrid exit status:   0 TrigReport Events total = 2000000 passed = 15014 failed = 1984986
   479 : section 00483  was running on murat-31925572-483-fnpc19140.fnal.gov    , mu2egrid exit status:   0 TrigReport Events total = 2000000 passed = 14730 failed = 1985270
   480 : section 00484  was running on murat-31925572-484-fnpc19115.fnal.gov    , mu2egrid exit status:   0 TrigReport Events total = 2000000 passed = 15068 failed = 1984932
--------------------------------------------
JOB SUMMARY:
--------------------------------------------
submitted           :   485 sections
output checked      :   481 sections
completed           :   481 sections
staging failures    :     0 sections
completed with rc=0 :   474 sections
mu2e job failed     :     0 sections
