#
     0 : section 00065  was running on murat-31676882-65-fnpc19103.fnal.gov     , mu2egrid exit status:   0 TrigReport Events total = 2000000 passed = 11453 failed = 1988547
     1 : section 00082  was running on murat-31676882-82-fnpc19103.fnal.gov     , mu2egrid exit status:   0 TrigReport Events total = 2000000 passed = 11211 failed = 1988789
     2 : section 00196  was running on murat-31676882-196-fnpc19133.fnal.gov    , mu2egrid exit status:   0 TrigReport Events total = 2000000 passed = 11228 failed = 1988772
     3 : section 00079  was running on murat-31676882-79-fnpc19109.fnal.gov     , mu2egrid exit status:   0 TrigReport Events total = 2000000 passed = 11226 failed = 1988774
     4 : section 00193  was running on murat-31676882-193-fnpc19130.fnal.gov    , mu2egrid exit status:   0 TrigReport Events total = 2000000 passed = 10998 failed = 1989002
     5 : section 00308  was running on murat-31676882-308-fnpc19103.fnal.gov    , mu2egrid exit status:   0 TrigReport Events total = 2000000 passed = 10766 failed = 1989234
     6 : section 00306  was running on murat-31676882-306-fnpc19133.fnal.gov    , mu2egrid exit status:   0 TrigReport Events total = 2000000 passed = 11321 failed = 1988679
     7 : section 00064  was running on murat-31676882-64-fnpc19109.fnal.gov     , mu2egrid exit status:   0 TrigReport Events total = 2000000 passed = 11332 failed = 1988668
     8 : section 00181  was running on murat-31676882-181-fnpc19130.fnal.gov    , mu2egrid exit status:   0 TrigReport Events total = 2000000 passed = 11027 failed = 1988973
     9 : section 00183  was running on murat-31676882-183-fnpc19133.fnal.gov    , mu2egrid exit status:   0 TrigReport Events total = 2000000 passed = 10892 failed = 1989108
    10 : section 00190  was running on murat-31676882-190-fnpc19133.fnal.gov    , mu2egrid exit status:   0 TrigReport Events total = 2000000 passed = 11258 failed = 1988742
    11 : section 00060  was running on murat-31676882-60-fnpc19105.fnal.gov     , mu2egrid exit status:   0 TrigReport Events total = 2000000 passed = 11567 failed = 1988433
    12 : section 00233  was running on murat-31676882-233-fnpc19140.fnal.gov    , mu2egrid exit status:   0 TrigReport Events total = 2000000 passed = 11145 failed = 1988855
    13 : section 00114  was running on murat-31676882-114-fnpc19102.fnal.gov    , mu2egrid exit status:   0 TrigReport Events total = 2000000 passed = 10990 failed = 1989010
    14 : section 00218  was running on murat-31676882-218-fnpc19140.fnal.gov    , mu2egrid exit status:   0 TrigReport Events total = 2000000 passed = 11287 failed = 1988713
    15 : section 00238  was running on murat-31676882-238-fnpc19140.fnal.gov    , mu2egrid exit status:   0 TrigReport Events total = 2000000 passed = 10950 failed = 1989050
    16 : section 00229  was running on murat-31676882-229-fnpc19108.fnal.gov    , mu2egrid exit status:   0 TrigReport Events total = 2000000 passed = 11073 failed = 1988927
    17 : section 00081  was running on murat-31676882-81-fnpc19127.fnal.gov     , mu2egrid exit status:   0 TrigReport Events total = 2000000 passed = 11084 failed = 1988916
    18 : section 00246  was running on murat-31676882-246-fnpc19108.fnal.gov    , mu2egrid exit status:   0 TrigReport Events total = 2000000 passed = 11141 failed = 1988859
    19 : section 00101  was running on murat-31676882-101-fnpc19102.fnal.gov    , mu2egrid exit status:   0 TrigReport Events total = 2000000 passed = 11185 failed = 1988815
    20 : section 00303  was running on murat-31676882-303-fnpc19105.fnal.gov    , mu2egrid exit status:   0 TrigReport Events total = 2000000 passed = 11310 failed = 1988690
    21 : section 00126  was running on murat-31676882-126-fnpc19102.fnal.gov    , mu2egrid exit status:   0 TrigReport Events total = 2000000 passed = 11466 failed = 1988534
    22 : section 00225  was running on murat-31676882-225-fnpc19108.fnal.gov    , mu2egrid exit status:   0 TrigReport Events total = 2000000 passed = 11027 failed = 1988973
    23 : section 00105  was running on murat-31676882-105-fnpc19105.fnal.gov    , mu2egrid exit status:   0 TrigReport Events total = 2000000 passed = 11292 failed = 1988708
    24 : section 00249  was running on murat-31676882-249-fnpc19108.fnal.gov    , mu2egrid exit status:   0 TrigReport Events total = 2000000 passed = 11095 failed = 1988905
    25 : section 00309  was running on murat-31676882-309-fnpc19102.fnal.gov    , mu2egrid exit status:   0 TrigReport Events total = 2000000 passed = 10996 failed = 1989004
    26 : section 00344  was running on murat-31676882-344-fnpc19105.fnal.gov    , mu2egrid exit status:   0 TrigReport Events total = 2000000 passed = 11389 failed = 1988611
    27 : section 00151  was running on murat-31676882-151-fnpc19102.fnal.gov    , mu2egrid exit status:   0 TrigReport Events total = 2000000 passed = 11143 failed = 1988857
    28 : section 00397  was running on murat-31676882-397-fnpc19102.fnal.gov    , mu2egrid exit status:   0 TrigReport Events total = 2000000 passed = 10772 failed = 1989228
    29 : section 00316  was running on murat-31676882-316-fnpc19102.fnal.gov    , mu2egrid exit status:   0 TrigReport Events total = 2000000 passed = 11089 failed = 1988911
    30 : section 00050  was running on murat-31676882-50-fnpc19107.fnal.gov     , mu2egrid exit status:   0 TrigReport Events total = 2000000 passed = 11245 failed = 1988755
    31 : section 00410  was running on murat-31676882-410-fnpc19102.fnal.gov    , mu2egrid exit status:   0 TrigReport Events total = 2000000 passed = 11007 failed = 1988993
    32 : section 00240  was running on murat-31676882-240-fnpc19108.fnal.gov    , mu2egrid exit status:   0 TrigReport Events total = 2000000 passed = 10974 failed = 1989026
    33 : section 00090  was running on murat-31676882-90-fnpc19105.fnal.gov     , mu2egrid exit status:   0 TrigReport Events total = 2000000 passed = 10945 failed = 1989055
    34 : section 00387  was running on murat-31676882-387-fnpc19102.fnal.gov    , mu2egrid exit status:   0 TrigReport Events total = 2000000 passed = 11110 failed = 1988890
    35 : section 00146  was running on murat-31676882-146-fnpc19102.fnal.gov    , mu2egrid exit status:   0 TrigReport Events total = 2000000 passed = 11198 failed = 1988802
    36 : section 00400  was running on murat-31676882-400-fnpc19102.fnal.gov    , mu2egrid exit status:   0 TrigReport Events total = 2000000 passed = 11400 failed = 1988600
    37 : section 00349  was running on murat-31676882-349-fnpc19134.fnal.gov    , mu2egrid exit status:   0 TrigReport Events total = 2000000 passed = 11314 failed = 1988686
    38 : section 00048  was running on murat-31676882-48-fnpc19137.fnal.gov     , mu2egrid exit status:   0 TrigReport Events total = 2000000 passed = 11343 failed = 1988657
    39 : section 00184  was running on murat-31676882-184-fnpc19108.fnal.gov    , mu2egrid exit status:   0 TrigReport Events total = 2000000 passed = 10396 failed = 1989604
    40 : section 00351  was running on murat-31676882-351-fnpc19125.fnal.gov    , mu2egrid exit status:   0 TrigReport Events total = 2000000 passed = 10819 failed = 1989181
    41 : section 00219  was running on murat-31676882-219-fnpc19108.fnal.gov    , mu2egrid exit status:   0 TrigReport Events total = 2000000 passed = 10944 failed = 1989056
    42 : section 00068  was running on murat-31676882-68-fnpc19102.fnal.gov     , mu2egrid exit status:   0 TrigReport Events total = 2000000 passed = 11279 failed = 1988721
    43 : section 00335  was running on murat-31676882-335-fnpc19102.fnal.gov    , mu2egrid exit status:   0 TrigReport Events total = 2000000 passed = 11185 failed = 1988815
    44 : section 00343  was running on murat-31676882-343-fnpc19127.fnal.gov    , mu2egrid exit status:   0 TrigReport Events total = 2000000 passed = 11095 failed = 1988905
    45 : section 00135  was running on murat-31676882-135-fnpc19102.fnal.gov    , mu2egrid exit status:   0 TrigReport Events total = 2000000 passed = 11149 failed = 1988851
    46 : section 00148  was running on murat-31676882-148-fnpc19102.fnal.gov    , mu2egrid exit status:   0 TrigReport Events total = 2000000 passed = 11196 failed = 1988804
    47 : section 00324  was running on murat-31676882-324-fnpc19125.fnal.gov    , mu2egrid exit status:   0 TrigReport Events total = 2000000 passed = 11216 failed = 1988784
    48 : section 00368  was running on murat-31676882-368-fnpc19111.fnal.gov    , mu2egrid exit status:   0 TrigReport Events total = 2000000 passed = 10591 failed = 1989409
    49 : section 00430  was running on murat-31676882-430-fnpc19102.fnal.gov    , mu2egrid exit status:   0 TrigReport Events total = 2000000 passed = 11081 failed = 1988919
    50 : section 00232  was running on murat-31676882-232-fnpc19108.fnal.gov    , mu2egrid exit status:   0 TrigReport Events total = 2000000 passed = 10818 failed = 1989182
    51 : section 00087  was running on murat-31676882-87-fnpc19130.fnal.gov     , mu2egrid exit status:   0 TrigReport Events total = 2000000 passed = 11184 failed = 1988816
    52 : section 00369  was running on murat-31676882-369-fnpc19102.fnal.gov    , mu2egrid exit status:   0 TrigReport Events total = 2000000 passed = 10876 failed = 1989124
    53 : section 00189  was running on murat-31676882-189-fnpc19124.fnal.gov    , mu2egrid exit status:   0 TrigReport Events total = 2000000 passed = 11020 failed = 1988980
    54 : section 00353  was running on murat-31676882-353-fnpc19111.fnal.gov    , mu2egrid exit status:   0 TrigReport Events total = 2000000 passed = 10770 failed = 1989230
    55 : section 00423  was running on murat-31676882-423-fnpc19102.fnal.gov    , mu2egrid exit status:   0 TrigReport Events total = 2000000 passed = 11173 failed = 1988827
    56 : section 00180  was running on murat-31676882-180-fnpc19138.fnal.gov    , mu2egrid exit status:   0 TrigReport Events total = 2000000 passed = 11128 failed = 1988872
    57 : section 00150  was running on murat-31676882-150-fnpc19102.fnal.gov    , mu2egrid exit status:   0 TrigReport Events total = 2000000 passed = 11204 failed = 1988796
    58 : section 00416  was running on murat-31676882-416-fnpc19102.fnal.gov    , mu2egrid exit status:   0 TrigReport Events total = 2000000 passed = 11365 failed = 1988635
    59 : section 00182  was running on murat-31676882-182-fnpc19140.fnal.gov    , mu2egrid exit status:   0 TrigReport Events total = 2000000 passed = 11347 failed = 1988653
    60 : section 00405  was running on murat-31676882-405-fnpc19102.fnal.gov    , mu2egrid exit status:   0 TrigReport Events total = 2000000 passed = 11090 failed = 1988910
    61 : section 00355  was running on murat-31676882-355-fnpc19102.fnal.gov    , mu2egrid exit status:   0 TrigReport Events total = 2000000 passed = 11099 failed = 1988901
    62 : section 00417  was running on murat-31676882-417-fnpc19111.fnal.gov    , mu2egrid exit status:   0 TrigReport Events total = 2000000 passed = 11365 failed = 1988635
    63 : section 00077  was running on murat-31676882-77-fnpc19132.fnal.gov     , mu2egrid exit status:   0 TrigReport Events total = 2000000 passed = 11116 failed = 1988884
    64 : section 00203  was running on murat-31676882-203-fnpc19140.fnal.gov    , mu2egrid exit status:   0 TrigReport Events total = 2000000 passed = 11416 failed = 1988584
    65 : section 00399  was running on murat-31676882-399-fnpc19111.fnal.gov    , mu2egrid exit status:   0 TrigReport Events total = 2000000 passed = 11043 failed = 1988957
    66 : section 00242  was running on murat-31676882-242-fnpc19140.fnal.gov    , mu2egrid exit status:   0 TrigReport Events total = 2000000 passed = 11016 failed = 1988984
    67 : section 00137  was running on murat-31676882-137-fnpc19102.fnal.gov    , mu2egrid exit status:   0 TrigReport Events total = 2000000 passed = 11431 failed = 1988569
    68 : section 00057  was running on murat-31676882-57-fnpc19125.fnal.gov     , mu2egrid exit status:   0 TrigReport Events total = 2000000 passed = 11300 failed = 1988700
    69 : section 00214  was running on murat-31676882-214-fnpc19140.fnal.gov    , mu2egrid exit status:   0 TrigReport Events total = 2000000 passed = 11250 failed = 1988750
    70 : section 00415  was running on murat-31676882-415-fnpc19111.fnal.gov    , mu2egrid exit status:   0 TrigReport Events total = 2000000 passed = 10802 failed = 1989198
    71 : section 00418  was running on murat-31676882-418-fnpc19102.fnal.gov    , mu2egrid exit status:   0 TrigReport Events total = 2000000 passed = 10887 failed = 1989113
    72 : section 00179  was running on murat-31676882-179-fnpc19124.fnal.gov    , mu2egrid exit status:   0 TrigReport Events total = 2000000 passed = 10965 failed = 1989035
    73 : section 00092  was running on murat-31676882-92-fnpc19102.fnal.gov     , mu2egrid exit status:   0 TrigReport Events total = 2000000 passed = 11274 failed = 1988726
    74 : section 00194  was running on murat-31676882-194-fnpc19108.fnal.gov    , mu2egrid exit status:   0 TrigReport Events total = 2000000 passed = 11209 failed = 1988791
    75 : section 00210  was running on murat-31676882-210-fnpc19108.fnal.gov    , mu2egrid exit status:   0 TrigReport Events total = 2000000 passed = 11325 failed = 1988675
    76 : section 00058  was running on murat-31676882-58-fnpc19127.fnal.gov     , mu2egrid exit status:   0 TrigReport Events total = 2000000 passed = 11090 failed = 1988910
    77 : section 00390  was running on murat-31676882-390-fnpc19125.fnal.gov    , mu2egrid exit status:   0 TrigReport Events total = 2000000 passed = 10921 failed = 1989079
    78 : section 00078  was running on murat-31676882-78-fnpc19113.fnal.gov     , mu2egrid exit status:   0 TrigReport Events total = 2000000 passed = 10918 failed = 1989082
    79 : section 00391  was running on murat-31676882-391-fnpc19111.fnal.gov    , mu2egrid exit status:   0 TrigReport Events total = 2000000 passed = 10894 failed = 1989106
    80 : section 00228  was running on murat-31676882-228-fnpc19140.fnal.gov    , mu2egrid exit status:   0 TrigReport Events total = 2000000 passed = 10919 failed = 1989081
    81 : section 00378  was running on murat-31676882-378-fnpc19102.fnal.gov    , mu2egrid exit status:   0 TrigReport Events total = 2000000 passed = 11256 failed = 1988744
    82 : section 00326  was running on murat-31676882-326-fnpc19105.fnal.gov    , mu2egrid exit status:   0 TrigReport Events total = 2000000 passed = 10839 failed = 1989161
    83 : section 00236  was running on murat-31676882-236-fnpc19108.fnal.gov    , mu2egrid exit status:   0 TrigReport Events total = 2000000 passed = 11339 failed = 1988661
    84 : section 00359  was running on murat-31676882-359-fnpc19111.fnal.gov    , mu2egrid exit status:   0 TrigReport Events total = 2000000 passed = 10877 failed = 1989123
    85 : section 00377  was running on murat-31676882-377-fnpc19125.fnal.gov    , mu2egrid exit status:   0 TrigReport Events total = 2000000 passed = 11061 failed = 1988939
    86 : section 00191  was running on murat-31676882-191-fnpc19140.fnal.gov    , mu2egrid exit status:   0 TrigReport Events total = 2000000 passed = 10837 failed = 1989163
    87 : section 00120  was running on murat-31676882-120-fnpc19105.fnal.gov    , mu2egrid exit status:   0 TrigReport Events total = 2000000 passed = 11397 failed = 1988603
    88 : section 00426  was running on murat-31676882-426-fnpc19102.fnal.gov    , mu2egrid exit status:   0 TrigReport Events total = 2000000 passed = 11413 failed = 1988587
    89 : section 00204  was running on murat-31676882-204-fnpc19108.fnal.gov    , mu2egrid exit status:   0 TrigReport Events total = 2000000 passed = 11187 failed = 1988813
    90 : section 00045  was running on murat-31676882-45-fnpc17148.fnal.gov     , mu2egrid exit status:   0 TrigReport Events total = 2000000 passed = 11236 failed = 1988764
    91 : section 00244  was running on murat-31676882-244-fnpc19108.fnal.gov    , mu2egrid exit status:   0 TrigReport Events total = 2000000 passed = 11465 failed = 1988535
    92 : section 00384  was running on murat-31676882-384-fnpc19141.fnal.gov    , mu2egrid exit status:   0 TrigReport Events total = 2000000 passed = 11111 failed = 1988889
    93 : section 00200  was running on murat-31676882-200-fnpc19138.fnal.gov    , mu2egrid exit status:   0 TrigReport Events total = 2000000 passed = 10917 failed = 1989083
    94 : section 00383  was running on murat-31676882-383-fnpc19105.fnal.gov    , mu2egrid exit status:   0 TrigReport Events total = 2000000 passed = 11031 failed = 1988969
    95 : section 00300  was running on murat-31676882-300-fnpc19125.fnal.gov    , mu2egrid exit status:   0 TrigReport Events total = 2000000 passed = 11331 failed = 1988669
    96 : section 00331  was running on murat-31676882-331-fnpc19126.fnal.gov    , mu2egrid exit status:   0 TrigReport Events total = 2000000 passed = 11237 failed = 1988763
    97 : section 00305  was running on murat-31676882-305-fnpc19141.fnal.gov    , mu2egrid exit status:   0 TrigReport Events total = 2000000 passed = 11287 failed = 1988713
    98 : section 00061  was running on murat-31676882-61-fnpc19139.fnal.gov     , mu2egrid exit status:   0 TrigReport Events total = 2000000 passed = 11086 failed = 1988914
    99 : section 00372  was running on murat-31676882-372-fnpc19105.fnal.gov    , mu2egrid exit status:   0 TrigReport Events total = 2000000 passed = 10883 failed = 1989117
   100 : section 00295  was running on murat-31676882-295-fnpc19134.fnal.gov    , mu2egrid exit status:   0 TrigReport Events total = 2000000 passed = 10702 failed = 1989298
   101 : section 00216  was running on murat-31676882-216-fnpc19142.fnal.gov    , mu2egrid exit status:   0 TrigReport Events total = 2000000 passed = 11627 failed = 1988373
   102 : section 00366  was running on murat-31676882-366-fnpc19126.fnal.gov    , mu2egrid exit status:   0 TrigReport Events total = 2000000 passed = 10745 failed = 1989255
   103 : section 00055  was running on murat-31676882-55-fnpc19123.fnal.gov     , mu2egrid exit status:   0 TrigReport Events total = 2000000 passed = 11166 failed = 1988834
   104 : section 00364  was running on murat-31676882-364-fnpc19125.fnal.gov    , mu2egrid exit status:   0 TrigReport Events total = 2000000 passed = 10606 failed = 1989394
   105 : section 00076  was running on murat-31676882-76-fnpc19102.fnal.gov     , mu2egrid exit status:   0 TrigReport Events total = 2000000 passed = 11403 failed = 1988597
   106 : section 00177  was running on murat-31676882-177-fnpc19142.fnal.gov    , mu2egrid exit status:   0 TrigReport Events total = 2000000 passed = 11361 failed = 1988639
   107 : section 00208  was running on murat-31676882-208-fnpc19142.fnal.gov    , mu2egrid exit status:   0 TrigReport Events total = 2000000 passed = 10673 failed = 1989327
   108 : section 00107  was running on murat-31676882-107-fnpc19139.fnal.gov    , mu2egrid exit status:   0 TrigReport Events total = 2000000 passed = 11233 failed = 1988767
   109 : section 00221  was running on murat-31676882-221-fnpc19142.fnal.gov    , mu2egrid exit status:   0 TrigReport Events total = 2000000 passed = 10801 failed = 1989199
   110 : section 00328  was running on murat-31676882-328-fnpc19141.fnal.gov    , mu2egrid exit status:   0 TrigReport Events total = 2000000 passed = 11326 failed = 1988674
   111 : section 00347  was running on murat-31676882-347-fnpc19141.fnal.gov    , mu2egrid exit status:   0 TrigReport Events total = 2000000 passed = 11346 failed = 1988654
   112 : section 00142  was running on murat-31676882-142-fnpc19139.fnal.gov    , mu2egrid exit status:   0 TrigReport Events total = 2000000 passed = 10584 failed = 1989416
   113 : section 00337  was running on murat-31676882-337-fnpc19111.fnal.gov    , mu2egrid exit status:   0 TrigReport Events total = 2000000 passed = 11033 failed = 1988967
   114 : section 00422  was running on murat-31676882-422-fnpc19111.fnal.gov    , mu2egrid exit status:   0 TrigReport Events total = 2000000 passed = 11122 failed = 1988878
   115 : section 00299  was running on murat-31676882-299-fnpc19123.fnal.gov    , mu2egrid exit status:   0 TrigReport Events total = 2000000 passed = 11022 failed = 1988978
   116 : section 00056  was running on murat-31676882-56-fnpc19130.fnal.gov     , mu2egrid exit status:   0 TrigReport Events total = 2000000 passed = 11071 failed = 1988929
   117 : section 00381  was running on murat-31676882-381-fnpc19139.fnal.gov    , mu2egrid exit status:   0 TrigReport Events total = 2000000 passed = 11001 failed = 1988999
   118 : section 00053  was running on murat-31676882-53-fnpc19113.fnal.gov     , mu2egrid exit status:   0 TrigReport Events total = 2000000 passed = 10900 failed = 1989100
   119 : section 00363  was running on murat-31676882-363-fnpc19114.fnal.gov    , mu2egrid exit status:   0 TrigReport Events total = 2000000 passed = 10983 failed = 1989017
   120 : section 00130  was running on murat-31676882-130-fnpc19139.fnal.gov    , mu2egrid exit status:   0 TrigReport Events total = 2000000 passed = 10702 failed = 1989298
   121 : section 00294  was running on murat-31676882-294-fnpc19114.fnal.gov    , mu2egrid exit status:   0 TrigReport Events total = 2000000 passed = 11122 failed = 1988878
   122 : section 00376  was running on murat-31676882-376-fnpc19111.fnal.gov    , mu2egrid exit status:   0 TrigReport Events total = 2000000 passed = 11006 failed = 1988994
   123 : section 00385  was running on murat-31676882-385-fnpc19111.fnal.gov    , mu2egrid exit status:   0 TrigReport Events total = 2000000 passed = 10742 failed = 1989258
   124 : section 00395  was running on murat-31676882-395-fnpc19139.fnal.gov    , mu2egrid exit status:   0 TrigReport Events total = 2000000 passed = 11409 failed = 1988591
   125 : section 00429  was running on murat-31676882-429-fnpc19111.fnal.gov    , mu2egrid exit status:   0 TrigReport Events total = 2000000 passed = 11200 failed = 1988800
   126 : section 00371  was running on murat-31676882-371-fnpc19141.fnal.gov    , mu2egrid exit status:   0 TrigReport Events total = 2000000 passed = 11173 failed = 1988827
   127 : section 00362  was running on murat-31676882-362-fnpc19141.fnal.gov    , mu2egrid exit status:   0 TrigReport Events total = 2000000 passed = 10918 failed = 1989082
   128 : section 00408  was running on murat-31676882-408-fnpc19111.fnal.gov    , mu2egrid exit status:   0 TrigReport Events total = 2000000 passed = 10996 failed = 1989004
   129 : section 00317  was running on murat-31676882-317-fnpc19134.fnal.gov    , mu2egrid exit status:   0 TrigReport Events total = 2000000 passed = 10883 failed = 1989117
   130 : section 00424  was running on murat-31676882-424-fnpc19111.fnal.gov    , mu2egrid exit status:   0 TrigReport Events total = 2000000 passed = 11325 failed = 1988675
   131 : section 00346  was running on murat-31676882-346-fnpc19126.fnal.gov    , mu2egrid exit status:   0 TrigReport Events total = 2000000 passed = 10970 failed = 1989030
   132 : section 00427  was running on murat-31676882-427-fnpc19111.fnal.gov    , mu2egrid exit status:   0 TrigReport Events total = 2000000 passed = 11276 failed = 1988724
   133 : section 00297  was running on murat-31676882-297-fnpc19126.fnal.gov    , mu2egrid exit status:   0 TrigReport Events total = 2000000 passed = 11224 failed = 1988776
   134 : section 00420  was running on murat-31676882-420-fnpc19111.fnal.gov    , mu2egrid exit status:   0 TrigReport Events total = 2000000 passed = 11097 failed = 1988903
   135 : section 00358  was running on murat-31676882-358-fnpc19105.fnal.gov    , mu2egrid exit status:   0 TrigReport Events total = 2000000 passed = 11085 failed = 1988915
   136 : section 00325  was running on murat-31676882-325-fnpc19127.fnal.gov    , mu2egrid exit status:   0 TrigReport Events total = 2000000 passed = 11083 failed = 1988917
   137 : section 00396  was running on murat-31676882-396-fnpc19111.fnal.gov    , mu2egrid exit status:   0 TrigReport Events total = 2000000 passed = 10481 failed = 1989519
   138 : section 00340  was running on murat-31676882-340-fnpc19115.fnal.gov    , mu2egrid exit status:   0 TrigReport Events total = 2000000 passed = 11322 failed = 1988678
   139 : section 00290  was running on murat-31676882-290-fnpc19137.fnal.gov    , mu2egrid exit status:   0 TrigReport Events total = 2000000 passed = 11214 failed = 1988786
   140 : section 00402  was running on murat-31676882-402-fnpc19111.fnal.gov    , mu2egrid exit status:   0 TrigReport Events total = 2000000 passed = 11221 failed = 1988779
   141 : section 00098  was running on murat-31676882-98-fnpc19137.fnal.gov     , mu2egrid exit status:   0 TrigReport Events total = 2000000 passed = 10997 failed = 1989003
   142 : section 00175  was running on murat-31676882-175-fnpc17113.fnal.gov    , mu2egrid exit status:   0 TrigReport Events total = 2000000 passed = 11058 failed = 1988942
   143 : section 00301  was running on murat-31676882-301-fnpc19127.fnal.gov    , mu2egrid exit status:   0 TrigReport Events total = 2000000 passed = 11330 failed = 1988670
   144 : section 00054  was running on murat-31676882-54-fnpc19117.fnal.gov     , mu2egrid exit status:   0 TrigReport Events total = 2000000 passed = 11001 failed = 1988999
   145 : section 00093  was running on murat-31676882-93-fnpc19128.fnal.gov     , mu2egrid exit status:   0 TrigReport Events total = 2000000 passed = 10766 failed = 1989234
   146 : section 00298  was running on murat-31676882-298-fnpc19115.fnal.gov    , mu2egrid exit status:   0 TrigReport Events total = 2000000 passed = 11081 failed = 1988919
   147 : section 00173  was running on murat-31676882-173-fnpc19104.fnal.gov    , mu2egrid exit status:   0 TrigReport Events total = 2000000 passed = 11361 failed = 1988639
   148 : section 00339  was running on murat-31676882-339-fnpc19122.fnal.gov    , mu2egrid exit status:   0 TrigReport Events total = 2000000 passed = 11217 failed = 1988783
   149 : section 00318  was running on murat-31676882-318-fnpc19111.fnal.gov    , mu2egrid exit status:   0 TrigReport Events total = 2000000 passed = 10430 failed = 1989570
   150 : section 00406  was running on murat-31676882-406-fnpc19111.fnal.gov    , mu2egrid exit status:   0 TrigReport Events total = 2000000 passed = 11245 failed = 1988755
   151 : section 00357  was running on murat-31676882-357-fnpc19115.fnal.gov    , mu2egrid exit status:   0 TrigReport Events total = 2000000 passed = 11151 failed = 1988849
   152 : section 00136  was running on murat-31676882-136-fnpc19139.fnal.gov    , mu2egrid exit status:   0 TrigReport Events total = 2000000 passed = 11276 failed = 1988724
   153 : section 00202  was running on murat-31676882-202-fnpc19104.fnal.gov    , mu2egrid exit status:   0 TrigReport Events total = 2000000 passed = 10658 failed = 1989342
   154 : section 00310  was running on murat-31676882-310-fnpc19111.fnal.gov    , mu2egrid exit status:   0 TrigReport Events total = 2000000 passed = 11083 failed = 1988917
   155 : section 00209  was running on murat-31676882-209-fnpc9049.fnal.gov     , mu2egrid exit status:   0 TrigReport Events total = 2000000 passed = 11093 failed = 1988907
   156 : section 00322  was running on murat-31676882-322-fnpc19122.fnal.gov    , mu2egrid exit status:   0 TrigReport Events total = 2000000 passed = 10964 failed = 1989036
   157 : section 00360  was running on murat-31676882-360-fnpc19122.fnal.gov    , mu2egrid exit status:   0 TrigReport Events total = 2000000 passed = 11175 failed = 1988825
   158 : section 00046  was running on murat-31676882-46-fnpc9010.fnal.gov      , mu2egrid exit status:   0 TrigReport Events total = 2000000 passed = 11055 failed = 1988945
   159 : section 00174  was running on murat-31676882-174-fnpc9049.fnal.gov     , mu2egrid exit status:   0 TrigReport Events total = 2000000 passed = 11189 failed = 1988811
   160 : section 00192  was running on murat-31676882-192-fnpc17113.fnal.gov    , mu2egrid exit status:   0 TrigReport Events total = 2000000 passed = 11402 failed = 1988598
   161 : section 00094  was running on murat-31676882-94-fnpc19113.fnal.gov     , mu2egrid exit status:   0 TrigReport Events total = 2000000 passed = 10933 failed = 1989067
   162 : section 00215  was running on murat-31676882-215-fnpc9031.fnal.gov     , mu2egrid exit status:   0 TrigReport Events total = 2000000 passed = 11348 failed = 1988652
   163 : section 00323  was running on murat-31676882-323-fnpc19115.fnal.gov    , mu2egrid exit status:   0 TrigReport Events total = 2000000 passed = 11131 failed = 1988869
   164 : section 00342  was running on murat-31676882-342-fnpc9028.fnal.gov     , mu2egrid exit status:   0 TrigReport Events total = 2000000 passed = 11106 failed = 1988894
   165 : section 00052  was running on murat-31676882-52-fnpc19132.fnal.gov     , mu2egrid exit status:   0 TrigReport Events total = 2000000 passed = 11063 failed = 1988937
   166 : section 00170  was running on murat-31676882-170-fnpc9031.fnal.gov     , mu2egrid exit status:   0 TrigReport Events total = 2000000 passed = 11269 failed = 1988731
   167 : section 00103  was running on murat-31676882-103-fnpc19128.fnal.gov    , mu2egrid exit status:   0 TrigReport Events total = 2000000 passed = 11268 failed = 1988732
   168 : section 00329  was running on murat-31676882-329-fnpc19114.fnal.gov    , mu2egrid exit status:   0 TrigReport Events total = 2000000 passed = 11014 failed = 1988986
   169 : section 00296  was running on murat-31676882-296-fnpc19113.fnal.gov    , mu2egrid exit status:   0 TrigReport Events total = 2000000 passed = 10936 failed = 1989064
   170 : section 00091  was running on murat-31676882-91-fnpc19139.fnal.gov     , mu2egrid exit status:   0 TrigReport Events total = 2000000 passed = 10984 failed = 1989016
   171 : section 00073  was running on murat-31676882-73-fnpc9010.fnal.gov      , mu2egrid exit status:   0 TrigReport Events total = 2000000 passed = 10912 failed = 1989088
   172 : section 00333  was running on murat-31676882-333-fnpc19113.fnal.gov    , mu2egrid exit status:   0 TrigReport Events total = 2000000 passed = 11383 failed = 1988617
   173 : section 00021  was running on murat-31676882-21-fnpc17124.fnal.gov     , mu2egrid exit status:   0 TrigReport Events total = 2000000 passed = 10829 failed = 1989171
   174 : section 00201  was running on murat-31676882-201-fnpc19142.fnal.gov    , mu2egrid exit status:   0 TrigReport Events total = 2000000 passed = 11055 failed = 1988945
   175 : section 00111  was running on murat-31676882-111-fnpc19128.fnal.gov    , mu2egrid exit status:   0 TrigReport Events total = 2000000 passed = 10919 failed = 1989081
   176 : section 00080  was running on murat-31676882-80-fnpc19128.fnal.gov     , mu2egrid exit status:   0 TrigReport Events total = 2000000 passed = 11185 failed = 1988815
   177 : section 00291  was running on murat-31676882-291-fnpc19128.fnal.gov    , mu2egrid exit status:   0 TrigReport Events total = 2000000 passed = 11394 failed = 1988606
   178 : section 00332  was running on murat-31676882-332-fnpc19139.fnal.gov    , mu2egrid exit status:   0 TrigReport Events total = 2000000 passed = 11197 failed = 1988803
   179 : section 00145  was running on murat-31676882-145-fnpc19139.fnal.gov    , mu2egrid exit status:   0 TrigReport Events total = 2000000 passed = 11021 failed = 1988979
   180 : section 00044  was running on murat-31676882-44-fnpc9033.fnal.gov      , mu2egrid exit status:   0 TrigReport Events total = 2000000 passed = 11178 failed = 1988822
   181 : section 00475  was running on murat-31676882-475-fnpc9031.fnal.gov     , mu2egrid exit status:   0 TrigReport Events total = 2000000 passed = 11027 failed = 1988973
   182 : section 00123  was running on murat-31676882-123-fnpc19139.fnal.gov    , mu2egrid exit status:   0 TrigReport Events total = 2000000 passed = 10988 failed = 1989012
   183 : section 00367  was running on murat-31676882-367-fnpc19128.fnal.gov    , mu2egrid exit status:   0 TrigReport Events total = 2000000 passed = 11172 failed = 1988828
   184 : section 00350  was running on murat-31676882-350-fnpc19139.fnal.gov    , mu2egrid exit status:   0 TrigReport Events total = 2000000 passed = 11012 failed = 1988988
   185 : section 00403  was running on murat-31676882-403-fnpc19136.fnal.gov    , mu2egrid exit status:   0 TrigReport Events total = 2000000 passed = 11152 failed = 1988848
   186 : section 00267  was running on murat-31676882-267-fnpc17105.fnal.gov    , mu2egrid exit status:   0 TrigReport Events total = 2000000 passed = 10819 failed = 1989181
   187 : section 00352  was running on murat-31676882-352-fnpc19128.fnal.gov    , mu2egrid exit status:   0 TrigReport Events total = 2000000 passed = 11064 failed = 1988936
   188 : section 00373  was running on murat-31676882-373-fnpc19136.fnal.gov    , mu2egrid exit status:   0 TrigReport Events total = 2000000 passed = 11079 failed = 1988921
   189 : section 00149  was running on murat-31676882-149-fnpc19139.fnal.gov    , mu2egrid exit status:   0 TrigReport Events total = 2000000 passed = 11452 failed = 1988548
   190 : section 00293  was running on murat-31676882-293-fnpc19136.fnal.gov    , mu2egrid exit status:   0 TrigReport Events total = 2000000 passed = 11069 failed = 1988931
   191 : section 00302  was running on murat-31676882-302-fnpc19139.fnal.gov    , mu2egrid exit status:   0 TrigReport Events total = 2000000 passed = 11280 failed = 1988720
   192 : section 00321  was running on murat-31676882-321-fnpc19128.fnal.gov    , mu2egrid exit status:   0 TrigReport Events total = 2000000 passed = 11181 failed = 1988819
   193 : section 00104  was running on murat-31676882-104-fnpc19135.fnal.gov    , mu2egrid exit status:   0 TrigReport Events total = 2000000 passed = 11094 failed = 1988906
   194 : section 00231  was running on murat-31676882-231-fnpc19135.fnal.gov    , mu2egrid exit status:   0 TrigReport Events total = 2000000 passed = 11311 failed = 1988689
   195 : section 00051  was running on murat-31676882-51-fnpc19128.fnal.gov     , mu2egrid exit status:   0 TrigReport Events total = 2000000 passed = 10990 failed = 1989010
   196 : section 00108  was running on murat-31676882-108-fnpc9033.fnal.gov     , mu2egrid exit status:   0 TrigReport Events total = 2000000 passed = 11195 failed = 1988805
   197 : section 00024  was running on murat-31676882-24-fnpc17122.fnal.gov     , mu2egrid exit status:   0 TrigReport Events total = 2000000 passed = 10964 failed = 1989036
   198 : section 00172  was running on murat-31676882-172-fnpc9057.fnal.gov     , mu2egrid exit status:   0 TrigReport Events total = 2000000 passed = 11146 failed = 1988854
   199 : section 00116  was running on murat-31676882-116-fnpc19128.fnal.gov    , mu2egrid exit status:   0 TrigReport Events total = 2000000 passed = 10577 failed = 1989423
   200 : section 00144  was running on murat-31676882-144-fnpc17152.fnal.gov    , mu2egrid exit status:   0 TrigReport Events total = 2000000 passed = 10823 failed = 1989177
   201 : section 00185  was running on murat-31676882-185-fnpc19135.fnal.gov    , mu2egrid exit status:   0 TrigReport Events total = 2000000 passed = 10947 failed = 1989053
   202 : section 00169  was running on murat-31676882-169-fnpc9038.fnal.gov     , mu2egrid exit status:   0 TrigReport Events total = 2000000 passed = 11347 failed = 1988653
   203 : section 00223  was running on murat-31676882-223-fnpc9057.fnal.gov     , mu2egrid exit status:   0 TrigReport Events total = 2000000 passed = 11073 failed = 1988927
   204 : section 00245  was running on murat-31676882-245-fnpc19135.fnal.gov    , mu2egrid exit status:   0 TrigReport Events total = 2000000 passed = 11423 failed = 1988577
   205 : section 00278  was running on murat-31676882-278-fnpc9028.fnal.gov     , mu2egrid exit status:   0 TrigReport Events total = 2000000 passed = 11186 failed = 1988814
   206 : section 00413  was running on murat-31676882-413-fnpc19135.fnal.gov    , mu2egrid exit status:   0 TrigReport Events total = 2000000 passed = 11074 failed = 1988926
   207 : section 00440  was running on murat-31676882-440-fnpc19135.fnal.gov    , mu2egrid exit status:   0 TrigReport Events total = 2000000 passed = 11349 failed = 1988651
   208 : section 00206  was running on murat-31676882-206-fnpc19135.fnal.gov    , mu2egrid exit status:   0 TrigReport Events total = 2000000 passed = 11582 failed = 1988418
   209 : section 00227  was running on murat-31676882-227-fnpc19135.fnal.gov    , mu2egrid exit status:   0 TrigReport Events total = 2000000 passed = 11068 failed = 1988932
   210 : section 00253  was running on murat-31676882-253-fnpc19135.fnal.gov    , mu2egrid exit status:   0 TrigReport Events total = 2000000 passed = 10924 failed = 1989076
   211 : section 00392  was running on murat-31676882-392-fnpc19136.fnal.gov    , mu2egrid exit status:   0 TrigReport Events total = 2000000 passed = 11336 failed = 1988664
   212 : section 00036  was running on murat-31676882-36-fnpc9042.fnal.gov      , mu2egrid exit status:   0 TrigReport Events total = 2000000 passed = 11029 failed = 1988971
   213 : section 00398  was running on murat-31676882-398-fnpc19135.fnal.gov    , mu2egrid exit status:   0 TrigReport Events total = 2000000 passed = 11345 failed = 1988655
   214 : section 00453  was running on murat-31676882-453-fnpc19135.fnal.gov    , mu2egrid exit status:   0 TrigReport Events total = 2000000 passed = 10546 failed = 1989454
   215 : section 00370  was running on murat-31676882-370-fnpc19139.fnal.gov    , mu2egrid exit status:   0 TrigReport Events total = 2000000 passed = 11094 failed = 1988906
   216 : section 00452  was running on murat-31676882-452-fnpc19135.fnal.gov    , mu2egrid exit status:   0 TrigReport Events total = 2000000 passed = 11194 failed = 1988806
   217 : section 00118  was running on murat-31676882-118-fnpc9042.fnal.gov     , mu2egrid exit status:   0 TrigReport Events total = 2000000 passed = 10894 failed = 1989106
   218 : section 00433  was running on murat-31676882-433-fnpc19135.fnal.gov    , mu2egrid exit status:   0 TrigReport Events total = 2000000 passed = 11112 failed = 1988888
   219 : section 00224  was running on murat-31676882-224-fnpc19140.fnal.gov    , mu2egrid exit status:   0 TrigReport Events total = 2000000 passed = 10983 failed = 1989017
   220 : section 00443  was running on murat-31676882-443-fnpc19135.fnal.gov    , mu2egrid exit status:   0 TrigReport Events total = 2000000 passed = 11210 failed = 1988790
   221 : section 00075  was running on murat-31676882-75-fnpc9042.fnal.gov      , mu2egrid exit status:   0 TrigReport Events total = 2000000 passed = 11375 failed = 1988625
   222 : section 00404  was running on murat-31676882-404-fnpc19135.fnal.gov    , mu2egrid exit status:   0 TrigReport Events total = 2000000 passed = 11118 failed = 1988882
   223 : section 00247  was running on murat-31676882-247-fnpc19135.fnal.gov    , mu2egrid exit status:   0 TrigReport Events total = 2000000 passed = 11018 failed = 1988982
   224 : section 00419  was running on murat-31676882-419-fnpc19135.fnal.gov    , mu2egrid exit status:   0 TrigReport Events total = 2000000 passed = 10998 failed = 1989002
   225 : section 00435  was running on murat-31676882-435-fnpc19135.fnal.gov    , mu2egrid exit status:   0 TrigReport Events total = 2000000 passed = 10898 failed = 1989102
   226 : section 00450  was running on murat-31676882-450-fnpc19135.fnal.gov    , mu2egrid exit status:   0 TrigReport Events total = 2000000 passed = 11247 failed = 1988753
   227 : section 00211  was running on murat-31676882-211-fnpc19135.fnal.gov    , mu2egrid exit status:   0 TrigReport Events total = 2000000 passed = 11212 failed = 1988788
   228 : section 00248  was running on murat-31676882-248-fnpc19135.fnal.gov    , mu2egrid exit status:   0 TrigReport Events total = 2000000 passed = 11356 failed = 1988644
   229 : section 00441  was running on murat-31676882-441-fnpc19135.fnal.gov    , mu2egrid exit status:   0 TrigReport Events total = 2000000 passed = 10828 failed = 1989172
   230 : section 00251  was running on murat-31676882-251-fnpc19135.fnal.gov    , mu2egrid exit status:   0 TrigReport Events total = 2000000 passed = 11161 failed = 1988839
   231 : section 00288  was running on murat-31676882-288-fnpc17157.fnal.gov    , mu2egrid exit status:   0 TrigReport Events total = 2000000 passed = 11093 failed = 1988907
   232 : section 00237  was running on murat-31676882-237-fnpc19135.fnal.gov    , mu2egrid exit status:   0 TrigReport Events total = 2000000 passed = 11071 failed = 1988929
   233 : section 00425  was running on murat-31676882-425-fnpc19135.fnal.gov    , mu2egrid exit status:   0 TrigReport Events total = 2000000 passed = 11052 failed = 1988948
   234 : section 00129  was running on murat-31676882-129-fnpc19135.fnal.gov    , mu2egrid exit status:   0 TrigReport Events total = 2000000 passed = 11110 failed = 1988890
   235 : section 00243  was running on murat-31676882-243-fnpc19135.fnal.gov    , mu2egrid exit status:   0 TrigReport Events total = 2000000 passed = 10843 failed = 1989157
   236 : section 00472  was running on murat-31676882-472-fnpc9042.fnal.gov     , mu2egrid exit status:   0 TrigReport Events total = 2000000 passed = 11268 failed = 1988732
   237 : section 00361  was running on murat-31676882-361-fnpc19135.fnal.gov    , mu2egrid exit status:   0 TrigReport Events total = 2000000 passed = 10901 failed = 1989099
   238 : section 00448  was running on murat-31676882-448-fnpc19135.fnal.gov    , mu2egrid exit status:   0 TrigReport Events total = 2000000 passed = 10751 failed = 1989249
   239 : section 00281  was running on murat-31676882-281-fnpc9002.fnal.gov     , mu2egrid exit status:   0 TrigReport Events total = 2000000 passed = 11406 failed = 1988594
   240 : section 00139  was running on murat-31676882-139-fnpc17128.fnal.gov    , mu2egrid exit status:   0 TrigReport Events total = 2000000 passed = 11241 failed = 1988759
   241 : section 00140  was running on murat-31676882-140-fnpc19139.fnal.gov    , mu2egrid exit status:   0 TrigReport Events total = 2000000 passed = 10919 failed = 1989081
   242 : section 00447  was running on murat-31676882-447-fnpc19135.fnal.gov    , mu2egrid exit status:   0 TrigReport Events total = 2000000 passed = 11286 failed = 1988714
   243 : section 00289  was running on murat-31676882-289-fnpc9057.fnal.gov     , mu2egrid exit status:   0 TrigReport Events total = 2000000 passed = 10856 failed = 1989144
   244 : section 00382  was running on murat-31676882-382-fnpc17155.fnal.gov    , mu2egrid exit status:   0 TrigReport Events total = 2000000 passed = 11242 failed = 1988758
   245 : section 00474  was running on murat-31676882-474-fnpc9055.fnal.gov     , mu2egrid exit status:   0 TrigReport Events total = 2000000 passed = 11305 failed = 1988695
   246 : section 00217  was running on murat-31676882-217-fnpc19135.fnal.gov    , mu2egrid exit status:   0 TrigReport Events total = 2000000 passed = 10943 failed = 1989057
   247 : section 00049  was running on murat-31676882-49-fnpc19106.fnal.gov     , mu2egrid exit status:   0 TrigReport Events total = 2000000 passed = 11176 failed = 1988824
   248 : section 00178  was running on murat-31676882-178-fnpc19101.fnal.gov    , mu2egrid exit status:   0 TrigReport Events total = 2000000 passed = 11181 failed = 1988819
   249 : section 00477  was running on murat-31676882-477-fnpc9050.fnal.gov     , mu2egrid exit status:   0 TrigReport Events total = 2000000 passed = 11231 failed = 1988769
   250 : section 00287  was running on murat-31676882-287-fnpc9021.fnal.gov     , mu2egrid exit status:   0 TrigReport Events total = 2000000 passed = 10811 failed = 1989189
   251 : section 00197  was running on murat-31676882-197-fnpc19101.fnal.gov    , mu2egrid exit status:   0 TrigReport Events total = 2000000 passed = 10981 failed = 1989019
   252 : section 00471  was running on murat-31676882-471-fnpc9061.fnal.gov     , mu2egrid exit status:   0 TrigReport Events total = 2000000 passed = 10876 failed = 1989124
   253 : section 00254  was running on murat-31676882-254-fnpc19135.fnal.gov    , mu2egrid exit status:   0 TrigReport Events total = 2000000 passed = 10937 failed = 1989063
   254 : section 00084  was running on murat-31676882-84-fnpc17137.fnal.gov     , mu2egrid exit status:   0 TrigReport Events total = 2000000 passed = 11231 failed = 1988769
   255 : section 00109  was running on murat-31676882-109-fnpc17137.fnal.gov    , mu2egrid exit status:   0 TrigReport Events total = 2000000 passed = 11131 failed = 1988869
   256 : section 00380  was running on murat-31676882-380-fnpc9057.fnal.gov     , mu2egrid exit status:   0 TrigReport Events total = 2000000 passed = 10869 failed = 1989131
   257 : section 00438  was running on murat-31676882-438-fnpc17155.fnal.gov    , mu2egrid exit status:   0 TrigReport Events total = 2000000 passed = 11262 failed = 1988738
   258 : section 00072  was running on murat-31676882-72-fnpc17137.fnal.gov     , mu2egrid exit status:   0 TrigReport Events total = 2000000 passed = 11358 failed = 1988642
   259 : section 00330  was running on murat-31676882-330-fnpc9021.fnal.gov     , mu2egrid exit status:   0 TrigReport Events total = 2000000 passed = 10981 failed = 1989019
   260 : section 00276  was running on murat-31676882-276-fnpc17155.fnal.gov    , mu2egrid exit status:   0 TrigReport Events total = 2000000 passed = 10980 failed = 1989020
   261 : section 00083  was running on murat-31676882-83-fnpc19135.fnal.gov     , mu2egrid exit status:   0 TrigReport Events total = 2000000 passed = 11185 failed = 1988815
   262 : section 00158  was running on murat-31676882-158-fnpc17109.fnal.gov    , mu2egrid exit status:   0 TrigReport Events total = 2000000 passed = 11159 failed = 1988841
   263 : section 00074  was running on murat-31676882-74-fnpc19135.fnal.gov     , mu2egrid exit status:   0 TrigReport Events total = 2000000 passed = 10897 failed = 1989103
   264 : section 00100  was running on murat-31676882-100-fnpc19135.fnal.gov    , mu2egrid exit status:   0 TrigReport Events total = 2000000 passed = 10951 failed = 1989049
   265 : section 00088  was running on murat-31676882-88-fnpc19135.fnal.gov     , mu2egrid exit status:   0 TrigReport Events total = 2000000 passed = 11019 failed = 1988981
   266 : section 00379  was running on murat-31676882-379-fnpc19114.fnal.gov    , mu2egrid exit status:   0 TrigReport Events total = 2000000 passed = 10980 failed = 1989020
   267 : section 00112  was running on murat-31676882-112-fnpc19135.fnal.gov    , mu2egrid exit status:   0 TrigReport Events total = 2000000 passed = 10882 failed = 1989118
   268 : section 00113  was running on murat-31676882-113-fnpc19135.fnal.gov    , mu2egrid exit status:   0 TrigReport Events total = 2000000 passed = 11151 failed = 1988849
   269 : section 00122  was running on murat-31676882-122-fnpc19135.fnal.gov    , mu2egrid exit status:   0 TrigReport Events total = 2000000 passed = 10878 failed = 1989122
   270 : section 00067  was running on murat-31676882-67-fnpc19135.fnal.gov     , mu2egrid exit status:   0 TrigReport Events total = 2000000 passed = 10926 failed = 1989074
   271 : section 00484  was running on murat-31676882-484-fnpc9068.fnal.gov     , mu2egrid exit status:   0 TrigReport Events total = 2000000 passed = 10883 failed = 1989117
   272 : section 00275  was running on murat-31676882-275-fnpc17143.fnal.gov    , mu2egrid exit status:   0 TrigReport Events total = 2000000 passed = 11271 failed = 1988729
   273 : section 00411  was running on murat-31676882-411-fnpc17155.fnal.gov    , mu2egrid exit status:   0 TrigReport Events total = 2000000 passed = 10518 failed = 1989482
   274 : section 00097  was running on murat-31676882-97-fnpc19135.fnal.gov     , mu2egrid exit status:   0 TrigReport Events total = 2000000 passed = 10601 failed = 1989399
   275 : section 00034  was running on murat-31676882-34-fnpc9050.fnal.gov      , mu2egrid exit status:   0 TrigReport Events total = 2000000 passed = 11354 failed = 1988646
   276 : section 00117  was running on murat-31676882-117-fnpc19135.fnal.gov    , mu2egrid exit status:   0 TrigReport Events total = 2000000 passed = 11179 failed = 1988821
   277 : section 00162  was running on murat-31676882-162-fnpc9075.fnal.gov     , mu2egrid exit status:   0 TrigReport Events total = 2000000 passed = 11125 failed = 1988875
   278 : section 00432  was running on murat-31676882-432-fnpc17155.fnal.gov    , mu2egrid exit status:   0 TrigReport Events total = 2000000 passed = 10953 failed = 1989047
   279 : section 00345  was running on murat-31676882-345-fnpc19135.fnal.gov    , mu2egrid exit status:   0 TrigReport Events total = 2000000 passed = 11079 failed = 1988921
   280 : section 00252  was running on murat-31676882-252-fnpc19135.fnal.gov    , mu2egrid exit status:   0 TrigReport Events total = 2000000 passed = 11063 failed = 1988937
   281 : section 00198  was running on murat-31676882-198-fnpc19135.fnal.gov    , mu2egrid exit status:   0 TrigReport Events total = 2000000 passed = 11304 failed = 1988696
   282 : section 00409  was running on murat-31676882-409-fnpc17143.fnal.gov    , mu2egrid exit status:   0 TrigReport Events total = 2000000 passed = 10978 failed = 1989022
   283 : section 00128  was running on murat-31676882-128-fnpc19135.fnal.gov    , mu2egrid exit status:   0 TrigReport Events total = 2000000 passed = 10772 failed = 1989228
   284 : section 00428  was running on murat-31676882-428-fnpc17143.fnal.gov    , mu2egrid exit status:   0 TrigReport Events total = 2000000 passed = 10781 failed = 1989219
   285 : section 00235  was running on murat-31676882-235-fnpc19135.fnal.gov    , mu2egrid exit status:   0 TrigReport Events total = 2000000 passed = 11214 failed = 1988786
   286 : section 00241  was running on murat-31676882-241-fnpc19135.fnal.gov    , mu2egrid exit status:   0 TrigReport Events total = 2000000 passed = 11135 failed = 1988865
   287 : section 00375  was running on murat-31676882-375-fnpc19135.fnal.gov    , mu2egrid exit status:   0 TrigReport Events total = 2000000 passed = 11083 failed = 1988917
   288 : section 00095  was running on murat-31676882-95-fnpc19135.fnal.gov     , mu2egrid exit status:   0 TrigReport Events total = 2000000 passed = 10833 failed = 1989167
   289 : section 00327  was running on murat-31676882-327-fnpc19135.fnal.gov    , mu2egrid exit status:   0 TrigReport Events total = 2000000 passed = 11002 failed = 1988998
   290 : section 00250  was running on murat-31676882-250-fnpc19135.fnal.gov    , mu2egrid exit status:   0 TrigReport Events total = 2000000 passed = 10954 failed = 1989046
   291 : section 00022  was running on murat-31676882-22-fnpc9070.fnal.gov      , mu2egrid exit status:   0 TrigReport Events total = 2000000 passed = 11226 failed = 1988774
   292 : section 00354  was running on murat-31676882-354-fnpc17143.fnal.gov    , mu2egrid exit status:   0 TrigReport Events total = 2000000 passed = 11357 failed = 1988643
   293 : section 00033  was running on murat-31676882-33-fnpc9019.fnal.gov      , mu2egrid exit status:   0 TrigReport Events total = 2000000 passed = 11393 failed = 1988607
   294 : section 00222  was running on murat-31676882-222-fnpc19135.fnal.gov    , mu2egrid exit status:   0 TrigReport Events total = 2000000 passed = 11065 failed = 1988935
   295 : section 00437  was running on murat-31676882-437-fnpc19135.fnal.gov    , mu2egrid exit status:   0 TrigReport Events total = 2000000 passed = 10776 failed = 1989224
   296 : section 00274  was running on murat-31676882-274-fnpc17138.fnal.gov    , mu2egrid exit status:   0 TrigReport Events total = 2000000 passed = 10772 failed = 1989228
   297 : section 00341  was running on murat-31676882-341-fnpc17138.fnal.gov    , mu2egrid exit status:   0 TrigReport Events total = 2000000 passed = 10941 failed = 1989059
   298 : section 00226  was running on murat-31676882-226-fnpc19135.fnal.gov    , mu2egrid exit status:   0 TrigReport Events total = 2000000 passed = 11320 failed = 1988680
   299 : section 00008  was running on murat-31676882-8-fnpc17137.fnal.gov      , mu2egrid exit status:   0 TrigReport Events total = 2000000 passed = 11363 failed = 1988637
   300 : section 00086  was running on murat-31676882-86-fnpc9019.fnal.gov      , mu2egrid exit status:   0 TrigReport Events total = 2000000 passed = 11134 failed = 1988866
   301 : section 00313  was running on murat-31676882-313-fnpc9021.fnal.gov     , mu2egrid exit status:   0 TrigReport Events total = 2000000 passed = 10870 failed = 1989130
   302 : section 00451  was running on murat-31676882-451-fnpc19135.fnal.gov    , mu2egrid exit status:   0 TrigReport Events total = 2000000 passed = 10760 failed = 1989240
   303 : section 00292  was running on murat-31676882-292-fnpc19122.fnal.gov    , mu2egrid exit status:   0 TrigReport Events total = 2000000 passed = 11102 failed = 1988898
   304 : section 00436  was running on murat-31676882-436-fnpc17155.fnal.gov    , mu2egrid exit status:   0 TrigReport Events total = 2000000 passed = 11129 failed = 1988871
   305 : section 00442  was running on murat-31676882-442-fnpc19135.fnal.gov    , mu2egrid exit status:   0 TrigReport Events total = 2000000 passed = 11024 failed = 1988976
   306 : section 00272  was running on murat-31676882-272-fnpc17159.fnal.gov    , mu2egrid exit status:   0 TrigReport Events total = 2000000 passed = 11139 failed = 1988861
   307 : section 00446  was running on murat-31676882-446-fnpc19135.fnal.gov    , mu2egrid exit status:   0 TrigReport Events total = 2000000 passed = 11381 failed = 1988619
   308 : section 00431  was running on murat-31676882-431-fnpc19135.fnal.gov    , mu2egrid exit status:   0 TrigReport Events total = 2000000 passed = 11249 failed = 1988751
   309 : section 00304  was running on murat-31676882-304-fnpc19135.fnal.gov    , mu2egrid exit status:   0 TrigReport Events total = 2000000 passed = 10563 failed = 1989437
   310 : section 00389  was running on murat-31676882-389-fnpc19135.fnal.gov    , mu2egrid exit status:   0 TrigReport Events total = 2000000 passed = 10987 failed = 1989013
   311 : section 00444  was running on murat-31676882-444-fnpc19135.fnal.gov    , mu2egrid exit status:   0 TrigReport Events total = 2000000 passed = 10987 failed = 1989013
   312 : section 00449  was running on murat-31676882-449-fnpc19135.fnal.gov    , mu2egrid exit status:   0 TrigReport Events total = 2000000 passed = 11497 failed = 1988503
   313 : section 00445  was running on murat-31676882-445-fnpc19135.fnal.gov    , mu2egrid exit status:   0 TrigReport Events total = 2000000 passed = 11479 failed = 1988521
   314 : section 00439  was running on murat-31676882-439-fnpc19135.fnal.gov    , mu2egrid exit status:   0 TrigReport Events total = 2000000 passed = 11367 failed = 1988633
   315 : section 00434  was running on murat-31676882-434-fnpc17155.fnal.gov    , mu2egrid exit status:   0 TrigReport Events total = 2000000 passed = 11159 failed = 1988841
   316 : section 00125  was running on murat-31676882-125-fnpc19135.fnal.gov    , mu2egrid exit status:   0 TrigReport Events total = 2000000 passed = 11355 failed = 1988645
   317 : section 00255  was running on murat-31676882-255-fnpc19135.fnal.gov    , mu2egrid exit status:   0 TrigReport Events total = 2000000 passed = 10861 failed = 1989139
   318 : section 00026  was running on murat-31676882-26-fnpc17149.fnal.gov     , mu2egrid exit status:   0 TrigReport Events total = 2000000 passed = 11132 failed = 1988868
   319 : section 00462  was running on murat-31676882-462-fnpc9029.fnal.gov     , mu2egrid exit status:   0 TrigReport Events total = 2000000 passed = 11110 failed = 1988890
   320 : section 00164  was running on murat-31676882-164-fnpc17104.fnal.gov    , mu2egrid exit status:   0 TrigReport Events total = 2000000 passed = 11503 failed = 1988497
   321 : section 00458  was running on murat-31676882-458-fnpc9062.fnal.gov     , mu2egrid exit status:   0 TrigReport Events total = 2000000 passed = 11215 failed = 1988785
   322 : section 00393  was running on murat-31676882-393-fnpc19135.fnal.gov    , mu2egrid exit status:   0 TrigReport Events total = 2000000 passed = 10764 failed = 1989236
   323 : section 00467  was running on murat-31676882-467-fnpc9103.fnal.gov     , mu2egrid exit status:   0 TrigReport Events total = 2000000 passed = 10485 failed = 1989515
   324 : section 00156  was running on murat-31676882-156-fnpc17147.fnal.gov    , mu2egrid exit status:   0 TrigReport Events total = 2000000 passed = 11797 failed = 1988203
   325 : section 00473  was running on murat-31676882-473-fnpc9109.fnal.gov     , mu2egrid exit status:   0 TrigReport Events total = 2000000 passed = 10849 failed = 1989151
   326 : section 00027  was running on murat-31676882-27-fnpc9109.fnal.gov      , mu2egrid exit status:   0 TrigReport Events total = 2000000 passed = 11099 failed = 1988901
   327 : section 00412  was running on murat-31676882-412-fnpc9051.fnal.gov     , mu2egrid exit status:   0 TrigReport Events total = 2000000 passed = 10761 failed = 1989239
   328 : section 00465  was running on murat-31676882-465-fnpc9065.fnal.gov     , mu2egrid exit status:   0 TrigReport Events total = 2000000 passed = 11155 failed = 1988845
   329 : section 00013  was running on murat-31676882-13-fnpc17138.fnal.gov     , mu2egrid exit status:   0 TrigReport Events total = 2000000 passed = 11278 failed = 1988722
   330 : section 00270  was running on murat-31676882-270-fnpc9007.fnal.gov     , mu2egrid exit status:   0 TrigReport Events total = 2000000 passed = 11121 failed = 1988879
   331 : section 00032  was running on murat-31676882-32-fnpc9025.fnal.gov      , mu2egrid exit status:   0 TrigReport Events total = 2000000 passed = 11122 failed = 1988878
   332 : section 00039  was running on murat-31676882-39-fnpc9052.fnal.gov      , mu2egrid exit status:   0 TrigReport Events total = 2000000 passed = 10909 failed = 1989091
   333 : section 00386  was running on murat-31676882-386-fnpc9051.fnal.gov     , mu2egrid exit status:   0 TrigReport Events total = 2000000 passed = 11270 failed = 1988730
   334 : section 00256  was running on murat-31676882-256-fnpc8205.fnal.gov     , mu2egrid exit status:   0 TrigReport Events total = 2000000 passed = 10918 failed = 1989082
   335 : section 00096  was running on murat-31676882-96-fnpc9037.fnal.gov      , mu2egrid exit status:   0 TrigReport Events total = 2000000 passed = 10593 failed = 1989407
   336 : section 00110  was running on murat-31676882-110-fnpc9058.fnal.gov     , mu2egrid exit status:   0 TrigReport Events total = 2000000 passed = 10630 failed = 1989370
   337 : section 00127  was running on murat-31676882-127-fnpc9058.fnal.gov     , mu2egrid exit status:   0 TrigReport Events total = 2000000 passed = 11363 failed = 1988637
   338 : section 00155  was running on murat-31676882-155-fnpc9065.fnal.gov     , mu2egrid exit status:   0 TrigReport Events total = 2000000 passed = 11077 failed = 1988923
   339 : section 00001  was running on murat-31676882-1-fnpc7306.fnal.gov       , mu2egrid exit status:   0 TrigReport Events total = 2000000 passed = 11087 failed = 1988913
   340 : section 00207  was running on murat-31676882-207-fnpc9078.fnal.gov     , mu2egrid exit status:   0 TrigReport Events total = 2000000 passed = 11391 failed = 1988609
   341 : section 00259  was running on murat-31676882-259-fnpc17103.fnal.gov    , mu2egrid exit status:   0 TrigReport Events total = 2000000 passed = 10827 failed = 1989173
   342 : section 00205  was running on murat-31676882-205-fnpc17104.fnal.gov    , mu2egrid exit status:   0 TrigReport Events total = 2000000 passed = 10864 failed = 1989136
   343 : section 00028  was running on murat-31676882-28-fnpc9037.fnal.gov      , mu2egrid exit status:   0 TrigReport Events total = 2000000 passed = 10945 failed = 1989055
   344 : section 00468  was running on murat-31676882-468-fnpc9104.fnal.gov     , mu2egrid exit status:   0 TrigReport Events total = 2000000 passed = 10793 failed = 1989207
   345 : section 00009  was running on murat-31676882-9-fnpc17135.fnal.gov      , mu2egrid exit status:   0 TrigReport Events total = 2000000 passed = 10832 failed = 1989168
   346 : section 00166  was running on murat-31676882-166-fnpc17115.fnal.gov    , mu2egrid exit status:   0 TrigReport Events total = 2000000 passed = 10776 failed = 1989224
   347 : section 00037  was running on murat-31676882-37-fnpc9058.fnal.gov      , mu2egrid exit status:   0 TrigReport Events total = 2000000 passed = 11069 failed = 1988931
   348 : section 00348  was running on murat-31676882-348-fnpc19136.fnal.gov    , mu2egrid exit status:   0 TrigReport Events total = 2000000 passed = 11455 failed = 1988545
   349 : section 00119  was running on murat-31676882-119-fnpc9013.fnal.gov     , mu2egrid exit status:   0 TrigReport Events total = 2000000 passed = 11225 failed = 1988775
   350 : section 00314  was running on murat-31676882-314-fnpc9051.fnal.gov     , mu2egrid exit status:   0 TrigReport Events total = 2000000 passed = 11044 failed = 1988956
   351 : section 00277  was running on murat-31676882-277-fnpc9051.fnal.gov     , mu2egrid exit status:   0 TrigReport Events total = 2000000 passed = 11177 failed = 1988823
   352 : section 00152  was running on murat-31676882-152-fnpc9058.fnal.gov     , mu2egrid exit status:   0 TrigReport Events total = 2000000 passed = 11557 failed = 1988443
   353 : section 00147  was running on murat-31676882-147-fnpc9058.fnal.gov     , mu2egrid exit status:   0 TrigReport Events total = 2000000 passed = 11380 failed = 1988620
   354 : section 00212  was running on murat-31676882-212-fnpc9078.fnal.gov     , mu2egrid exit status:   0 TrigReport Events total = 2000000 passed = 11167 failed = 1988833
   355 : section 00176  was running on murat-31676882-176-fnpc8202.fnal.gov     , mu2egrid exit status:   0 TrigReport Events total = 2000000 passed = 11394 failed = 1988606
   356 : section 00165  was running on murat-31676882-165-fnpc9078.fnal.gov     , mu2egrid exit status:   0 TrigReport Events total = 2000000 passed = 11091 failed = 1988909
   357 : section 00029  was running on murat-31676882-29-fnpc9013.fnal.gov      , mu2egrid exit status:   0 TrigReport Events total = 2000000 passed = 11618 failed = 1988382
   358 : section 00102  was running on murat-31676882-102-fnpc9013.fnal.gov     , mu2egrid exit status:   0 TrigReport Events total = 2000000 passed = 11235 failed = 1988765
   359 : section 00160  was running on murat-31676882-160-fnpc17145.fnal.gov    , mu2egrid exit status:   0 TrigReport Events total = 2000000 passed = 11171 failed = 1988829
   360 : section 00017  was running on murat-31676882-17-fnpc9101.fnal.gov      , mu2egrid exit status:   0 TrigReport Events total = 2000000 passed = 10977 failed = 1989023
   361 : section 00159  was running on murat-31676882-159-fnpc17129.fnal.gov    , mu2egrid exit status:   0 TrigReport Events total = 2000000 passed = 11263 failed = 1988737
   362 : section 00469  was running on murat-31676882-469-fnpc9106.fnal.gov     , mu2egrid exit status:   0 TrigReport Events total = 2000000 passed = 11318 failed = 1988682
   363 : section 00025  was running on murat-31676882-25-fnpc17132.fnal.gov     , mu2egrid exit status:   0 TrigReport Events total = 2000000 passed = 10929 failed = 1989071
   364 : section 00143  was running on murat-31676882-143-fnpc17120.fnal.gov    , mu2egrid exit status:   0 TrigReport Events total = 2000000 passed = 11463 failed = 1988537
   365 : section 00106  was running on murat-31676882-106-fnpc17132.fnal.gov    , mu2egrid exit status:   0 TrigReport Events total = 2000000 passed = 11258 failed = 1988742
   366 : section 00319  was running on murat-31676882-319-fnpc9106.fnal.gov     , mu2egrid exit status:   0 TrigReport Events total = 2000000 passed = 11037 failed = 1988963
   367 : section 00016  was running on murat-31676882-16-fnpc8026.fnal.gov      , mu2egrid exit status:   0 TrigReport Events total = 2000000 passed = 11233 failed = 1988767
   368 : section 00005  was running on murat-31676882-5-fnpc8208.fnal.gov       , mu2egrid exit status:   0 TrigReport Events total = 2000000 passed = 10837 failed = 1989163
   369 : section 00280  was running on murat-31676882-280-fnpc9106.fnal.gov     , mu2egrid exit status:   0 TrigReport Events total = 2000000 passed = 11307 failed = 1988693
   370 : section 00124  was running on murat-31676882-124-fnpc8026.fnal.gov     , mu2egrid exit status:   0 TrigReport Events total = 2000000 passed = 11424 failed = 1988576
   371 : section 00014  was running on murat-31676882-14-fnpc9029.fnal.gov      , mu2egrid exit status:   0 TrigReport Events total = 2000000 passed = 11107 failed = 1988893
   372 : section 00464  was running on murat-31676882-464-fnpc9101.fnal.gov     , mu2egrid exit status:   0 TrigReport Events total = 2000000 passed = 11073 failed = 1988927
   373 : section 00466  was running on murat-31676882-466-fnpc17129.fnal.gov    , mu2egrid exit status:   0 TrigReport Events total = 2000000 passed = 11326 failed = 1988674
   374 : section 00002  was running on murat-31676882-2-fnpc9023.fnal.gov       , mu2egrid exit status:   0 TrigReport Events total = 2000000 passed = 10687 failed = 1989313
   375 : section 00085  was running on murat-31676882-85-fnpc17132.fnal.gov     , mu2egrid exit status:   0 TrigReport Events total = 2000000 passed = 11087 failed = 1988913
   376 : section 00132  was running on murat-31676882-132-fnpc9008.fnal.gov     , mu2egrid exit status:   0 TrigReport Events total = 2000000 passed = 11520 failed = 1988480
   377 : section 00121  was running on murat-31676882-121-fnpc17132.fnal.gov    , mu2egrid exit status:   0 TrigReport Events total = 2000000 passed = 11178 failed = 1988822
   378 : section 00023  was running on murat-31676882-23-fnpc9008.fnal.gov      , mu2egrid exit status:   0 TrigReport Events total = 2000000 passed = 11481 failed = 1988519
   379 : section 00099  was running on murat-31676882-99-fnpc9009.fnal.gov      , mu2egrid exit status:   0 TrigReport Events total = 2000000 passed = 11072 failed = 1988928
   380 : section 00461  was running on murat-31676882-461-fnpc9006.fnal.gov     , mu2egrid exit status:   0 TrigReport Events total = 2000000 passed = 10977 failed = 1989023
   381 : section 00010  was running on murat-31676882-10-fnpc9006.fnal.gov      , mu2egrid exit status:   0 TrigReport Events total = 2000000 passed = 11053 failed = 1988947
   382 : section 00195  was running on murat-31676882-195-fnpc8014.fnal.gov     , mu2egrid exit status:   0 TrigReport Events total = 2000000 passed = 10792 failed = 1989208
   383 : section 00186  was running on murat-31676882-186-fnpc8025.fnal.gov     , mu2egrid exit status:   0 TrigReport Events total = 2000000 passed = 10785 failed = 1989215
   384 : section 00463  was running on murat-31676882-463-fnpc17131.fnal.gov    , mu2egrid exit status:   0 TrigReport Events total = 2000000 passed = 11209 failed = 1988791
   385 : section 00000  was running on murat-31676882-0-fnpc8013.fnal.gov       , mu2egrid exit status:   0 TrigReport Events total = 2000000 passed = 11237 failed = 1988763
   386 : section 00141  was running on murat-31676882-141-fnpc8014.fnal.gov     , mu2egrid exit status:   0 TrigReport Events total = 2000000 passed = 10785 failed = 1989215
   387 : section 00260  was running on murat-31676882-260-fnpc7207.fnal.gov     , mu2egrid exit status:   0 TrigReport Events total = 2000000 passed = 10850 failed = 1989150
   388 : section 00257  was running on murat-31676882-257-fnpc8017.fnal.gov     , mu2egrid exit status:   0 TrigReport Events total = 2000000 passed = 11336 failed = 1988664
   389 : section 00042  was running on murat-31676882-42-fnpc9001.fnal.gov      , mu2egrid exit status:   0 TrigReport Events total = 2000000 passed = 11237 failed = 1988763
   390 : section 00063  was running on murat-31676882-63-fnpc8208.fnal.gov      , mu2egrid exit status:   0 TrigReport Events total = 2000000 passed = 11346 failed = 1988654
   391 : section 00115  was running on murat-31676882-115-fnpc9008.fnal.gov     , mu2egrid exit status:   0 TrigReport Events total = 2000000 passed = 10616 failed = 1989384
   392 : section 00282  was running on murat-31676882-282-fnpc17141.fnal.gov    , mu2egrid exit status:   0 TrigReport Events total = 2000000 passed = 10713 failed = 1989287
   393 : section 00070  was running on murat-31676882-70-fnpc8013.fnal.gov      , mu2egrid exit status:   0 TrigReport Events total = 2000000 passed = 11036 failed = 1988964
   394 : section 00454  was running on murat-31676882-454-fnpc8019.fnal.gov     , mu2egrid exit status:   0 TrigReport Events total = 2000000 passed = 10967 failed = 1989033
   395 : section 00066  was running on murat-31676882-66-fnpc8024.fnal.gov      , mu2egrid exit status:   0 TrigReport Events total = 2000000 passed = 11095 failed = 1988905
   396 : section 00043  was running on murat-31676882-43-fnpc9009.fnal.gov      , mu2egrid exit status:   0 TrigReport Events total = 2000000 passed = 11295 failed = 1988705
   397 : section 00038  was running on murat-31676882-38-fnpc9054.fnal.gov      , mu2egrid exit status:   0 TrigReport Events total = 2000000 passed = 10968 failed = 1989032
   398 : section 00262  was running on murat-31676882-262-fnpc17130.fnal.gov    , mu2egrid exit status:   0 TrigReport Events total = 2000000 passed = 10919 failed = 1989081
   399 : section 00007  was running on murat-31676882-7-fnpc9102.fnal.gov       , mu2egrid exit status:   0 TrigReport Events total = 2000000 passed = 10853 failed = 1989147
   400 : section 00320  was running on murat-31676882-320-fnpc9107.fnal.gov     , mu2egrid exit status:   0 TrigReport Events total = 2000000 passed = 10934 failed = 1989066
   401 : section 00338  was running on murat-31676882-338-fnpc9107.fnal.gov     , mu2egrid exit status:   0 TrigReport Events total = 2000000 passed = 11209 failed = 1988791
   402 : section 00134  was running on murat-31676882-134-fnpc8025.fnal.gov     , mu2egrid exit status:   0 TrigReport Events total = 2000000 passed = 11058 failed = 1988942
   403 : section 00307  was running on murat-31676882-307-fnpc7207.fnal.gov     , mu2egrid exit status:   0 TrigReport Events total = 2000000 passed = 11185 failed = 1988815
   404 : section 00266  was running on murat-31676882-266-fnpc9071.fnal.gov     , mu2egrid exit status:   0 TrigReport Events total = 2000000 passed = 10735 failed = 1989265
   405 : section 00069  was running on murat-31676882-69-fnpc9102.fnal.gov      , mu2egrid exit status:   0 TrigReport Events total = 2000000 passed = 11213 failed = 1988787
   406 : section 00311  was running on murat-31676882-311-fnpc9107.fnal.gov     , mu2egrid exit status:   0 TrigReport Events total = 2000000 passed = 11141 failed = 1988859
   407 : section 00455  was running on murat-31676882-455-fnpc7206.fnal.gov     , mu2egrid exit status:   0 TrigReport Events total = 2000000 passed = 11518 failed = 1988482
   408 : section 00264  was running on murat-31676882-264-fnpc9107.fnal.gov     , mu2egrid exit status:   0 TrigReport Events total = 2000000 passed = 10809 failed = 1989191
   409 : section 00263  was running on murat-31676882-263-fnpc9108.fnal.gov     , mu2egrid exit status:   0 TrigReport Events total = 2000000 passed = 10736 failed = 1989264
   410 : section 00283  was running on murat-31676882-283-fnpc9001.fnal.gov     , mu2egrid exit status:   0 TrigReport Events total = 2000000 passed = 11331 failed = 1988669
   411 : section 00456  was running on murat-31676882-456-fnpc17142.fnal.gov    , mu2egrid exit status:   0 TrigReport Events total = 2000000 passed = 11397 failed = 1988603
   412 : section 00265  was running on murat-31676882-265-fnpc17110.fnal.gov    , mu2egrid exit status:   0 TrigReport Events total = 2000000 passed = 11324 failed = 1988676
   413 : section 00261  was running on murat-31676882-261-fnpc8015.fnal.gov     , mu2egrid exit status:   0 TrigReport Events total = 2000000 passed = 11350 failed = 1988650
   414 : section 00269  was running on murat-31676882-269-fnpc9059.fnal.gov     , mu2egrid exit status:   0 TrigReport Events total = 2000000 passed = 10947 failed = 1989053
   415 : section 00031  was running on murat-31676882-31-fnpc9003.fnal.gov      , mu2egrid exit status:   0 TrigReport Events total = 2000000 passed = 11187 failed = 1988813
   416 : section 00006  was running on murat-31676882-6-fnpc7201.fnal.gov       , mu2egrid exit status:   0 TrigReport Events total = 2000000 passed = 10938 failed = 1989062
   417 : section 00015  was running on murat-31676882-15-fnpc8022.fnal.gov      , mu2egrid exit status:   0 TrigReport Events total = 2000000 passed = 11339 failed = 1988661
   418 : section 00258  was running on murat-31676882-258-fnpc8004.fnal.gov     , mu2egrid exit status:   0 TrigReport Events total = 2000000 passed = 11097 failed = 1988903
   419 : section 00011  was running on murat-31676882-11-fnpc17133.fnal.gov     , mu2egrid exit status:   0 TrigReport Events total = 2000000 passed = 10984 failed = 1989016
   420 : section 00154  was running on murat-31676882-154-fnpc17159.fnal.gov    , mu2egrid exit status:   0 TrigReport Events total = 2000000 passed = 10741 failed = 1989259
   421 : section 00457  was running on murat-31676882-457-fnpc8020.fnal.gov     , mu2egrid exit status:   0 TrigReport Events total = 2000000 passed = 11041 failed = 1988959
   422 : section 00012  was running on murat-31676882-12-fnpc8001.fnal.gov      , mu2egrid exit status:   0 TrigReport Events total = 2000000 passed = 11181 failed = 1988819
   423 : section 00138  was running on murat-31676882-138-fnpc8006.fnal.gov     , mu2egrid exit status:   0 TrigReport Events total = 2000000 passed = 11017 failed = 1988983
   424 : section 00460  was running on murat-31676882-460-fnpc9035.fnal.gov     , mu2egrid exit status:   0 TrigReport Events total = 2000000 passed = 11135 failed = 1988865
   425 : section 00003  was running on murat-31676882-3-fnpc8021.fnal.gov       , mu2egrid exit status:   0 TrigReport Events total = 2000000 passed = 11372 failed = 1988628
   426 : section 00336  was running on murat-31676882-336-fnpc17141.fnal.gov    , mu2egrid exit status:   0 TrigReport Events total = 2000000 passed = 11215 failed = 1988785
   427 : section 00414  was running on murat-31676882-414-fnpc17141.fnal.gov    , mu2egrid exit status:   0 TrigReport Events total = 2000000 passed = 11275 failed = 1988725
   428 : section 00394  was running on murat-31676882-394-fnpc17141.fnal.gov    , mu2egrid exit status:   0 TrigReport Events total = 2000000 passed = 11069 failed = 1988931
   429 : section 00315  was running on murat-31676882-315-fnpc17141.fnal.gov    , mu2egrid exit status:   0 TrigReport Events total = 2000000 passed = 11003 failed = 1988997
   430 : section 00421  was running on murat-31676882-421-fnpc17141.fnal.gov    , mu2egrid exit status:   0 TrigReport Events total = 2000000 passed = 11212 failed = 1988788
   431 : section 00334  was running on murat-31676882-334-fnpc17141.fnal.gov    , mu2egrid exit status:   0 TrigReport Events total = 2000000 passed = 11319 failed = 1988681
   432 : section 00356  was running on murat-31676882-356-fnpc17141.fnal.gov    , mu2egrid exit status:   0 TrigReport Events total = 2000000 passed = 11396 failed = 1988604
   433 : section 00401  was running on murat-31676882-401-fnpc17141.fnal.gov    , mu2egrid exit status:   0 TrigReport Events total = 2000000 passed = 11161 failed = 1988839
   434 : section 00407  was running on murat-31676882-407-fnpc17141.fnal.gov    , mu2egrid exit status:   0 TrigReport Events total = 2000000 passed = 11216 failed = 1988784
   435 : section 00374  was running on murat-31676882-374-fnpc17141.fnal.gov    , mu2egrid exit status:   0 TrigReport Events total = 2000000 passed = 10995 failed = 1989005
   436 : section 00388  was running on murat-31676882-388-fnpc17141.fnal.gov    , mu2egrid exit status:   0 TrigReport Events total = 2000000 passed = 11306 failed = 1988694
   437 : section 00365  was running on murat-31676882-365-fnpc17141.fnal.gov    , mu2egrid exit status:   0 TrigReport Events total = 2000000 passed = 10857 failed = 1989143
   438 : section 00479  was running on murat-31676882-479-fnpc6010.fnal.gov     , mu2egrid exit status:   0 TrigReport Events total = 2000000 passed = 11484 failed = 1988516
   439 : section 00482  was running on murat-31676882-482-fnpc7005.fnal.gov     , mu2egrid exit status:   0 TrigReport Events total = 2000000 passed = 10890 failed = 1989110
   440 : section 00161  was running on murat-31676882-161-fnpc6027.fnal.gov     , mu2egrid exit status:   0 TrigReport Events total = 2000000 passed = 11309 failed = 1988691
   441 : section 00040  was running on murat-31676882-40-fnpc6018.fnal.gov      , mu2egrid exit status:   0 TrigReport Events total = 2000000 passed = 11179 failed = 1988821
   442 : section 00483  was running on murat-31676882-483-fnpc7016.fnal.gov     , mu2egrid exit status:   0 TrigReport Events total = 2000000 passed = 11090 failed = 1988910
   443 : section 00268  was running on murat-31676882-268-fnpc5037.fnal.gov     , mu2egrid exit status:   0 TrigReport Events total = 2000000 passed = 11216 failed = 1988784
   444 : section 00476  was running on murat-31676882-476-fnpc6004.fnal.gov     , mu2egrid exit status:   0 TrigReport Events total = 2000000 passed = 10986 failed = 1989014
   445 : section 00188  was running on murat-31676882-188-fnpc6027.fnal.gov     , mu2egrid exit status:   0 TrigReport Events total = 2000000 passed = 11164 failed = 1988836
   446 : section 00187  was running on murat-31676882-187-fnpc5001.fnal.gov     , mu2egrid exit status:   0 TrigReport Events total = 2000000 passed = 11572 failed = 1988428
   447 : section 00286  was running on murat-31676882-286-fnpc7012.fnal.gov     , mu2egrid exit status:   0 TrigReport Events total = 2000000 passed = 10661 failed = 1989339
   448 : section 00133  was running on murat-31676882-133-fnpc7016.fnal.gov     , mu2egrid exit status:   0 TrigReport Events total = 2000000 passed = 11001 failed = 1988999
   449 : section 00312  was running on murat-31676882-312-fnpc5037.fnal.gov     , mu2egrid exit status:   0 TrigReport Events total = 2000000 passed = 11157 failed = 1988843
   450 : section 00163  was running on murat-31676882-163-fnpc6003.fnal.gov     , mu2egrid exit status:   0 TrigReport Events total = 2000000 passed = 11111 failed = 1988889
   451 : section 00071  was running on murat-31676882-71-fnpc5005.fnal.gov      , mu2egrid exit status:   0 TrigReport Events total = 2000000 passed = 10824 failed = 1989176
   452 : section 00285  was running on murat-31676882-285-fnpc6016.fnal.gov     , mu2egrid exit status:   0 TrigReport Events total = 2000000 passed = 11585 failed = 1988415
   453 : section 00062  was running on murat-31676882-62-fnpc5020.fnal.gov      , mu2egrid exit status:   0 TrigReport Events total = 2000000 passed = 11370 failed = 1988630
   454 : section 00018  was running on murat-31676882-18-fnpc5027.fnal.gov      , mu2egrid exit status:   0 TrigReport Events total = 2000000 passed = 11362 failed = 1988638
   455 : section 00279  was running on murat-31676882-279-fnpc7030.fnal.gov     , mu2egrid exit status:   0 TrigReport Events total = 2000000 passed = 10999 failed = 1989001
   456 : section 00019  was running on murat-31676882-19-fnpc5016.fnal.gov      , mu2egrid exit status:   0 TrigReport Events total = 2000000 passed = 11014 failed = 1988986
   457 : section 00459  was running on murat-31676882-459-fnpc5037.fnal.gov     , mu2egrid exit status:   0 TrigReport Events total = 2000000 passed = 11085 failed = 1988915
   458 : section 00157  was running on murat-31676882-157-fnpc5001.fnal.gov     , mu2egrid exit status:   0 TrigReport Events total = 2000000 passed = 10705 failed = 1989295
   459 : section 00470  was running on murat-31676882-470-fnpc6000.fnal.gov     , mu2egrid exit status:   0 TrigReport Events total = 2000000 passed = 10989 failed = 1989011
   460 : section 00030  was running on murat-31676882-30-fnpc7004.fnal.gov      , mu2egrid exit status:   0 TrigReport Events total = 2000000 passed = 10938 failed = 1989062
   461 : section 00199  was running on murat-31676882-199-fnpc6031.fnal.gov     , mu2egrid exit status:   0 TrigReport Events total = 2000000 passed = 11430 failed = 1988570
   462 : section 00284  was running on murat-31676882-284-fnpc6023.fnal.gov     , mu2egrid exit status:   0 TrigReport Events total = 2000000 passed = 11238 failed = 1988762
   463 : section 00020  was running on murat-31676882-20-fnpc5005.fnal.gov      , mu2egrid exit status:   0 TrigReport Events total = 2000000 passed = 10957 failed = 1989043
   464 : section 00271  was running on murat-31676882-271-fnpc5006.fnal.gov     , mu2egrid exit status:   0 TrigReport Events total = 2000000 passed = 10844 failed = 1989156
   465 : section 00035  was running on murat-31676882-35-fnpc6014.fnal.gov      , mu2egrid exit status:   0 TrigReport Events total = 2000000 passed = 10994 failed = 1989006
   466 : section 00047  was running on murat-31676882-47-fnpc7016.fnal.gov      , mu2egrid exit status:   0 TrigReport Events total = 2000000 passed = 10964 failed = 1989036
   467 : section 00171  was running on murat-31676882-171-fnpc7028.fnal.gov     , mu2egrid exit status:   0 TrigReport Events total = 2000000 passed = 11095 failed = 1988905
   468 : section 00220  was running on murat-31676882-220-fnpc6031.fnal.gov     , mu2egrid exit status:   0 TrigReport Events total = 2000000 passed = 11020 failed = 1988980
   469 : section 00273  was running on murat-31676882-273-fnpc5027.fnal.gov     , mu2egrid exit status:   0 TrigReport Events total = 2000000 passed = 11044 failed = 1988956
   470 : section 00089  was running on murat-31676882-89-fnpc7025.fnal.gov      , mu2egrid exit status:   0 TrigReport Events total = 2000000 passed = 11137 failed = 1988863
   471 : section 00153  was running on murat-31676882-153-fnpc7024.fnal.gov     , mu2egrid exit status:   0 TrigReport Events total = 2000000 passed = 11136 failed = 1988864
   472 : section 00481  was running on murat-31676882-481-fnpc7007.fnal.gov     , mu2egrid exit status:   0 TrigReport Events total = 2000000 passed = 11020 failed = 1988980
   473 : section 00004  was running on murat-31676882-4-fnpc5020.fnal.gov       , mu2egrid exit status:   0 TrigReport Events total = 2000000 passed = 10946 failed = 1989054
   474 : section 00213  was running on murat-31676882-213-fnpc6031.fnal.gov     , mu2egrid exit status:   0 TrigReport Events total = 2000000 passed = 10947 failed = 1989053
   475 : section 00041  was running on murat-31676882-41-fnpc7025.fnal.gov      , mu2egrid exit status:   0 TrigReport Events total = 2000000 passed = 11367 failed = 1988633
   476 : section 00478  was running on murat-31676882-478-fnpc6011.fnal.gov     , mu2egrid exit status:   0 TrigReport Events total = 2000000 passed = 10967 failed = 1989033
   477 : section 00131  was running on murat-31676882-131-fnpc7006.fnal.gov     , mu2egrid exit status:   0 TrigReport Events total = 2000000 passed = 10879 failed = 1989121
   478 : section 00234  was running on murat-31676882-234-fnpc6031.fnal.gov     , mu2egrid exit status:   0 TrigReport Events total = 2000000 passed = 11063 failed = 1988937
   479 : section 00168  was running on murat-31676882-168-fnpc6031.fnal.gov     , mu2egrid exit status:   0 TrigReport Events total = 2000000 passed = 10974 failed = 1989026
   480 : section 00239  was running on murat-31676882-239-fnpc6031.fnal.gov     , mu2egrid exit status:   0 TrigReport Events total = 2000000 passed = 11429 failed = 1988571
   481 : section 00230  was running on murat-31676882-230-fnpc6031.fnal.gov     , mu2egrid exit status:   0 TrigReport Events total = 2000000 passed = 11145 failed = 1988855
   482 : section 00167  was running on murat-31676882-167-fnpc7008.fnal.gov     , mu2egrid exit status:   0 TrigReport Events total = 2000000 passed = 11179 failed = 1988821
   483 : section 00480  was running on murat-31676882-480-fnpc6022.fnal.gov     , mu2egrid exit status:   0 TrigReport Events total = 2000000 passed = 11293 failed = 1988707
   484 : section 00059  was running on murat-31676882-59-fnpc7021.fnal.gov      , mu2egrid exit status:   0 TrigReport Events total = 2000000 passed = 11082 failed = 1988918
--------------------------------------------
JOB SUMMARY:
--------------------------------------------
submitted           :   485 sections
output checked      :   485 sections
completed           :   485 sections
staging failures    :     0 sections
completed with rc=0 :   485 sections
mu2e job failed     :     0 sections
