# Sat May 2 23:17:06 CDT 2020
# job output directory: /pnfs/mu2e/scratch/users/murat/workflow/ts_warm_bore.760_1200.gen_50_200000.s1_sim/outstage/31751329
# subdirectory        : /pnfs/mu2e/scratch/users/murat/workflow/ts_warm_bore.760_1200.gen_50_200000.s1_sim/outstage/31751329/00
     0 : section 00000  was running on murat-31751329-0-fnpc7208.fnal.gov       , mu2egrid exit status:   0 TrigReport Events total = 200000 passed = 8735 failed = 191265
     1 : section 00001  was running on murat-31751329-1-fnpc7302.fnal.gov       , mu2egrid exit status:   0 TrigReport Events total = 200000 passed = 8792 failed = 191208
     2 : section 00002  was running on murat-31751329-2-fnpc7306.fnal.gov       , mu2egrid exit status:   0 TrigReport Events total = 200000 passed = 8762 failed = 191238
     3 : section 00003  was running on murat-31751329-3-fnpc7209.fnal.gov       , mu2egrid exit status:   0 TrigReport Events total = 200000 passed = 8766 failed = 191234
     4 : section 00004  was running on murat-31751329-4-fnpc7210.fnal.gov       , mu2egrid exit status:   0 TrigReport Events total = 200000 passed = 8701 failed = 191299
     5 : section 00005  was running on murat-31751329-5-fnpc8012.fnal.gov       , mu2egrid exit status:   0 TrigReport Events total = 200000 passed = 8842 failed = 191158
     6 : section 00006  was running on murat-31751329-6-fnpc17144.fnal.gov      , mu2egrid exit status:   0 TrigReport Events total = 200000 passed = 8729 failed = 191271
     7 : section 00007  was running on murat-31751329-7-fnpc7212.fnal.gov       , mu2egrid exit status:   0 TrigReport Events total = 200000 passed = 8621 failed = 191379
     8 : section 00008  was running on murat-31751329-8-fnpc17120.fnal.gov      , mu2egrid exit status:   0 TrigReport Events total = 200000 passed = 8822 failed = 191178
     9 : section 00009  was running on murat-31751329-9-fnpc8025.fnal.gov       , mu2egrid exit status:   0 TrigReport Events total = 200000 passed = 8772 failed = 191228
    10 : section 00010  was running on murat-31751329-10-fnpc7206.fnal.gov      , mu2egrid exit status:   0 TrigReport Events total = 200000 passed = 8840 failed = 191160
    11 : section 00011  was running on murat-31751329-11-fnpc8017.fnal.gov      , mu2egrid exit status:   0 TrigReport Events total = 200000 passed = 8698 failed = 191302
    12 : section 00012  was running on murat-31751329-12-fnpc9049.fnal.gov      , mu2egrid exit status:   0 TrigReport Events total = 200000 passed = 8754 failed = 191246
    13 : section 00013  was running on murat-31751329-13-fnpc8015.fnal.gov      , mu2egrid exit status:   0 TrigReport Events total = 200000 passed = 8840 failed = 191160
    14 : section 00014  was running on murat-31751329-14-fnpc5020.fnal.gov      , mu2egrid exit status:   0 TrigReport Events total = 200000 passed = 8900 failed = 191100
    15 : section 00015  was running on murat-31751329-15-fnpc8022.fnal.gov      , mu2egrid exit status:   0 TrigReport Events total = 200000 passed = 8743 failed = 191257
    16 : section 00016  was running on murat-31751329-16-fnpc5018.fnal.gov      , mu2egrid exit status:   0 TrigReport Events total = 200000 passed = 8748 failed = 191252
    17 : section 00017  was running on murat-31751329-17-fnpc8027.fnal.gov      , mu2egrid exit status:   0 TrigReport Events total = 200000 passed = 8653 failed = 191347
    18 : section 00018  was running on murat-31751329-18-fnpc8013.fnal.gov      , mu2egrid exit status:   0 TrigReport Events total = 200000 passed = 8735 failed = 191265
    19 : section 00019  was running on murat-31751329-19-fnpc7021.fnal.gov      , mu2egrid exit status:   0 TrigReport Events total = 200000 passed = 8453 failed = 191547
    20 : section 00020  was running on murat-31751329-20-fnpc8004.fnal.gov      , mu2egrid exit status:   0 TrigReport Events total = 200000 passed = 8830 failed = 191170
    21 : section 00021  was running on murat-31751329-21-fnpc9038.fnal.gov      , mu2egrid exit status:   0 TrigReport Events total = 200000 passed = 8961 failed = 191039
    22 : section 00022  was running on murat-31751329-22-fnpc9051.fnal.gov      , mu2egrid exit status:   0 TrigReport Events total = 200000 passed = 8828 failed = 191172
    23 : section 00023  was running on murat-31751329-23-fnpc5016.fnal.gov      , mu2egrid exit status:   0 TrigReport Events total = 200000 passed = 8896 failed = 191104
    24 : section 00024  was running on murat-31751329-24-fnpc5002.fnal.gov      , mu2egrid exit status:   0 TrigReport Events total = 200000 passed = 8912 failed = 191088
    25 : section 00025  was running on murat-31751329-25-fnpc17122.fnal.gov     , mu2egrid exit status:   0 TrigReport Events total = 200000 passed = 8741 failed = 191259
    26 : section 00026  was running on murat-31751329-26-fnpc17119.fnal.gov     , mu2egrid exit status:   0 TrigReport Events total = 200000 passed = 8779 failed = 191221
    27 : section 00027  was running on murat-31751329-27-fnpc9049.fnal.gov      , mu2egrid exit status:   0 TrigReport Events total = 200000 passed = 8822 failed = 191178
    28 : section 00028  was running on murat-31751329-28-fnpc17151.fnal.gov     , mu2egrid exit status:   0 TrigReport Events total = 200000 passed = 8862 failed = 191138
    29 : section 00029  was running on murat-31751329-29-fnpc9105.fnal.gov      , mu2egrid exit status:   0 TrigReport Events total = 200000 passed = 8995 failed = 191005
    30 : section 00030  was running on murat-31751329-30-fnpc17147.fnal.gov     , mu2egrid exit status:   0 TrigReport Events total = 200000 passed = 8819 failed = 191181
    31 : section 00031  was running on murat-31751329-31-fnpc9002.fnal.gov      , mu2egrid exit status:   0 TrigReport Events total = 200000 passed = 8769 failed = 191231
    32 : section 00032  was running on murat-31751329-32-fnpc7028.fnal.gov      , mu2egrid exit status:   0 TrigReport Events total = 200000 passed = 8755 failed = 191245
    33 : section 00033  was running on murat-31751329-33-fnpc17158.fnal.gov     , mu2egrid exit status:   0 TrigReport Events total = 200000 passed = 8874 failed = 191126
    34 : section 00034  was running on murat-31751329-34-fnpc9032.fnal.gov      , mu2egrid exit status:   0 TrigReport Events total = 200000 passed = 8822 failed = 191178
    35 : section 00035  was running on murat-31751329-35-fnpc9072.fnal.gov      , mu2egrid exit status:   0 TrigReport Events total = 200000 passed = 8598 failed = 191402
    36 : section 00036  was running on murat-31751329-36-fnpc9057.fnal.gov      , mu2egrid exit status:   0 TrigReport Events total = 200000 passed = 8754 failed = 191246
    37 : section 00037  was running on murat-31751329-37-fnpc17149.fnal.gov     , mu2egrid exit status:   0 TrigReport Events total = 200000 passed = 8630 failed = 191370
    38 : section 00038  was running on murat-31751329-38-fnpc9055.fnal.gov      , mu2egrid exit status:   0 TrigReport Events total = 200000 passed = 8824 failed = 191176
    39 : section 00039  was running on murat-31751329-39-fnpc9103.fnal.gov      , mu2egrid exit status:   0 TrigReport Events total = 200000 passed = 8836 failed = 191164
    40 : section 00040  was running on murat-31751329-40-fnpc17104.fnal.gov     , mu2egrid exit status:   0 TrigReport Events total = 200000 passed = 8667 failed = 191333
    41 : section 00041  was running on murat-31751329-41-fnpc17157.fnal.gov     , mu2egrid exit status:   0 TrigReport Events total = 200000 passed = 8709 failed = 191291
    42 : section 00042  was running on murat-31751329-42-fnpc9071.fnal.gov      , mu2egrid exit status:   0 TrigReport Events total = 200000 passed = 8871 failed = 191129
    43 : section 00043  was running on murat-31751329-43-fnpc17115.fnal.gov     , mu2egrid exit status:   0 TrigReport Events total = 200000 passed = 8851 failed = 191149
    44 : section 00044  was running on murat-31751329-44-fnpc9019.fnal.gov      , mu2egrid exit status:   0 TrigReport Events total = 200000 passed = 8702 failed = 191298
    45 : section 00045  was running on murat-31751329-45-fnpc9024.fnal.gov      , mu2egrid exit status:   0 TrigReport Events total = 200000 passed = 8888 failed = 191112
    46 : section 00046  was running on murat-31751329-46-fnpc17111.fnal.gov     , mu2egrid exit status:   0 TrigReport Events total = 200000 passed = 8739 failed = 191261
    47 : section 00047  was running on murat-31751329-47-fnpc17121.fnal.gov     , mu2egrid exit status:   0 TrigReport Events total = 200000 passed = 8820 failed = 191180
    48 : section 00048  was running on murat-31751329-48-fnpc9033.fnal.gov      , mu2egrid exit status:   0 TrigReport Events total = 200000 passed = 8934 failed = 191066
    49 : section 00049  was running on murat-31751329-49-fnpc17129.fnal.gov     , mu2egrid exit status:   0 TrigReport Events total = 200000 passed = 8759 failed = 191241
--------------------------------------------
JOB SUMMARY:
--------------------------------------------
submitted           :    50 sections
output checked      :    50 sections
completed           :    50 sections
staging failures    :     0 sections
completed with rc=0 :    50 sections
mu2e job failed     :     0 sections
