# Sat May 2 23:33:34 CDT 2020
# job output directory: /pnfs/mu2e/scratch/users/murat/workflow/ts_warm_bore.760_1100.gen_50_200000.s1_sim/outstage/31751309
# subdirectory        : /pnfs/mu2e/scratch/users/murat/workflow/ts_warm_bore.760_1100.gen_50_200000.s1_sim/outstage/31751309/00
     0 : section 00000  was running on murat-31751309-0-fnpc7211.fnal.gov       , mu2egrid exit status:   0 TrigReport Events total = 200000 passed = 8464 failed = 191536
     1 : section 00001  was running on murat-31751309-1-fnpc7208.fnal.gov       , mu2egrid exit status:   0 TrigReport Events total = 200000 passed = 8506 failed = 191494
     2 : section 00002  was running on murat-31751309-2-fnpc8208.fnal.gov       , mu2egrid exit status:   0 TrigReport Events total = 200000 passed = 8575 failed = 191425
     3 : section 00003  was running on murat-31751309-3-fnpc7301.fnal.gov       , mu2egrid exit status:   0 TrigReport Events total = 200000 passed = 8556 failed = 191444
     4 : section 00004  was running on murat-31751309-4-fnpc17144.fnal.gov      , mu2egrid exit status:   0 TrigReport Events total = 200000 passed = 8389 failed = 191611
     5 : section 00005  was running on murat-31751309-5-fnpc7202.fnal.gov       , mu2egrid exit status:   0 TrigReport Events total = 200000 passed = 8426 failed = 191574
     6 : section 00006  was running on murat-31751309-6-fnpc8205.fnal.gov       , mu2egrid exit status:   0 TrigReport Events total = 200000 passed = 8593 failed = 191407
     7 : section 00007  was running on murat-31751309-7-fnpc7206.fnal.gov       , mu2egrid exit status:   0 TrigReport Events total = 200000 passed = 8497 failed = 191503
     8 : section 00008  was running on murat-31751309-8-fnpc17152.fnal.gov      , mu2egrid exit status:   0 TrigReport Events total = 200000 passed = 8432 failed = 191568
     9 : section 00009  was running on murat-31751309-9-fnpc17150.fnal.gov      , mu2egrid exit status:   0 TrigReport Events total = 200000 passed = 8519 failed = 191481
    10 : section 00010  was running on murat-31751309-10-fnpc17125.fnal.gov     , mu2egrid exit status:   0 TrigReport Events total = 200000 passed = 8534 failed = 191466
    11 : section 00011  was running on murat-31751309-11-fnpc8011.fnal.gov      , mu2egrid exit status:   0 TrigReport Events total = 200000 passed = 8566 failed = 191434
    12 : section 00012  was running on murat-31751309-12-fnpc8014.fnal.gov      , mu2egrid exit status:   0 TrigReport Events total = 200000 passed = 8414 failed = 191586
    13 : section 00013  was running on murat-31751309-13-fnpc8001.fnal.gov      , mu2egrid exit status:   0 TrigReport Events total = 200000 passed = 8520 failed = 191480
    14 : section 00014  was running on murat-31751309-14-fnpc17127.fnal.gov     , mu2egrid exit status:   0 TrigReport Events total = 200000 passed = 8399 failed = 191601
    15 : section 00015  was running on murat-31751309-15-fnpc8020.fnal.gov      , mu2egrid exit status:   0 TrigReport Events total = 200000 passed = 8495 failed = 191505
    16 : section 00017  was running on murat-31751309-17-fnpc8027.fnal.gov      , mu2egrid exit status:   0 TrigReport Events total = 200000 passed = 8584 failed = 191416
    17 : section 00018  was running on murat-31751309-18-fnpc9016.fnal.gov      , mu2egrid exit status:   0 TrigReport Events total = 200000 passed = 8506 failed = 191494
    18 : section 00019  was running on murat-31751309-19-fnpc8208.fnal.gov      , mu2egrid exit status:   0 TrigReport Events total = 200000 passed = 8395 failed = 191605
    19 : section 00020  was running on murat-31751309-20-fnpc8024.fnal.gov      , mu2egrid exit status:   0 TrigReport Events total = 200000 passed = 8504 failed = 191496
    20 : section 00021  was running on murat-31751309-21-fnpc8015.fnal.gov      , mu2egrid exit status:   0 TrigReport Events total = 200000 passed = 8510 failed = 191490
    21 : section 00022  was running on murat-31751309-22-fnpc8005.fnal.gov      , mu2egrid exit status:   0 TrigReport Events total = 200000 passed = 8631 failed = 191369
    22 : section 00023  was running on murat-31751309-23-fnpc17136.fnal.gov     , mu2egrid exit status:   0 TrigReport Events total = 200000 passed = 8623 failed = 191377
    23 : section 00024  was running on murat-31751309-24-fnpc5036.fnal.gov      , mu2egrid exit status:   0 TrigReport Events total = 200000 passed = 8562 failed = 191438
    24 : section 00025  was running on murat-31751309-25-fnpc8022.fnal.gov      , mu2egrid exit status:   0 TrigReport Events total = 200000 passed = 8585 failed = 191415
    25 : section 00026  was running on murat-31751309-26-fnpc8009.fnal.gov      , mu2egrid exit status:   0 TrigReport Events total = 200000 passed = 8344 failed = 191656
    26 : section 00027  was running on murat-31751309-27-fnpc17145.fnal.gov     , mu2egrid exit status:   0 TrigReport Events total = 200000 passed = 8579 failed = 191421
    27 : section 00028  was running on murat-31751309-28-fnpc17146.fnal.gov     , mu2egrid exit status:   0 TrigReport Events total = 200000 passed = 8448 failed = 191552
    28 : section 00029  was running on murat-31751309-29-fnpc8019.fnal.gov      , mu2egrid exit status:   0 TrigReport Events total = 200000 passed = 8474 failed = 191526
    29 : section 00030  was running on murat-31751309-30-fnpc5005.fnal.gov      , mu2egrid exit status:   0 TrigReport Events total = 200000 passed = 8413 failed = 191587
    30 : section 00031  was running on murat-31751309-31-fnpc9013.fnal.gov      , mu2egrid exit status:   0 TrigReport Events total = 200000 passed = 8310 failed = 191690
    31 : section 00032  was running on murat-31751309-32-fnpc8205.fnal.gov      , mu2egrid exit status:   0 TrigReport Events total = 200000 passed = 8532 failed = 191468
    32 : section 00033  was running on murat-31751309-33-fnpc17103.fnal.gov     , mu2egrid exit status:   0 TrigReport Events total = 200000 passed = 8609 failed = 191391
    33 : section 00034  was running on murat-31751309-34-fnpc17118.fnal.gov     , mu2egrid exit status:   0 TrigReport Events total = 200000 passed = 8560 failed = 191440
    34 : section 00035  was running on murat-31751309-35-fnpc5028.fnal.gov      , mu2egrid exit status:   0 TrigReport Events total = 200000 passed = 8413 failed = 191587
    35 : section 00036  was running on murat-31751309-36-fnpc9012.fnal.gov      , mu2egrid exit status:   0 TrigReport Events total = 200000 passed = 8494 failed = 191506
    36 : section 00037  was running on murat-31751309-37-fnpc17151.fnal.gov     , mu2egrid exit status:   0 TrigReport Events total = 200000 passed = 8523 failed = 191477
    37 : section 00038  was running on murat-31751309-38-fnpc17119.fnal.gov     , mu2egrid exit status:   0 TrigReport Events total = 200000 passed = 8466 failed = 191534
    38 : section 00039  was running on murat-31751309-39-fnpc17134.fnal.gov     , mu2egrid exit status:   0 TrigReport Events total = 200000 passed = 8619 failed = 191381
    39 : section 00040  was running on murat-31751309-40-fnpc9002.fnal.gov      , mu2egrid exit status:   0 TrigReport Events total = 200000 passed = 8528 failed = 191472
    40 : section 00041  was running on murat-31751309-41-fnpc8004.fnal.gov      , mu2egrid exit status:   0 TrigReport Events total = 200000 passed = 8595 failed = 191405
    41 : section 00042  was running on murat-31751309-42-fnpc8021.fnal.gov      , mu2egrid exit status:   0 TrigReport Events total = 200000 passed = 8397 failed = 191603
    42 : section 00043  was running on murat-31751309-43-fnpc17140.fnal.gov     , mu2egrid exit status:   0 TrigReport Events total = 200000 passed = 8472 failed = 191528
    43 : section 00044  was running on murat-31751309-44-fnpc17132.fnal.gov     , mu2egrid exit status:   0 TrigReport Events total = 200000 passed = 8684 failed = 191316
    44 : section 00045  was running on murat-31751309-45-fnpc9105.fnal.gov      , mu2egrid exit status:   0 TrigReport Events total = 200000 passed = 8595 failed = 191405
    45 : section 00046  was running on murat-31751309-46-fnpc7028.fnal.gov      , mu2egrid exit status:   0 TrigReport Events total = 200000 passed = 8622 failed = 191378
    46 : section 00047  was running on murat-31751309-47-fnpc17130.fnal.gov     , mu2egrid exit status:   0 TrigReport Events total = 200000 passed = 8463 failed = 191537
    47 : section 00048  was running on murat-31751309-48-fnpc17126.fnal.gov     , mu2egrid exit status:   0 TrigReport Events total = 200000 passed = 8355 failed = 191645
    48 : section 00049  was running on murat-31751309-49-fnpc17106.fnal.gov     , mu2egrid exit status:   0 TrigReport Events total = 200000 passed = 8548 failed = 191452
--------------------------------------------
JOB SUMMARY:
--------------------------------------------
submitted           :    50 sections
output checked      :    49 sections
completed           :    49 sections
staging failures    :     0 sections
completed with rc=0 :    49 sections
mu2e job failed     :     0 sections
