# Tue May 5 11:25:41 CDT 2020
# job output directory: /pnfs/mu2e/scratch/users/murat/workflow/ts_warm_bore.760_3200.ts1_mubeam.ts2_sim/outstage/32008997
# subdirectory        : /pnfs/mu2e/scratch/users/murat/workflow/ts_warm_bore.760_3200.ts1_mubeam.ts2_sim/outstage/32008997/00
     0 : section 00000  was running on murat-32008997-0-fnpc8201.fnal.gov       , mu2egrid exit status:   0 TrigReport Events total = 370287 passed = 349296 failed = 20991
     1 : section 00001  was running on murat-32008997-1-fnpc8206.fnal.gov       , mu2egrid exit status:   0 TrigReport Events total = 369971 passed = 348851 failed = 21120
     2 : section 00002  was running on murat-32008997-2-fnpc7309.fnal.gov       , mu2egrid exit status:   0 TrigReport Events total = 368817 passed = 347944 failed = 20873
     3 : section 00003  was running on murat-32008997-3-fnpc7209.fnal.gov       , mu2egrid exit status:   0 TrigReport Events total = 370992 passed = 350197 failed = 20795
     4 : section 00004  was running on murat-32008997-4-fnpc9047.fnal.gov       , mu2egrid exit status:   0 TrigReport Events total = 371067 passed = 350277 failed = 20790
     5 : section 00005  was running on murat-32008997-5-fnpc8210.fnal.gov       , mu2egrid exit status:   0 TrigReport Events total = 371670 passed = 350751 failed = 20919
     6 : section 00006  was running on murat-32008997-6-fnpc9061.fnal.gov       , mu2egrid exit status:   0 TrigReport Events total = 370472 passed = 349481 failed = 20991
     7 : section 00007  was running on murat-32008997-7-fnpc17101.fnal.gov      , mu2egrid exit status:   0 TrigReport Events total = 370069 passed = 349142 failed = 20927
     8 : section 00008  was running on murat-32008997-8-fnpc7306.fnal.gov       , mu2egrid exit status:   0 TrigReport Events total = 370057 passed = 349250 failed = 20807
     9 : section 00009  was running on murat-32008997-9-fnpc5026.fnal.gov       , mu2egrid exit status:   0 TrigReport Events total = 369940 passed = 348923 failed = 21017
    10 : section 00010  was running on murat-32008997-10-fnpc5028.fnal.gov      , mu2egrid exit status:   0 TrigReport Events total = 372294 passed = 351598 failed = 20696
    11 : section 00011  was running on murat-32008997-11-fnpc7301.fnal.gov      , mu2egrid exit status:   0 TrigReport Events total = 369804 passed = 348549 failed = 21255
    12 : section 00012  was running on murat-32008997-12-fnpc8205.fnal.gov      , mu2egrid exit status:   0 TrigReport Events total = 371983 passed = 350828 failed = 21155
    13 : section 00013  was running on murat-32008997-13-fnpc7202.fnal.gov      , mu2egrid exit status:   0 TrigReport Events total = 369023 passed = 348304 failed = 20719
    14 : section 00014  was running on murat-32008997-14-fnpc17116.fnal.gov     , mu2egrid exit status:   0 TrigReport Events total = 371700 passed = 350624 failed = 21076
    15 : section 00015  was running on murat-32008997-15-fnpc9103.fnal.gov      , mu2egrid exit status:   0 TrigReport Events total = 369177 passed = 348430 failed = 20747
    16 : section 00016  was running on murat-32008997-16-fnpc17109.fnal.gov     , mu2egrid exit status:   0 TrigReport Events total = 370250 passed = 349139 failed = 21111
    17 : section 00017  was running on murat-32008997-17-fnpc17146.fnal.gov     , mu2egrid exit status:   0 TrigReport Events total = 371201 passed = 350427 failed = 20774
    18 : section 00018  was running on murat-32008997-18-fnpc8202.fnal.gov      , mu2egrid exit status:   0 TrigReport Events total = 354984 passed = 334711 failed = 20273
--------------------------------------------
JOB SUMMARY:
--------------------------------------------
submitted           :   485 sections
output checked      :    19 sections
completed           :    19 sections
staging failures    :     0 sections
completed with rc=0 :    19 sections
mu2e job failed     :     0 sections
