# Sat May 9 13:40:11 CDT 2020
# job output directory: /pnfs/mu2e/scratch/users/murat/workflow/ts_warm_bore.760_2200.pbar_vd91.ts1_sim/outstage/31690706
     0 : section murat-31690706-0-fnpc9004.fnal.gov was running on 0                                        , mu2egrid exit status:   0 TrigReport Events total = 2000000 passed = 13481 failed = 1986519
     1 : section murat-31690706-1-fnpc17110.fnal.gov was running on 0                                        , mu2egrid exit status:   0 TrigReport Events total = 2000000 passed = 14062 failed = 1985938
     2 : section murat-31690706-2-fnpc17123.fnal.gov was running on 0                                        , mu2egrid exit status:   0 TrigReport Events total = 2000000 passed = 13814 failed = 1986186
     3 : section murat-31690706-3-fnpc9027.fnal.gov was running on 0                                        , mu2egrid exit status:   0 TrigReport Events total = 2000000 passed = 14321 failed = 1985679
     4 : section murat-31690706-4-fnpc7205.fnal.gov was running on 0                                        , mu2egrid exit status:   0 TrigReport Events total = 2000000 passed = 14267 failed = 1985733
     5 : section murat-31690706-5-fnpc7209.fnal.gov was running on 0                                        , mu2egrid exit status:   0 TrigReport Events total = 2000000 passed = 13700 failed = 1986300
     6 : section murat-31690706-6-fnpc9001.fnal.gov was running on 0                                        , mu2egrid exit status:   0 TrigReport Events total = 2000000 passed = 13759 failed = 1986241
     7 : section murat-31690706-7-fnpc17141.fnal.gov was running on 0                                        , mu2egrid exit status:   0 TrigReport Events total = 2000000 passed = 13466 failed = 1986534
     8 : section murat-31690706-8-fnpc7307.fnal.gov was running on 0                                        , mu2egrid exit status:   0 TrigReport Events total = 2000000 passed = 13893 failed = 1986107
     9 : section murat-31690706-9-fnpc7308.fnal.gov was running on 0                                        , mu2egrid exit status:   0 TrigReport Events total = 2000000 passed = 13868 failed = 1986132
    10 : section murat-31690706-10-fnpc7310.fnal.gov was running on 0                                        , mu2egrid exit status:   0 TrigReport Events total = 2000000 passed = 14013 failed = 1985987
    11 : section murat-31690706-11-fnpc7017.fnal.gov was running on 0                                        , mu2egrid exit status:   0 TrigReport Events total = 2000000 passed = 13569 failed = 1986431
    12 : section murat-31690706-12-fnpc17160.fnal.gov was running on 0                                        , mu2egrid exit status:   0 TrigReport Events total = 2000000 passed = 13686 failed = 1986314
    13 : section murat-31690706-13-fnpc17112.fnal.gov was running on 0                                        , mu2egrid exit status:   0 TrigReport Events total = 2000000 passed = 13797 failed = 1986203
    14 : section murat-31690706-14-fnpc17105.fnal.gov was running on 0                                        , mu2egrid exit status:   0 TrigReport Events total = 2000000 passed = 14074 failed = 1985926
    15 : section murat-31690706-15-fnpc8201.fnal.gov was running on 0                                        , mu2egrid exit status:   0 TrigReport Events total = 2000000 passed = 13766 failed = 1986234
    16 : section murat-31690706-16-fnpc17159.fnal.gov was running on 0                                        , mu2egrid exit status:   0 TrigReport Events total = 2000000 passed = 13678 failed = 1986322
    17 : section murat-31690706-17-fnpc9059.fnal.gov was running on 0                                        , mu2egrid exit status:   0 TrigReport Events total = 2000000 passed = 14345 failed = 1985655
    18 : section murat-31690706-18-fnpc9041.fnal.gov was running on 0                                        , mu2egrid exit status:   0 TrigReport Events total = 2000000 passed = 13865 failed = 1986135
    19 : section murat-31690706-19-fnpc17144.fnal.gov was running on 0                                        , mu2egrid exit status:   0 TrigReport Events total = 2000000 passed = 13811 failed = 1986189
    20 : section murat-31690706-20-fnpc17133.fnal.gov was running on 0                                        , mu2egrid exit status:   0 TrigReport Events total = 2000000 passed = 13121 failed = 1986879
    21 : section murat-31690706-21-fnpc8003.fnal.gov was running on 0                                        , mu2egrid exit status:   0 TrigReport Events total = 2000000 passed = 13953 failed = 1986047
    22 : section murat-31690706-22-fnpc17117.fnal.gov was running on 0                                        , mu2egrid exit status:   0 TrigReport Events total = 2000000 passed = 13712 failed = 1986288
    23 : section murat-31690706-23-fnpc8021.fnal.gov was running on 0                                        , mu2egrid exit status:   0 TrigReport Events total = 2000000 passed = 13788 failed = 1986212
    24 : section murat-31690706-24-fnpc17128.fnal.gov was running on 0                                        , mu2egrid exit status:   0 TrigReport Events total = 2000000 passed = 13786 failed = 1986214
    25 : section murat-31690706-25-fnpc17115.fnal.gov was running on 0                                        , mu2egrid exit status:   0 TrigReport Events total = 2000000 passed = 14179 failed = 1985821
    26 : section murat-31690706-26-fnpc5026.fnal.gov was running on 0                                        , mu2egrid exit status:   0 TrigReport Events total = 2000000 passed = 13413 failed = 1986587
    27 : section murat-31690706-27-fnpc6030.fnal.gov was running on 0                                        , mu2egrid exit status:   0 TrigReport Events total = 2000000 passed = 14132 failed = 1985868
    28 : section murat-31690706-28-fnpc9078.fnal.gov was running on 0                                        , mu2egrid exit status:   0 TrigReport Events total = 2000000 passed = 13561 failed = 1986439
    29 : section murat-31690706-29-fnpc5029.fnal.gov was running on 0                                        , mu2egrid exit status:   0 TrigReport Events total = 2000000 passed = 13869 failed = 1986131
    30 : section murat-31690706-30-fnpc17132.fnal.gov was running on 0                                        , mu2egrid exit status:   0 TrigReport Events total = 2000000 passed = 13962 failed = 1986038
    31 : section murat-31690706-31-fnpc9013.fnal.gov was running on 0                                        , mu2egrid exit status:   0 TrigReport Events total = 2000000 passed = 14074 failed = 1985926
    32 : section murat-31690706-32-fnpc17152.fnal.gov was running on 0                                        , mu2egrid exit status:   0 TrigReport Events total = 2000000 passed = 14127 failed = 1985873
    33 : section murat-31690706-33-fnpc6021.fnal.gov was running on 0                                        , mu2egrid exit status:   0 TrigReport Events total = 2000000 passed = 13936 failed = 1986064
    34 : section murat-31690706-34-fnpc8010.fnal.gov was running on 0                                        , mu2egrid exit status:   0 TrigReport Events total = 2000000 passed = 13581 failed = 1986419
    35 : section murat-31690706-35-fnpc9002.fnal.gov was running on 0                                        , mu2egrid exit status:   0 TrigReport Events total = 2000000 passed = 13078 failed = 1986922
    36 : section murat-31690706-36-fnpc17104.fnal.gov was running on 0                                        , mu2egrid exit status:   0 TrigReport Events total = 2000000 passed = 14080 failed = 1985920
    37 : section murat-31690706-37-fnpc8026.fnal.gov was running on 0                                        , mu2egrid exit status:   0 TrigReport Events total = 2000000 passed = 13881 failed = 1986119
    38 : section murat-31690706-38-fnpc8020.fnal.gov was running on 0                                        , mu2egrid exit status:   0 TrigReport Events total = 2000000 passed = 13424 failed = 1986576
    39 : section murat-31690706-39-fnpc7019.fnal.gov was running on 0                                        , mu2egrid exit status:   0 TrigReport Events total = 2000000 passed = 13639 failed = 1986361
    40 : section murat-31690706-40-fnpc9108.fnal.gov was running on 0                                        , mu2egrid exit status:   0 TrigReport Events total = 2000000 passed = 13602 failed = 1986398
    41 : section murat-31690706-41-fnpc17119.fnal.gov was running on 0                                        , mu2egrid exit status:   0 TrigReport Events total = 2000000 passed = 13561 failed = 1986439
    42 : section murat-31690706-42-fnpc17143.fnal.gov was running on 0                                        , mu2egrid exit status:   0 TrigReport Events total = 2000000 passed = 13893 failed = 1986107
    43 : section murat-31690706-43-fnpc9037.fnal.gov was running on 0                                        , mu2egrid exit status:   0 TrigReport Events total = 2000000 passed = 13785 failed = 1986215
    44 : section murat-31690706-44-fnpc9025.fnal.gov was running on 0                                        , mu2egrid exit status:   0 TrigReport Events total = 2000000 passed = 13828 failed = 1986172
    45 : section murat-31690706-45-fnpc17130.fnal.gov was running on 0                                        , mu2egrid exit status:   0 TrigReport Events total = 2000000 passed = 13695 failed = 1986305
    46 : section murat-31690706-46-fnpc9107.fnal.gov was running on 0                                        , mu2egrid exit status:   0 TrigReport Events total = 2000000 passed = 13848 failed = 1986152
    47 : section murat-31690706-47-fnpc6011.fnal.gov was running on 0                                        , mu2egrid exit status:   0 TrigReport Events total = 2000000 passed = 13917 failed = 1986083
    48 : section murat-31690706-48-fnpc9045.fnal.gov was running on 0                                        , mu2egrid exit status:   0 TrigReport Events total = 2000000 passed = 14004 failed = 1985996
    49 : section murat-31690706-49-fnpc7009.fnal.gov was running on 0                                        , mu2egrid exit status:   0 TrigReport Events total = 2000000 passed = 13775 failed = 1986225
    50 : section murat-31690706-50-fnpc17101.fnal.gov was running on 0                                        , mu2egrid exit status:   0 TrigReport Events total = 2000000 passed = 13876 failed = 1986124
    51 : section murat-31690706-51-fnpc17140.fnal.gov was running on 0                                        , mu2egrid exit status:   0 TrigReport Events total = 2000000 passed = 13635 failed = 1986365
    52 : section murat-31690706-52-fnpc17154.fnal.gov was running on 0                                        , mu2egrid exit status:   0 TrigReport Events total = 2000000 passed = 13947 failed = 1986053
    53 : section murat-31690706-53-fnpc7018.fnal.gov was running on 0                                        , mu2egrid exit status:   0 TrigReport Events total = 2000000 passed = 13867 failed = 1986133
    54 : section murat-31690706-54-fnpc7003.fnal.gov was running on 0                                        , mu2egrid exit status:   0 TrigReport Events total = 2000000 passed = 13553 failed = 1986447
    55 : section murat-31690706-55-fnpc9071.fnal.gov was running on 0                                        , mu2egrid exit status:   0 TrigReport Events total = 2000000 passed = 13639 failed = 1986361
    56 : section murat-31690706-56-fnpc9106.fnal.gov was running on 0                                        , mu2egrid exit status:   0 TrigReport Events total = 2000000 passed = 14059 failed = 1985941
    57 : section murat-31690706-57-fnpc17151.fnal.gov was running on 0                                        , mu2egrid exit status:   0 TrigReport Events total = 2000000 passed = 13389 failed = 1986611
    58 : section murat-31690706-58-fnpc9024.fnal.gov was running on 0                                        , mu2egrid exit status:   0 TrigReport Events total = 2000000 passed = 13919 failed = 1986081
    59 : section murat-31690706-59-fnpc9021.fnal.gov was running on 0                                        , mu2egrid exit status:   0 TrigReport Events total = 2000000 passed = 13903 failed = 1986097
    60 : section murat-31690706-60-fnpc6018.fnal.gov was running on 0                                        , mu2egrid exit status:   0 TrigReport Events total = 2000000 passed = 13589 failed = 1986411
    61 : section murat-31690706-61-fnpc17102.fnal.gov was running on 0                                        , mu2egrid exit status:   0 TrigReport Events total = 2000000 passed = 13783 failed = 1986217
    62 : section murat-31690706-62-fnpc9053.fnal.gov was running on 0                                        , mu2egrid exit status:   0 TrigReport Events total = 2000000 passed = 13506 failed = 1986494
    63 : section murat-31690706-63-fnpc17145.fnal.gov was running on 0                                        , mu2egrid exit status:   0 TrigReport Events total = 2000000 passed = 13823 failed = 1986177
    64 : section murat-31690706-64-fnpc17107.fnal.gov was running on 0                                        , mu2egrid exit status:   0 TrigReport Events total = 2000000 passed = 13549 failed = 1986451
    65 : section murat-31690706-65-fnpc7026.fnal.gov was running on 0                                        , mu2egrid exit status:   0 TrigReport Events total = 2000000 passed = 14047 failed = 1985953
    66 : section murat-31690706-66-fnpc9057.fnal.gov was running on 0                                        , mu2egrid exit status:   0 TrigReport Events total = 2000000 passed = 13863 failed = 1986137
    67 : section murat-31690706-67-fnpc6014.fnal.gov was running on 0                                        , mu2egrid exit status:   0 TrigReport Events total = 2000000 passed = 13760 failed = 1986240
    68 : section murat-31690706-68-fnpc7024.fnal.gov was running on 0                                        , mu2egrid exit status:   0 TrigReport Events total = 2000000 passed = 13607 failed = 1986393
    69 : section murat-31690706-69-fnpc17124.fnal.gov was running on 0                                        , mu2egrid exit status:   0 TrigReport Events total = 2000000 passed = 14162 failed = 1985838
    70 : section murat-31690706-70-fnpc9103.fnal.gov was running on 0                                        , mu2egrid exit status:   0 TrigReport Events total = 2000000 passed = 13828 failed = 1986172
    71 : section murat-31690706-71-fnpc9077.fnal.gov was running on 0                                        , mu2egrid exit status:   0 TrigReport Events total = 2000000 passed = 14164 failed = 1985836
    72 : section murat-31690706-72-fnpc9068.fnal.gov was running on 0                                        , mu2egrid exit status:   0 TrigReport Events total = 2000000 passed = 13808 failed = 1986192
    73 : section murat-31690706-73-fnpc7002.fnal.gov was running on 0                                        , mu2egrid exit status:   0 TrigReport Events total = 2000000 passed = 13883 failed = 1986117
    74 : section murat-31690706-74-fnpc7030.fnal.gov was running on 0                                        , mu2egrid exit status:   0 TrigReport Events total = 2000000 passed = 13793 failed = 1986207
    75 : section murat-31690706-75-fnpc6020.fnal.gov was running on 0                                        , mu2egrid exit status:   0 TrigReport Events total = 2000000 passed = 13945 failed = 1986055
    76 : section murat-31690706-76-fnpc7001.fnal.gov was running on 0                                        , mu2egrid exit status:   0 TrigReport Events total = 2000000 passed = 14096 failed = 1985904
    77 : section murat-31690706-77-fnpc9020.fnal.gov was running on 0                                        , mu2egrid exit status:   0 TrigReport Events total = 2000000 passed = 13673 failed = 1986327
    78 : section murat-31690706-78-fnpc17149.fnal.gov was running on 0                                        , mu2egrid exit status:   0 TrigReport Events total = 2000000 passed = 13324 failed = 1986676
    79 : section murat-31690706-79-fnpc17133.fnal.gov was running on 0                                        , mu2egrid exit status:   0 TrigReport Events total = 2000000 passed = 13646 failed = 1986354
    80 : section murat-31690706-80-fnpc17115.fnal.gov was running on 0                                        , mu2egrid exit status:   0 TrigReport Events total = 2000000 passed = 13805 failed = 1986195
    81 : section murat-31690706-81-fnpc5026.fnal.gov was running on 0                                        , mu2egrid exit status:   0 TrigReport Events total = 2000000 passed = 13336 failed = 1986664
    82 : section murat-31690706-82-fnpc8201.fnal.gov was running on 0                                        , mu2egrid exit status:   0 TrigReport Events total = 2000000 passed = 14058 failed = 1985942
    83 : section murat-31690706-83-fnpc9059.fnal.gov was running on 0                                        , mu2egrid exit status:   0 TrigReport Events total = 2000000 passed = 14076 failed = 1985924
    84 : section murat-31690706-84-fnpc8003.fnal.gov was running on 0                                        , mu2egrid exit status:   0 TrigReport Events total = 2000000 passed = 13682 failed = 1986318
    85 : section murat-31690706-85-fnpc17117.fnal.gov was running on 0                                        , mu2egrid exit status:   0 TrigReport Events total = 2000000 passed = 13882 failed = 1986118
    86 : section murat-31690706-86-fnpc17132.fnal.gov was running on 0                                        , mu2egrid exit status:   0 TrigReport Events total = 2000000 passed = 13496 failed = 1986504
    87 : section murat-31690706-87-fnpc9105.fnal.gov was running on 0                                        , mu2egrid exit status:   0 TrigReport Events total = 2000000 passed = 13627 failed = 1986373
    88 : section murat-31690706-88-fnpc9108.fnal.gov was running on 0                                        , mu2egrid exit status:   0 TrigReport Events total = 2000000 passed = 13448 failed = 1986552
    89 : section murat-31690706-89-fnpc17119.fnal.gov was running on 0                                        , mu2egrid exit status:   0 TrigReport Events total = 2000000 passed = 13894 failed = 1986106
    90 : section murat-31690706-90-fnpc17154.fnal.gov was running on 0                                        , mu2egrid exit status:   0 TrigReport Events total = 2000000 passed = 14056 failed = 1985944
    91 : section murat-31690706-91-fnpc9077.fnal.gov was running on 0                                        , mu2egrid exit status:   0 TrigReport Events total = 2000000 passed = 14357 failed = 1985643
    92 : section murat-31690706-92-fnpc17160.fnal.gov was running on 0                                        , mu2egrid exit status:   0 TrigReport Events total = 2000000 passed = 13475 failed = 1986525
    93 : section murat-31690706-93-fnpc17105.fnal.gov was running on 0                                        , mu2egrid exit status:   0 TrigReport Events total = 2000000 passed = 13450 failed = 1986550
    94 : section murat-31690706-94-fnpc17145.fnal.gov was running on 0                                        , mu2egrid exit status:   0 TrigReport Events total = 2000000 passed = 13787 failed = 1986213
    95 : section murat-31690706-95-fnpc17159.fnal.gov was running on 0                                        , mu2egrid exit status:   0 TrigReport Events total = 2000000 passed = 14404 failed = 1985596
    96 : section murat-31690706-96-fnpc17107.fnal.gov was running on 0                                        , mu2egrid exit status:   0 TrigReport Events total = 2000000 passed = 13758 failed = 1986242
    97 : section murat-31690706-97-fnpc7019.fnal.gov was running on 0                                        , mu2egrid exit status:   0 TrigReport Events total = 2000000 passed = 13287 failed = 1986713
    98 : section murat-31690706-98-fnpc6014.fnal.gov was running on 0                                        , mu2egrid exit status:   0 TrigReport Events total = 2000000 passed = 13575 failed = 1986425
    99 : section murat-31690706-99-fnpc17152.fnal.gov was running on 0                                        , mu2egrid exit status:   0 TrigReport Events total = 2000000 passed = 13968 failed = 1986032
   100 : section murat-31690706-100-fnpc7024.fnal.gov was running on 0                                        , mu2egrid exit status:   0 TrigReport Events total = 2000000 passed = 13701 failed = 1986299
   101 : section murat-31690706-101-fnpc6011.fnal.gov was running on 0                                        , mu2egrid exit status:   0 TrigReport Events total = 2000000 passed = 13717 failed = 1986283
   102 : section murat-31690706-102-fnpc17124.fnal.gov was running on 0                                        , mu2egrid exit status:   0 TrigReport Events total = 2000000 passed = 14265 failed = 1985735
   103 : section murat-31690706-103-fnpc17149.fnal.gov was running on 0                                        , mu2egrid exit status:   0 TrigReport Events total = 2000000 passed = 13771 failed = 1986229
   104 : section murat-31690706-104-fnpc9105.fnal.gov was running on 0                                        , mu2egrid exit status:   0 TrigReport Events total = 2000000 passed = 13886 failed = 1986114
   105 : section murat-31690706-105-fnpc17112.fnal.gov was running on 0                                        , mu2egrid exit status:   0 TrigReport Events total = 2000000 passed = 13650 failed = 1986350
   106 : section murat-31690706-106-fnpc8021.fnal.gov was running on 0                                        , mu2egrid exit status:   0 TrigReport Events total = 2000000 passed = 14071 failed = 1985929
   107 : section murat-31690706-107-fnpc9108.fnal.gov was running on 0                                        , mu2egrid exit status:   0 TrigReport Events total = 2000000 passed = 13809 failed = 1986191
   108 : section murat-31690706-108-fnpc17154.fnal.gov was running on 0                                        , mu2egrid exit status:   0 TrigReport Events total = 2000000 passed = 13428 failed = 1986572
   109 : section murat-31690706-109-fnpc17128.fnal.gov was running on 0                                        , mu2egrid exit status:   0 TrigReport Events total = 2000000 passed = 13383 failed = 1986617
   110 : section murat-31690706-110-fnpc9105.fnal.gov was running on 0                                        , mu2egrid exit status:   0 TrigReport Events total = 2000000 passed = 14000 failed = 1986000
   111 : section murat-31690706-111-fnpc17107.fnal.gov was running on 0                                        , mu2egrid exit status:   0 TrigReport Events total = 2000000 passed = 14016 failed = 1985984
   112 : section murat-31690706-112-fnpc6014.fnal.gov was running on 0                                        , mu2egrid exit status:   0 TrigReport Events total = 2000000 passed = 13621 failed = 1986379
   113 : section murat-31690706-113-fnpc7024.fnal.gov was running on 0                                        , mu2egrid exit status:   0 TrigReport Events total = 2000000 passed = 13828 failed = 1986172
   114 : section murat-31690706-114-fnpc9057.fnal.gov was running on 0                                        , mu2egrid exit status:   0 TrigReport Events total = 2000000 passed = 13444 failed = 1986556
   115 : section murat-31690706-115-fnpc17149.fnal.gov was running on 0                                        , mu2egrid exit status:   0 TrigReport Events total = 2000000 passed = 13820 failed = 1986180
   116 : section murat-31690706-116-fnpc17151.fnal.gov was running on 0                                        , mu2egrid exit status:   0 TrigReport Events total = 2000000 passed = 13800 failed = 1986200
   117 : section murat-31690706-117-fnpc17145.fnal.gov was running on 0                                        , mu2egrid exit status:   0 TrigReport Events total = 2000000 passed = 13951 failed = 1986049
   118 : section murat-31690706-118-fnpc6011.fnal.gov was running on 0                                        , mu2egrid exit status:   0 TrigReport Events total = 2000000 passed = 13546 failed = 1986454
   119 : section murat-31690706-119-fnpc17119.fnal.gov was running on 0                                        , mu2egrid exit status:   0 TrigReport Events total = 2000000 passed = 13657 failed = 1986343
   120 : section murat-31690706-120-fnpc17154.fnal.gov was running on 0                                        , mu2egrid exit status:   0 TrigReport Events total = 2000000 passed = 13656 failed = 1986344
   121 : section murat-31690706-121-fnpc8026.fnal.gov was running on 0                                        , mu2egrid exit status:   0 TrigReport Events total = 2000000 passed = 13850 failed = 1986150
   122 : section murat-31690706-122-fnpc9045.fnal.gov was running on 0                                        , mu2egrid exit status:   0 TrigReport Events total = 2000000 passed = 13567 failed = 1986433
   123 : section murat-31690706-123-fnpc7024.fnal.gov was running on 0                                        , mu2egrid exit status:   0 TrigReport Events total = 2000000 passed = 13766 failed = 1986234
   124 : section murat-31690706-124-fnpc17159.fnal.gov was running on 0                                        , mu2egrid exit status:   0 TrigReport Events total = 2000000 passed = 13957 failed = 1986043
   125 : section murat-31690706-125-fnpc6014.fnal.gov was running on 0                                        , mu2egrid exit status:   0 TrigReport Events total = 2000000 passed = 13966 failed = 1986034
   126 : section murat-31690706-126-fnpc17119.fnal.gov was running on 0                                        , mu2egrid exit status:   0 TrigReport Events total = 2000000 passed = 13732 failed = 1986268
   127 : section murat-31690706-127-fnpc8021.fnal.gov was running on 0                                        , mu2egrid exit status:   0 TrigReport Events total = 2000000 passed = 13549 failed = 1986451
   128 : section murat-31690706-128-fnpc17105.fnal.gov was running on 0                                        , mu2egrid exit status:   0 TrigReport Events total = 2000000 passed = 14206 failed = 1985794
   129 : section murat-31690706-129-fnpc9037.fnal.gov was running on 0                                        , mu2egrid exit status:   0 TrigReport Events total = 2000000 passed = 13439 failed = 1986561
   130 : section murat-31690706-130-fnpc9021.fnal.gov was running on 0                                        , mu2egrid exit status:   0 TrigReport Events total = 2000000 passed = 13679 failed = 1986321
   131 : section murat-31690706-131-fnpc7024.fnal.gov was running on 0                                        , mu2egrid exit status:   0 TrigReport Events total = 2000000 passed = 13629 failed = 1986371
   132 : section murat-31690706-132-fnpc17130.fnal.gov was running on 0                                        , mu2egrid exit status:   0 TrigReport Events total = 2000000 passed = 13483 failed = 1986517
   133 : section murat-31690706-133-fnpc9025.fnal.gov was running on 0                                        , mu2egrid exit status:   0 TrigReport Events total = 2000000 passed = 13982 failed = 1986018
   134 : section murat-31690706-134-fnpc17128.fnal.gov was running on 0                                        , mu2egrid exit status:   0 TrigReport Events total = 2000000 passed = 13635 failed = 1986365
   135 : section murat-31690706-135-fnpc8021.fnal.gov was running on 0                                        , mu2egrid exit status:   0 TrigReport Events total = 2000000 passed = 13895 failed = 1986105
   136 : section murat-31690706-136-fnpc17140.fnal.gov was running on 0                                        , mu2egrid exit status:   0 TrigReport Events total = 2000000 passed = 13918 failed = 1986082
   137 : section murat-31690706-137-fnpc9041.fnal.gov was running on 0                                        , mu2egrid exit status:   0 TrigReport Events total = 2000000 passed = 14200 failed = 1985800
   138 : section murat-31690706-138-fnpc9024.fnal.gov was running on 0                                        , mu2egrid exit status:   0 TrigReport Events total = 2000000 passed = 13823 failed = 1986177
   139 : section murat-31690706-139-fnpc8020.fnal.gov was running on 0                                        , mu2egrid exit status:   0 TrigReport Events total = 2000000 passed = 13319 failed = 1986681
   140 : section murat-31690706-140-fnpc9021.fnal.gov was running on 0                                        , mu2egrid exit status:   0 TrigReport Events total = 2000000 passed = 13892 failed = 1986108
   141 : section murat-31690706-141-fnpc17152.fnal.gov was running on 0                                        , mu2egrid exit status:   0 TrigReport Events total = 2000000 passed = 13803 failed = 1986197
   142 : section murat-31690706-142-fnpc9013.fnal.gov was running on 0                                        , mu2egrid exit status:   0 TrigReport Events total = 2000000 passed = 13547 failed = 1986453
   143 : section murat-31690706-143-fnpc17128.fnal.gov was running on 0                                        , mu2egrid exit status:   0 TrigReport Events total = 2000000 passed = 14153 failed = 1985847
   144 : section murat-31690706-144-fnpc17130.fnal.gov was running on 0                                        , mu2egrid exit status:   0 TrigReport Events total = 2000000 passed = 13920 failed = 1986080
   145 : section murat-31690706-145-fnpc8021.fnal.gov was running on 0                                        , mu2egrid exit status:   0 TrigReport Events total = 2000000 passed = 14149 failed = 1985851
   146 : section murat-31690706-146-fnpc8026.fnal.gov was running on 0                                        , mu2egrid exit status:   0 TrigReport Events total = 2000000 passed = 13569 failed = 1986431
   147 : section murat-31690706-147-fnpc9045.fnal.gov was running on 0                                        , mu2egrid exit status:   0 TrigReport Events total = 2000000 passed = 14106 failed = 1985894
   148 : section murat-31690706-148-fnpc9013.fnal.gov was running on 0                                        , mu2egrid exit status:   0 TrigReport Events total = 2000000 passed = 13736 failed = 1986264
   149 : section murat-31690706-149-fnpc17152.fnal.gov was running on 0                                        , mu2egrid exit status:   0 TrigReport Events total = 2000000 passed = 13601 failed = 1986399
   150 : section murat-31690706-150-fnpc17128.fnal.gov was running on 0                                        , mu2egrid exit status:   0 TrigReport Events total = 2000000 passed = 13857 failed = 1986143
   151 : section murat-31690706-151-fnpc9024.fnal.gov was running on 0                                        , mu2egrid exit status:   0 TrigReport Events total = 2000000 passed = 13729 failed = 1986271
   152 : section murat-31690706-152-fnpc17130.fnal.gov was running on 0                                        , mu2egrid exit status:   0 TrigReport Events total = 2000000 passed = 14301 failed = 1985699
   153 : section murat-31690706-153-fnpc8020.fnal.gov was running on 0                                        , mu2egrid exit status:   0 TrigReport Events total = 2000000 passed = 13648 failed = 1986352
   154 : section murat-31690706-154-fnpc17152.fnal.gov was running on 0                                        , mu2egrid exit status:   0 TrigReport Events total = 2000000 passed = 13762 failed = 1986238
   155 : section murat-31690706-155-fnpc9013.fnal.gov was running on 0                                        , mu2egrid exit status:   0 TrigReport Events total = 2000000 passed = 13972 failed = 1986028
   156 : section murat-31690706-156-fnpc9045.fnal.gov was running on 0                                        , mu2egrid exit status:   0 TrigReport Events total = 2000000 passed = 13954 failed = 1986046
   157 : section murat-31690706-157-fnpc17152.fnal.gov was running on 0                                        , mu2egrid exit status:   0 TrigReport Events total = 2000000 passed = 13751 failed = 1986249
   158 : section murat-31690706-158-fnpc9041.fnal.gov was running on 0                                        , mu2egrid exit status:   0 TrigReport Events total = 2000000 passed = 13927 failed = 1986073
   159 : section murat-31690706-159-fnpc7203.fnal.gov was running on 0                                        , mu2egrid exit status:   0 TrigReport Events total = 2000000 passed = 13716 failed = 1986284
   160 : section murat-31690706-160-fnpc17103.fnal.gov was running on 0                                        , mu2egrid exit status:   0 TrigReport Events total = 2000000 passed = 13642 failed = 1986358
   161 : section murat-31690706-161-fnpc8028.fnal.gov was running on 0                                        , mu2egrid exit status:   0 TrigReport Events total = 2000000 passed = 13970 failed = 1986030
   162 : section murat-31690706-162-fnpc17112.fnal.gov was running on 0                                        , mu2egrid exit status:   0 TrigReport Events total = 2000000 passed = 13486 failed = 1986514
   163 : section murat-31690706-163-fnpc7208.fnal.gov was running on 0                                        , mu2egrid exit status:   0 TrigReport Events total = 2000000 passed = 13515 failed = 1986485
   164 : section murat-31690706-164-fnpc8205.fnal.gov was running on 0                                        , mu2egrid exit status:   0 TrigReport Events total = 2000000 passed = 14164 failed = 1985836
   165 : section murat-31690706-165-fnpc8208.fnal.gov was running on 0                                        , mu2egrid exit status:   0 TrigReport Events total = 2000000 passed = 13957 failed = 1986043
   166 : section murat-31690706-166-fnpc7308.fnal.gov was running on 0                                        , mu2egrid exit status:   0 TrigReport Events total = 2000000 passed = 14031 failed = 1985969
   167 : section murat-31690706-167-fnpc7301.fnal.gov was running on 0                                        , mu2egrid exit status:   0 TrigReport Events total = 2000000 passed = 13534 failed = 1986466
   168 : section murat-31690706-168-fnpc7303.fnal.gov was running on 0                                        , mu2egrid exit status:   0 TrigReport Events total = 2000000 passed = 13875 failed = 1986125
   169 : section murat-31690706-169-fnpc6015.fnal.gov was running on 0                                        , mu2egrid exit status:   0 TrigReport Events total = 2000000 passed = 14124 failed = 1985876
   170 : section murat-31690706-170-fnpc17121.fnal.gov was running on 0                                        , mu2egrid exit status:   0 TrigReport Events total = 2000000 passed = 13409 failed = 1986591
   171 : section murat-31690706-171-fnpc7201.fnal.gov was running on 0                                        , mu2egrid exit status:   0 TrigReport Events total = 2000000 passed = 14058 failed = 1985942
   172 : section murat-31690706-172-fnpc8210.fnal.gov was running on 0                                        , mu2egrid exit status:   0 TrigReport Events total = 2000000 passed = 13326 failed = 1986674
   173 : section murat-31690706-173-fnpc9048.fnal.gov was running on 0                                        , mu2egrid exit status:   0 TrigReport Events total = 2000000 passed = 13864 failed = 1986136
   174 : section murat-31690706-174-fnpc8019.fnal.gov was running on 0                                        , mu2egrid exit status:   0 TrigReport Events total = 2000000 passed = 13739 failed = 1986261
   175 : section murat-31690706-175-fnpc7011.fnal.gov was running on 0                                        , mu2egrid exit status:   0 TrigReport Events total = 2000000 passed = 13923 failed = 1986077
   176 : section murat-31690706-176-fnpc8017.fnal.gov was running on 0                                        , mu2egrid exit status:   0 TrigReport Events total = 2000000 passed = 14060 failed = 1985940
   177 : section murat-31690706-177-fnpc17118.fnal.gov was running on 0                                        , mu2egrid exit status:   0 TrigReport Events total = 2000000 passed = 13778 failed = 1986222
   178 : section murat-31690706-178-fnpc7020.fnal.gov was running on 0                                        , mu2egrid exit status:   0 TrigReport Events total = 2000000 passed = 13849 failed = 1986151
   179 : section murat-31690706-179-fnpc9023.fnal.gov was running on 0                                        , mu2egrid exit status:   0 TrigReport Events total = 2000000 passed = 13586 failed = 1986414
   180 : section murat-31690706-180-fnpc9051.fnal.gov was running on 0                                        , mu2egrid exit status:   0 TrigReport Events total = 2000000 passed = 13757 failed = 1986243
   181 : section murat-31690706-181-fnpc17139.fnal.gov was running on 0                                        , mu2egrid exit status:   0 TrigReport Events total = 2000000 passed = 13410 failed = 1986590
   182 : section murat-31690706-182-fnpc9070.fnal.gov was running on 0                                        , mu2egrid exit status:   0 TrigReport Events total = 2000000 passed = 13361 failed = 1986639
   183 : section murat-31690706-183-fnpc5014.fnal.gov was running on 0                                        , mu2egrid exit status:   0 TrigReport Events total = 2000000 passed = 13872 failed = 1986128
   184 : section murat-31690706-184-fnpc19101.fnal.gov was running on 0                                        , mu2egrid exit status:   0 TrigReport Events total = 2000000 passed = 13746 failed = 1986254
   185 : section murat-31690706-185-fnpc9072.fnal.gov was running on 0                                        , mu2egrid exit status:   0 TrigReport Events total = 2000000 passed = 13765 failed = 1986235
   186 : section murat-31690706-186-fnpc7013.fnal.gov was running on 0                                        , mu2egrid exit status:   0 TrigReport Events total = 2000000 passed = 13945 failed = 1986055
   187 : section murat-31690706-187-fnpc5030.fnal.gov was running on 0                                        , mu2egrid exit status:   0 TrigReport Events total = 2000000 passed = 14078 failed = 1985922
   188 : section murat-31690706-188-fnpc9008.fnal.gov was running on 0                                        , mu2egrid exit status:   0 TrigReport Events total = 2000000 passed = 13774 failed = 1986226
   189 : section murat-31690706-189-fnpc5002.fnal.gov was running on 0                                        , mu2egrid exit status:   0 TrigReport Events total = 2000000 passed = 13479 failed = 1986521
   190 : section murat-31690706-190-fnpc7004.fnal.gov was running on 0                                        , mu2egrid exit status:   0 TrigReport Events total = 2000000 passed = 13727 failed = 1986273
   191 : section murat-31690706-191-fnpc9107.fnal.gov was running on 0                                        , mu2egrid exit status:   0 TrigReport Events total = 2000000 passed = 13903 failed = 1986097
   192 : section murat-31690706-192-fnpc9035.fnal.gov was running on 0                                        , mu2egrid exit status:   0 TrigReport Events total = 2000000 passed = 13153 failed = 1986847
   193 : section murat-31690706-193-fnpc9011.fnal.gov was running on 0                                        , mu2egrid exit status:   0 TrigReport Events total = 2000000 passed = 13999 failed = 1986001
   194 : section murat-31690706-194-fnpc5027.fnal.gov was running on 0                                        , mu2egrid exit status:   0 TrigReport Events total = 2000000 passed = 13916 failed = 1986084
   195 : section murat-31690706-195-fnpc9110.fnal.gov was running on 0                                        , mu2egrid exit status:   0 TrigReport Events total = 2000000 passed = 13580 failed = 1986420
   196 : section murat-31690706-196-fnpc17120.fnal.gov was running on 0                                        , mu2egrid exit status:   0 TrigReport Events total = 2000000 passed = 13525 failed = 1986475
   197 : section murat-31690706-197-fnpc17150.fnal.gov was running on 0                                        , mu2egrid exit status:   0 TrigReport Events total = 2000000 passed = 13285 failed = 1986715
   198 : section murat-31690706-198-fnpc17116.fnal.gov was running on 0                                        , mu2egrid exit status:   0 TrigReport Events total = 2000000 passed = 13783 failed = 1986217
   199 : section murat-31690706-199-fnpc7021.fnal.gov was running on 0                                        , mu2egrid exit status:   0 TrigReport Events total = 2000000 passed = 13792 failed = 1986208
   200 : section murat-31690706-200-fnpc9106.fnal.gov was running on 0                                        , mu2egrid exit status:   0 TrigReport Events total = 2000000 passed = 13546 failed = 1986454
   201 : section murat-31690706-201-fnpc17158.fnal.gov was running on 0                                        , mu2egrid exit status:   0 TrigReport Events total = 2000000 passed = 13975 failed = 1986025
   202 : section murat-31690706-202-fnpc7029.fnal.gov was running on 0                                        , mu2egrid exit status:   0 TrigReport Events total = 2000000 passed = 13640 failed = 1986360
   203 : section murat-31690706-203-fnpc7301.fnal.gov was running on 0                                        , mu2egrid exit status:   0 TrigReport Events total = 2000000 passed = 13710 failed = 1986290
   204 : section murat-31690706-204-fnpc17102.fnal.gov was running on 0                                        , mu2egrid exit status:   0 TrigReport Events total = 2000000 passed = 13667 failed = 1986333
   205 : section murat-31690706-205-fnpc6004.fnal.gov was running on 0                                        , mu2egrid exit status:   0 TrigReport Events total = 2000000 passed = 13889 failed = 1986111
   206 : section murat-31690706-206-fnpc7026.fnal.gov was running on 0                                        , mu2egrid exit status:   0 TrigReport Events total = 2000000 passed = 13972 failed = 1986028
   207 : section murat-31690706-207-fnpc9104.fnal.gov was running on 0                                        , mu2egrid exit status:   0 TrigReport Events total = 2000000 passed = 13702 failed = 1986298
   208 : section murat-31690706-208-fnpc9034.fnal.gov was running on 0                                        , mu2egrid exit status:   0 TrigReport Events total = 2000000 passed = 13440 failed = 1986560
   209 : section murat-31690706-209-fnpc9103.fnal.gov was running on 0                                        , mu2egrid exit status:   0 TrigReport Events total = 2000000 passed = 13998 failed = 1986002
   210 : section murat-31690706-210-fnpc9069.fnal.gov was running on 0                                        , mu2egrid exit status:   0 TrigReport Events total = 2000000 passed = 14202 failed = 1985798
   211 : section murat-31690706-211-fnpc17149.fnal.gov was running on 0                                        , mu2egrid exit status:   0 TrigReport Events total = 2000000 passed = 13880 failed = 1986120
   212 : section murat-31690706-212-fnpc6019.fnal.gov was running on 0                                        , mu2egrid exit status:   0 TrigReport Events total = 2000000 passed = 13767 failed = 1986233
   213 : section murat-31690706-213-fnpc6028.fnal.gov was running on 0                                        , mu2egrid exit status:   0 TrigReport Events total = 2000000 passed = 13877 failed = 1986123
   214 : section murat-31690706-214-fnpc9046.fnal.gov was running on 0                                        , mu2egrid exit status:   0 TrigReport Events total = 2000000 passed = 13236 failed = 1986764
   215 : section murat-31690706-215-fnpc9010.fnal.gov was running on 0                                        , mu2egrid exit status:   0 TrigReport Events total = 2000000 passed = 13652 failed = 1986348
   216 : section murat-31690706-216-fnpc17121.fnal.gov was running on 0                                        , mu2egrid exit status:   0 TrigReport Events total = 2000000 passed = 13482 failed = 1986518
   217 : section murat-31690706-217-fnpc7201.fnal.gov was running on 0                                        , mu2egrid exit status:   0 TrigReport Events total = 2000000 passed = 13975 failed = 1986025
   218 : section murat-31690706-218-fnpc8210.fnal.gov was running on 0                                        , mu2egrid exit status:   0 TrigReport Events total = 2000000 passed = 13740 failed = 1986260
   219 : section murat-31690706-219-fnpc9048.fnal.gov was running on 0                                        , mu2egrid exit status:   0 TrigReport Events total = 2000000 passed = 13983 failed = 1986017
   220 : section murat-31690706-220-fnpc7011.fnal.gov was running on 0                                        , mu2egrid exit status:   0 TrigReport Events total = 2000000 passed = 13627 failed = 1986373
   221 : section murat-31690706-221-fnpc6015.fnal.gov was running on 0                                        , mu2egrid exit status:   0 TrigReport Events total = 2000000 passed = 14006 failed = 1985994
   222 : section murat-31690706-222-fnpc9008.fnal.gov was running on 0                                        , mu2egrid exit status:   0 TrigReport Events total = 2000000 passed = 14314 failed = 1985686
   223 : section murat-31690706-223-fnpc7004.fnal.gov was running on 0                                        , mu2egrid exit status:   0 TrigReport Events total = 2000000 passed = 13618 failed = 1986382
   224 : section murat-31690706-224-fnpc9107.fnal.gov was running on 0                                        , mu2egrid exit status:   0 TrigReport Events total = 2000000 passed = 13856 failed = 1986144
   225 : section murat-31690706-225-fnpc17116.fnal.gov was running on 0                                        , mu2egrid exit status:   0 TrigReport Events total = 2000000 passed = 13757 failed = 1986243
   226 : section murat-31690706-226-fnpc17120.fnal.gov was running on 0                                        , mu2egrid exit status:   0 TrigReport Events total = 2000000 passed = 13554 failed = 1986446
   227 : section murat-31690706-227-fnpc17158.fnal.gov was running on 0                                        , mu2egrid exit status:   0 TrigReport Events total = 2000000 passed = 13320 failed = 1986680
   228 : section murat-31690706-228-fnpc7301.fnal.gov was running on 0                                        , mu2egrid exit status:   0 TrigReport Events total = 2000000 passed = 13769 failed = 1986231
   229 : section murat-31690706-229-fnpc6029.fnal.gov was running on 0                                        , mu2egrid exit status:   0 TrigReport Events total = 2000000 passed = 13793 failed = 1986207
   230 : section murat-31690706-230-fnpc9104.fnal.gov was running on 0                                        , mu2egrid exit status:   0 TrigReport Events total = 2000000 passed = 14070 failed = 1985930
   231 : section murat-31690706-231-fnpc7020.fnal.gov was running on 0                                        , mu2egrid exit status:   0 TrigReport Events total = 2000000 passed = 14044 failed = 1985956
   232 : section murat-31690706-232-fnpc9046.fnal.gov was running on 0                                        , mu2egrid exit status:   0 TrigReport Events total = 2000000 passed = 13337 failed = 1986663
   233 : section murat-31690706-233-fnpc9110.fnal.gov was running on 0                                        , mu2egrid exit status:   0 TrigReport Events total = 2000000 passed = 13965 failed = 1986035
   234 : section murat-31690706-234-fnpc17150.fnal.gov was running on 0                                        , mu2egrid exit status:   0 TrigReport Events total = 2000000 passed = 14066 failed = 1985934
   235 : section murat-31690706-235-fnpc9103.fnal.gov was running on 0                                        , mu2egrid exit status:   0 TrigReport Events total = 2000000 passed = 14045 failed = 1985955
   236 : section murat-31690706-236-fnpc6028.fnal.gov was running on 0                                        , mu2egrid exit status:   0 TrigReport Events total = 2000000 passed = 13650 failed = 1986350
   237 : section murat-31690706-237-fnpc6029.fnal.gov was running on 0                                        , mu2egrid exit status:   0 TrigReport Events total = 2000000 passed = 13711 failed = 1986289
   238 : section murat-31690706-238-fnpc9104.fnal.gov was running on 0                                        , mu2egrid exit status:   0 TrigReport Events total = 2000000 passed = 13947 failed = 1986053
   239 : section murat-31690706-239-fnpc9046.fnal.gov was running on 0                                        , mu2egrid exit status:   0 TrigReport Events total = 2000000 passed = 13721 failed = 1986279
   240 : section murat-31690706-240-fnpc9110.fnal.gov was running on 0                                        , mu2egrid exit status:   0 TrigReport Events total = 2000000 passed = 13997 failed = 1986003
   241 : section murat-31690706-241-fnpc17116.fnal.gov was running on 0                                        , mu2egrid exit status:   0 TrigReport Events total = 2000000 passed = 14249 failed = 1985751
   242 : section murat-31690706-242-fnpc17120.fnal.gov was running on 0                                        , mu2egrid exit status:   0 TrigReport Events total = 2000000 passed = 13954 failed = 1986046
   243 : section murat-31690706-243-fnpc17158.fnal.gov was running on 0                                        , mu2egrid exit status:   0 TrigReport Events total = 2000000 passed = 13799 failed = 1986201
   244 : section murat-31690706-244-fnpc6028.fnal.gov was running on 0                                        , mu2egrid exit status:   0 TrigReport Events total = 2000000 passed = 13888 failed = 1986112
   245 : section murat-31690706-245-fnpc19101.fnal.gov was running on 0                                        , mu2egrid exit status:   0 TrigReport Events total = 2000000 passed = 13827 failed = 1986173
   246 : section murat-31690706-246-fnpc9008.fnal.gov was running on 0                                        , mu2egrid exit status:   0 TrigReport Events total = 2000000 passed = 14280 failed = 1985720
   247 : section murat-31690706-247-fnpc9107.fnal.gov was running on 0                                        , mu2egrid exit status:   0 TrigReport Events total = 2000000 passed = 14156 failed = 1985844
   248 : section murat-31690706-248-fnpc9104.fnal.gov was running on 0                                        , mu2egrid exit status:   0 TrigReport Events total = 2000000 passed = 13662 failed = 1986338
   249 : section murat-31690706-249-fnpc17116.fnal.gov was running on 0                                        , mu2egrid exit status:   0 TrigReport Events total = 2000000 passed = 13754 failed = 1986246
   250 : section murat-31690706-250-fnpc17158.fnal.gov was running on 0                                        , mu2egrid exit status:   0 TrigReport Events total = 2000000 passed = 13791 failed = 1986209
   251 : section murat-31690706-251-fnpc9010.fnal.gov was running on 0                                        , mu2egrid exit status:   0 TrigReport Events total = 2000000 passed = 13655 failed = 1986345
   252 : section murat-31690706-252-fnpc9072.fnal.gov was running on 0                                        , mu2egrid exit status:   0 TrigReport Events total = 2000000 passed = 13538 failed = 1986462
   253 : section murat-31690706-253-fnpc19101.fnal.gov was running on 0                                        , mu2egrid exit status:   0 TrigReport Events total = 2000000 passed = 13890 failed = 1986110
   254 : section murat-31690706-254-fnpc9034.fnal.gov was running on 0                                        , mu2egrid exit status:   0 TrigReport Events total = 2000000 passed = 13917 failed = 1986083
   255 : section murat-31690706-255-fnpc19101.fnal.gov was running on 0                                        , mu2egrid exit status:   0 TrigReport Events total = 2000000 passed = 13352 failed = 1986648
   256 : section murat-31690706-256-fnpc17112.fnal.gov was running on 0                                        , mu2egrid exit status:   0 TrigReport Events total = 2000000 passed = 13847 failed = 1986153
   257 : section murat-31690706-257-fnpc9034.fnal.gov was running on 0                                        , mu2egrid exit status:   0 TrigReport Events total = 2000000 passed = 13772 failed = 1986228
   258 : section murat-31690706-258-fnpc17150.fnal.gov was running on 0                                        , mu2egrid exit status:   0 TrigReport Events total = 2000000 passed = 14073 failed = 1985927
   259 : section murat-31690706-259-fnpc17150.fnal.gov was running on 0                                        , mu2egrid exit status:   0 TrigReport Events total = 2000000 passed = 13677 failed = 1986323
   260 : section murat-31690706-260-fnpc8023.fnal.gov was running on 0                                        , mu2egrid exit status:   0 TrigReport Events total = 2000000 passed = 13987 failed = 1986013
   261 : section murat-31690706-261-fnpc9067.fnal.gov was running on 0                                        , mu2egrid exit status:   0 TrigReport Events total = 2000000 passed = 13754 failed = 1986246
   262 : section murat-31690706-262-fnpc8012.fnal.gov was running on 0                                        , mu2egrid exit status:   0 TrigReport Events total = 2000000 passed = 13741 failed = 1986259
   263 : section murat-31690706-263-fnpc7025.fnal.gov was running on 0                                        , mu2egrid exit status:   0 TrigReport Events total = 2000000 passed = 13568 failed = 1986432
   264 : section murat-31690706-264-fnpc7003.fnal.gov was running on 0                                        , mu2egrid exit status:   0 TrigReport Events total = 2000000 passed = 13788 failed = 1986212
   265 : section murat-31690706-265-fnpc6024.fnal.gov was running on 0                                        , mu2egrid exit status:   0 TrigReport Events total = 2000000 passed = 13361 failed = 1986639
   266 : section murat-31690706-266-fnpc9015.fnal.gov was running on 0                                        , mu2egrid exit status:   0 TrigReport Events total = 2000000 passed = 13651 failed = 1986349
   267 : section murat-31690706-267-fnpc9006.fnal.gov was running on 0                                        , mu2egrid exit status:   0 TrigReport Events total = 2000000 passed = 13331 failed = 1986669
   268 : section murat-31690706-268-fnpc9047.fnal.gov was running on 0                                        , mu2egrid exit status:   0 TrigReport Events total = 2000000 passed = 13760 failed = 1986240
   269 : section murat-31690706-269-fnpc6020.fnal.gov was running on 0                                        , mu2egrid exit status:   0 TrigReport Events total = 2000000 passed = 13910 failed = 1986090
   270 : section murat-31690706-270-fnpc6026.fnal.gov was running on 0                                        , mu2egrid exit status:   0 TrigReport Events total = 2000000 passed = 13866 failed = 1986134
   271 : section murat-31690706-271-fnpc6027.fnal.gov was running on 0                                        , mu2egrid exit status:   0 TrigReport Events total = 2000000 passed = 13833 failed = 1986167
   272 : section murat-31690706-272-fnpc7016.fnal.gov was running on 0                                        , mu2egrid exit status:   0 TrigReport Events total = 2000000 passed = 13827 failed = 1986173
   273 : section murat-31690706-273-fnpc9047.fnal.gov was running on 0                                        , mu2egrid exit status:   0 TrigReport Events total = 2000000 passed = 13890 failed = 1986110
   274 : section murat-31690706-274-fnpc7003.fnal.gov was running on 0                                        , mu2egrid exit status:   0 TrigReport Events total = 2000000 passed = 13671 failed = 1986329
   275 : section murat-31690706-275-fnpc6024.fnal.gov was running on 0                                        , mu2egrid exit status:   0 TrigReport Events total = 2000000 passed = 13914 failed = 1986086
   276 : section murat-31690706-276-fnpc9067.fnal.gov was running on 0                                        , mu2egrid exit status:   0 TrigReport Events total = 2000000 passed = 14104 failed = 1985896
   277 : section murat-31690706-277-fnpc7003.fnal.gov was running on 0                                        , mu2egrid exit status:   0 TrigReport Events total = 2000000 passed = 13605 failed = 1986395
   278 : section murat-31690706-278-fnpc9067.fnal.gov was running on 0                                        , mu2egrid exit status:   0 TrigReport Events total = 2000000 passed = 14230 failed = 1985770
   279 : section murat-31690706-279-fnpc7003.fnal.gov was running on 0                                        , mu2egrid exit status:   0 TrigReport Events total = 2000000 passed = 14007 failed = 1985993
   280 : section murat-31690706-280-fnpc7025.fnal.gov was running on 0                                        , mu2egrid exit status:   0 TrigReport Events total = 2000000 passed = 13879 failed = 1986121
   281 : section murat-31690706-281-fnpc7003.fnal.gov was running on 0                                        , mu2egrid exit status:   0 TrigReport Events total = 2000000 passed = 13898 failed = 1986102
   282 : section murat-31690706-282-fnpc9067.fnal.gov was running on 0                                        , mu2egrid exit status:   0 TrigReport Events total = 2000000 passed = 13962 failed = 1986038
   283 : section murat-31690706-283-fnpc7025.fnal.gov was running on 0                                        , mu2egrid exit status:   0 TrigReport Events total = 2000000 passed = 13925 failed = 1986075
   284 : section murat-31690706-284-fnpc19127.fnal.gov was running on 0                                        , mu2egrid exit status:   0 TrigReport Events total = 2000000 passed = 13370 failed = 1986630
   285 : section murat-31690706-285-fnpc19122.fnal.gov was running on 0                                        , mu2egrid exit status:   0 TrigReport Events total = 2000000 passed = 14015 failed = 1985985
   286 : section murat-31690706-286-fnpc19115.fnal.gov was running on 0                                        , mu2egrid exit status:   0 TrigReport Events total = 2000000 passed = 13621 failed = 1986379
   287 : section murat-31690706-287-fnpc19114.fnal.gov was running on 0                                        , mu2egrid exit status:   0 TrigReport Events total = 2000000 passed = 13365 failed = 1986635
   288 : section murat-31690706-288-fnpc19113.fnal.gov was running on 0                                        , mu2egrid exit status:   0 TrigReport Events total = 2000000 passed = 13615 failed = 1986385
   289 : section murat-31690706-289-fnpc19113.fnal.gov was running on 0                                        , mu2egrid exit status:   0 TrigReport Events total = 2000000 passed = 13865 failed = 1986135
   290 : section murat-31690706-290-fnpc17121.fnal.gov was running on 0                                        , mu2egrid exit status:   0 TrigReport Events total = 2000000 passed = 13646 failed = 1986354
   291 : section murat-31690706-291-fnpc8016.fnal.gov was running on 0                                        , mu2egrid exit status:   0 TrigReport Events total = 2000000 passed = 13739 failed = 1986261
   292 : section murat-31690706-292-fnpc7209.fnal.gov was running on 0                                        , mu2egrid exit status:   0 TrigReport Events total = 2000000 passed = 13591 failed = 1986409
   293 : section murat-31690706-293-fnpc9079.fnal.gov was running on 0                                        , mu2egrid exit status:   0 TrigReport Events total = 2000000 passed = 13533 failed = 1986467
   294 : section murat-31690706-294-fnpc17117.fnal.gov was running on 0                                        , mu2egrid exit status:   0 TrigReport Events total = 2000000 passed = 14092 failed = 1985908
   295 : section murat-31690706-295-fnpc17146.fnal.gov was running on 0                                        , mu2egrid exit status:   0 TrigReport Events total = 2000000 passed = 13124 failed = 1986876
   296 : section murat-31690706-296-fnpc17122.fnal.gov was running on 0                                        , mu2egrid exit status:   0 TrigReport Events total = 2000000 passed = 13682 failed = 1986318
   297 : section murat-31690706-297-fnpc17130.fnal.gov was running on 0                                        , mu2egrid exit status:   0 TrigReport Events total = 2000000 passed = 14013 failed = 1985987
   298 : section murat-31690706-298-fnpc17133.fnal.gov was running on 0                                        , mu2egrid exit status:   0 TrigReport Events total = 2000000 passed = 13814 failed = 1986186
   299 : section murat-31690706-299-fnpc9008.fnal.gov was running on 0                                        , mu2egrid exit status:   0 TrigReport Events total = 2000000 passed = 13816 failed = 1986184
   300 : section murat-31690706-300-fnpc9070.fnal.gov was running on 0                                        , mu2egrid exit status:   0 TrigReport Events total = 2000000 passed = 13347 failed = 1986653
   301 : section murat-31690706-301-fnpc5029.fnal.gov was running on 0                                        , mu2egrid exit status:   0 TrigReport Events total = 2000000 passed = 14421 failed = 1985579
   302 : section murat-31690706-302-fnpc8012.fnal.gov was running on 0                                        , mu2egrid exit status:   0 TrigReport Events total = 2000000 passed = 13706 failed = 1986294
   303 : section murat-31690706-303-fnpc17101.fnal.gov was running on 0                                        , mu2egrid exit status:   0 TrigReport Events total = 2000000 passed = 13414 failed = 1986586
   304 : section murat-31690706-304-fnpc9055.fnal.gov was running on 0                                        , mu2egrid exit status:   0 TrigReport Events total = 2000000 passed = 13639 failed = 1986361
   305 : section murat-31690706-305-fnpc9026.fnal.gov was running on 0                                        , mu2egrid exit status:   0 TrigReport Events total = 2000000 passed = 13759 failed = 1986241
   306 : section murat-31690706-306-fnpc17134.fnal.gov was running on 0                                        , mu2egrid exit status:   0 TrigReport Events total = 2000000 passed = 14040 failed = 1985960
   307 : section murat-31690706-307-fnpc7020.fnal.gov was running on 0                                        , mu2egrid exit status:   0 TrigReport Events total = 2000000 passed = 13491 failed = 1986509
   308 : section murat-31690706-308-fnpc7019.fnal.gov was running on 0                                        , mu2egrid exit status:   0 TrigReport Events total = 2000000 passed = 13504 failed = 1986496
   309 : section murat-31690706-309-fnpc9078.fnal.gov was running on 0                                        , mu2egrid exit status:   0 TrigReport Events total = 2000000 passed = 13916 failed = 1986084
   310 : section murat-31690706-310-fnpc8019.fnal.gov was running on 0                                        , mu2egrid exit status:   0 TrigReport Events total = 2000000 passed = 13678 failed = 1986322
   311 : section murat-31690706-311-fnpc8010.fnal.gov was running on 0                                        , mu2egrid exit status:   0 TrigReport Events total = 2000000 passed = 13793 failed = 1986207
   312 : section murat-31690706-312-fnpc7003.fnal.gov was running on 0                                        , mu2egrid exit status:   0 TrigReport Events total = 2000000 passed = 13765 failed = 1986235
   313 : section murat-31690706-313-fnpc17122.fnal.gov was running on 0                                        , mu2egrid exit status:   0 TrigReport Events total = 2000000 passed = 13486 failed = 1986514
   314 : section murat-31690706-314-fnpc5001.fnal.gov was running on 0                                        , mu2egrid exit status:   0 TrigReport Events total = 2000000 passed = 13776 failed = 1986224
   315 : section murat-31690706-315-fnpc9043.fnal.gov was running on 0                                        , mu2egrid exit status:   0 TrigReport Events total = 2000000 passed = 13768 failed = 1986232
   316 : section murat-31690706-316-fnpc9079.fnal.gov was running on 0                                        , mu2egrid exit status:   0 TrigReport Events total = 2000000 passed = 14026 failed = 1985974
   317 : section murat-31690706-317-fnpc7004.fnal.gov was running on 0                                        , mu2egrid exit status:   0 TrigReport Events total = 2000000 passed = 13429 failed = 1986571
   318 : section murat-31690706-318-fnpc9053.fnal.gov was running on 0                                        , mu2egrid exit status:   0 TrigReport Events total = 2000000 passed = 13453 failed = 1986547
   319 : section murat-31690706-319-fnpc9106.fnal.gov was running on 0                                        , mu2egrid exit status:   0 TrigReport Events total = 2000000 passed = 13896 failed = 1986104
   320 : section murat-31690706-320-fnpc5018.fnal.gov was running on 0                                        , mu2egrid exit status:   0 TrigReport Events total = 2000000 passed = 13891 failed = 1986109
   321 : section murat-31690706-321-fnpc7025.fnal.gov was running on 0                                        , mu2egrid exit status:   0 TrigReport Events total = 2000000 passed = 13368 failed = 1986632
   322 : section murat-31690706-322-fnpc17137.fnal.gov was running on 0                                        , mu2egrid exit status:   0 TrigReport Events total = 2000000 passed = 13517 failed = 1986483
   323 : section murat-31690706-323-fnpc7010.fnal.gov was running on 0                                        , mu2egrid exit status:   0 TrigReport Events total = 2000000 passed = 14007 failed = 1985993
   324 : section murat-31690706-324-fnpc9068.fnal.gov was running on 0                                        , mu2egrid exit status:   0 TrigReport Events total = 2000000 passed = 14199 failed = 1985801
   325 : section murat-31690706-325-fnpc9006.fnal.gov was running on 0                                        , mu2egrid exit status:   0 TrigReport Events total = 2000000 passed = 13671 failed = 1986329
   326 : section murat-31690706-326-fnpc6016.fnal.gov was running on 0                                        , mu2egrid exit status:   0 TrigReport Events total = 2000000 passed = 13472 failed = 1986528
   327 : section murat-31690706-327-fnpc9017.fnal.gov was running on 0                                        , mu2egrid exit status:   0 TrigReport Events total = 2000000 passed = 13702 failed = 1986298
   328 : section murat-31690706-328-fnpc7007.fnal.gov was running on 0                                        , mu2egrid exit status:   0 TrigReport Events total = 2000000 passed = 13233 failed = 1986767
   329 : section murat-31690706-329-fnpc6026.fnal.gov was running on 0                                        , mu2egrid exit status:   0 TrigReport Events total = 2000000 passed = 13777 failed = 1986223
   330 : section murat-31690706-330-fnpc9063.fnal.gov was running on 0                                        , mu2egrid exit status:   0 TrigReport Events total = 2000000 passed = 14049 failed = 1985951
   331 : section murat-31690706-331-fnpc9010.fnal.gov was running on 0                                        , mu2egrid exit status:   0 TrigReport Events total = 2000000 passed = 13785 failed = 1986215
   332 : section murat-31690706-332-fnpc7015.fnal.gov was running on 0                                        , mu2egrid exit status:   0 TrigReport Events total = 2000000 passed = 13324 failed = 1986676
   333 : section murat-31690706-333-fnpc9052.fnal.gov was running on 0                                        , mu2egrid exit status:   0 TrigReport Events total = 2000000 passed = 13711 failed = 1986289
   334 : section murat-31690706-334-fnpc17111.fnal.gov was running on 0                                        , mu2egrid exit status:   0 TrigReport Events total = 2000000 passed = 14214 failed = 1985786
   335 : section murat-31690706-335-fnpc19115.fnal.gov was running on 0                                        , mu2egrid exit status:   0 TrigReport Events total = 2000000 passed = 14112 failed = 1985888
   336 : section murat-31690706-336-fnpc19116.fnal.gov was running on 0                                        , mu2egrid exit status:   0 TrigReport Events total = 2000000 passed = 14150 failed = 1985850
   337 : section murat-31690706-337-fnpc17146.fnal.gov was running on 0                                        , mu2egrid exit status:   0 TrigReport Events total = 2000000 passed = 13954 failed = 1986046
   338 : section murat-31690706-338-fnpc5001.fnal.gov was running on 0                                        , mu2egrid exit status:   0 TrigReport Events total = 2000000 passed = 13554 failed = 1986446
   339 : section murat-31690706-339-fnpc9052.fnal.gov was running on 0                                        , mu2egrid exit status:   0 TrigReport Events total = 2000000 passed = 13578 failed = 1986422
   340 : section murat-31690706-340-fnpc9106.fnal.gov was running on 0                                        , mu2egrid exit status:   0 TrigReport Events total = 2000000 passed = 13219 failed = 1986781
   341 : section murat-31690706-341-fnpc9052.fnal.gov was running on 0                                        , mu2egrid exit status:   0 TrigReport Events total = 2000000 passed = 13874 failed = 1986126
   342 : section murat-31690706-342-fnpc6016.fnal.gov was running on 0                                        , mu2egrid exit status:   0 TrigReport Events total = 2000000 passed = 13746 failed = 1986254
   343 : section murat-31690706-343-fnpc17130.fnal.gov was running on 0                                        , mu2egrid exit status:   0 TrigReport Events total = 2000000 passed = 13926 failed = 1986074
   344 : section murat-31690706-344-fnpc5001.fnal.gov was running on 0                                        , mu2egrid exit status:   0 TrigReport Events total = 2000000 passed = 13572 failed = 1986428
   345 : section murat-31690706-345-fnpc9106.fnal.gov was running on 0                                        , mu2egrid exit status:   0 TrigReport Events total = 2000000 passed = 13966 failed = 1986034
   346 : section murat-31690706-346-fnpc8010.fnal.gov was running on 0                                        , mu2egrid exit status:   0 TrigReport Events total = 2000000 passed = 13760 failed = 1986240
   347 : section murat-31690706-347-fnpc7015.fnal.gov was running on 0                                        , mu2egrid exit status:   0 TrigReport Events total = 2000000 passed = 14023 failed = 1985977
   348 : section murat-31690706-348-fnpc7004.fnal.gov was running on 0                                        , mu2egrid exit status:   0 TrigReport Events total = 2000000 passed = 13256 failed = 1986744
   349 : section murat-31690706-349-fnpc19116.fnal.gov was running on 0                                        , mu2egrid exit status:   0 TrigReport Events total = 2000000 passed = 13641 failed = 1986359
   350 : section murat-31690706-350-fnpc17121.fnal.gov was running on 0                                        , mu2egrid exit status:   0 TrigReport Events total = 2000000 passed = 13550 failed = 1986450
   351 : section murat-31690706-351-fnpc17130.fnal.gov was running on 0                                        , mu2egrid exit status:   0 TrigReport Events total = 2000000 passed = 13956 failed = 1986044
   352 : section murat-31690706-352-fnpc7004.fnal.gov was running on 0                                        , mu2egrid exit status:   0 TrigReport Events total = 2000000 passed = 13827 failed = 1986173
   353 : section murat-31690706-353-fnpc9068.fnal.gov was running on 0                                        , mu2egrid exit status:   0 TrigReport Events total = 2000000 passed = 14070 failed = 1985930
   354 : section murat-31690706-354-fnpc7015.fnal.gov was running on 0                                        , mu2egrid exit status:   0 TrigReport Events total = 2000000 passed = 13790 failed = 1986210
   355 : section murat-31690706-355-fnpc9052.fnal.gov was running on 0                                        , mu2egrid exit status:   0 TrigReport Events total = 2000000 passed = 13844 failed = 1986156
   356 : section murat-31690706-356-fnpc7019.fnal.gov was running on 0                                        , mu2egrid exit status:   0 TrigReport Events total = 2000000 passed = 13620 failed = 1986380
   357 : section murat-31690706-357-fnpc9006.fnal.gov was running on 0                                        , mu2egrid exit status:   0 TrigReport Events total = 2000000 passed = 13738 failed = 1986262
   358 : section murat-31690706-358-fnpc9017.fnal.gov was running on 0                                        , mu2egrid exit status:   0 TrigReport Events total = 2000000 passed = 13249 failed = 1986751
   359 : section murat-31690706-359-fnpc17101.fnal.gov was running on 0                                        , mu2egrid exit status:   0 TrigReport Events total = 2000000 passed = 13711 failed = 1986289
   360 : section murat-31690706-360-fnpc7004.fnal.gov was running on 0                                        , mu2egrid exit status:   0 TrigReport Events total = 2000000 passed = 13710 failed = 1986290
   361 : section murat-31690706-361-fnpc19115.fnal.gov was running on 0                                        , mu2egrid exit status:   0 TrigReport Events total = 2000000 passed = 13476 failed = 1986524
   362 : section murat-31690706-362-fnpc7019.fnal.gov was running on 0                                        , mu2egrid exit status:   0 TrigReport Events total = 2000000 passed = 13780 failed = 1986220
   363 : section murat-31690706-363-fnpc9055.fnal.gov was running on 0                                        , mu2egrid exit status:   0 TrigReport Events total = 2000000 passed = 14014 failed = 1985986
   364 : section murat-31690706-364-fnpc9053.fnal.gov was running on 0                                        , mu2egrid exit status:   0 TrigReport Events total = 2000000 passed = 14258 failed = 1985742
   365 : section murat-31690706-365-fnpc19116.fnal.gov was running on 0                                        , mu2egrid exit status:   0 TrigReport Events total = 2000000 passed = 13906 failed = 1986094
   366 : section murat-31690706-366-fnpc7020.fnal.gov was running on 0                                        , mu2egrid exit status:   0 TrigReport Events total = 2000000 passed = 14014 failed = 1985986
   367 : section murat-31690706-367-fnpc9006.fnal.gov was running on 0                                        , mu2egrid exit status:   0 TrigReport Events total = 2000000 passed = 14285 failed = 1985715
   368 : section murat-31690706-368-fnpc9053.fnal.gov was running on 0                                        , mu2egrid exit status:   0 TrigReport Events total = 2000000 passed = 13845 failed = 1986155
   369 : section murat-31690706-369-fnpc9063.fnal.gov was running on 0                                        , mu2egrid exit status:   0 TrigReport Events total = 2000000 passed = 13913 failed = 1986087
   370 : section murat-31690706-370-fnpc9052.fnal.gov was running on 0                                        , mu2egrid exit status:   0 TrigReport Events total = 2000000 passed = 13298 failed = 1986702
   371 : section murat-31690706-371-fnpc9063.fnal.gov was running on 0                                        , mu2egrid exit status:   0 TrigReport Events total = 2000000 passed = 13412 failed = 1986588
   372 : section murat-31690706-372-fnpc19115.fnal.gov was running on 0                                        , mu2egrid exit status:   0 TrigReport Events total = 2000000 passed = 13859 failed = 1986141
   373 : section murat-31690706-373-fnpc19116.fnal.gov was running on 0                                        , mu2egrid exit status:   0 TrigReport Events total = 2000000 passed = 14008 failed = 1985992
   374 : section murat-31690706-374-fnpc8019.fnal.gov was running on 0                                        , mu2egrid exit status:   0 TrigReport Events total = 2000000 passed = 13513 failed = 1986487
   375 : section murat-31690706-375-fnpc9006.fnal.gov was running on 0                                        , mu2egrid exit status:   0 TrigReport Events total = 2000000 passed = 14201 failed = 1985799
   376 : section murat-31690706-376-fnpc19116.fnal.gov was running on 0                                        , mu2egrid exit status:   0 TrigReport Events total = 2000000 passed = 13981 failed = 1986019
   377 : section murat-31690706-377-fnpc9078.fnal.gov was running on 0                                        , mu2egrid exit status:   0 TrigReport Events total = 2000000 passed = 13623 failed = 1986377
   378 : section murat-31690706-378-fnpc19116.fnal.gov was running on 0                                        , mu2egrid exit status:   0 TrigReport Events total = 2000000 passed = 13665 failed = 1986335
   379 : section murat-31690706-379-fnpc9017.fnal.gov was running on 0                                        , mu2egrid exit status:   0 TrigReport Events total = 2000000 passed = 13479 failed = 1986521
   380 : section murat-31690706-380-fnpc19116.fnal.gov was running on 0                                        , mu2egrid exit status:   0 TrigReport Events total = 2000000 passed = 13850 failed = 1986150
   381 : section murat-31690706-381-fnpc9017.fnal.gov was running on 0                                        , mu2egrid exit status:   0 TrigReport Events total = 2000000 passed = 13849 failed = 1986151
   382 : section murat-31690706-382-fnpc19116.fnal.gov was running on 0                                        , mu2egrid exit status:   0 TrigReport Events total = 2000000 passed = 13706 failed = 1986294
   383 : section murat-31690706-383-fnpc8019.fnal.gov was running on 0                                        , mu2egrid exit status:   0 TrigReport Events total = 2000000 passed = 14057 failed = 1985943
   384 : section murat-31690706-384-fnpc19116.fnal.gov was running on 0                                        , mu2egrid exit status:   0 TrigReport Events total = 2000000 passed = 13240 failed = 1986760
   385 : section murat-31690706-385-fnpc9052.fnal.gov was running on 0                                        , mu2egrid exit status:   0 TrigReport Events total = 2000000 passed = 13666 failed = 1986334
   386 : section murat-31690706-386-fnpc9017.fnal.gov was running on 0                                        , mu2egrid exit status:   0 TrigReport Events total = 2000000 passed = 13528 failed = 1986472
   387 : section murat-31690706-387-fnpc19116.fnal.gov was running on 0                                        , mu2egrid exit status:   0 TrigReport Events total = 2000000 passed = 13238 failed = 1986762
   388 : section murat-31690706-388-fnpc9052.fnal.gov was running on 0                                        , mu2egrid exit status:   0 TrigReport Events total = 2000000 passed = 13539 failed = 1986461
   389 : section murat-31690706-389-fnpc8019.fnal.gov was running on 0                                        , mu2egrid exit status:   0 TrigReport Events total = 2000000 passed = 13807 failed = 1986193
   390 : section murat-31690706-390-fnpc19116.fnal.gov was running on 0                                        , mu2egrid exit status:   0 TrigReport Events total = 2000000 passed = 13724 failed = 1986276
   391 : section murat-31690706-391-fnpc9017.fnal.gov was running on 0                                        , mu2egrid exit status:   0 TrigReport Events total = 2000000 passed = 13300 failed = 1986700
   392 : section murat-31690706-392-fnpc8019.fnal.gov was running on 0                                        , mu2egrid exit status:   0 TrigReport Events total = 2000000 passed = 13648 failed = 1986352
   393 : section murat-31690706-393-fnpc9052.fnal.gov was running on 0                                        , mu2egrid exit status:   0 TrigReport Events total = 2000000 passed = 13558 failed = 1986442
   394 : section murat-31690706-394-fnpc19116.fnal.gov was running on 0                                        , mu2egrid exit status:   0 TrigReport Events total = 2000000 passed = 13814 failed = 1986186
   395 : section murat-31690706-395-fnpc9078.fnal.gov was running on 0                                        , mu2egrid exit status:   0 TrigReport Events total = 2000000 passed = 13955 failed = 1986045
   396 : section murat-31690706-396-fnpc19116.fnal.gov was running on 0                                        , mu2egrid exit status:   0 TrigReport Events total = 2000000 passed = 14074 failed = 1985926
   397 : section murat-31690706-397-fnpc9052.fnal.gov was running on 0                                        , mu2egrid exit status:   0 TrigReport Events total = 2000000 passed = 13385 failed = 1986615
   398 : section murat-31690706-398-fnpc19116.fnal.gov was running on 0                                        , mu2egrid exit status:   0 TrigReport Events total = 2000000 passed = 13879 failed = 1986121
   399 : section murat-31690706-399-fnpc9078.fnal.gov was running on 0                                        , mu2egrid exit status:   0 TrigReport Events total = 2000000 passed = 13660 failed = 1986340
   400 : section murat-31690706-400-fnpc9052.fnal.gov was running on 0                                        , mu2egrid exit status:   0 TrigReport Events total = 2000000 passed = 14025 failed = 1985975
   401 : section murat-31690706-401-fnpc19116.fnal.gov was running on 0                                        , mu2egrid exit status:   0 TrigReport Events total = 2000000 passed = 14008 failed = 1985992
   402 : section murat-31690706-402-fnpc19116.fnal.gov was running on 0                                        , mu2egrid exit status:   0 TrigReport Events total = 2000000 passed = 13829 failed = 1986171
   403 : section murat-31690706-403-fnpc9078.fnal.gov was running on 0                                        , mu2egrid exit status:   0 TrigReport Events total = 2000000 passed = 13211 failed = 1986789
   404 : section murat-31690706-404-fnpc9052.fnal.gov was running on 0                                        , mu2egrid exit status:   0 TrigReport Events total = 2000000 passed = 13436 failed = 1986564
   405 : section murat-31690706-405-fnpc9052.fnal.gov was running on 0                                        , mu2egrid exit status:   0 TrigReport Events total = 2000000 passed = 13540 failed = 1986460
   406 : section murat-31690706-406-fnpc9052.fnal.gov was running on 0                                        , mu2egrid exit status:   0 TrigReport Events total = 2000000 passed = 13860 failed = 1986140
   407 : section murat-31690706-407-fnpc9052.fnal.gov was running on 0                                        , mu2egrid exit status:   0 TrigReport Events total = 2000000 passed = 13485 failed = 1986515
   408 : section murat-31690706-408-fnpc5020.fnal.gov was running on 0                                        , mu2egrid exit status:   0 TrigReport Events total = 2000000 passed = 13889 failed = 1986111
   409 : section murat-31690706-409-fnpc19101.fnal.gov was running on 0                                        , mu2egrid exit status:   0 TrigReport Events total = 2000000 passed = 13372 failed = 1986628
   410 : section murat-31690706-410-fnpc9065.fnal.gov was running on 0                                        , mu2egrid exit status:   0 TrigReport Events total = 2000000 passed = 13739 failed = 1986261
   411 : section murat-31690706-411-fnpc9064.fnal.gov was running on 0                                        , mu2egrid exit status:   0 TrigReport Events total = 2000000 passed = 13797 failed = 1986203
   412 : section murat-31690706-412-fnpc19116.fnal.gov was running on 0                                        , mu2egrid exit status:   0 TrigReport Events total = 2000000 passed = 13876 failed = 1986124
   413 : section murat-31690706-413-fnpc17148.fnal.gov was running on 0                                        , mu2egrid exit status:   0 TrigReport Events total = 2000000 passed = 13706 failed = 1986294
   414 : section murat-31690706-414-fnpc19112.fnal.gov was running on 0                                        , mu2egrid exit status:   0 TrigReport Events total = 2000000 passed = 13808 failed = 1986192
   415 : section murat-31690706-415-fnpc19112.fnal.gov was running on 0                                        , mu2egrid exit status:   0 TrigReport Events total = 2000000 passed = 13488 failed = 1986512
   416 : section murat-31690706-416-fnpc19112.fnal.gov was running on 0                                        , mu2egrid exit status:   0 TrigReport Events total = 2000000 passed = 13432 failed = 1986568
   417 : section murat-31690706-417-fnpc19112.fnal.gov was running on 0                                        , mu2egrid exit status:   0 TrigReport Events total = 2000000 passed = 14129 failed = 1985871
   418 : section murat-31690706-418-fnpc19112.fnal.gov was running on 0                                        , mu2egrid exit status:   0 TrigReport Events total = 2000000 passed = 14071 failed = 1985929
   419 : section murat-31690706-419-fnpc19112.fnal.gov was running on 0                                        , mu2egrid exit status:   0 TrigReport Events total = 2000000 passed = 14010 failed = 1985990
   420 : section murat-31690706-420-fnpc8006.fnal.gov was running on 0                                        , mu2egrid exit status:   0 TrigReport Events total = 2000000 passed = 13820 failed = 1986180
   421 : section murat-31690706-421-fnpc9018.fnal.gov was running on 0                                        , mu2egrid exit status:   0 TrigReport Events total = 2000000 passed = 13773 failed = 1986227
   422 : section murat-31690706-422-fnpc17136.fnal.gov was running on 0                                        , mu2egrid exit status:   0 TrigReport Events total = 2000000 passed = 13456 failed = 1986544
   423 : section murat-31690706-423-fnpc9109.fnal.gov was running on 0                                        , mu2egrid exit status:   0 TrigReport Events total = 2000000 passed = 13940 failed = 1986060
   424 : section murat-31690706-424-fnpc7005.fnal.gov was running on 0                                        , mu2egrid exit status:   0 TrigReport Events total = 2000000 passed = 13763 failed = 1986237
   425 : section murat-31690706-425-fnpc19115.fnal.gov was running on 0                                        , mu2egrid exit status:   0 TrigReport Events total = 2000000 passed = 13644 failed = 1986356
   426 : section murat-31690706-426-fnpc17139.fnal.gov was running on 0                                        , mu2egrid exit status:   0 TrigReport Events total = 2000000 passed = 13665 failed = 1986335
   427 : section murat-31690706-427-fnpc9055.fnal.gov was running on 0                                        , mu2egrid exit status:   0 TrigReport Events total = 2000000 passed = 13933 failed = 1986067
   428 : section murat-31690706-428-fnpc9030.fnal.gov was running on 0                                        , mu2egrid exit status:   0 TrigReport Events total = 2000000 passed = 13782 failed = 1986218
   429 : section murat-31690706-429-fnpc7026.fnal.gov was running on 0                                        , mu2egrid exit status:   0 TrigReport Events total = 2000000 passed = 14255 failed = 1985745
   430 : section murat-31690706-430-fnpc17148.fnal.gov was running on 0                                        , mu2egrid exit status:   0 TrigReport Events total = 2000000 passed = 13799 failed = 1986201
   431 : section murat-31690706-431-fnpc19124.fnal.gov was running on 0                                        , mu2egrid exit status:   0 TrigReport Events total = 2000000 passed = 13623 failed = 1986377
   432 : section murat-31690706-432-fnpc19109.fnal.gov was running on 0                                        , mu2egrid exit status:   0 TrigReport Events total = 2000000 passed = 13440 failed = 1986560
   433 : section murat-31690706-433-fnpc17148.fnal.gov was running on 0                                        , mu2egrid exit status:   0 TrigReport Events total = 2000000 passed = 13924 failed = 1986076
   434 : section murat-31690706-434-fnpc19109.fnal.gov was running on 0                                        , mu2egrid exit status:   0 TrigReport Events total = 2000000 passed = 14244 failed = 1985756
   435 : section murat-31690706-435-fnpc19109.fnal.gov was running on 0                                        , mu2egrid exit status:   0 TrigReport Events total = 2000000 passed = 13798 failed = 1986202
   436 : section murat-31690706-436-fnpc9064.fnal.gov was running on 0                                        , mu2egrid exit status:   0 TrigReport Events total = 2000000 passed = 13783 failed = 1986217
   437 : section murat-31690706-437-fnpc9065.fnal.gov was running on 0                                        , mu2egrid exit status:   0 TrigReport Events total = 2000000 passed = 13620 failed = 1986380
   438 : section murat-31690706-438-fnpc9021.fnal.gov was running on 0                                        , mu2egrid exit status:   0 TrigReport Events total = 2000000 passed = 13630 failed = 1986370
   439 : section murat-31690706-439-fnpc17133.fnal.gov was running on 0                                        , mu2egrid exit status:   0 TrigReport Events total = 2000000 passed = 14248 failed = 1985752
   440 : section murat-31690706-440-fnpc9049.fnal.gov was running on 0                                        , mu2egrid exit status:   0 TrigReport Events total = 2000000 passed = 13866 failed = 1986134
   441 : section murat-31690706-441-fnpc8028.fnal.gov was running on 0                                        , mu2egrid exit status:   0 TrigReport Events total = 2000000 passed = 13984 failed = 1986016
   442 : section murat-31690706-442-fnpc8009.fnal.gov was running on 0                                        , mu2egrid exit status:   0 TrigReport Events total = 2000000 passed = 13612 failed = 1986388
   443 : section murat-31690706-443-fnpc7210.fnal.gov was running on 0                                        , mu2egrid exit status:   0 TrigReport Events total = 2000000 passed = 13957 failed = 1986043
   444 : section murat-31690706-444-fnpc17160.fnal.gov was running on 0                                        , mu2egrid exit status:   0 TrigReport Events total = 2000000 passed = 13510 failed = 1986490
   445 : section murat-31690706-445-fnpc17123.fnal.gov was running on 0                                        , mu2egrid exit status:   0 TrigReport Events total = 2000000 passed = 14094 failed = 1985906
   446 : section murat-31690706-446-fnpc7017.fnal.gov was running on 0                                        , mu2egrid exit status:   0 TrigReport Events total = 2000000 passed = 14179 failed = 1985821
   447 : section murat-31690706-447-fnpc9076.fnal.gov was running on 0                                        , mu2egrid exit status:   0 TrigReport Events total = 2000000 passed = 13754 failed = 1986246
   448 : section murat-31690706-448-fnpc17110.fnal.gov was running on 0                                        , mu2egrid exit status:   0 TrigReport Events total = 2000000 passed = 14004 failed = 1985996
   449 : section murat-31690706-449-fnpc8020.fnal.gov was running on 0                                        , mu2egrid exit status:   0 TrigReport Events total = 2000000 passed = 13986 failed = 1986014
   450 : section murat-31690706-450-fnpc17101.fnal.gov was running on 0                                        , mu2egrid exit status:   0 TrigReport Events total = 2000000 passed = 13703 failed = 1986297
   451 : section murat-31690706-451-fnpc9101.fnal.gov was running on 0                                        , mu2egrid exit status:   0 TrigReport Events total = 2000000 passed = 13633 failed = 1986367
   452 : section murat-31690706-452-fnpc8027.fnal.gov was running on 0                                        , mu2egrid exit status:   0 TrigReport Events total = 2000000 passed = 13803 failed = 1986197
   453 : section murat-31690706-453-fnpc5030.fnal.gov was running on 0                                        , mu2egrid exit status:   0 TrigReport Events total = 2000000 passed = 13883 failed = 1986117
   454 : section murat-31690706-454-fnpc6030.fnal.gov was running on 0                                        , mu2egrid exit status:   0 TrigReport Events total = 2000000 passed = 13705 failed = 1986295
   455 : section murat-31690706-455-fnpc17145.fnal.gov was running on 0                                        , mu2egrid exit status:   0 TrigReport Events total = 2000000 passed = 13685 failed = 1986315
   456 : section murat-31690706-456-fnpc9068.fnal.gov was running on 0                                        , mu2egrid exit status:   0 TrigReport Events total = 2000000 passed = 13708 failed = 1986292
   457 : section murat-31690706-457-fnpc17102.fnal.gov was running on 0                                        , mu2egrid exit status:   0 TrigReport Events total = 2000000 passed = 13672 failed = 1986328
   458 : section murat-31690706-458-fnpc9074.fnal.gov was running on 0                                        , mu2egrid exit status:   0 TrigReport Events total = 2000000 passed = 13879 failed = 1986121
   459 : section murat-31690706-459-fnpc9103.fnal.gov was running on 0                                        , mu2egrid exit status:   0 TrigReport Events total = 2000000 passed = 13333 failed = 1986667
   460 : section murat-31690706-460-fnpc6020.fnal.gov was running on 0                                        , mu2egrid exit status:   0 TrigReport Events total = 2000000 passed = 13680 failed = 1986320
   461 : section murat-31690706-461-fnpc9050.fnal.gov was running on 0                                        , mu2egrid exit status:   0 TrigReport Events total = 2000000 passed = 14010 failed = 1985990
   462 : section murat-31690706-462-fnpc7030.fnal.gov was running on 0                                        , mu2egrid exit status:   0 TrigReport Events total = 2000000 passed = 13550 failed = 1986450
   463 : section murat-31690706-463-fnpc6028.fnal.gov was running on 0                                        , mu2egrid exit status:   0 TrigReport Events total = 2000000 passed = 13687 failed = 1986313
   464 : section murat-31690706-464-fnpc6016.fnal.gov was running on 0                                        , mu2egrid exit status:   0 TrigReport Events total = 2000000 passed = 13858 failed = 1986142
   465 : section murat-31690706-465-fnpc6005.fnal.gov was running on 0                                        , mu2egrid exit status:   0 TrigReport Events total = 2000000 passed = 13705 failed = 1986295
   466 : section murat-31690706-466-fnpc17124.fnal.gov was running on 0                                        , mu2egrid exit status:   0 TrigReport Events total = 2000000 passed = 13933 failed = 1986067
   467 : section murat-31690706-467-fnpc9056.fnal.gov was running on 0                                        , mu2egrid exit status:   0 TrigReport Events total = 2000000 passed = 13710 failed = 1986290
   468 : section murat-31690706-468-fnpc19122.fnal.gov was running on 0                                        , mu2egrid exit status:   0 TrigReport Events total = 2000000 passed = 13622 failed = 1986378
   469 : section murat-31690706-469-fnpc19113.fnal.gov was running on 0                                        , mu2egrid exit status:   0 TrigReport Events total = 2000000 passed = 13777 failed = 1986223
   470 : section murat-31690706-470-fnpc19137.fnal.gov was running on 0                                        , mu2egrid exit status:   0 TrigReport Events total = 2000000 passed = 14236 failed = 1985764
   471 : section murat-31690706-471-fnpc19107.fnal.gov was running on 0                                        , mu2egrid exit status:   0 TrigReport Events total = 2000000 passed = 13818 failed = 1986182
   472 : section murat-31690706-472-fnpc19142.fnal.gov was running on 0                                        , mu2egrid exit status:   0 TrigReport Events total = 2000000 passed = 13839 failed = 1986161
   473 : section murat-31690706-473-fnpc9076.fnal.gov was running on 0                                        , mu2egrid exit status:   0 TrigReport Events total = 2000000 passed = 14110 failed = 1985890
   474 : section murat-31690706-474-fnpc9101.fnal.gov was running on 0                                        , mu2egrid exit status:   0 TrigReport Events total = 2000000 passed = 13749 failed = 1986251
   475 : section murat-31690706-475-fnpc19111.fnal.gov was running on 0                                        , mu2egrid exit status:   0 TrigReport Events total = 2000000 passed = 13458 failed = 1986542
   476 : section murat-31690706-476-fnpc9103.fnal.gov was running on 0                                        , mu2egrid exit status:   0 TrigReport Events total = 2000000 passed = 13274 failed = 1986726
   477 : section murat-31690706-477-fnpc5030.fnal.gov was running on 0                                        , mu2egrid exit status:   0 TrigReport Events total = 2000000 passed = 13795 failed = 1986205
   478 : section murat-31690706-478-fnpc17124.fnal.gov was running on 0                                        , mu2egrid exit status:   0 TrigReport Events total = 2000000 passed = 13933 failed = 1986067
   479 : section murat-31690706-479-fnpc7017.fnal.gov was running on 0                                        , mu2egrid exit status:   0 TrigReport Events total = 2000000 passed = 13888 failed = 1986112
   480 : section murat-31690706-480-fnpc6016.fnal.gov was running on 0                                        , mu2egrid exit status:   0 TrigReport Events total = 2000000 passed = 13731 failed = 1986269
   481 : section murat-31690706-481-fnpc9076.fnal.gov was running on 0                                        , mu2egrid exit status:   0 TrigReport Events total = 2000000 passed = 13752 failed = 1986248
   482 : section murat-31690706-482-fnpc6030.fnal.gov was running on 0                                        , mu2egrid exit status:   0 TrigReport Events total = 2000000 passed = 13486 failed = 1986514
   483 : section murat-31690706-483-fnpc6005.fnal.gov was running on 0                                        , mu2egrid exit status:   0 TrigReport Events total = 2000000 passed = 13745 failed = 1986255
   484 : section murat-31690706-484-fnpc6016.fnal.gov was running on 0                                        , mu2egrid exit status:   0 TrigReport Events total = 2000000 passed = 13571 failed = 1986429
--------------------------------------------
JOB SUMMARY:
--------------------------------------------
submitted           :   485 sections
output checked      :     0 sections
completed           :   485 sections
staging failures    :     0 sections
completed with rc=0 :   485 sections
mu2e job failed     :     0 sections
