#  Sat May 2 12:52:52 CDT 2020
# job output directory: /pnfs/mu2e/scratch/users/murat/workflow/ts_warm_bore.760_3000.pbar_vd91.ts1_sim/outstage/7280429
# subdirectory        : /pnfs/mu2e/scratch/users/murat/workflow/ts_warm_bore.760_3000.pbar_vd91.ts1_sim/outstage/7280429/00
     0 : section 00000  was running on murat-7280429-0-fnpc17107.fnal.gov       , mu2egrid exit status:   0 TrigReport Events total = 2000000 passed = 8722 failed = 1991278
     1 : section 00001  was running on murat-7280429-1-fnpc17142.fnal.gov       , mu2egrid exit status:   0 TrigReport Events total = 2000000 passed = 9013 failed = 1990987
     2 : section 00002  was running on murat-7280429-2-fnpc17139.fnal.gov       , mu2egrid exit status:   0 TrigReport Events total = 2000000 passed = 9250 failed = 1990750
     3 : section 00003  was running on murat-7280429-3-fnpc7303.fnal.gov        , mu2egrid exit status:   0 TrigReport Events total = 2000000 passed = 9074 failed = 1990926
     4 : section 00004  was running on murat-7280429-4-fnpc17140.fnal.gov       , mu2egrid exit status:   0 TrigReport Events total = 2000000 passed = 9117 failed = 1990883
     5 : section 00005  was running on murat-7280429-5-fnpc8022.fnal.gov        , mu2egrid exit status:   0 TrigReport Events total = 2000000 passed = 8966 failed = 1991034
     6 : section 00006  was running on murat-7280429-6-fnpc5036.fnal.gov        , mu2egrid exit status:   0 TrigReport Events total = 2000000 passed = 8534 failed = 1991466
     7 : section 00007  was running on murat-7280429-7-fnpc17152.fnal.gov       , mu2egrid exit status:   0 TrigReport Events total = 2000000 passed = 9063 failed = 1990937
     8 : section 00008  was running on murat-7280429-8-fnpc8026.fnal.gov        , mu2egrid exit status:   0 TrigReport Events total = 2000000 passed = 8873 failed = 1991127
     9 : section 00009  was running on murat-7280429-9-fnpc8007.fnal.gov        , mu2egrid exit status:   0 TrigReport Events total = 2000000 passed = 8941 failed = 1991059
    10 : section 00010  was running on murat-7280429-9-fnpc8007.fnal.gov        , NO mu2egrid exit status   0
    11 : section 00011  was running on murat-7280429-11-fnpc5018.fnal.gov       , mu2egrid exit status:   0 TrigReport Events total = 2000000 passed = 9183 failed = 1990817
    12 : section 00012  was running on murat-7280429-12-fnpc5028.fnal.gov       , mu2egrid exit status:   0 TrigReport Events total = 2000000 passed = 9152 failed = 1990848
    13 : section 00013  was running on murat-7280429-13-fnpc8014.fnal.gov       , mu2egrid exit status:   0 TrigReport Events total = 2000000 passed = 8969 failed = 1991031
    14 : section 00014  was running on murat-7280429-14-fnpc5027.fnal.gov       , mu2egrid exit status:   0 TrigReport Events total = 2000000 passed = 8988 failed = 1991012
    15 : section 00015  was running on murat-7280429-15-fnpc17137.fnal.gov      , mu2egrid exit status:   0 TrigReport Events total = 2000000 passed = 8789 failed = 1991211
    16 : section 00016  was running on murat-7280429-16-fnpc7006.fnal.gov       , mu2egrid exit status:   0 TrigReport Events total = 2000000 passed = 8817 failed = 1991183
    17 : section 00017  was running on murat-7280429-17-fnpc9108.fnal.gov       , mu2egrid exit status:   0 TrigReport Events total = 2000000 passed = 8696 failed = 1991304
    18 : section 00018  was running on murat-7280429-18-fnpc8016.fnal.gov       , mu2egrid exit status:   0 TrigReport Events total = 2000000 passed = 8926 failed = 1991074
    19 : section 00019  was running on murat-7280429-19-fnpc9064.fnal.gov       , mu2egrid exit status:   0 TrigReport Events total = 2000000 passed = 8818 failed = 1991182
    20 : section 00020  was running on murat-7280429-20-fnpc9058.fnal.gov       , mu2egrid exit status:   0 TrigReport Events total = 2000000 passed = 9189 failed = 1990811
    21 : section 00021  was running on murat-7280429-21-fnpc9079.fnal.gov       , mu2egrid exit status:   0 TrigReport Events total = 2000000 passed = 8921 failed = 1991079
    22 : section 00022  was running on murat-7280429-22-fnpc8015.fnal.gov       , mu2egrid exit status:   0 TrigReport Events total = 2000000 passed = 9205 failed = 1990795
    23 : section 00023  was running on murat-7280429-23-fnpc17109.fnal.gov      , mu2egrid exit status:   0 TrigReport Events total = 2000000 passed = 8876 failed = 1991124
    24 : section 00024  was running on murat-7280429-24-fnpc17147.fnal.gov      , mu2egrid exit status:   0 TrigReport Events total = 2000000 passed = 9193 failed = 1990807
    25 : section 00025  was running on murat-7280429-25-fnpc9065.fnal.gov       , mu2egrid exit status:   0 TrigReport Events total = 2000000 passed = 8742 failed = 1991258
    26 : section 00026  was running on murat-7280429-26-fnpc17135.fnal.gov      , mu2egrid exit status:   0 TrigReport Events total = 2000000 passed = 9195 failed = 1990805
    27 : section 00027  was running on murat-7280429-27-fnpc9055.fnal.gov       , mu2egrid exit status:   0 TrigReport Events total = 2000000 passed = 9322 failed = 1990678
    28 : section 00028  was running on murat-7280429-28-fnpc8009.fnal.gov       , mu2egrid exit status:   0 TrigReport Events total = 2000000 passed = 9126 failed = 1990874
    29 : section 00029  was running on murat-7280429-29-fnpc6005.fnal.gov       , mu2egrid exit status:   0 TrigReport Events total = 2000000 passed = 9077 failed = 1990923
    30 : section 00030  was running on murat-7280429-30-fnpc9068.fnal.gov       , mu2egrid exit status:   0 TrigReport Events total = 2000000 passed = 9030 failed = 1990970
    31 : section 00031  was running on murat-7280429-31-fnpc6004.fnal.gov       , mu2egrid exit status:   0 TrigReport Events total = 2000000 passed = 8737 failed = 1991263
    32 : section 00032  was running on murat-7280429-32-fnpc9027.fnal.gov       , mu2egrid exit status:   0 TrigReport Events total = 2000000 passed = 9434 failed = 1990566
    33 : section 00033  was running on murat-7280429-33-fnpc17143.fnal.gov      , mu2egrid exit status:   0 TrigReport Events total = 2000000 passed = 9100 failed = 1990900
    34 : section 00034  was running on murat-7280429-34-fnpc9018.fnal.gov       , mu2egrid exit status:   0 TrigReport Events total = 2000000 passed = 8847 failed = 1991153
    35 : section 00035  was running on murat-7280429-35-fnpc17130.fnal.gov      , mu2egrid exit status:   0 TrigReport Events total = 2000000 passed = 8782 failed = 1991218
    36 : section 00036  was running on murat-7280429-36-fnpc9038.fnal.gov       , mu2egrid exit status:   0 TrigReport Events total = 2000000 passed = 9349 failed = 1990651
    37 : section 00037  was running on murat-7280429-37-fnpc17101.fnal.gov      , mu2egrid exit status:   0 TrigReport Events total = 2000000 passed = 9117 failed = 1990883
    38 : section 00038  was running on murat-7280429-38-fnpc9061.fnal.gov       , mu2egrid exit status:   0 TrigReport Events total = 2000000 passed = 9297 failed = 1990703
    39 : section 00039  was running on murat-7280429-39-fnpc17104.fnal.gov      , mu2egrid exit status:   0 TrigReport Events total = 2000000 passed = 9013 failed = 1990987
    40 : section 00040  was running on murat-7280429-40-fnpc9042.fnal.gov       , mu2egrid exit status:   0 TrigReport Events total = 2000000 passed = 9072 failed = 1990928
    41 : section 00041  was running on murat-7280429-41-fnpc9005.fnal.gov       , mu2egrid exit status:   0 TrigReport Events total = 2000000 passed = 8956 failed = 1991044
    42 : section 00042  was running on murat-7280429-42-fnpc17144.fnal.gov      , mu2egrid exit status:   0 TrigReport Events total = 2000000 passed = 8956 failed = 1991044
    43 : section 00043  was running on murat-7280429-43-fnpc9109.fnal.gov       , mu2egrid exit status:   0 TrigReport Events total = 2000000 passed = 8706 failed = 1991294
    44 : section 00044  was running on murat-7280429-44-fnpc7303.fnal.gov       , mu2egrid exit status:   0 TrigReport Events total = 2000000 passed = 9308 failed = 1990692
    45 : section 00045  was running on murat-7280429-45-fnpc5028.fnal.gov       , mu2egrid exit status:   0 TrigReport Events total = 2000000 passed = 9141 failed = 1990859
    46 : section 00046  was running on murat-7280429-46-fnpc9108.fnal.gov       , mu2egrid exit status:   0 TrigReport Events total = 2000000 passed = 8904 failed = 1991096
    47 : section 00047  was running on murat-7280429-47-fnpc9058.fnal.gov       , mu2egrid exit status:   0 TrigReport Events total = 2000000 passed = 9233 failed = 1990767
    48 : section 00048  was running on murat-7280429-48-fnpc9027.fnal.gov       , mu2egrid exit status:   0 TrigReport Events total = 2000000 passed = 9291 failed = 1990709
    49 : section 00049  was running on murat-7280429-49-fnpc8022.fnal.gov       , mu2egrid exit status:   0 TrigReport Events total = 2000000 passed = 8774 failed = 1991226
    50 : section 00050  was running on murat-7280429-50-fnpc9065.fnal.gov       , mu2egrid exit status:   0 TrigReport Events total = 2000000 passed = 8943 failed = 1991057
    51 : section 00051  was running on murat-7280429-51-fnpc6005.fnal.gov       , mu2egrid exit status:   0 TrigReport Events total = 2000000 passed = 8787 failed = 1991213
    52 : section 00052  was running on murat-7280429-52-fnpc6004.fnal.gov       , mu2egrid exit status:   0 TrigReport Events total = 2000000 passed = 8919 failed = 1991081
    53 : section 00053  was running on murat-7280429-53-fnpc17101.fnal.gov      , mu2egrid exit status:   0 TrigReport Events total = 2000000 passed = 9330 failed = 1990670
    54 : section 00054  was running on murat-7280429-54-fnpc9042.fnal.gov       , mu2egrid exit status:   0 TrigReport Events total = 2000000 passed = 9118 failed = 1990882
    55 : section 00055  was running on murat-7280429-55-fnpc9058.fnal.gov       , mu2egrid exit status:   0 TrigReport Events total = 2000000 passed = 9188 failed = 1990812
    56 : section 00056  was running on murat-7280429-56-fnpc9108.fnal.gov       , mu2egrid exit status:   0 TrigReport Events total = 2000000 passed = 8918 failed = 1991082
    57 : section 00057  was running on murat-7280429-57-fnpc17101.fnal.gov      , mu2egrid exit status:   0 TrigReport Events total = 2000000 passed = 9032 failed = 1990968
    58 : section 00058  was running on murat-7280429-58-fnpc9058.fnal.gov       , mu2egrid exit status:   0 TrigReport Events total = 2000000 passed = 9190 failed = 1990810
    59 : section 00059  was running on murat-7280429-59-fnpc6004.fnal.gov       , mu2egrid exit status:   0 TrigReport Events total = 2000000 passed = 8643 failed = 1991357
    60 : section 00060  was running on murat-7280429-60-fnpc9003.fnal.gov       , mu2egrid exit status:   0 TrigReport Events total = 2000000 passed = 8876 failed = 1991124
    61 : section 00061  was running on murat-7280429-61-fnpc9027.fnal.gov       , mu2egrid exit status:   0 TrigReport Events total = 2000000 passed = 8956 failed = 1991044
    62 : section 00062  was running on murat-7280429-62-fnpc9068.fnal.gov       , mu2egrid exit status:   0 TrigReport Events total = 2000000 passed = 9048 failed = 1990952
    63 : section 00063  was running on murat-7280429-63-fnpc9025.fnal.gov       , mu2egrid exit status:   0 TrigReport Events total = 2000000 passed = 9232 failed = 1990768
    64 : section 00064  was running on murat-7280429-64-fnpc9017.fnal.gov       , mu2egrid exit status:   0 TrigReport Events total = 2000000 passed = 9227 failed = 1990773
    65 : section 00065  was running on murat-7280429-65-fnpc9039.fnal.gov       , mu2egrid exit status:   0 TrigReport Events total = 2000000 passed = 9213 failed = 1990787
    66 : section 00066  was running on murat-7280429-66-fnpc7019.fnal.gov       , mu2egrid exit status:   0 TrigReport Events total = 2000000 passed = 9044 failed = 1990956
    67 : section 00067  was running on murat-7280429-67-fnpc6015.fnal.gov       , mu2egrid exit status:   0 TrigReport Events total = 2000000 passed = 9347 failed = 1990653
    68 : section 00068  was running on murat-7280429-68-fnpc9036.fnal.gov       , mu2egrid exit status:   0 TrigReport Events total = 2000000 passed = 9018 failed = 1990982
    69 : section 00069  was running on murat-7280429-69-fnpc17150.fnal.gov      , mu2egrid exit status:   0 TrigReport Events total = 2000000 passed = 9189 failed = 1990811
    70 : section 00070  was running on murat-7280429-70-fnpc7002.fnal.gov       , mu2egrid exit status:   0 TrigReport Events total = 2000000 passed = 8948 failed = 1991052
    71 : section 00071  was running on murat-7280429-71-fnpc6018.fnal.gov       , mu2egrid exit status:   0 TrigReport Events total = 2000000 passed = 9289 failed = 1990711
    72 : section 00072  was running on murat-7280429-72-fnpc6020.fnal.gov       , mu2egrid exit status:   0 TrigReport Events total = 2000000 passed = 8849 failed = 1991151
    73 : section 00073  was running on murat-7280429-73-fnpc7030.fnal.gov       , mu2egrid exit status:   0 TrigReport Events total = 2000000 passed = 8918 failed = 1991082
    74 : section 00074  was running on murat-7280429-74-fnpc7010.fnal.gov       , mu2egrid exit status:   0 TrigReport Events total = 2000000 passed = 9070 failed = 1990930
    75 : section 00075  was running on murat-7280429-75-fnpc7013.fnal.gov       , mu2egrid exit status:   0 TrigReport Events total = 2000000 passed = 8916 failed = 1991084
    76 : section 00076  was running on murat-7280429-76-fnpc7024.fnal.gov       , mu2egrid exit status:   0 TrigReport Events total = 2000000 passed = 9330 failed = 1990670
    77 : section 00077  was running on murat-7280429-77-fnpc6016.fnal.gov       , mu2egrid exit status:   0 TrigReport Events total = 2000000 passed = 9206 failed = 1990794
    78 : section 00078  was running on murat-7280429-78-fnpc6028.fnal.gov       , mu2egrid exit status:   0 TrigReport Events total = 2000000 passed = 9049 failed = 1990951
    79 : section 00079  was running on murat-7280429-79-fnpc7012.fnal.gov       , mu2egrid exit status:   0 TrigReport Events total = 2000000 passed = 9005 failed = 1990995
    80 : section 00080  was running on murat-7280429-80-fnpc19121.fnal.gov      , mu2egrid exit status:   0 TrigReport Events total = 2000000 passed = 9321 failed = 1990679
    81 : section 00081  was running on murat-7280429-81-fnpc19120.fnal.gov      , mu2egrid exit status:   0 TrigReport Events total = 2000000 passed = 9035 failed = 1990965
    82 : section 00082  was running on murat-7280429-82-fnpc19130.fnal.gov      , mu2egrid exit status:   0 TrigReport Events total = 2000000 passed = 8948 failed = 1991052
    83 : section 00083  was running on murat-7280429-83-fnpc19125.fnal.gov      , mu2egrid exit status:   0 TrigReport Events total = 2000000 passed = 9108 failed = 1990892
    84 : section 00084  was running on murat-7280429-84-fnpc19106.fnal.gov      , mu2egrid exit status:   0 TrigReport Events total = 2000000 passed = 9113 failed = 1990887
    85 : section 00085  was running on murat-7280429-85-fnpc19109.fnal.gov      , mu2egrid exit status:   0 TrigReport Events total = 2000000 passed = 8728 failed = 1991272
    86 : section 00086  was running on murat-7280429-86-fnpc19141.fnal.gov      , mu2egrid exit status:   0 TrigReport Events total = 2000000 passed = 9174 failed = 1990826
    87 : section 00087  was running on murat-7280429-87-fnpc19114.fnal.gov      , mu2egrid exit status:   0 TrigReport Events total = 2000000 passed = 9148 failed = 1990852
    88 : section 00088  was running on murat-7280429-88-fnpc19132.fnal.gov      , mu2egrid exit status:   0 TrigReport Events total = 2000000 passed = 9431 failed = 1990569
    89 : section 00089  was running on murat-7280429-89-fnpc19117.fnal.gov      , mu2egrid exit status:   0 TrigReport Events total = 2000000 passed = 8831 failed = 1991169
    90 : section 00090  was running on murat-7280429-90-fnpc19138.fnal.gov      , mu2egrid exit status:   0 TrigReport Events total = 2000000 passed = 8932 failed = 1991068
    91 : section 00091  was running on murat-7280429-91-fnpc19140.fnal.gov      , mu2egrid exit status:   0 TrigReport Events total = 2000000 passed = 9109 failed = 1990891
    92 : section 00092  was running on murat-7280429-92-fnpc19126.fnal.gov      , mu2egrid exit status:   0 TrigReport Events total = 2000000 passed = 9046 failed = 1990954
    93 : section 00093  was running on murat-7280429-93-fnpc19128.fnal.gov      , mu2egrid exit status:   0 TrigReport Events total = 2000000 passed = 8986 failed = 1991014
    94 : section 00094  was running on murat-7280429-94-fnpc19102.fnal.gov      , mu2egrid exit status:   0 TrigReport Events total = 2000000 passed = 8922 failed = 1991078
    95 : section 00095  was running on murat-7280429-95-fnpc19133.fnal.gov      , mu2egrid exit status:   0 TrigReport Events total = 2000000 passed = 8854 failed = 1991146
    96 : section 00096  was running on murat-7280429-96-fnpc19119.fnal.gov      , mu2egrid exit status:   0 TrigReport Events total = 2000000 passed = 8744 failed = 1991256
    97 : section 00097  was running on murat-7280429-97-fnpc19131.fnal.gov      , mu2egrid exit status:   0 TrigReport Events total = 2000000 passed = 9192 failed = 1990808
    98 : section 00098  was running on murat-7280429-98-fnpc19129.fnal.gov      , mu2egrid exit status:   0 TrigReport Events total = 2000000 passed = 9024 failed = 1990976
    99 : section 00099  was running on murat-7280429-99-fnpc8016.fnal.gov       , mu2egrid exit status:   0 TrigReport Events total = 2000000 passed = 9159 failed = 1990841
   100 : section 00100  was running on murat-7280429-100-fnpc9038.fnal.gov      , mu2egrid exit status:   0 TrigReport Events total = 2000000 passed = 9043 failed = 1990957
   101 : section 00101  was running on murat-7280429-101-fnpc19139.fnal.gov     , mu2egrid exit status:   0 TrigReport Events total = 2000000 passed = 8917 failed = 1991083
   102 : section 00102  was running on murat-7280429-102-fnpc19116.fnal.gov     , mu2egrid exit status:   0 TrigReport Events total = 2000000 passed = 9050 failed = 1990950
   103 : section 00103  was running on murat-7280429-103-fnpc9005.fnal.gov      , mu2egrid exit status:   0 TrigReport Events total = 2000000 passed = 9623 failed = 1990377
   104 : section 00104  was running on murat-7280429-104-fnpc8014.fnal.gov      , mu2egrid exit status:   0 TrigReport Events total = 2000000 passed = 9319 failed = 1990681
   105 : section 00105  was running on murat-7280429-105-fnpc17135.fnal.gov     , mu2egrid exit status:   0 TrigReport Events total = 2000000 passed = 9128 failed = 1990872
   106 : section 00106  was running on murat-7280429-106-fnpc9068.fnal.gov      , mu2egrid exit status:   0 TrigReport Events total = 2000000 passed = 9041 failed = 1990959
   107 : section 00107  was running on murat-7280429-107-fnpc17150.fnal.gov     , mu2egrid exit status:   0 TrigReport Events total = 2000000 passed = 9232 failed = 1990768
   108 : section 00108  was running on murat-7280429-108-fnpc6018.fnal.gov      , mu2egrid exit status:   0 TrigReport Events total = 2000000 passed = 8782 failed = 1991218
   109 : section 00109  was running on murat-7280429-109-fnpc7024.fnal.gov      , mu2egrid exit status:   0 TrigReport Events total = 2000000 passed = 8903 failed = 1991097
   110 : section 00110  was running on murat-7280429-110-fnpc6028.fnal.gov      , mu2egrid exit status:   0 TrigReport Events total = 2000000 passed = 9007 failed = 1990993
   111 : section 00111  was running on murat-7280429-111-fnpc19114.fnal.gov     , mu2egrid exit status:   0 TrigReport Events total = 2000000 passed = 9130 failed = 1990870
   112 : section 00112  was running on murat-7280429-112-fnpc19138.fnal.gov     , mu2egrid exit status:   0 TrigReport Events total = 2000000 passed = 8770 failed = 1991230
   113 : section 00113  was running on murat-7280429-113-fnpc19133.fnal.gov     , mu2egrid exit status:   0 TrigReport Events total = 2000000 passed = 8884 failed = 1991116
   114 : section 00114  was running on murat-7280429-114-fnpc19119.fnal.gov     , mu2egrid exit status:   0 TrigReport Events total = 2000000 passed = 9356 failed = 1990644
   115 : section 00115  was running on murat-7280429-115-fnpc7013.fnal.gov      , mu2egrid exit status:   0 TrigReport Events total = 2000000 passed = 8953 failed = 1991047
   116 : section 00116  was running on murat-7280429-116-fnpc19109.fnal.gov     , mu2egrid exit status:   0 TrigReport Events total = 2000000 passed = 8928 failed = 1991072
   117 : section 00117  was running on murat-7280429-117-fnpc9038.fnal.gov      , mu2egrid exit status:   0 TrigReport Events total = 2000000 passed = 9141 failed = 1990859
   118 : section 00118  was running on murat-7280429-118-fnpc19139.fnal.gov     , mu2egrid exit status:   0 TrigReport Events total = 2000000 passed = 9116 failed = 1990884
   119 : section 00119  was running on murat-7280429-119-fnpc6028.fnal.gov      , mu2egrid exit status:   0 TrigReport Events total = 2000000 passed = 8519 failed = 1991481
   120 : section 00120  was running on murat-7280429-120-fnpc19133.fnal.gov     , mu2egrid exit status:   0 TrigReport Events total = 2000000 passed = 8918 failed = 1991082
   121 : section 00121  was running on murat-7280429-121-fnpc19114.fnal.gov     , mu2egrid exit status:   0 TrigReport Events total = 2000000 passed = 9339 failed = 1990661
   122 : section 00122  was running on murat-7280429-122-fnpc9017.fnal.gov      , mu2egrid exit status:   0 TrigReport Events total = 2000000 passed = 8911 failed = 1991089
   123 : section 00123  was running on murat-7280429-123-fnpc19133.fnal.gov     , mu2egrid exit status:   0 TrigReport Events total = 2000000 passed = 8696 failed = 1991304
   124 : section 00124  was running on murat-7280429-124-fnpc8016.fnal.gov      , mu2egrid exit status:   0 TrigReport Events total = 2000000 passed = 8824 failed = 1991176
   125 : section 00125  was running on murat-7280429-125-fnpc19114.fnal.gov     , mu2egrid exit status:   0 TrigReport Events total = 2000000 passed = 8991 failed = 1991009
   126 : section 00126  was running on murat-7280429-126-fnpc19133.fnal.gov     , mu2egrid exit status:   0 TrigReport Events total = 2000000 passed = 8965 failed = 1991035
   127 : section 00127  was running on murat-7280429-127-fnpc9017.fnal.gov      , mu2egrid exit status:   0 TrigReport Events total = 2000000 passed = 9108 failed = 1990892
   128 : section 00128  was running on murat-7280429-128-fnpc8016.fnal.gov      , mu2egrid exit status:   0 TrigReport Events total = 2000000 passed = 8883 failed = 1991117
   129 : section 00129  was running on murat-7280429-129-fnpc17135.fnal.gov     , mu2egrid exit status:   0 TrigReport Events total = 2000000 passed = 8999 failed = 1991001
   130 : section 00130  was running on murat-7280429-130-fnpc9017.fnal.gov      , mu2egrid exit status:   0 TrigReport Events total = 2000000 passed = 8739 failed = 1991261
   131 : section 00131  was running on murat-7280429-131-fnpc7308.fnal.gov      , mu2egrid exit status:   0 TrigReport Events total = 2000000 passed = 9075 failed = 1990925
   132 : section 00132  was running on murat-7280429-132-fnpc7309.fnal.gov      , mu2egrid exit status:   0 TrigReport Events total = 2000000 passed = 9086 failed = 1990914
   133 : section 00133  was running on murat-7280429-133-fnpc7307.fnal.gov      , mu2egrid exit status:   0 TrigReport Events total = 2000000 passed = 9221 failed = 1990779
   134 : section 00134  was running on murat-7280429-134-fnpc8210.fnal.gov      , mu2egrid exit status:   0 TrigReport Events total = 2000000 passed = 8924 failed = 1991076
   135 : section 00135  was running on murat-7280429-135-fnpc8011.fnal.gov      , mu2egrid exit status:   0 TrigReport Events total = 2000000 passed = 8713 failed = 1991287
   136 : section 00136  was running on murat-7280429-136-fnpc9072.fnal.gov      , mu2egrid exit status:   0 TrigReport Events total = 2000000 passed = 8856 failed = 1991144
   137 : section 00137  was running on murat-7280429-137-fnpc7203.fnal.gov      , mu2egrid exit status:   0 TrigReport Events total = 2000000 passed = 9362 failed = 1990638
   138 : section 00138  was running on murat-7280429-138-fnpc5006.fnal.gov      , mu2egrid exit status:   0 TrigReport Events total = 2000000 passed = 9108 failed = 1990892
   139 : section 00139  was running on murat-7280429-139-fnpc8016.fnal.gov      , mu2egrid exit status:   0 TrigReport Events total = 2000000 passed = 9046 failed = 1990954
   140 : section 00140  was running on murat-7280429-140-fnpc5024.fnal.gov      , mu2egrid exit status:   0 TrigReport Events total = 2000000 passed = 8952 failed = 1991048
   141 : section 00141  was running on murat-7280429-141-fnpc8025.fnal.gov      , mu2egrid exit status:   0 TrigReport Events total = 2000000 passed = 9086 failed = 1990914
   142 : section 00142  was running on murat-7280429-142-fnpc5026.fnal.gov      , mu2egrid exit status:   0 TrigReport Events total = 2000000 passed = 8758 failed = 1991242
   143 : section 00143  was running on murat-7280429-143-fnpc17122.fnal.gov     , mu2egrid exit status:   0 TrigReport Events total = 2000000 passed = 9237 failed = 1990763
   144 : section 00144  was running on murat-7280429-144-fnpc17136.fnal.gov     , mu2egrid exit status:   0 TrigReport Events total = 2000000 passed = 8869 failed = 1991131
   145 : section 00145  was running on murat-7280429-145-fnpc9073.fnal.gov      , mu2egrid exit status:   0 TrigReport Events total = 2000000 passed = 8951 failed = 1991049
   146 : section 00146  was running on murat-7280429-146-fnpc17102.fnal.gov     , mu2egrid exit status:   0 TrigReport Events total = 2000000 passed = 9090 failed = 1990910
   147 : section 00147  was running on murat-7280429-147-fnpc17104.fnal.gov     , mu2egrid exit status:   0 TrigReport Events total = 2000000 passed = 9237 failed = 1990763
   148 : section 00148  was running on murat-7280429-148-fnpc9029.fnal.gov      , mu2egrid exit status:   0 TrigReport Events total = 2000000 passed = 9062 failed = 1990938
   149 : section 00149  was running on murat-7280429-149-fnpc9009.fnal.gov      , mu2egrid exit status:   0 TrigReport Events total = 2000000 passed = 8783 failed = 1991217
   150 : section 00150  was running on murat-7280429-150-fnpc9037.fnal.gov      , mu2egrid exit status:   0 TrigReport Events total = 2000000 passed = 9305 failed = 1990695
   151 : section 00151  was running on murat-7280429-151-fnpc9109.fnal.gov      , mu2egrid exit status:   0 TrigReport Events total = 2000000 passed = 9059 failed = 1990941
   152 : section 00152  was running on murat-7280429-152-fnpc9008.fnal.gov      , mu2egrid exit status:   0 TrigReport Events total = 2000000 passed = 9218 failed = 1990782
   153 : section 00153  was running on murat-7280429-153-fnpc9019.fnal.gov      , mu2egrid exit status:   0 TrigReport Events total = 2000000 passed = 8939 failed = 1991061
   154 : section 00154  was running on murat-7280429-154-fnpc6031.fnal.gov      , mu2egrid exit status:   0 TrigReport Events total = 2000000 passed = 8844 failed = 1991156
   155 : section 00155  was running on murat-7280429-155-fnpc9052.fnal.gov      , mu2egrid exit status:   0 TrigReport Events total = 2000000 passed = 8583 failed = 1991417
   156 : section 00156  was running on murat-7280429-156-fnpc6002.fnal.gov      , mu2egrid exit status:   0 TrigReport Events total = 2000000 passed = 9062 failed = 1990938
   157 : section 00157  was running on murat-7280429-157-fnpc19124.fnal.gov     , mu2egrid exit status:   0 TrigReport Events total = 2000000 passed = 9139 failed = 1990861
   158 : section 00158  was running on murat-7280429-158-fnpc7027.fnal.gov      , mu2egrid exit status:   0 TrigReport Events total = 2000000 passed = 8915 failed = 1991085
   159 : section 00159  was running on murat-7280429-159-fnpc19120.fnal.gov     , mu2egrid exit status:   0 TrigReport Events total = 2000000 passed = 8991 failed = 1991009
   160 : section 00160  was running on murat-7280429-160-fnpc19141.fnal.gov     , mu2egrid exit status:   0 TrigReport Events total = 2000000 passed = 9348 failed = 1990652
   161 : section 00161  was running on murat-7280429-161-fnpc19134.fnal.gov     , mu2egrid exit status:   0 TrigReport Events total = 2000000 passed = 9236 failed = 1990764
   162 : section 00162  was running on murat-7280429-162-fnpc19104.fnal.gov     , mu2egrid exit status:   0 TrigReport Events total = 2000000 passed = 9162 failed = 1990838
   163 : section 00163  was running on murat-7280429-163-fnpc19118.fnal.gov     , mu2egrid exit status:   0 TrigReport Events total = 2000000 passed = 8734 failed = 1991266
   164 : section 00164  was running on murat-7280429-164-fnpc7307.fnal.gov      , mu2egrid exit status:   0 TrigReport Events total = 2000000 passed = 8942 failed = 1991058
   165 : section 00165  was running on murat-7280429-165-fnpc7203.fnal.gov      , mu2egrid exit status:   0 TrigReport Events total = 2000000 passed = 9443 failed = 1990557
   166 : section 00166  was running on murat-7280429-166-fnpc5026.fnal.gov      , mu2egrid exit status:   0 TrigReport Events total = 2000000 passed = 8859 failed = 1991141
   167 : section 00167  was running on murat-7280429-167-fnpc17136.fnal.gov     , mu2egrid exit status:   0 TrigReport Events total = 2000000 passed = 9102 failed = 1990898
   168 : section 00168  was running on murat-7280429-168-fnpc9073.fnal.gov      , mu2egrid exit status:   0 TrigReport Events total = 2000000 passed = 8567 failed = 1991433
   169 : section 00169  was running on murat-7280429-169-fnpc9037.fnal.gov      , mu2egrid exit status:   0 TrigReport Events total = 2000000 passed = 9547 failed = 1990453
   170 : section 00170  was running on murat-7280429-170-fnpc8011.fnal.gov      , mu2egrid exit status:   0 TrigReport Events total = 2000000 passed = 8931 failed = 1991069
   171 : section 00171  was running on murat-7280429-171-fnpc6031.fnal.gov      , mu2egrid exit status:   0 TrigReport Events total = 2000000 passed = 9531 failed = 1990469
   172 : section 00172  was running on murat-7280429-172-fnpc9109.fnal.gov      , mu2egrid exit status:   0 TrigReport Events total = 2000000 passed = 9127 failed = 1990873
   173 : section 00173  was running on murat-7280429-173-fnpc19124.fnal.gov     , mu2egrid exit status:   0 TrigReport Events total = 2000000 passed = 9121 failed = 1990879
   174 : section 00174  was running on murat-7280429-174-fnpc7027.fnal.gov      , mu2egrid exit status:   0 TrigReport Events total = 2000000 passed = 9145 failed = 1990855
   175 : section 00175  was running on murat-7280429-175-fnpc19134.fnal.gov     , mu2egrid exit status:   0 TrigReport Events total = 2000000 passed = 8858 failed = 1991142
   176 : section 00176  was running on murat-7280429-176-fnpc9073.fnal.gov      , mu2egrid exit status:   0 TrigReport Events total = 2000000 passed = 9121 failed = 1990879
   177 : section 00177  was running on murat-7280429-177-fnpc19118.fnal.gov     , mu2egrid exit status:   0 TrigReport Events total = 2000000 passed = 9195 failed = 1990805
   178 : section 00178  was running on murat-7280429-178-fnpc6002.fnal.gov      , mu2egrid exit status:   0 TrigReport Events total = 2000000 passed = 8848 failed = 1991152
   179 : section 00179  was running on murat-7280429-179-fnpc8210.fnal.gov      , mu2egrid exit status:   0 TrigReport Events total = 2000000 passed = 8936 failed = 1991064
   180 : section 00180  was running on murat-7280429-180-fnpc19118.fnal.gov     , mu2egrid exit status:   0 TrigReport Events total = 2000000 passed = 8871 failed = 1991129
   181 : section 00181  was running on murat-7280429-181-fnpc9009.fnal.gov      , mu2egrid exit status:   0 TrigReport Events total = 2000000 passed = 8819 failed = 1991181
   182 : section 00182  was running on murat-7280429-182-fnpc9019.fnal.gov      , mu2egrid exit status:   0 TrigReport Events total = 2000000 passed = 8849 failed = 1991151
   183 : section 00183  was running on murat-7280429-183-fnpc8016.fnal.gov      , mu2egrid exit status:   0 TrigReport Events total = 2000000 passed = 9221 failed = 1990779
   184 : section 00184  was running on murat-7280429-184-fnpc9019.fnal.gov      , mu2egrid exit status:   0 TrigReport Events total = 2000000 passed = 8565 failed = 1991435
   185 : section 00185  was running on murat-7280429-185-fnpc9019.fnal.gov      , mu2egrid exit status:   0 TrigReport Events total = 2000000 passed = 9552 failed = 1990448
   186 : section 00186  was running on murat-7280429-186-fnpc9009.fnal.gov      , mu2egrid exit status:   0 TrigReport Events total = 2000000 passed = 9159 failed = 1990841
   187 : section 00187  was running on murat-7280429-187-fnpc8210.fnal.gov      , mu2egrid exit status:   0 TrigReport Events total = 2000000 passed = 9024 failed = 1990976
   188 : section 00188  was running on murat-7280429-188-fnpc9029.fnal.gov      , mu2egrid exit status:   0 TrigReport Events total = 2000000 passed = 9250 failed = 1990750
   189 : section 00189  was running on murat-7280429-189-fnpc8207.fnal.gov      , mu2egrid exit status:   0 TrigReport Events total = 2000000 passed = 8933 failed = 1991067
   190 : section 00190  was running on murat-7280429-190-fnpc9006.fnal.gov      , mu2egrid exit status:   0 TrigReport Events total = 2000000 passed = 9277 failed = 1990723
   191 : section 00191  was running on murat-7280429-191-fnpc8013.fnal.gov      , mu2egrid exit status:   0 TrigReport Events total = 2000000 passed = 8648 failed = 1991352
   192 : section 00192  was running on murat-7280429-192-fnpc17134.fnal.gov     , mu2egrid exit status:   0 TrigReport Events total = 2000000 passed = 8912 failed = 1991088
   193 : section 00193  was running on murat-7280429-193-fnpc9106.fnal.gov      , mu2egrid exit status:   0 TrigReport Events total = 2000000 passed = 8894 failed = 1991106
   194 : section 00194  was running on murat-7280429-194-fnpc9104.fnal.gov      , mu2egrid exit status:   0 TrigReport Events total = 2000000 passed = 9358 failed = 1990642
   195 : section 00195  was running on murat-7280429-195-fnpc17119.fnal.gov     , mu2egrid exit status:   0 TrigReport Events total = 2000000 passed = 9286 failed = 1990714
   196 : section 00196  was running on murat-7280429-196-fnpc6004.fnal.gov      , mu2egrid exit status:   0 TrigReport Events total = 2000000 passed = 8558 failed = 1991442
   197 : section 00197  was running on murat-7280429-197-fnpc6024.fnal.gov      , mu2egrid exit status:   0 TrigReport Events total = 2000000 passed = 8649 failed = 1991351
   198 : section 00198  was running on murat-7280429-198-fnpc9038.fnal.gov      , mu2egrid exit status:   0 TrigReport Events total = 2000000 passed = 8981 failed = 1991019
   199 : section 00199  was running on murat-7280429-199-fnpc9079.fnal.gov      , mu2egrid exit status:   0 TrigReport Events total = 2000000 passed = 9039 failed = 1990961
   200 : section 00200  was running on murat-7280429-200-fnpc9044.fnal.gov      , mu2egrid exit status:   0 TrigReport Events total = 2000000 passed = 9011 failed = 1990989
   201 : section 00201  was running on murat-7280429-201-fnpc9048.fnal.gov      , mu2egrid exit status:   0 TrigReport Events total = 2000000 passed = 9036 failed = 1990964
   202 : section 00202  was running on murat-7280429-202-fnpc9035.fnal.gov      , mu2egrid exit status:   0 TrigReport Events total = 2000000 passed = 9038 failed = 1990962
   203 : section 00203  was running on murat-7280429-203-fnpc17131.fnal.gov     , mu2egrid exit status:   0 TrigReport Events total = 2000000 passed = 9259 failed = 1990741
   204 : section 00204  was running on murat-7280429-204-fnpc9069.fnal.gov      , mu2egrid exit status:   0 TrigReport Events total = 2000000 passed = 8974 failed = 1991026
   205 : section 00205  was running on murat-7280429-205-fnpc9109.fnal.gov      , mu2egrid exit status:   0 TrigReport Events total = 2000000 passed = 9062 failed = 1990938
   206 : section 00206  was running on murat-7280429-206-fnpc9074.fnal.gov      , mu2egrid exit status:   0 TrigReport Events total = 2000000 passed = 9008 failed = 1990992
   207 : section 00207  was running on murat-7280429-207-fnpc9106.fnal.gov      , mu2egrid exit status:   0 TrigReport Events total = 2000000 passed = 8913 failed = 1991087
   208 : section 00208  was running on murat-7280429-208-fnpc8013.fnal.gov      , mu2egrid exit status:   0 TrigReport Events total = 2000000 passed = 9085 failed = 1990915
   209 : section 00209  was running on murat-7280429-209-fnpc17119.fnal.gov     , mu2egrid exit status:   0 TrigReport Events total = 2000000 passed = 9696 failed = 1990304
   210 : section 00210  was running on murat-7280429-210-fnpc9079.fnal.gov      , mu2egrid exit status:   0 TrigReport Events total = 2000000 passed = 9076 failed = 1990924
   211 : section 00211  was running on murat-7280429-211-fnpc9035.fnal.gov      , mu2egrid exit status:   0 TrigReport Events total = 2000000 passed = 9077 failed = 1990923
   212 : section 00212  was running on murat-7280429-212-fnpc9048.fnal.gov      , mu2egrid exit status:   0 TrigReport Events total = 2000000 passed = 9059 failed = 1990941
   213 : section 00213  was running on murat-7280429-213-fnpc9109.fnal.gov      , mu2egrid exit status:   0 TrigReport Events total = 2000000 passed = 8799 failed = 1991201
   214 : section 00214  was running on murat-7280429-214-fnpc9077.fnal.gov      , mu2egrid exit status:   0 TrigReport Events total = 2000000 passed = 9198 failed = 1990802
   215 : section 00215  was running on murat-7280429-215-fnpc9079.fnal.gov      , mu2egrid exit status:   0 TrigReport Events total = 2000000 passed = 8931 failed = 1991069
   216 : section 00216  was running on murat-7280429-216-fnpc17149.fnal.gov     , mu2egrid exit status:   0 TrigReport Events total = 2000000 passed = 9138 failed = 1990862
   217 : section 00217  was running on murat-7280429-217-fnpc9019.fnal.gov      , mu2egrid exit status:   0 TrigReport Events total = 2000000 passed = 9183 failed = 1990817
   218 : section 00218  was running on murat-7280429-218-fnpc9024.fnal.gov      , mu2egrid exit status:   0 TrigReport Events total = 2000000 passed = 9147 failed = 1990853
   219 : section 00219  was running on murat-7280429-219-fnpc9002.fnal.gov      , mu2egrid exit status:   0 TrigReport Events total = 2000000 passed = 9383 failed = 1990617
   220 : section 00220  was running on murat-7280429-220-fnpc7003.fnal.gov      , mu2egrid exit status:   0 TrigReport Events total = 2000000 passed = 9121 failed = 1990879
   221 : section 00221  was running on murat-7280429-221-fnpc6029.fnal.gov      , mu2egrid exit status:   0 TrigReport Events total = 2000000 passed = 9190 failed = 1990810
   222 : section 00222  was running on murat-7280429-222-fnpc6014.fnal.gov      , mu2egrid exit status:   0 TrigReport Events total = 2000000 passed = 9397 failed = 1990603
   223 : section 00223  was running on murat-7280429-223-fnpc6017.fnal.gov      , mu2egrid exit status:   0 TrigReport Events total = 2000000 passed = 9274 failed = 1990726
   224 : section 00224  was running on murat-7280429-224-fnpc17148.fnal.gov     , mu2egrid exit status:   0 TrigReport Events total = 2000000 passed = 9069 failed = 1990931
   225 : section 00225  was running on murat-7280429-225-fnpc7029.fnal.gov      , mu2egrid exit status:   0 TrigReport Events total = 2000000 passed = 9179 failed = 1990821
   226 : section 00226  was running on murat-7280429-226-fnpc6013.fnal.gov      , mu2egrid exit status:   0 TrigReport Events total = 2000000 passed = 9158 failed = 1990842
   227 : section 00227  was running on murat-7280429-227-fnpc7022.fnal.gov      , mu2egrid exit status:   0 TrigReport Events total = 2000000 passed = 9038 failed = 1990962
   228 : section 00228  was running on murat-7280429-228-fnpc19114.fnal.gov     , mu2egrid exit status:   0 TrigReport Events total = 2000000 passed = 9058 failed = 1990942
   229 : section 00229  was running on murat-7280429-229-fnpc19103.fnal.gov     , mu2egrid exit status:   0 TrigReport Events total = 2000000 passed = 9119 failed = 1990881
   230 : section 00230  was running on murat-7280429-230-fnpc19111.fnal.gov     , mu2egrid exit status:   0 TrigReport Events total = 2000000 passed = 9134 failed = 1990866
   231 : section 00231  was running on murat-7280429-231-fnpc19115.fnal.gov     , mu2egrid exit status:   0 TrigReport Events total = 2000000 passed = 9036 failed = 1990964
   232 : section 00232  was running on murat-7280429-232-fnpc19126.fnal.gov     , mu2egrid exit status:   0 TrigReport Events total = 2000000 passed = 9041 failed = 1990959
   233 : section 00233  was running on murat-7280429-233-fnpc19122.fnal.gov     , mu2egrid exit status:   0 TrigReport Events total = 2000000 passed = 8869 failed = 1991131
   234 : section 00234  was running on murat-7280429-234-fnpc19119.fnal.gov     , mu2egrid exit status:   0 TrigReport Events total = 2000000 passed = 8991 failed = 1991009
   235 : section 00235  was running on murat-7280429-235-fnpc19142.fnal.gov     , mu2egrid exit status:   0 TrigReport Events total = 2000000 passed = 9134 failed = 1990866
   236 : section 00236  was running on murat-7280429-236-fnpc19116.fnal.gov     , mu2egrid exit status:   0 TrigReport Events total = 2000000 passed = 8801 failed = 1991199
   237 : section 00237  was running on murat-7280429-237-fnpc19113.fnal.gov     , mu2egrid exit status:   0 TrigReport Events total = 2000000 passed = 8882 failed = 1991118
   238 : section 00238  was running on murat-7280429-238-fnpc17119.fnal.gov     , mu2egrid exit status:   0 TrigReport Events total = 2000000 passed = 8861 failed = 1991139
   239 : section 00239  was running on murat-7280429-239-fnpc9038.fnal.gov      , mu2egrid exit status:   0 TrigReport Events total = 2000000 passed = 9560 failed = 1990440
   240 : section 00240  was running on murat-7280429-240-fnpc9077.fnal.gov      , mu2egrid exit status:   0 TrigReport Events total = 2000000 passed = 9276 failed = 1990724
   241 : section 00241  was running on murat-7280429-241-fnpc9002.fnal.gov      , mu2egrid exit status:   0 TrigReport Events total = 2000000 passed = 9295 failed = 1990705
   242 : section 00242  was running on murat-7280429-242-fnpc6014.fnal.gov      , mu2egrid exit status:   0 TrigReport Events total = 2000000 passed = 9003 failed = 1990997
   243 : section 00243  was running on murat-7280429-243-fnpc17148.fnal.gov     , mu2egrid exit status:   0 TrigReport Events total = 2000000 passed = 9138 failed = 1990862
   244 : section 00244  was running on murat-7280429-244-fnpc17131.fnal.gov     , mu2egrid exit status:   0 TrigReport Events total = 2000000 passed = 9108 failed = 1990892
   245 : section 00245  was running on murat-7280429-245-fnpc6017.fnal.gov      , mu2egrid exit status:   0 TrigReport Events total = 2000000 passed = 8828 failed = 1991172
   246 : section 00246  was running on murat-7280429-246-fnpc19114.fnal.gov     , mu2egrid exit status:   0 TrigReport Events total = 2000000 passed = 8973 failed = 1991027
   247 : section 00247  was running on murat-7280429-247-fnpc19126.fnal.gov     , mu2egrid exit status:   0 TrigReport Events total = 2000000 passed = 9069 failed = 1990931
   248 : section 00248  was running on murat-7280429-248-fnpc19122.fnal.gov     , mu2egrid exit status:   0 TrigReport Events total = 2000000 passed = 9266 failed = 1990734
   249 : section 00249  was running on murat-7280429-249-fnpc9074.fnal.gov      , mu2egrid exit status:   0 TrigReport Events total = 2000000 passed = 8935 failed = 1991065
   250 : section 00250  was running on murat-7280429-250-fnpc9077.fnal.gov      , mu2egrid exit status:   0 TrigReport Events total = 2000000 passed = 9225 failed = 1990775
   251 : section 00251  was running on murat-7280429-251-fnpc17149.fnal.gov     , mu2egrid exit status:   0 TrigReport Events total = 2000000 passed = 9010 failed = 1990990
   252 : section 00252  was running on murat-7280429-252-fnpc17148.fnal.gov     , mu2egrid exit status:   0 TrigReport Events total = 2000000 passed = 8866 failed = 1991134
   253 : section 00253  was running on murat-7280429-253-fnpc7029.fnal.gov      , mu2egrid exit status:   0 TrigReport Events total = 2000000 passed = 9175 failed = 1990825
   254 : section 00254  was running on murat-7280429-254-fnpc19103.fnal.gov     , mu2egrid exit status:   0 TrigReport Events total = 2000000 passed = 8729 failed = 1991271
   255 : section 00255  was running on murat-7280429-255-fnpc9006.fnal.gov      , mu2egrid exit status:   0 TrigReport Events total = 2000000 passed = 9178 failed = 1990822
   256 : section 00256  was running on murat-7280429-256-fnpc19114.fnal.gov     , mu2egrid exit status:   0 TrigReport Events total = 2000000 passed = 8940 failed = 1991060
   257 : section 00257  was running on murat-7280429-257-fnpc9074.fnal.gov      , mu2egrid exit status:   0 TrigReport Events total = 2000000 passed = 8934 failed = 1991066
   258 : section 00258  was running on murat-7280429-258-fnpc6029.fnal.gov      , mu2egrid exit status:   0 TrigReport Events total = 2000000 passed = 8814 failed = 1991186
   259 : section 00259  was running on murat-7280429-259-fnpc17148.fnal.gov     , mu2egrid exit status:   0 TrigReport Events total = 2000000 passed = 9308 failed = 1990692
   260 : section 00260  was running on murat-7280429-260-fnpc9074.fnal.gov      , mu2egrid exit status:   0 TrigReport Events total = 2000000 passed = 8997 failed = 1991003
   261 : section 00261  was running on murat-7280429-261-fnpc9019.fnal.gov      , mu2egrid exit status:   0 TrigReport Events total = 2000000 passed = 9052 failed = 1990948
   262 : section 00262  was running on murat-7280429-262-fnpc17131.fnal.gov     , mu2egrid exit status:   0 TrigReport Events total = 2000000 passed = 9283 failed = 1990717
   263 : section 00263  was running on murat-7280429-263-fnpc6029.fnal.gov      , mu2egrid exit status:   0 TrigReport Events total = 2000000 passed = 9084 failed = 1990916
   264 : section 00264  was running on murat-7280429-264-fnpc6029.fnal.gov      , mu2egrid exit status:   0 TrigReport Events total = 2000000 passed = 9413 failed = 1990587
   265 : section 00265  was running on murat-7280429-265-fnpc9024.fnal.gov      , mu2egrid exit status:   0 TrigReport Events total = 2000000 passed = 8977 failed = 1991023
   266 : section 00266  was running on murat-7280429-266-fnpc17110.fnal.gov     , mu2egrid exit status:   0 TrigReport Events total = 2000000 passed = 9020 failed = 1990980
   267 : section 00267  was running on murat-7280429-267-fnpc17142.fnal.gov     , mu2egrid exit status:   0 TrigReport Events total = 2000000 passed = 8975 failed = 1991025
   268 : section 00268  was running on murat-7280429-268-fnpc7208.fnal.gov      , mu2egrid exit status:   0 TrigReport Events total = 2000000 passed = 8936 failed = 1991064
   269 : section 00269  was running on murat-7280429-269-fnpc8205.fnal.gov      , mu2egrid exit status:   0 TrigReport Events total = 2000000 passed = 8938 failed = 1991062
   270 : section 00270  was running on murat-7280429-270-fnpc17125.fnal.gov     , mu2egrid exit status:   0 TrigReport Events total = 2000000 passed = 9315 failed = 1990685
   271 : section 00271  was running on murat-7280429-271-fnpc8020.fnal.gov      , mu2egrid exit status:   0 TrigReport Events total = 2000000 passed = 8981 failed = 1991019
   272 : section 00272  was running on murat-7280429-272-fnpc17158.fnal.gov     , mu2egrid exit status:   0 TrigReport Events total = 2000000 passed = 8918 failed = 1991082
   273 : section 00273  was running on murat-7280429-273-fnpc8014.fnal.gov      , mu2egrid exit status:   0 TrigReport Events total = 2000000 passed = 8823 failed = 1991177
   274 : section 00274  was running on murat-7280429-274-fnpc9068.fnal.gov      , mu2egrid exit status:   0 TrigReport Events total = 2000000 passed = 9000 failed = 1991000
   275 : section 00275  was running on murat-7280429-275-fnpc9058.fnal.gov      , mu2egrid exit status:   0 TrigReport Events total = 2000000 passed = 9069 failed = 1990931
   276 : section 00276  was running on murat-7280429-276-fnpc8015.fnal.gov      , mu2egrid exit status:   0 TrigReport Events total = 2000000 passed = 9231 failed = 1990769
   277 : section 00277  was running on murat-7280429-277-fnpc8005.fnal.gov      , mu2egrid exit status:   0 TrigReport Events total = 2000000 passed = 8945 failed = 1991055
   278 : section 00278  was running on murat-7280429-278-fnpc9059.fnal.gov      , mu2egrid exit status:   0 TrigReport Events total = 2000000 passed = 8878 failed = 1991122
   279 : section 00279  was running on murat-7280429-279-fnpc17138.fnal.gov     , mu2egrid exit status:   0 TrigReport Events total = 2000000 passed = 9049 failed = 1990951
   280 : section 00280  was running on murat-7280429-280-fnpc9040.fnal.gov      , mu2egrid exit status:   0 TrigReport Events total = 2000000 passed = 9065 failed = 1990935
   281 : section 00281  was running on murat-7280429-281-fnpc9065.fnal.gov      , mu2egrid exit status:   0 TrigReport Events total = 2000000 passed = 9244 failed = 1990756
   282 : section 00282  was running on murat-7280429-282-fnpc9018.fnal.gov      , mu2egrid exit status:   0 TrigReport Events total = 2000000 passed = 9072 failed = 1990928
   283 : section 00283  was running on murat-7280429-283-fnpc17117.fnal.gov     , mu2egrid exit status:   0 TrigReport Events total = 2000000 passed = 8905 failed = 1991095
   284 : section 00284  was running on murat-7280429-284-fnpc7020.fnal.gov      , mu2egrid exit status:   0 TrigReport Events total = 2000000 passed = 9198 failed = 1990802
   285 : section 00285  was running on murat-7280429-285-fnpc17150.fnal.gov     , mu2egrid exit status:   0 TrigReport Events total = 2000000 passed = 9689 failed = 1990311
   286 : section 00286  was running on murat-7280429-286-fnpc6000.fnal.gov      , mu2egrid exit status:   0 TrigReport Events total = 2000000 passed = 9008 failed = 1990992
   287 : section 00287  was running on murat-7280429-287-fnpc6025.fnal.gov      , mu2egrid exit status:   0 TrigReport Events total = 2000000 passed = 8998 failed = 1991002
   288 : section 00288  was running on murat-7280429-288-fnpc6001.fnal.gov      , mu2egrid exit status:   0 TrigReport Events total = 2000000 passed = 9072 failed = 1990928
   289 : section 00289  was running on murat-7280429-289-fnpc9066.fnal.gov      , mu2egrid exit status:   0 TrigReport Events total = 2000000 passed = 9477 failed = 1990523
   290 : section 00290  was running on murat-7280429-290-fnpc6022.fnal.gov      , mu2egrid exit status:   0 TrigReport Events total = 2000000 passed = 9000 failed = 1991000
   291 : section 00291  was running on murat-7280429-291-fnpc17148.fnal.gov     , mu2egrid exit status:   0 TrigReport Events total = 2000000 passed = 8779 failed = 1991221
   292 : section 00292  was running on murat-7280429-292-fnpc9049.fnal.gov      , mu2egrid exit status:   0 TrigReport Events total = 2000000 passed = 8484 failed = 1991516
   293 : section 00293  was running on murat-7280429-293-fnpc7001.fnal.gov      , mu2egrid exit status:   0 TrigReport Events total = 2000000 passed = 9182 failed = 1990818
   294 : section 00294  was running on murat-7280429-294-fnpc6028.fnal.gov      , mu2egrid exit status:   0 TrigReport Events total = 2000000 passed = 9311 failed = 1990689
   295 : section 00295  was running on murat-7280429-295-fnpc9052.fnal.gov      , mu2egrid exit status:   0 TrigReport Events total = 2000000 passed = 8972 failed = 1991028
   296 : section 00296  was running on murat-7280429-296-fnpc19124.fnal.gov     , mu2egrid exit status:   0 TrigReport Events total = 2000000 passed = 8932 failed = 1991068
   297 : section 00297  was running on murat-7280429-297-fnpc7025.fnal.gov      , mu2egrid exit status:   0 TrigReport Events total = 2000000 passed = 8920 failed = 1991080
   298 : section 00298  was running on murat-7280429-298-fnpc6010.fnal.gov      , mu2egrid exit status:   0 TrigReport Events total = 2000000 passed = 9008 failed = 1990992
   299 : section 00299  was running on murat-7280429-299-fnpc19123.fnal.gov     , mu2egrid exit status:   0 TrigReport Events total = 2000000 passed = 9139 failed = 1990861
   300 : section 00300  was running on murat-7280429-300-fnpc19132.fnal.gov     , mu2egrid exit status:   0 TrigReport Events total = 2000000 passed = 9072 failed = 1990928
   301 : section 00301  was running on murat-7280429-301-fnpc19133.fnal.gov     , mu2egrid exit status:   0 TrigReport Events total = 2000000 passed = 9034 failed = 1990966
   302 : section 00302  was running on murat-7280429-302-fnpc19112.fnal.gov     , mu2egrid exit status:   0 TrigReport Events total = 2000000 passed = 8995 failed = 1991005
   303 : section 00303  was running on murat-7280429-303-fnpc19101.fnal.gov     , mu2egrid exit status:   0 TrigReport Events total = 2000000 passed = 9004 failed = 1990996
   304 : section 00304  was running on murat-7280429-304-fnpc8005.fnal.gov      , mu2egrid exit status:   0 TrigReport Events total = 2000000 passed = 9444 failed = 1990556
   305 : section 00305  was running on murat-7280429-305-fnpc9059.fnal.gov      , mu2egrid exit status:   0 TrigReport Events total = 2000000 passed = 8780 failed = 1991220
   306 : section 00306  was running on murat-7280429-306-fnpc17158.fnal.gov     , mu2egrid exit status:   0 TrigReport Events total = 2000000 passed = 8660 failed = 1991340
   307 : section 00307  was running on murat-7280429-307-fnpc17138.fnal.gov     , mu2egrid exit status:   0 TrigReport Events total = 2000000 passed = 9037 failed = 1990963
   308 : section 00308  was running on murat-7280429-308-fnpc7020.fnal.gov      , mu2egrid exit status:   0 TrigReport Events total = 2000000 passed = 9110 failed = 1990890
   309 : section 00309  was running on murat-7280429-309-fnpc19124.fnal.gov     , mu2egrid exit status:   0 TrigReport Events total = 2000000 passed = 9247 failed = 1990753
   310 : section 00310  was running on murat-7280429-310-fnpc17150.fnal.gov     , mu2egrid exit status:   0 TrigReport Events total = 2000000 passed = 8565 failed = 1991435
   311 : section 00311  was running on murat-7280429-311-fnpc6000.fnal.gov      , mu2egrid exit status:   0 TrigReport Events total = 2000000 passed = 8781 failed = 1991219
   312 : section 00312  was running on murat-7280429-312-fnpc6001.fnal.gov      , mu2egrid exit status:   0 TrigReport Events total = 2000000 passed = 9284 failed = 1990716
   313 : section 00313  was running on murat-7280429-313-fnpc9066.fnal.gov      , mu2egrid exit status:   0 TrigReport Events total = 2000000 passed = 9357 failed = 1990643
   314 : section 00314  was running on murat-7280429-314-fnpc6022.fnal.gov      , mu2egrid exit status:   0 TrigReport Events total = 2000000 passed = 8802 failed = 1991198
   315 : section 00315  was running on murat-7280429-315-fnpc9040.fnal.gov      , mu2egrid exit status:   0 TrigReport Events total = 2000000 passed = 8954 failed = 1991046
   316 : section 00316  was running on murat-7280429-316-fnpc6028.fnal.gov      , mu2egrid exit status:   0 TrigReport Events total = 2000000 passed = 9036 failed = 1990964
   317 : section 00317  was running on murat-7280429-317-fnpc8014.fnal.gov      , mu2egrid exit status:   0 TrigReport Events total = 2000000 passed = 8943 failed = 1991057
   318 : section 00318  was running on murat-7280429-318-fnpc9052.fnal.gov      , mu2egrid exit status:   0 TrigReport Events total = 2000000 passed = 9219 failed = 1990781
   319 : section 00319  was running on murat-7280429-319-fnpc17117.fnal.gov     , mu2egrid exit status:   0 TrigReport Events total = 2000000 passed = 9422 failed = 1990578
   320 : section 00320  was running on murat-7280429-320-fnpc9049.fnal.gov      , mu2egrid exit status:   0 TrigReport Events total = 2000000 passed = 8936 failed = 1991064
   321 : section 00321  was running on murat-7280429-321-fnpc7025.fnal.gov      , mu2egrid exit status:   0 TrigReport Events total = 2000000 passed = 8680 failed = 1991320
   322 : section 00322  was running on murat-7280429-322-fnpc6010.fnal.gov      , mu2egrid exit status:   0 TrigReport Events total = 2000000 passed = 8933 failed = 1991067
   323 : section 00323  was running on murat-7280429-323-fnpc19123.fnal.gov     , mu2egrid exit status:   0 TrigReport Events total = 2000000 passed = 9095 failed = 1990905
   324 : section 00324  was running on murat-7280429-324-fnpc19133.fnal.gov     , mu2egrid exit status:   0 TrigReport Events total = 2000000 passed = 8843 failed = 1991157
   325 : section 00325  was running on murat-7280429-325-fnpc9065.fnal.gov      , mu2egrid exit status:   0 TrigReport Events total = 2000000 passed = 8821 failed = 1991179
   326 : section 00326  was running on murat-7280429-326-fnpc19101.fnal.gov     , mu2egrid exit status:   0 TrigReport Events total = 2000000 passed = 9123 failed = 1990877
   327 : section 00327  was running on murat-7280429-327-fnpc19124.fnal.gov     , mu2egrid exit status:   0 TrigReport Events total = 2000000 passed = 9112 failed = 1990888
   328 : section 00328  was running on murat-7280429-328-fnpc7001.fnal.gov      , mu2egrid exit status:   0 TrigReport Events total = 2000000 passed = 8998 failed = 1991002
   329 : section 00329  was running on murat-7280429-329-fnpc17148.fnal.gov     , mu2egrid exit status:   0 TrigReport Events total = 2000000 passed = 9167 failed = 1990833
   330 : section 00330  was running on murat-7280429-330-fnpc17125.fnal.gov     , mu2egrid exit status:   0 TrigReport Events total = 2000000 passed = 8826 failed = 1991174
   331 : section 00331  was running on murat-7280429-331-fnpc6022.fnal.gov      , mu2egrid exit status:   0 TrigReport Events total = 2000000 passed = 9041 failed = 1990959
   332 : section 00332  was running on murat-7280429-332-fnpc9018.fnal.gov      , mu2egrid exit status:   0 TrigReport Events total = 2000000 passed = 9335 failed = 1990665
   333 : section 00333  was running on murat-7280429-333-fnpc19133.fnal.gov     , mu2egrid exit status:   0 TrigReport Events total = 2000000 passed = 8994 failed = 1991006
   334 : section 00334  was running on murat-7280429-334-fnpc8014.fnal.gov      , mu2egrid exit status:   0 TrigReport Events total = 2000000 passed = 8748 failed = 1991252
   335 : section 00335  was running on murat-7280429-335-fnpc7025.fnal.gov      , mu2egrid exit status:   0 TrigReport Events total = 2000000 passed = 9012 failed = 1990988
   336 : section 00336  was running on murat-7280429-336-fnpc9065.fnal.gov      , mu2egrid exit status:   0 TrigReport Events total = 2000000 passed = 9058 failed = 1990942
   337 : section 00337  was running on murat-7280429-337-fnpc19133.fnal.gov     , mu2egrid exit status:   0 TrigReport Events total = 2000000 passed = 9023 failed = 1990977
   338 : section 00338  was running on murat-7280429-338-fnpc8014.fnal.gov      , mu2egrid exit status:   0 TrigReport Events total = 2000000 passed = 8984 failed = 1991016
   339 : section 00339  was running on murat-7280429-339-fnpc9065.fnal.gov      , mu2egrid exit status:   0 TrigReport Events total = 2000000 passed = 8639 failed = 1991361
   340 : section 00340  was running on murat-7280429-340-fnpc19133.fnal.gov     , mu2egrid exit status:   0 TrigReport Events total = 2000000 passed = 8820 failed = 1991180
   341 : section 00341  was running on murat-7280429-341-fnpc19133.fnal.gov     , mu2egrid exit status:   0 TrigReport Events total = 2000000 passed = 8750 failed = 1991250
   342 : section 00342  was running on murat-7280429-342-fnpc19133.fnal.gov     , mu2egrid exit status:   0 TrigReport Events total = 2000000 passed = 8616 failed = 1991384
   343 : section 00343  was running on murat-7280429-343-fnpc19133.fnal.gov     , mu2egrid exit status:   0 TrigReport Events total = 2000000 passed = 9198 failed = 1990802
   344 : section 00344  was running on murat-7280429-344-fnpc19133.fnal.gov     , mu2egrid exit status:   0 TrigReport Events total = 2000000 passed = 9130 failed = 1990870
   345 : section 00345  was running on murat-7280429-345-fnpc9018.fnal.gov      , mu2egrid exit status:   0 TrigReport Events total = 2000000 passed = 9206 failed = 1990794
   346 : section 00346  was running on murat-7280429-346-fnpc7305.fnal.gov      , mu2egrid exit status:   0 TrigReport Events total = 2000000 passed = 8777 failed = 1991223
   347 : section 00347  was running on murat-7280429-347-fnpc7210.fnal.gov      , mu2egrid exit status:   0 TrigReport Events total = 2000000 passed = 9052 failed = 1990948
   348 : section 00348  was running on murat-7280429-348-fnpc8012.fnal.gov      , mu2egrid exit status:   0 TrigReport Events total = 2000000 passed = 9063 failed = 1990937
   349 : section 00349  was running on murat-7280429-349-fnpc8010.fnal.gov      , mu2egrid exit status:   0 TrigReport Events total = 2000000 passed = 8906 failed = 1991094
   350 : section 00350  was running on murat-7280429-350-fnpc8208.fnal.gov      , mu2egrid exit status:   0 TrigReport Events total = 2000000 passed = 9352 failed = 1990648
   351 : section 00351  was running on murat-7280429-351-fnpc8210.fnal.gov      , mu2egrid exit status:   0 TrigReport Events total = 2000000 passed = 9133 failed = 1990867
   352 : section 00352  was running on murat-7280429-352-fnpc7306.fnal.gov      , mu2egrid exit status:   0 TrigReport Events total = 2000000 passed = 9078 failed = 1990922
   353 : section 00353  was running on murat-7280429-353-fnpc8027.fnal.gov      , mu2egrid exit status:   0 TrigReport Events total = 2000000 passed = 9178 failed = 1990822
   354 : section 00354  was running on murat-7280429-354-fnpc17140.fnal.gov     , mu2egrid exit status:   0 TrigReport Events total = 2000000 passed = 9065 failed = 1990935
   355 : section 00355  was running on murat-7280429-355-fnpc5029.fnal.gov      , mu2egrid exit status:   0 TrigReport Events total = 2000000 passed = 8837 failed = 1991163
   356 : section 00356  was running on murat-7280429-356-fnpc8016.fnal.gov      , mu2egrid exit status:   0 TrigReport Events total = 2000000 passed = 9290 failed = 1990710
   357 : section 00357  was running on murat-7280429-357-fnpc8028.fnal.gov      , mu2egrid exit status:   0 TrigReport Events total = 2000000 passed = 8949 failed = 1991051
   358 : section 00358  was running on murat-7280429-358-fnpc9006.fnal.gov      , mu2egrid exit status:   0 TrigReport Events total = 2000000 passed = 9252 failed = 1990748
   359 : section 00359  was running on murat-7280429-359-fnpc9108.fnal.gov      , mu2egrid exit status:   0 TrigReport Events total = 2000000 passed = 9025 failed = 1990975
   360 : section 00360  was running on murat-7280429-360-fnpc9032.fnal.gov      , mu2egrid exit status:   0 TrigReport Events total = 2000000 passed = 8986 failed = 1991014
   361 : section 00361  was running on murat-7280429-361-fnpc5030.fnal.gov      , mu2egrid exit status:   0 TrigReport Events total = 2000000 passed = 9000 failed = 1991000
   362 : section 00362  was running on murat-7280429-362-fnpc9053.fnal.gov      , mu2egrid exit status:   0 TrigReport Events total = 2000000 passed = 9274 failed = 1990726
   363 : section 00363  was running on murat-7280429-363-fnpc6021.fnal.gov      , mu2egrid exit status:   0 TrigReport Events total = 2000000 passed = 9434 failed = 1990566
   364 : section 00364  was running on murat-7280429-364-fnpc9078.fnal.gov      , mu2egrid exit status:   0 TrigReport Events total = 2000000 passed = 9018 failed = 1990982
   365 : section 00365  was running on murat-7280429-365-fnpc5026.fnal.gov      , mu2egrid exit status:   0 TrigReport Events total = 2000000 passed = 8936 failed = 1991064
   366 : section 00366  was running on murat-7280429-366-fnpc17116.fnal.gov     , mu2egrid exit status:   0 TrigReport Events total = 2000000 passed = 8887 failed = 1991113
   367 : section 00367  was running on murat-7280429-367-fnpc5001.fnal.gov      , mu2egrid exit status:   0 TrigReport Events total = 2000000 passed = 8954 failed = 1991046
   368 : section 00368  was running on murat-7280429-368-fnpc17137.fnal.gov     , mu2egrid exit status:   0 TrigReport Events total = 2000000 passed = 8834 failed = 1991166
   369 : section 00369  was running on murat-7280429-369-fnpc9064.fnal.gov      , mu2egrid exit status:   0 TrigReport Events total = 2000000 passed = 8809 failed = 1991191
   370 : section 00370  was running on murat-7280429-370-fnpc9004.fnal.gov      , mu2egrid exit status:   0 TrigReport Events total = 2000000 passed = 9357 failed = 1990643
   371 : section 00371  was running on murat-7280429-371-fnpc9105.fnal.gov      , mu2egrid exit status:   0 TrigReport Events total = 2000000 passed = 9196 failed = 1990804
   372 : section 00372  was running on murat-7280429-372-fnpc17136.fnal.gov     , mu2egrid exit status:   0 TrigReport Events total = 2000000 passed = 9044 failed = 1990956
   373 : section 00373  was running on murat-7280429-373-fnpc9055.fnal.gov      , mu2egrid exit status:   0 TrigReport Events total = 2000000 passed = 8697 failed = 1991303
   374 : section 00374  was running on murat-7280429-374-fnpc9021.fnal.gov      , mu2egrid exit status:   0 TrigReport Events total = 2000000 passed = 9021 failed = 1990979
   375 : section 00375  was running on murat-7280429-375-fnpc7306.fnal.gov      , mu2egrid exit status:   0 TrigReport Events total = 2000000 passed = 9079 failed = 1990921
   376 : section 00376  was running on murat-7280429-376-fnpc8009.fnal.gov      , mu2egrid exit status:   0 TrigReport Events total = 2000000 passed = 9156 failed = 1990844
   377 : section 00377  was running on murat-7280429-377-fnpc9017.fnal.gov      , mu2egrid exit status:   0 TrigReport Events total = 2000000 passed = 8997 failed = 1991003
   378 : section 00378  was running on murat-7280429-378-fnpc17131.fnal.gov     , mu2egrid exit status:   0 TrigReport Events total = 2000000 passed = 8922 failed = 1991078
   379 : section 00379  was running on murat-7280429-379-fnpc9076.fnal.gov      , mu2egrid exit status:   0 TrigReport Events total = 2000000 passed = 9473 failed = 1990527
   380 : section 00380  was running on murat-7280429-380-fnpc7009.fnal.gov      , mu2egrid exit status:   0 TrigReport Events total = 2000000 passed = 9122 failed = 1990878
   381 : section 00381  was running on murat-7280429-381-fnpc17101.fnal.gov     , mu2egrid exit status:   0 TrigReport Events total = 2000000 passed = 9366 failed = 1990634
   382 : section 00382  was running on murat-7280429-382-fnpc9109.fnal.gov      , mu2egrid exit status:   0 TrigReport Events total = 2000000 passed = 8896 failed = 1991104
   383 : section 00383  was running on murat-7280429-383-fnpc9043.fnal.gov      , mu2egrid exit status:   0 TrigReport Events total = 2000000 passed = 8981 failed = 1991019
   384 : section 00384  was running on murat-7280429-384-fnpc9037.fnal.gov      , mu2egrid exit status:   0 TrigReport Events total = 2000000 passed = 9177 failed = 1990823
   385 : section 00385  was running on murat-7280429-385-fnpc17150.fnal.gov     , mu2egrid exit status:   0 TrigReport Events total = 2000000 passed = 8945 failed = 1991055
   386 : section 00386  was running on murat-7280429-386-fnpc9061.fnal.gov      , mu2egrid exit status:   0 TrigReport Events total = 2000000 passed = 8896 failed = 1991104
   387 : section 00387  was running on murat-7280429-387-fnpc9071.fnal.gov      , mu2egrid exit status:   0 TrigReport Events total = 2000000 passed = 9170 failed = 1990830
   388 : section 00388  was running on murat-7280429-388-fnpc17144.fnal.gov     , mu2egrid exit status:   0 TrigReport Events total = 2000000 passed = 9091 failed = 1990909
   389 : section 00389  was running on murat-7280429-389-fnpc9063.fnal.gov      , mu2egrid exit status:   0 TrigReport Events total = 2000000 passed = 9214 failed = 1990786
   390 : section 00390  was running on murat-7280429-390-fnpc9041.fnal.gov      , mu2egrid exit status:   0 TrigReport Events total = 2000000 passed = 9042 failed = 1990958
   391 : section 00391  was running on murat-7280429-391-fnpc17105.fnal.gov     , mu2egrid exit status:   0 TrigReport Events total = 2000000 passed = 9208 failed = 1990792
   392 : section 00392  was running on murat-7280429-392-fnpc7019.fnal.gov      , mu2egrid exit status:   0 TrigReport Events total = 2000000 passed = 9000 failed = 1991000
   393 : section 00393  was running on murat-7280429-393-fnpc17115.fnal.gov     , mu2egrid exit status:   0 TrigReport Events total = 2000000 passed = 9140 failed = 1990860
   394 : section 00394  was running on murat-7280429-394-fnpc9011.fnal.gov      , mu2egrid exit status:   0 TrigReport Events total = 2000000 passed = 9022 failed = 1990978
   395 : section 00395  was running on murat-7280429-395-fnpc7004.fnal.gov      , mu2egrid exit status:   0 TrigReport Events total = 2000000 passed = 9114 failed = 1990886
   396 : section 00396  was running on murat-7280429-396-fnpc9103.fnal.gov      , mu2egrid exit status:   0 TrigReport Events total = 2000000 passed = 9018 failed = 1990982
   397 : section 00397  was running on murat-7280429-397-fnpc17132.fnal.gov     , mu2egrid exit status:   0 TrigReport Events total = 2000000 passed = 9213 failed = 1990787
   398 : section 00398  was running on murat-7280429-398-fnpc6026.fnal.gov      , mu2egrid exit status:   0 TrigReport Events total = 2000000 passed = 9146 failed = 1990854
   399 : section 00399  was running on murat-7280429-399-fnpc7021.fnal.gov      , mu2egrid exit status:   0 TrigReport Events total = 2000000 passed = 9159 failed = 1990841
   400 : section 00400  was running on murat-7280429-400-fnpc7023.fnal.gov      , mu2egrid exit status:   0 TrigReport Events total = 2000000 passed = 8942 failed = 1991058
   401 : section 00401  was running on murat-7280429-401-fnpc6011.fnal.gov      , mu2egrid exit status:   0 TrigReport Events total = 2000000 passed = 9277 failed = 1990723
   402 : section 00402  was running on murat-7280429-402-fnpc7003.fnal.gov      , mu2egrid exit status:   0 TrigReport Events total = 2000000 passed = 8923 failed = 1991077
   403 : section 00403  was running on murat-7280429-403-fnpc9102.fnal.gov      , mu2egrid exit status:   0 TrigReport Events total = 2000000 passed = 9107 failed = 1990893
   404 : section 00404  was running on murat-7280429-404-fnpc7026.fnal.gov      , mu2egrid exit status:   0 TrigReport Events total = 2000000 passed = 8808 failed = 1991192
   405 : section 00405  was running on murat-7280429-405-fnpc7030.fnal.gov      , mu2egrid exit status:   0 TrigReport Events total = 2000000 passed = 8958 failed = 1991042
   406 : section 00406  was running on murat-7280429-406-fnpc6019.fnal.gov      , mu2egrid exit status:   0 TrigReport Events total = 2000000 passed = 9238 failed = 1990762
   407 : section 00407  was running on murat-7280429-407-fnpc6020.fnal.gov      , mu2egrid exit status:   0 TrigReport Events total = 2000000 passed = 9046 failed = 1990954
   408 : section 00408  was running on murat-7280429-408-fnpc6017.fnal.gov      , mu2egrid exit status:   0 TrigReport Events total = 2000000 passed = 8947 failed = 1991053
   409 : section 00409  was running on murat-7280429-409-fnpc7013.fnal.gov      , mu2egrid exit status:   0 TrigReport Events total = 2000000 passed = 9266 failed = 1990734
   410 : section 00410  was running on murat-7280429-410-fnpc7025.fnal.gov      , mu2egrid exit status:   0 TrigReport Events total = 2000000 passed = 9158 failed = 1990842
   411 : section 00411  was running on murat-7280429-411-fnpc19121.fnal.gov     , mu2egrid exit status:   0 TrigReport Events total = 2000000 passed = 9074 failed = 1990926
   412 : section 00412  was running on murat-7280429-412-fnpc19114.fnal.gov     , mu2egrid exit status:   0 TrigReport Events total = 2000000 passed = 9051 failed = 1990949
   413 : section 00413  was running on murat-7280429-413-fnpc9032.fnal.gov      , mu2egrid exit status:   0 TrigReport Events total = 2000000 passed = 9094 failed = 1990906
   414 : section 00414  was running on murat-7280429-414-fnpc9053.fnal.gov      , mu2egrid exit status:   0 TrigReport Events total = 2000000 passed = 8834 failed = 1991166
   415 : section 00415  was running on murat-7280429-415-fnpc9078.fnal.gov      , mu2egrid exit status:   0 TrigReport Events total = 2000000 passed = 9027 failed = 1990973
   416 : section 00416  was running on murat-7280429-416-fnpc5026.fnal.gov      , mu2egrid exit status:   0 TrigReport Events total = 2000000 passed = 9043 failed = 1990957
   417 : section 00417  was running on murat-7280429-417-fnpc9064.fnal.gov      , mu2egrid exit status:   0 TrigReport Events total = 2000000 passed = 9139 failed = 1990861
   418 : section 00418  was running on murat-7280429-418-fnpc9105.fnal.gov      , mu2egrid exit status:   0 TrigReport Events total = 2000000 passed = 8779 failed = 1991221
   419 : section 00419  was running on murat-7280429-419-fnpc9055.fnal.gov      , mu2egrid exit status:   0 TrigReport Events total = 2000000 passed = 9178 failed = 1990822
   420 : section 00420  was running on murat-7280429-420-fnpc19120.fnal.gov     , mu2egrid exit status:   0 TrigReport Events total = 2000000 passed = 8884 failed = 1991116
   421 : section 00421  was running on murat-7280429-421-fnpc19125.fnal.gov     , mu2egrid exit status:   0 TrigReport Events total = 2000000 passed = 9363 failed = 1990637
   422 : section 00422  was running on murat-7280429-422-fnpc19109.fnal.gov     , mu2egrid exit status:   0 TrigReport Events total = 2000000 passed = 8979 failed = 1991021
   423 : section 00423  was running on murat-7280429-423-fnpc19133.fnal.gov     , mu2egrid exit status:   0 TrigReport Events total = 2000000 passed = 8844 failed = 1991156
   424 : section 00424  was running on murat-7280429-424-fnpc19123.fnal.gov     , mu2egrid exit status:   0 TrigReport Events total = 2000000 passed = 9604 failed = 1990396
   425 : section 00425  was running on murat-7280429-425-fnpc19108.fnal.gov     , mu2egrid exit status:   0 TrigReport Events total = 2000000 passed = 9036 failed = 1990964
   426 : section 00426  was running on murat-7280429-426-fnpc19111.fnal.gov     , mu2egrid exit status:   0 TrigReport Events total = 2000000 passed = 8863 failed = 1991137
   427 : section 00427  was running on murat-7280429-427-fnpc19117.fnal.gov     , mu2egrid exit status:   0 TrigReport Events total = 2000000 passed = 8841 failed = 1991159
   428 : section 00428  was running on murat-7280429-428-fnpc19132.fnal.gov     , mu2egrid exit status:   0 TrigReport Events total = 2000000 passed = 8877 failed = 1991123
   429 : section 00429  was running on murat-7280429-429-fnpc19135.fnal.gov     , mu2egrid exit status:   0 TrigReport Events total = 2000000 passed = 8887 failed = 1991113
   430 : section 00430  was running on murat-7280429-430-fnpc19126.fnal.gov     , mu2egrid exit status:   0 TrigReport Events total = 2000000 passed = 9299 failed = 1990701
   431 : section 00431  was running on murat-7280429-431-fnpc19119.fnal.gov     , mu2egrid exit status:   0 TrigReport Events total = 2000000 passed = 8897 failed = 1991103
   432 : section 00432  was running on murat-7280429-432-fnpc8210.fnal.gov      , mu2egrid exit status:   0 TrigReport Events total = 2000000 passed = 9130 failed = 1990870
   433 : section 00433  was running on murat-7280429-433-fnpc6021.fnal.gov      , mu2egrid exit status:   0 TrigReport Events total = 2000000 passed = 9645 failed = 1990355
   434 : section 00434  was running on murat-7280429-434-fnpc17137.fnal.gov     , mu2egrid exit status:   0 TrigReport Events total = 2000000 passed = 8893 failed = 1991107
   435 : section 00435  was running on murat-7280429-435-fnpc9109.fnal.gov      , mu2egrid exit status:   0 TrigReport Events total = 2000000 passed = 9355 failed = 1990645
   436 : section 00436  was running on murat-7280429-436-fnpc9043.fnal.gov      , mu2egrid exit status:   0 TrigReport Events total = 2000000 passed = 9128 failed = 1990872
   437 : section 00437  was running on murat-7280429-437-fnpc17136.fnal.gov     , mu2egrid exit status:   0 TrigReport Events total = 2000000 passed = 8997 failed = 1991003
   438 : section 00438  was running on murat-7280429-438-fnpc9061.fnal.gov      , mu2egrid exit status:   0 TrigReport Events total = 2000000 passed = 9384 failed = 1990616
   439 : section 00439  was running on murat-7280429-439-fnpc17144.fnal.gov     , mu2egrid exit status:   0 TrigReport Events total = 2000000 passed = 8760 failed = 1991240
   440 : section 00440  was running on murat-7280429-440-fnpc9041.fnal.gov      , mu2egrid exit status:   0 TrigReport Events total = 2000000 passed = 9188 failed = 1990812
   441 : section 00441  was running on murat-7280429-441-fnpc17101.fnal.gov     , mu2egrid exit status:   0 TrigReport Events total = 2000000 passed = 9169 failed = 1990831
   442 : section 00442  was running on murat-7280429-442-fnpc17105.fnal.gov     , mu2egrid exit status:   0 TrigReport Events total = 2000000 passed = 9163 failed = 1990837
   443 : section 00443  was running on murat-7280429-443-fnpc17115.fnal.gov     , mu2egrid exit status:   0 TrigReport Events total = 2000000 passed = 9090 failed = 1990910
   444 : section 00444  was running on murat-7280429-444-fnpc8027.fnal.gov      , mu2egrid exit status:   0 TrigReport Events total = 2000000 passed = 8849 failed = 1991151
   445 : section 00445  was running on murat-7280429-445-fnpc9103.fnal.gov      , mu2egrid exit status:   0 TrigReport Events total = 2000000 passed = 9130 failed = 1990870
   446 : section 00446  was running on murat-7280429-446-fnpc7009.fnal.gov      , mu2egrid exit status:   0 TrigReport Events total = 2000000 passed = 8948 failed = 1991052
   447 : section 00447  was running on murat-7280429-447-fnpc6011.fnal.gov      , mu2egrid exit status:   0 TrigReport Events total = 2000000 passed = 8923 failed = 1991077
   448 : section 00448  was running on murat-7280429-448-fnpc9071.fnal.gov      , mu2egrid exit status:   0 TrigReport Events total = 2000000 passed = 8843 failed = 1991157
   449 : section 00449  was running on murat-7280429-449-fnpc9032.fnal.gov      , mu2egrid exit status:   0 TrigReport Events total = 2000000 passed = 9030 failed = 1990970
   450 : section 00450  was running on murat-7280429-450-fnpc5026.fnal.gov      , mu2egrid exit status:   0 TrigReport Events total = 2000000 passed = 8668 failed = 1991332
   451 : section 00451  was running on murat-7280429-451-fnpc9105.fnal.gov      , mu2egrid exit status:   0 TrigReport Events total = 2000000 passed = 8998 failed = 1991002
   452 : section 00452  was running on murat-7280429-452-fnpc9006.fnal.gov      , mu2egrid exit status:   0 TrigReport Events total = 2000000 passed = 8811 failed = 1991189
   453 : section 00453  was running on murat-7280429-453-fnpc19120.fnal.gov     , mu2egrid exit status:   0 TrigReport Events total = 2000000 passed = 9093 failed = 1990907
   454 : section 00454  was running on murat-7280429-454-fnpc7026.fnal.gov      , mu2egrid exit status:   0 TrigReport Events total = 2000000 passed = 9470 failed = 1990530
   455 : section 00455  was running on murat-7280429-455-fnpc19117.fnal.gov     , mu2egrid exit status:   0 TrigReport Events total = 2000000 passed = 8645 failed = 1991355
   456 : section 00456  was running on murat-7280429-456-fnpc6019.fnal.gov      , mu2egrid exit status:   0 TrigReport Events total = 2000000 passed = 9207 failed = 1990793
   457 : section 00457  was running on murat-7280429-457-fnpc19135.fnal.gov     , mu2egrid exit status:   0 TrigReport Events total = 2000000 passed = 8920 failed = 1991080
   458 : section 00458  was running on murat-7280429-458-fnpc19126.fnal.gov     , mu2egrid exit status:   0 TrigReport Events total = 2000000 passed = 9224 failed = 1990776
   459 : section 00459  was running on murat-7280429-459-fnpc19119.fnal.gov     , mu2egrid exit status:   0 TrigReport Events total = 2000000 passed = 8958 failed = 1991042
   460 : section 00460  was running on murat-7280429-460-fnpc9043.fnal.gov      , mu2egrid exit status:   0 TrigReport Events total = 2000000 passed = 8915 failed = 1991085
   461 : section 00461  was running on murat-7280429-461-fnpc9061.fnal.gov      , mu2egrid exit status:   0 TrigReport Events total = 2000000 passed = 8789 failed = 1991211
   462 : section 00462  was running on murat-7280429-462-fnpc17144.fnal.gov     , mu2egrid exit status:   0 TrigReport Events total = 2000000 passed = 8753 failed = 1991247
   463 : section 00463  was running on murat-7280429-463-fnpc7004.fnal.gov      , mu2egrid exit status:   0 TrigReport Events total = 2000000 passed = 9349 failed = 1990651
   464 : section 00464  was running on murat-7280429-464-fnpc17101.fnal.gov     , mu2egrid exit status:   0 TrigReport Events total = 2000000 passed = 9078 failed = 1990922
   465 : section 00465  was running on murat-7280429-465-fnpc17105.fnal.gov     , mu2egrid exit status:   0 TrigReport Events total = 2000000 passed = 8706 failed = 1991294
   466 : section 00466  was running on murat-7280429-466-fnpc17116.fnal.gov     , mu2egrid exit status:   0 TrigReport Events total = 2000000 passed = 9046 failed = 1990954
   467 : section 00467  was running on murat-7280429-467-fnpc19109.fnal.gov     , mu2egrid exit status:   0 TrigReport Events total = 2000000 passed = 8768 failed = 1991232
   468 : section 00468  was running on murat-7280429-468-fnpc19108.fnal.gov     , mu2egrid exit status:   0 TrigReport Events total = 2000000 passed = 8925 failed = 1991075
   469 : section 00469  was running on murat-7280429-469-fnpc17136.fnal.gov     , mu2egrid exit status:   0 TrigReport Events total = 2000000 passed = 9114 failed = 1990886
   470 : section 00470  was running on murat-7280429-470-fnpc8010.fnal.gov      , mu2egrid exit status:   0 TrigReport Events total = 2000000 passed = 9027 failed = 1990973
   471 : section 00471  was running on murat-7280429-471-fnpc7003.fnal.gov      , mu2egrid exit status:   0 TrigReport Events total = 2000000 passed = 9032 failed = 1990968
   472 : section 00472  was running on murat-7280429-472-fnpc5026.fnal.gov      , mu2egrid exit status:   0 TrigReport Events total = 2000000 passed = 9148 failed = 1990852
   473 : section 00473  was running on murat-7280429-473-fnpc9105.fnal.gov      , mu2egrid exit status:   0 TrigReport Events total = 2000000 passed = 9409 failed = 1990591
   474 : section 00474  was running on murat-7280429-474-fnpc6021.fnal.gov      , mu2egrid exit status:   0 TrigReport Events total = 2000000 passed = 8693 failed = 1991307
   475 : section 00475  was running on murat-7280429-475-fnpc8028.fnal.gov      , mu2egrid exit status:   0 TrigReport Events total = 2000000 passed = 8706 failed = 1991294
   476 : section 00476  was running on murat-7280429-476-fnpc8016.fnal.gov      , mu2egrid exit status:   0 TrigReport Events total = 2000000 passed = 9159 failed = 1990841
   477 : section 00477  was running on murat-7280429-477-fnpc19120.fnal.gov     , mu2egrid exit status:   0 TrigReport Events total = 2000000 passed = 8647 failed = 1991353
   478 : section 00478  was running on murat-7280429-478-fnpc19117.fnal.gov     , mu2egrid exit status:   0 TrigReport Events total = 2000000 passed = 8624 failed = 1991376
   479 : section 00479  was running on murat-7280429-479-fnpc19135.fnal.gov     , mu2egrid exit status:   0 TrigReport Events total = 2000000 passed = 8982 failed = 1991018
   480 : section 00480  was running on murat-7280429-480-fnpc19126.fnal.gov     , mu2egrid exit status:   0 TrigReport Events total = 2000000 passed = 8775 failed = 1991225
   481 : section 00481  was running on murat-7280429-481-fnpc9004.fnal.gov      , mu2egrid exit status:   0 TrigReport Events total = 2000000 passed = 8944 failed = 1991056
   482 : section 00482  was running on murat-7280429-482-fnpc19119.fnal.gov     , mu2egrid exit status:   0 TrigReport Events total = 2000000 passed = 8950 failed = 1991050
   483 : section 00483  was running on murat-7280429-483-fnpc9043.fnal.gov      , mu2egrid exit status:   0 TrigReport Events total = 2000000 passed = 9073 failed = 1990927
   484 : section 00484  was running on murat-7280429-484-fnpc9061.fnal.gov      , mu2egrid exit status:   0 TrigReport Events total = 2000000 passed = 9016 failed = 1990984
--------------------------------------------
JOB SUMMARY:
--------------------------------------------
submitted           :   485 sections
output checked      :   485 sections
completed           :   485 sections
staging failures    :     0 sections
completed with rc=0 :   484 sections
mu2e job failed     :     0 sections
