#
     0 : section 00000  was running on murat-31822248-0-fnpc7208.fnal.gov       , mu2egrid exit status:   0 TrigReport Events total = 2000000 passed = 9973 failed = 1990027
     1 : section 00001  was running on murat-31822248-1-fnpc7203.fnal.gov       , mu2egrid exit status:   0 TrigReport Events total = 2000000 passed = 9468 failed = 1990532
     2 : section 00002  was running on murat-31822248-2-fnpc8208.fnal.gov       , mu2egrid exit status:   0 TrigReport Events total = 2000000 passed = 9938 failed = 1990062
     3 : section 00003  was running on murat-31822248-3-fnpc7301.fnal.gov       , mu2egrid exit status:   0 TrigReport Events total = 2000000 passed = 9937 failed = 1990063
     4 : section 00004  was running on murat-31822248-4-fnpc8020.fnal.gov       , mu2egrid exit status:   0 TrigReport Events total = 2000000 passed = 10066 failed = 1989934
     5 : section 00005  was running on murat-31822248-5-fnpc8001.fnal.gov       , mu2egrid exit status:   0 TrigReport Events total = 2000000 passed = 9809 failed = 1990191
     6 : section 00006  was running on murat-31822248-6-fnpc8205.fnal.gov       , mu2egrid exit status:   0 TrigReport Events total = 2000000 passed = 9787 failed = 1990213
     7 : section 00007  was running on murat-31822248-7-fnpc7202.fnal.gov       , mu2egrid exit status:   0 TrigReport Events total = 2000000 passed = 9839 failed = 1990161
     8 : section 00008  was running on murat-31822248-8-fnpc17154.fnal.gov      , mu2egrid exit status:   0 TrigReport Events total = 2000000 passed = 9975 failed = 1990025
     9 : section 00009  was running on murat-31822248-9-fnpc7205.fnal.gov       , mu2egrid exit status:   0 TrigReport Events total = 2000000 passed = 9818 failed = 1990182
    10 : section 00010  was running on murat-31822248-10-fnpc17108.fnal.gov     , mu2egrid exit status:   0 TrigReport Events total = 2000000 passed = 10194 failed = 1989806
    11 : section 00011  was running on murat-31822248-11-fnpc5037.fnal.gov      , mu2egrid exit status:   0 TrigReport Events total = 2000000 passed = 9886 failed = 1990114
    12 : section 00012  was running on murat-31822248-12-fnpc7017.fnal.gov      , mu2egrid exit status:   0 TrigReport Events total = 2000000 passed = 9780 failed = 1990220
    13 : section 00013  was running on murat-31822248-13-fnpc17122.fnal.gov     , mu2egrid exit status:   0 TrigReport Events total = 2000000 passed = 9842 failed = 1990158
    14 : section 00014  was running on murat-31822248-14-fnpc9110.fnal.gov      , mu2egrid exit status:   0 TrigReport Events total = 2000000 passed = 9892 failed = 1990108
    15 : section 00015  was running on murat-31822248-15-fnpc5027.fnal.gov      , mu2egrid exit status:   0 TrigReport Events total = 2000000 passed = 9549 failed = 1990451
    16 : section 00016  was running on murat-31822248-16-fnpc17128.fnal.gov     , mu2egrid exit status:   0 TrigReport Events total = 2000000 passed = 9420 failed = 1990580
    17 : section 00017  was running on murat-31822248-17-fnpc17110.fnal.gov     , mu2egrid exit status:   0 TrigReport Events total = 2000000 passed = 9850 failed = 1990150
    18 : section 00018  was running on murat-31822248-18-fnpc9051.fnal.gov      , mu2egrid exit status:   0 TrigReport Events total = 2000000 passed = 9520 failed = 1990480
    19 : section 00019  was running on murat-31822248-19-fnpc5036.fnal.gov      , mu2egrid exit status:   0 TrigReport Events total = 2000000 passed = 9921 failed = 1990079
    20 : section 00020  was running on murat-31822248-20-fnpc6011.fnal.gov      , mu2egrid exit status:   0 TrigReport Events total = 2000000 passed = 9710 failed = 1990290
    21 : section 00021  was running on murat-31822248-21-fnpc9014.fnal.gov      , mu2egrid exit status:   0 TrigReport Events total = 2000000 passed = 9563 failed = 1990437
    22 : section 00022  was running on murat-31822248-22-fnpc9007.fnal.gov      , mu2egrid exit status:   0 TrigReport Events total = 2000000 passed = 9795 failed = 1990205
    23 : section 00023  was running on murat-31822248-23-fnpc9058.fnal.gov      , mu2egrid exit status:   0 TrigReport Events total = 2000000 passed = 9968 failed = 1990032
    24 : section 00024  was running on murat-31822248-24-fnpc9039.fnal.gov      , mu2egrid exit status:   0 TrigReport Events total = 2000000 passed = 9777 failed = 1990223
    25 : section 00025  was running on murat-31822248-25-fnpc6030.fnal.gov      , mu2egrid exit status:   0 TrigReport Events total = 2000000 passed = 9936 failed = 1990064
    26 : section 00026  was running on murat-31822248-26-fnpc6013.fnal.gov      , mu2egrid exit status:   0 TrigReport Events total = 2000000 passed = 9959 failed = 1990041
    27 : section 00027  was running on murat-31822248-27-fnpc9063.fnal.gov      , mu2egrid exit status:   0 TrigReport Events total = 2000000 passed = 9870 failed = 1990130
    28 : section 00028  was running on murat-31822248-28-fnpc6025.fnal.gov      , mu2egrid exit status:   0 TrigReport Events total = 2000000 passed = 9788 failed = 1990212
    29 : section 00029  was running on murat-31822248-29-fnpc9073.fnal.gov      , mu2egrid exit status:   0 TrigReport Events total = 2000000 passed = 9537 failed = 1990463
    30 : section 00030  was running on murat-31822248-30-fnpc9006.fnal.gov      , mu2egrid exit status:   0 TrigReport Events total = 2000000 passed = 9793 failed = 1990207
    31 : section 00031  was running on murat-31822248-31-fnpc9076.fnal.gov      , mu2egrid exit status:   0 TrigReport Events total = 2000000 passed = 9639 failed = 1990361
    32 : section 00032  was running on murat-31822248-32-fnpc7004.fnal.gov      , mu2egrid exit status:   0 TrigReport Events total = 2000000 passed = 9930 failed = 1990070
    33 : section 00033  was running on murat-31822248-33-fnpc7025.fnal.gov      , mu2egrid exit status:   0 TrigReport Events total = 2000000 passed = 9818 failed = 1990182
    34 : section 00034  was running on murat-31822248-34-fnpc6028.fnal.gov      , mu2egrid exit status:   0 TrigReport Events total = 2000000 passed = 10159 failed = 1989841
    35 : section 00035  was running on murat-31822248-35-fnpc6024.fnal.gov      , mu2egrid exit status:   0 TrigReport Events total = 2000000 passed = 10036 failed = 1989964
    36 : section 00036  was running on murat-31822248-36-fnpc7022.fnal.gov      , mu2egrid exit status:   0 TrigReport Events total = 2000000 passed = 9781 failed = 1990219
    37 : section 00037  was running on murat-31822248-37-fnpc7013.fnal.gov      , mu2egrid exit status:   0 TrigReport Events total = 2000000 passed = 10096 failed = 1989904
    38 : section 00038  was running on murat-31822248-38-fnpc9078.fnal.gov      , mu2egrid exit status:   0 TrigReport Events total = 2000000 passed = 9924 failed = 1990076
    39 : section 00039  was running on murat-31822248-39-fnpc9038.fnal.gov      , mu2egrid exit status:   0 TrigReport Events total = 2000000 passed = 9800 failed = 1990200
    40 : section 00040  was running on murat-31822248-40-fnpc6023.fnal.gov      , mu2egrid exit status:   0 TrigReport Events total = 2000000 passed = 9770 failed = 1990230
    41 : section 00041  was running on murat-31822248-41-fnpc7005.fnal.gov      , mu2egrid exit status:   0 TrigReport Events total = 2000000 passed = 10155 failed = 1989845
    42 : section 00042  was running on murat-31822248-42-fnpc7023.fnal.gov      , mu2egrid exit status:   0 TrigReport Events total = 2000000 passed = 9786 failed = 1990214
    43 : section 00043  was running on murat-31822248-43-fnpc6027.fnal.gov      , mu2egrid exit status:   0 TrigReport Events total = 2000000 passed = 9899 failed = 1990101
    44 : section 00044  was running on murat-31822248-44-fnpc9108.fnal.gov      , mu2egrid exit status:   0 TrigReport Events total = 2000000 passed = 9871 failed = 1990129
    45 : section 00045  was running on murat-31822248-45-fnpc9072.fnal.gov      , mu2egrid exit status:   0 TrigReport Events total = 2000000 passed = 10071 failed = 1989929
    46 : section 00046  was running on murat-31822248-46-fnpc6026.fnal.gov      , mu2egrid exit status:   0 TrigReport Events total = 2000000 passed = 9776 failed = 1990224
    47 : section 00047  was running on murat-31822248-47-fnpc7012.fnal.gov      , mu2egrid exit status:   0 TrigReport Events total = 2000000 passed = 10040 failed = 1989960
    48 : section 00048  was running on murat-31822248-48-fnpc19106.fnal.gov     , mu2egrid exit status:   0 TrigReport Events total = 2000000 passed = 9806 failed = 1990194
    49 : section 00049  was running on murat-31822248-49-fnpc19141.fnal.gov     , mu2egrid exit status:   0 TrigReport Events total = 2000000 passed = 9985 failed = 1990015
    50 : section 00050  was running on murat-31822248-50-fnpc19104.fnal.gov     , mu2egrid exit status:   0 TrigReport Events total = 2000000 passed = 10000 failed = 1990000
    51 : section 00051  was running on murat-31822248-51-fnpc19126.fnal.gov     , mu2egrid exit status:   0 TrigReport Events total = 2000000 passed = 9798 failed = 1990202
    52 : section 00052  was running on murat-31822248-52-fnpc19122.fnal.gov     , mu2egrid exit status:   0 TrigReport Events total = 2000000 passed = 9916 failed = 1990084
    53 : section 00053  was running on murat-31822248-53-fnpc19121.fnal.gov     , mu2egrid exit status:   0 TrigReport Events total = 2000000 passed = 9898 failed = 1990102
    54 : section 00054  was running on murat-31822248-54-fnpc7205.fnal.gov      , mu2egrid exit status:   0 TrigReport Events total = 2000000 passed = 9775 failed = 1990225
    55 : section 00055  was running on murat-31822248-55-fnpc5037.fnal.gov      , mu2egrid exit status:   0 TrigReport Events total = 2000000 passed = 9555 failed = 1990445
    56 : section 00056  was running on murat-31822248-56-fnpc8205.fnal.gov      , mu2egrid exit status:   0 TrigReport Events total = 2000000 passed = 9722 failed = 1990278
    57 : section 00057  was running on murat-31822248-57-fnpc5027.fnal.gov      , mu2egrid exit status:   0 TrigReport Events total = 2000000 passed = 9777 failed = 1990223
    58 : section 00058  was running on murat-31822248-58-fnpc17110.fnal.gov     , mu2egrid exit status:   0 TrigReport Events total = 2000000 passed = 10085 failed = 1989915
    59 : section 00059  was running on murat-31822248-59-fnpc5036.fnal.gov      , mu2egrid exit status:   0 TrigReport Events total = 2000000 passed = 9775 failed = 1990225
    60 : section 00060  was running on murat-31822248-60-fnpc9014.fnal.gov      , mu2egrid exit status:   0 TrigReport Events total = 2000000 passed = 10124 failed = 1989876
    61 : section 00061  was running on murat-31822248-61-fnpc6013.fnal.gov      , mu2egrid exit status:   0 TrigReport Events total = 2000000 passed = 10112 failed = 1989888
    62 : section 00062  was running on murat-31822248-62-fnpc9076.fnal.gov      , mu2egrid exit status:   0 TrigReport Events total = 2000000 passed = 9921 failed = 1990079
    63 : section 00063  was running on murat-31822248-63-fnpc7025.fnal.gov      , mu2egrid exit status:   0 TrigReport Events total = 2000000 passed = 10075 failed = 1989925
    64 : section 00064  was running on murat-31822248-64-fnpc19125.fnal.gov     , mu2egrid exit status:   0 TrigReport Events total = 2000000 passed = 10086 failed = 1989914
    65 : section 00065  was running on murat-31822248-65-fnpc8001.fnal.gov      , mu2egrid exit status:   0 TrigReport Events total = 2000000 passed = 9627 failed = 1990373
    66 : section 00066  was running on murat-31822248-66-fnpc9078.fnal.gov      , mu2egrid exit status:   0 TrigReport Events total = 2000000 passed = 9871 failed = 1990129
    67 : section 00067  was running on murat-31822248-67-fnpc9038.fnal.gov      , mu2egrid exit status:   0 TrigReport Events total = 2000000 passed = 9830 failed = 1990170
    68 : section 00068  was running on murat-31822248-68-fnpc6023.fnal.gov      , mu2egrid exit status:   0 TrigReport Events total = 2000000 passed = 9793 failed = 1990207
    69 : section 00069  was running on murat-31822248-69-fnpc6030.fnal.gov      , mu2egrid exit status:   0 TrigReport Events total = 2000000 passed = 10028 failed = 1989972
    70 : section 00070  was running on murat-31822248-70-fnpc6028.fnal.gov      , mu2egrid exit status:   0 TrigReport Events total = 2000000 passed = 9747 failed = 1990253
    71 : section 00071  was running on murat-31822248-71-fnpc7023.fnal.gov      , mu2egrid exit status:   0 TrigReport Events total = 2000000 passed = 9861 failed = 1990139
    72 : section 00072  was running on murat-31822248-72-fnpc6027.fnal.gov      , mu2egrid exit status:   0 TrigReport Events total = 2000000 passed = 10027 failed = 1989973
    73 : section 00073  was running on murat-31822248-73-fnpc9108.fnal.gov      , mu2egrid exit status:   0 TrigReport Events total = 2000000 passed = 9435 failed = 1990565
    74 : section 00074  was running on murat-31822248-74-fnpc9072.fnal.gov      , mu2egrid exit status:   0 TrigReport Events total = 2000000 passed = 9917 failed = 1990083
    75 : section 00075  was running on murat-31822248-75-fnpc6026.fnal.gov      , mu2egrid exit status:   0 TrigReport Events total = 2000000 passed = 10022 failed = 1989978
    76 : section 00076  was running on murat-31822248-76-fnpc19138.fnal.gov     , mu2egrid exit status:   0 TrigReport Events total = 2000000 passed = 9872 failed = 1990128
    77 : section 00077  was running on murat-31822248-77-fnpc7205.fnal.gov      , mu2egrid exit status:   0 TrigReport Events total = 2000000 passed = 9948 failed = 1990052
    78 : section 00078  was running on murat-31822248-78-fnpc8020.fnal.gov      , mu2egrid exit status:   0 TrigReport Events total = 2000000 passed = 10180 failed = 1989820
    79 : section 00079  was running on murat-31822248-79-fnpc9073.fnal.gov      , mu2egrid exit status:   0 TrigReport Events total = 2000000 passed = 9674 failed = 1990326
    80 : section 00080  was running on murat-31822248-80-fnpc7005.fnal.gov      , mu2egrid exit status:   0 TrigReport Events total = 2000000 passed = 9600 failed = 1990400
    81 : section 00081  was running on murat-31822248-81-fnpc7012.fnal.gov      , mu2egrid exit status:   0 TrigReport Events total = 2000000 passed = 9817 failed = 1990183
    82 : section 00082  was running on murat-31822248-82-fnpc19106.fnal.gov     , mu2egrid exit status:   0 TrigReport Events total = 2000000 passed = 10376 failed = 1989624
    83 : section 00083  was running on murat-31822248-83-fnpc19122.fnal.gov     , mu2egrid exit status:   0 TrigReport Events total = 2000000 passed = 9765 failed = 1990235
    84 : section 00084  was running on murat-31822248-84-fnpc19141.fnal.gov     , mu2egrid exit status:   0 TrigReport Events total = 2000000 passed = 9690 failed = 1990310
    85 : section 00085  was running on murat-31822248-85-fnpc19121.fnal.gov     , mu2egrid exit status:   0 TrigReport Events total = 2000000 passed = 10138 failed = 1989862
    86 : section 00086  was running on murat-31822248-86-fnpc19125.fnal.gov     , mu2egrid exit status:   0 TrigReport Events total = 2000000 passed = 9915 failed = 1990085
    87 : section 00087  was running on murat-31822248-87-fnpc9078.fnal.gov      , mu2egrid exit status:   0 TrigReport Events total = 2000000 passed = 10194 failed = 1989806
    88 : section 00088  was running on murat-31822248-88-fnpc6013.fnal.gov      , mu2egrid exit status:   0 TrigReport Events total = 2000000 passed = 9809 failed = 1990191
    89 : section 00089  was running on murat-31822248-89-fnpc9007.fnal.gov      , mu2egrid exit status:   0 TrigReport Events total = 2000000 passed = 9927 failed = 1990073
    90 : section 00090  was running on murat-31822248-90-fnpc6026.fnal.gov      , mu2egrid exit status:   0 TrigReport Events total = 2000000 passed = 9749 failed = 1990251
    91 : section 00091  was running on murat-31822248-91-fnpc19138.fnal.gov     , mu2egrid exit status:   0 TrigReport Events total = 2000000 passed = 9880 failed = 1990120
    92 : section 00092  was running on murat-31822248-92-fnpc6025.fnal.gov      , mu2egrid exit status:   0 TrigReport Events total = 2000000 passed = 9952 failed = 1990048
    93 : section 00093  was running on murat-31822248-93-fnpc9073.fnal.gov      , mu2egrid exit status:   0 TrigReport Events total = 2000000 passed = 9933 failed = 1990067
    94 : section 00094  was running on murat-31822248-94-fnpc9078.fnal.gov      , mu2egrid exit status:   0 TrigReport Events total = 2000000 passed = 9866 failed = 1990134
    95 : section 00095  was running on murat-31822248-95-fnpc19125.fnal.gov     , mu2egrid exit status:   0 TrigReport Events total = 2000000 passed = 9881 failed = 1990119
    96 : section 00096  was running on murat-31822248-96-fnpc17154.fnal.gov     , mu2egrid exit status:   0 TrigReport Events total = 2000000 passed = 9580 failed = 1990420
    97 : section 00097  was running on murat-31822248-97-fnpc6026.fnal.gov      , mu2egrid exit status:   0 TrigReport Events total = 2000000 passed = 9603 failed = 1990397
    98 : section 00098  was running on murat-31822248-98-fnpc9006.fnal.gov      , mu2egrid exit status:   0 TrigReport Events total = 2000000 passed = 10140 failed = 1989860
    99 : section 00099  was running on murat-31822248-99-fnpc9051.fnal.gov      , mu2egrid exit status:   0 TrigReport Events total = 2000000 passed = 10066 failed = 1989934
   100 : section 00100  was running on murat-31822248-100-fnpc8209.fnal.gov     , mu2egrid exit status:   0 TrigReport Events total = 2000000 passed = 10279 failed = 1989721
   101 : section 00101  was running on murat-31822248-101-fnpc8202.fnal.gov     , mu2egrid exit status:   0 TrigReport Events total = 2000000 passed = 9758 failed = 1990242
   102 : section 00102  was running on murat-31822248-102-fnpc7309.fnal.gov     , mu2egrid exit status:   0 TrigReport Events total = 2000000 passed = 9593 failed = 1990407
   103 : section 00103  was running on murat-31822248-103-fnpc17109.fnal.gov    , mu2egrid exit status:   0 TrigReport Events total = 2000000 passed = 9979 failed = 1990021
   104 : section 00104  was running on murat-31822248-104-fnpc7203.fnal.gov     , mu2egrid exit status:   0 TrigReport Events total = 2000000 passed = 9794 failed = 1990206
   105 : section 00105  was running on murat-31822248-105-fnpc17140.fnal.gov    , mu2egrid exit status:   0 TrigReport Events total = 2000000 passed = 9894 failed = 1990106
   106 : section 00106  was running on murat-31822248-106-fnpc17107.fnal.gov    , mu2egrid exit status:   0 TrigReport Events total = 2000000 passed = 10096 failed = 1989904
   107 : section 00107  was running on murat-31822248-107-fnpc8006.fnal.gov     , mu2egrid exit status:   0 TrigReport Events total = 2000000 passed = 9959 failed = 1990041
   108 : section 00108  was running on murat-31822248-108-fnpc17160.fnal.gov    , mu2egrid exit status:   0 TrigReport Events total = 2000000 passed = 9432 failed = 1990568
   109 : section 00109  was running on murat-31822248-109-fnpc9017.fnal.gov     , mu2egrid exit status:   0 TrigReport Events total = 2000000 passed = 9652 failed = 1990348
   110 : section 00110  was running on murat-31822248-110-fnpc9060.fnal.gov     , mu2egrid exit status:   0 TrigReport Events total = 2000000 passed = 9579 failed = 1990421
   111 : section 00111  was running on murat-31822248-111-fnpc8002.fnal.gov     , mu2egrid exit status:   0 TrigReport Events total = 2000000 passed = 9734 failed = 1990266
   112 : section 00112  was running on murat-31822248-112-fnpc9077.fnal.gov     , mu2egrid exit status:   0 TrigReport Events total = 2000000 passed = 10174 failed = 1989826
   113 : section 00113  was running on murat-31822248-113-fnpc8009.fnal.gov     , mu2egrid exit status:   0 TrigReport Events total = 2000000 passed = 10018 failed = 1989982
   114 : section 00114  was running on murat-31822248-114-fnpc9041.fnal.gov     , mu2egrid exit status:   0 TrigReport Events total = 2000000 passed = 10139 failed = 1989861
   115 : section 00115  was running on murat-31822248-115-fnpc9037.fnal.gov     , mu2egrid exit status:   0 TrigReport Events total = 2000000 passed = 9994 failed = 1990006
   116 : section 00116  was running on murat-31822248-116-fnpc17143.fnal.gov    , mu2egrid exit status:   0 TrigReport Events total = 2000000 passed = 9580 failed = 1990420
   117 : section 00117  was running on murat-31822248-117-fnpc9051.fnal.gov     , mu2egrid exit status:   0 TrigReport Events total = 2000000 passed = 9389 failed = 1990611
   118 : section 00118  was running on murat-31822248-118-fnpc17142.fnal.gov    , mu2egrid exit status:   0 TrigReport Events total = 2000000 passed = 9860 failed = 1990140
   119 : section 00119  was running on murat-31822248-119-fnpc5030.fnal.gov     , mu2egrid exit status:   0 TrigReport Events total = 2000000 passed = 9296 failed = 1990704
   120 : section 00120  was running on murat-31822248-120-fnpc17123.fnal.gov    , mu2egrid exit status:   0 TrigReport Events total = 2000000 passed = 9874 failed = 1990126
   121 : section 00121  was running on murat-31822248-121-fnpc9101.fnal.gov     , mu2egrid exit status:   0 TrigReport Events total = 2000000 passed = 10206 failed = 1989794
   122 : section 00122  was running on murat-31822248-122-fnpc9048.fnal.gov     , mu2egrid exit status:   0 TrigReport Events total = 2000000 passed = 9616 failed = 1990384
   123 : section 00123  was running on murat-31822248-123-fnpc17130.fnal.gov    , mu2egrid exit status:   0 TrigReport Events total = 2000000 passed = 9668 failed = 1990332
   124 : section 00124  was running on murat-31822248-124-fnpc9079.fnal.gov     , mu2egrid exit status:   0 TrigReport Events total = 2000000 passed = 10063 failed = 1989937
   125 : section 00125  was running on murat-31822248-125-fnpc9044.fnal.gov     , mu2egrid exit status:   0 TrigReport Events total = 2000000 passed = 10189 failed = 1989811
   126 : section 00126  was running on murat-31822248-126-fnpc9026.fnal.gov     , mu2egrid exit status:   0 TrigReport Events total = 2000000 passed = 9420 failed = 1990580
   127 : section 00127  was running on murat-31822248-127-fnpc17117.fnal.gov    , mu2egrid exit status:   0 TrigReport Events total = 2000000 passed = 9820 failed = 1990180
   128 : section 00128  was running on murat-31822248-128-fnpc9045.fnal.gov     , mu2egrid exit status:   0 TrigReport Events total = 2000000 passed = 9686 failed = 1990314
   129 : section 00129  was running on murat-31822248-129-fnpc9028.fnal.gov     , mu2egrid exit status:   0 TrigReport Events total = 2000000 passed = 10201 failed = 1989799
   130 : section 00130  was running on murat-31822248-130-fnpc9008.fnal.gov     , mu2egrid exit status:   0 TrigReport Events total = 2000000 passed = 9889 failed = 1990111
   131 : section 00131  was running on murat-31822248-131-fnpc17144.fnal.gov    , mu2egrid exit status:   0 TrigReport Events total = 2000000 passed = 10148 failed = 1989852
   132 : section 00132  was running on murat-31822248-132-fnpc9035.fnal.gov     , mu2egrid exit status:   0 TrigReport Events total = 2000000 passed = 9585 failed = 1990415
   133 : section 00133  was running on murat-31822248-133-fnpc9065.fnal.gov     , mu2egrid exit status:   0 TrigReport Events total = 2000000 passed = 10006 failed = 1989994
   134 : section 00134  was running on murat-31822248-134-fnpc6003.fnal.gov     , mu2egrid exit status:   0 TrigReport Events total = 2000000 passed = 9696 failed = 1990304
   135 : section 00135  was running on murat-31822248-135-fnpc9103.fnal.gov     , mu2egrid exit status:   0 TrigReport Events total = 2000000 passed = 10092 failed = 1989908
   136 : section 00136  was running on murat-31822248-136-fnpc7029.fnal.gov     , mu2egrid exit status:   0 TrigReport Events total = 2000000 passed = 9601 failed = 1990399
   137 : section 00137  was running on murat-31822248-137-fnpc6001.fnal.gov     , mu2egrid exit status:   0 TrigReport Events total = 2000000 passed = 9676 failed = 1990324
   138 : section 00138  was running on murat-31822248-138-fnpc9010.fnal.gov     , mu2egrid exit status:   0 TrigReport Events total = 2000000 passed = 9874 failed = 1990126
   139 : section 00139  was running on murat-31822248-139-fnpc6015.fnal.gov     , mu2egrid exit status:   0 TrigReport Events total = 2000000 passed = 9974 failed = 1990026
   140 : section 00140  was running on murat-31822248-140-fnpc19136.fnal.gov    , mu2egrid exit status:   0 TrigReport Events total = 2000000 passed = 9669 failed = 1990331
   141 : section 00141  was running on murat-31822248-141-fnpc7028.fnal.gov     , mu2egrid exit status:   0 TrigReport Events total = 2000000 passed = 10049 failed = 1989951
   142 : section 00142  was running on murat-31822248-142-fnpc19112.fnal.gov    , mu2egrid exit status:   0 TrigReport Events total = 2000000 passed = 9890 failed = 1990110
   143 : section 00143  was running on murat-31822248-143-fnpc19103.fnal.gov    , mu2egrid exit status:   0 TrigReport Events total = 2000000 passed = 9768 failed = 1990232
   144 : section 00144  was running on murat-31822248-144-fnpc19130.fnal.gov    , mu2egrid exit status:   0 TrigReport Events total = 2000000 passed = 9639 failed = 1990361
   145 : section 00145  was running on murat-31822248-145-fnpc19109.fnal.gov    , mu2egrid exit status:   0 TrigReport Events total = 2000000 passed = 9787 failed = 1990213
   146 : section 00146  was running on murat-31822248-146-fnpc19105.fnal.gov    , mu2egrid exit status:   0 TrigReport Events total = 2000000 passed = 9869 failed = 1990131
   147 : section 00147  was running on murat-31822248-147-fnpc19107.fnal.gov    , mu2egrid exit status:   0 TrigReport Events total = 2000000 passed = 10025 failed = 1989975
   148 : section 00148  was running on murat-31822248-148-fnpc7203.fnal.gov     , mu2egrid exit status:   0 TrigReport Events total = 2000000 passed = 9860 failed = 1990140
   149 : section 00149  was running on murat-31822248-149-fnpc9060.fnal.gov     , mu2egrid exit status:   0 TrigReport Events total = 2000000 passed = 9937 failed = 1990063
   150 : section 00150  was running on murat-31822248-150-fnpc9041.fnal.gov     , mu2egrid exit status:   0 TrigReport Events total = 2000000 passed = 9521 failed = 1990479
   151 : section 00151  was running on murat-31822248-151-fnpc5030.fnal.gov     , mu2egrid exit status:   0 TrigReport Events total = 2000000 passed = 10062 failed = 1989938
   152 : section 00152  was running on murat-31822248-152-fnpc9101.fnal.gov     , mu2egrid exit status:   0 TrigReport Events total = 2000000 passed = 9807 failed = 1990193
   153 : section 00153  was running on murat-31822248-153-fnpc9028.fnal.gov     , mu2egrid exit status:   0 TrigReport Events total = 2000000 passed = 10069 failed = 1989931
   154 : section 00154  was running on murat-31822248-154-fnpc8009.fnal.gov     , mu2egrid exit status:   0 TrigReport Events total = 2000000 passed = 9934 failed = 1990066
   155 : section 00155  was running on murat-31822248-155-fnpc9035.fnal.gov     , mu2egrid exit status:   0 TrigReport Events total = 2000000 passed = 9700 failed = 1990300
   156 : section 00156  was running on murat-31822248-156-fnpc17143.fnal.gov    , mu2egrid exit status:   0 TrigReport Events total = 2000000 passed = 10096 failed = 1989904
   157 : section 00157  was running on murat-31822248-157-fnpc6003.fnal.gov     , mu2egrid exit status:   0 TrigReport Events total = 2000000 passed = 9684 failed = 1990316
   158 : section 00158  was running on murat-31822248-158-fnpc17123.fnal.gov    , mu2egrid exit status:   0 TrigReport Events total = 2000000 passed = 9780 failed = 1990220
   159 : section 00159  was running on murat-31822248-159-fnpc7029.fnal.gov     , mu2egrid exit status:   0 TrigReport Events total = 2000000 passed = 9917 failed = 1990083
   160 : section 00160  was running on murat-31822248-160-fnpc9044.fnal.gov     , mu2egrid exit status:   0 TrigReport Events total = 2000000 passed = 9948 failed = 1990052
   161 : section 00161  was running on murat-31822248-161-fnpc9045.fnal.gov     , mu2egrid exit status:   0 TrigReport Events total = 2000000 passed = 9447 failed = 1990553
   162 : section 00162  was running on murat-31822248-162-fnpc6001.fnal.gov     , mu2egrid exit status:   0 TrigReport Events total = 2000000 passed = 9988 failed = 1990012
   163 : section 00163  was running on murat-31822248-163-fnpc19136.fnal.gov    , mu2egrid exit status:   0 TrigReport Events total = 2000000 passed = 9827 failed = 1990173
   164 : section 00164  was running on murat-31822248-164-fnpc19112.fnal.gov    , mu2egrid exit status:   0 TrigReport Events total = 2000000 passed = 9940 failed = 1990060
   165 : section 00165  was running on murat-31822248-165-fnpc19109.fnal.gov    , mu2egrid exit status:   0 TrigReport Events total = 2000000 passed = 10495 failed = 1989505
   166 : section 00166  was running on murat-31822248-166-fnpc19105.fnal.gov    , mu2egrid exit status:   0 TrigReport Events total = 2000000 passed = 9511 failed = 1990489
   167 : section 00167  was running on murat-31822248-167-fnpc19135.fnal.gov    , mu2egrid exit status:   0 TrigReport Events total = 2000000 passed = 10002 failed = 1989998
   168 : section 00168  was running on murat-31822248-168-fnpc9010.fnal.gov     , mu2egrid exit status:   0 TrigReport Events total = 2000000 passed = 9613 failed = 1990387
   169 : section 00169  was running on murat-31822248-169-fnpc19128.fnal.gov    , mu2egrid exit status:   0 TrigReport Events total = 2000000 passed = 10171 failed = 1989829
   170 : section 00170  was running on murat-31822248-170-fnpc19118.fnal.gov    , mu2egrid exit status:   0 TrigReport Events total = 2000000 passed = 9901 failed = 1990099
   171 : section 00171  was running on murat-31822248-171-fnpc9008.fnal.gov     , mu2egrid exit status:   0 TrigReport Events total = 2000000 passed = 9604 failed = 1990396
   172 : section 00172  was running on murat-31822248-172-fnpc9041.fnal.gov     , mu2egrid exit status:   0 TrigReport Events total = 2000000 passed = 9798 failed = 1990202
   173 : section 00173  was running on murat-31822248-173-fnpc9035.fnal.gov     , mu2egrid exit status:   0 TrigReport Events total = 2000000 passed = 10099 failed = 1989901
   174 : section 00174  was running on murat-31822248-174-fnpc19135.fnal.gov    , mu2egrid exit status:   0 TrigReport Events total = 2000000 passed = 9915 failed = 1990085
   175 : section 00175  was running on murat-31822248-175-fnpc17144.fnal.gov    , mu2egrid exit status:   0 TrigReport Events total = 2000000 passed = 9565 failed = 1990435
   176 : section 00176  was running on murat-31822248-176-fnpc17143.fnal.gov    , mu2egrid exit status:   0 TrigReport Events total = 2000000 passed = 9738 failed = 1990262
   177 : section 00177  was running on murat-31822248-177-fnpc9044.fnal.gov     , mu2egrid exit status:   0 TrigReport Events total = 2000000 passed = 9977 failed = 1990023
   178 : section 00178  was running on murat-31822248-178-fnpc19112.fnal.gov    , mu2egrid exit status:   0 TrigReport Events total = 2000000 passed = 9767 failed = 1990233
   179 : section 00179  was running on murat-31822248-179-fnpc19128.fnal.gov    , mu2egrid exit status:   0 TrigReport Events total = 2000000 passed = 9536 failed = 1990464
   180 : section 00180  was running on murat-31822248-180-fnpc19118.fnal.gov    , mu2egrid exit status:   0 TrigReport Events total = 2000000 passed = 10018 failed = 1989982
   181 : section 00181  was running on murat-31822248-181-fnpc8002.fnal.gov     , mu2egrid exit status:   0 TrigReport Events total = 2000000 passed = 9564 failed = 1990436
   182 : section 00182  was running on murat-31822248-182-fnpc9035.fnal.gov     , mu2egrid exit status:   0 TrigReport Events total = 2000000 passed = 10180 failed = 1989820
   183 : section 00183  was running on murat-31822248-183-fnpc9037.fnal.gov     , mu2egrid exit status:   0 TrigReport Events total = 2000000 passed = 10048 failed = 1989952
   184 : section 00184  was running on murat-31822248-184-fnpc17143.fnal.gov    , mu2egrid exit status:   0 TrigReport Events total = 2000000 passed = 9805 failed = 1990195
   185 : section 00185  was running on murat-31822248-185-fnpc19118.fnal.gov    , mu2egrid exit status:   0 TrigReport Events total = 2000000 passed = 10125 failed = 1989875
   186 : section 00186  was running on murat-31822248-186-fnpc19130.fnal.gov    , mu2egrid exit status:   0 TrigReport Events total = 2000000 passed = 10115 failed = 1989885
   187 : section 00187  was running on murat-31822248-187-fnpc19107.fnal.gov    , mu2egrid exit status:   0 TrigReport Events total = 2000000 passed = 9756 failed = 1990244
   188 : section 00188  was running on murat-31822248-188-fnpc19112.fnal.gov    , mu2egrid exit status:   0 TrigReport Events total = 2000000 passed = 9678 failed = 1990322
   189 : section 00189  was running on murat-31822248-189-fnpc9035.fnal.gov     , mu2egrid exit status:   0 TrigReport Events total = 2000000 passed = 9689 failed = 1990311
   190 : section 00190  was running on murat-31822248-190-fnpc19118.fnal.gov    , mu2egrid exit status:   0 TrigReport Events total = 2000000 passed = 10260 failed = 1989740
   191 : section 00191  was running on murat-31822248-191-fnpc17144.fnal.gov    , mu2egrid exit status:   0 TrigReport Events total = 2000000 passed = 10030 failed = 1989970
   192 : section 00192  was running on murat-31822248-192-fnpc9044.fnal.gov     , mu2egrid exit status:   0 TrigReport Events total = 2000000 passed = 9693 failed = 1990307
   193 : section 00193  was running on murat-31822248-193-fnpc17160.fnal.gov    , mu2egrid exit status:   0 TrigReport Events total = 2000000 passed = 10313 failed = 1989687
   194 : section 00194  was running on murat-31822248-194-fnpc9017.fnal.gov     , mu2egrid exit status:   0 TrigReport Events total = 2000000 passed = 10089 failed = 1989911
   195 : section 00195  was running on murat-31822248-195-fnpc8002.fnal.gov     , mu2egrid exit status:   0 TrigReport Events total = 2000000 passed = 10334 failed = 1989666
   196 : section 00196  was running on murat-31822248-196-fnpc19107.fnal.gov    , mu2egrid exit status:   0 TrigReport Events total = 2000000 passed = 10091 failed = 1989909
   197 : section 00197  was running on murat-31822248-197-fnpc17144.fnal.gov    , mu2egrid exit status:   0 TrigReport Events total = 2000000 passed = 9661 failed = 1990339
   198 : section 00198  was running on murat-31822248-198-fnpc7301.fnal.gov     , mu2egrid exit status:   0 TrigReport Events total = 2000000 passed = 9856 failed = 1990144
   199 : section 00199  was running on murat-31822248-199-fnpc8022.fnal.gov     , mu2egrid exit status:   0 TrigReport Events total = 2000000 passed = 9576 failed = 1990424
   200 : section 00200  was running on murat-31822248-200-fnpc8001.fnal.gov     , mu2egrid exit status:   0 TrigReport Events total = 2000000 passed = 9851 failed = 1990149
   201 : section 00201  was running on murat-31822248-201-fnpc17112.fnal.gov    , mu2egrid exit status:   0 TrigReport Events total = 2000000 passed = 9645 failed = 1990355
   202 : section 00202  was running on murat-31822248-202-fnpc17116.fnal.gov    , mu2egrid exit status:   0 TrigReport Events total = 2000000 passed = 9974 failed = 1990026
   203 : section 00203  was running on murat-31822248-203-fnpc17141.fnal.gov    , mu2egrid exit status:   0 TrigReport Events total = 2000000 passed = 9861 failed = 1990139
   204 : section 00204  was running on murat-31822248-204-fnpc17158.fnal.gov    , mu2egrid exit status:   0 TrigReport Events total = 2000000 passed = 9798 failed = 1990202
   205 : section 00206  was running on murat-31822248-206-fnpc17101.fnal.gov    , mu2egrid exit status:   0 TrigReport Events total = 2000000 passed = 9914 failed = 1990086
   206 : section 00207  was running on murat-31822248-207-fnpc9051.fnal.gov     , mu2egrid exit status:   0 TrigReport Events total = 2000000 passed = 9966 failed = 1990034
   207 : section 00208  was running on murat-31822248-208-fnpc7024.fnal.gov     , mu2egrid exit status:   0 TrigReport Events total = 2000000 passed = 10023 failed = 1989977
   208 : section 00209  was running on murat-31822248-209-fnpc17130.fnal.gov    , mu2egrid exit status:   0 TrigReport Events total = 2000000 passed = 10115 failed = 1989885
   209 : section 00210  was running on murat-31822248-210-fnpc9033.fnal.gov     , mu2egrid exit status:   0 TrigReport Events total = 2000000 passed = 10111 failed = 1989889
   210 : section 00211  was running on murat-31822248-211-fnpc9075.fnal.gov     , mu2egrid exit status:   0 TrigReport Events total = 2000000 passed = 9576 failed = 1990424
   211 : section 00212  was running on murat-31822248-212-fnpc7001.fnal.gov     , mu2egrid exit status:   0 TrigReport Events total = 2000000 passed = 9930 failed = 1990070
   212 : section 00213  was running on murat-31822248-213-fnpc9025.fnal.gov     , mu2egrid exit status:   0 TrigReport Events total = 2000000 passed = 9765 failed = 1990235
   213 : section 00214  was running on murat-31822248-214-fnpc9011.fnal.gov     , mu2egrid exit status:   0 TrigReport Events total = 2000000 passed = 9876 failed = 1990124
   214 : section 00215  was running on murat-31822248-215-fnpc17134.fnal.gov    , mu2egrid exit status:   0 TrigReport Events total = 2000000 passed = 9783 failed = 1990217
   215 : section 00216  was running on murat-31822248-216-fnpc9065.fnal.gov     , mu2egrid exit status:   0 TrigReport Events total = 2000000 passed = 9833 failed = 1990167
   216 : section 00217  was running on murat-31822248-217-fnpc6023.fnal.gov     , mu2egrid exit status:   0 TrigReport Events total = 2000000 passed = 9922 failed = 1990078
   217 : section 00218  was running on murat-31822248-218-fnpc7022.fnal.gov     , mu2egrid exit status:   0 TrigReport Events total = 2000000 passed = 9821 failed = 1990179
   218 : section 00219  was running on murat-31822248-219-fnpc7004.fnal.gov     , mu2egrid exit status:   0 TrigReport Events total = 2000000 passed = 9797 failed = 1990203
   219 : section 00220  was running on murat-31822248-220-fnpc6027.fnal.gov     , mu2egrid exit status:   0 TrigReport Events total = 2000000 passed = 9773 failed = 1990227
   220 : section 00221  was running on murat-31822248-221-fnpc6004.fnal.gov     , mu2egrid exit status:   0 TrigReport Events total = 2000000 passed = 9995 failed = 1990005
   221 : section 00222  was running on murat-31822248-222-fnpc19106.fnal.gov    , mu2egrid exit status:   0 TrigReport Events total = 2000000 passed = 9685 failed = 1990315
   222 : section 00223  was running on murat-31822248-223-fnpc19132.fnal.gov    , mu2egrid exit status:   0 TrigReport Events total = 2000000 passed = 9680 failed = 1990320
   223 : section 00224  was running on murat-31822248-224-fnpc19139.fnal.gov    , mu2egrid exit status:   0 TrigReport Events total = 2000000 passed = 9717 failed = 1990283
   224 : section 00225  was running on murat-31822248-225-fnpc19114.fnal.gov    , mu2egrid exit status:   0 TrigReport Events total = 2000000 passed = 10080 failed = 1989920
   225 : section 00226  was running on murat-31822248-226-fnpc19119.fnal.gov    , mu2egrid exit status:   0 TrigReport Events total = 2000000 passed = 9964 failed = 1990036
   226 : section 00227  was running on murat-31822248-227-fnpc19117.fnal.gov    , mu2egrid exit status:   0 TrigReport Events total = 2000000 passed = 9481 failed = 1990519
   227 : section 00228  was running on murat-31822248-228-fnpc19122.fnal.gov    , mu2egrid exit status:   0 TrigReport Events total = 2000000 passed = 9666 failed = 1990334
   228 : section 00229  was running on murat-31822248-229-fnpc17141.fnal.gov    , mu2egrid exit status:   0 TrigReport Events total = 2000000 passed = 10203 failed = 1989797
   229 : section 00230  was running on murat-31822248-230-fnpc17112.fnal.gov    , mu2egrid exit status:   0 TrigReport Events total = 2000000 passed = 9829 failed = 1990171
   230 : section 00231  was running on murat-31822248-231-fnpc19138.fnal.gov    , mu2egrid exit status:   0 TrigReport Events total = 2000000 passed = 9868 failed = 1990132
   231 : section 00232  was running on murat-31822248-232-fnpc9051.fnal.gov     , mu2egrid exit status:   0 TrigReport Events total = 2000000 passed = 9787 failed = 1990213
   232 : section 00233  was running on murat-31822248-233-fnpc9011.fnal.gov     , mu2egrid exit status:   0 TrigReport Events total = 2000000 passed = 10007 failed = 1989993
   233 : section 00234  was running on murat-31822248-234-fnpc9075.fnal.gov     , mu2egrid exit status:   0 TrigReport Events total = 2000000 passed = 9941 failed = 1990059
   234 : section 00235  was running on murat-31822248-235-fnpc6027.fnal.gov     , mu2egrid exit status:   0 TrigReport Events total = 2000000 passed = 10032 failed = 1989968
   235 : section 00236  was running on murat-31822248-236-fnpc19122.fnal.gov    , mu2egrid exit status:   0 TrigReport Events total = 2000000 passed = 9837 failed = 1990163
   236 : section 00237  was running on murat-31822248-237-fnpc17130.fnal.gov    , mu2egrid exit status:   0 TrigReport Events total = 2000000 passed = 10044 failed = 1989956
   237 : section 00238  was running on murat-31822248-238-fnpc7001.fnal.gov     , mu2egrid exit status:   0 TrigReport Events total = 2000000 passed = 9984 failed = 1990016
   238 : section 00239  was running on murat-31822248-239-fnpc6023.fnal.gov     , mu2egrid exit status:   0 TrigReport Events total = 2000000 passed = 9981 failed = 1990019
   239 : section 00240  was running on murat-31822248-240-fnpc7022.fnal.gov     , mu2egrid exit status:   0 TrigReport Events total = 2000000 passed = 9908 failed = 1990092
   240 : section 00241  was running on murat-31822248-241-fnpc7004.fnal.gov     , mu2egrid exit status:   0 TrigReport Events total = 2000000 passed = 9853 failed = 1990147
   241 : section 00242  was running on murat-31822248-242-fnpc6004.fnal.gov     , mu2egrid exit status:   0 TrigReport Events total = 2000000 passed = 9622 failed = 1990378
   242 : section 00243  was running on murat-31822248-243-fnpc19132.fnal.gov    , mu2egrid exit status:   0 TrigReport Events total = 2000000 passed = 9725 failed = 1990275
   243 : section 00244  was running on murat-31822248-244-fnpc19114.fnal.gov    , mu2egrid exit status:   0 TrigReport Events total = 2000000 passed = 9818 failed = 1990182
   244 : section 00245  was running on murat-31822248-245-fnpc19119.fnal.gov    , mu2egrid exit status:   0 TrigReport Events total = 2000000 passed = 9466 failed = 1990534
   245 : section 00246  was running on murat-31822248-246-fnpc19117.fnal.gov    , mu2egrid exit status:   0 TrigReport Events total = 2000000 passed = 9791 failed = 1990209
   246 : section 00247  was running on murat-31822248-247-fnpc19138.fnal.gov    , mu2egrid exit status:   0 TrigReport Events total = 2000000 passed = 10138 failed = 1989862
   247 : section 00248  was running on murat-31822248-248-fnpc8023.fnal.gov     , mu2egrid exit status:   0 TrigReport Events total = 2000000 passed = 9805 failed = 1990195
   248 : section 00249  was running on murat-31822248-249-fnpc9051.fnal.gov     , mu2egrid exit status:   0 TrigReport Events total = 2000000 passed = 9735 failed = 1990265
   249 : section 00250  was running on murat-31822248-250-fnpc19139.fnal.gov    , mu2egrid exit status:   0 TrigReport Events total = 2000000 passed = 9589 failed = 1990411
   250 : section 00251  was running on murat-31822248-251-fnpc17112.fnal.gov    , mu2egrid exit status:   0 TrigReport Events total = 2000000 passed = 9895 failed = 1990105
   251 : section 00252  was running on murat-31822248-252-fnpc6027.fnal.gov     , mu2egrid exit status:   0 TrigReport Events total = 2000000 passed = 9579 failed = 1990421
   252 : section 00253  was running on murat-31822248-253-fnpc7024.fnal.gov     , mu2egrid exit status:   0 TrigReport Events total = 2000000 passed = 10121 failed = 1989879
   253 : section 00254  was running on murat-31822248-254-fnpc17134.fnal.gov    , mu2egrid exit status:   0 TrigReport Events total = 2000000 passed = 9736 failed = 1990264
   254 : section 00255  was running on murat-31822248-255-fnpc17141.fnal.gov    , mu2egrid exit status:   0 TrigReport Events total = 2000000 passed = 10070 failed = 1989930
   255 : section 00256  was running on murat-31822248-256-fnpc9025.fnal.gov     , mu2egrid exit status:   0 TrigReport Events total = 2000000 passed = 9689 failed = 1990311
   256 : section 00257  was running on murat-31822248-257-fnpc19122.fnal.gov    , mu2egrid exit status:   0 TrigReport Events total = 2000000 passed = 9872 failed = 1990128
   257 : section 00258  was running on murat-31822248-258-fnpc19119.fnal.gov    , mu2egrid exit status:   0 TrigReport Events total = 2000000 passed = 9750 failed = 1990250
   258 : section 00259  was running on murat-31822248-259-fnpc8001.fnal.gov     , mu2egrid exit status:   0 TrigReport Events total = 2000000 passed = 9700 failed = 1990300
   259 : section 00260  was running on murat-31822248-260-fnpc19132.fnal.gov    , mu2egrid exit status:   0 TrigReport Events total = 2000000 passed = 10159 failed = 1989841
   260 : section 00261  was running on murat-31822248-261-fnpc19117.fnal.gov    , mu2egrid exit status:   0 TrigReport Events total = 2000000 passed = 9854 failed = 1990146
   261 : section 00262  was running on murat-31822248-262-fnpc19106.fnal.gov    , mu2egrid exit status:   0 TrigReport Events total = 2000000 passed = 9766 failed = 1990234
   262 : section 00263  was running on murat-31822248-263-fnpc7004.fnal.gov     , mu2egrid exit status:   0 TrigReport Events total = 2000000 passed = 9876 failed = 1990124
   263 : section 00264  was running on murat-31822248-264-fnpc6027.fnal.gov     , mu2egrid exit status:   0 TrigReport Events total = 2000000 passed = 9604 failed = 1990396
   264 : section 00265  was running on murat-31822248-265-fnpc19119.fnal.gov    , mu2egrid exit status:   0 TrigReport Events total = 2000000 passed = 10174 failed = 1989826
   265 : section 00266  was running on murat-31822248-266-fnpc19122.fnal.gov    , mu2egrid exit status:   0 TrigReport Events total = 2000000 passed = 9597 failed = 1990403
   266 : section 00267  was running on murat-31822248-267-fnpc19117.fnal.gov    , mu2egrid exit status:   0 TrigReport Events total = 2000000 passed = 9832 failed = 1990168
   267 : section 00268  was running on murat-31822248-268-fnpc19132.fnal.gov    , mu2egrid exit status:   0 TrigReport Events total = 2000000 passed = 10239 failed = 1989761
   268 : section 00269  was running on murat-31822248-269-fnpc19119.fnal.gov    , mu2egrid exit status:   0 TrigReport Events total = 2000000 passed = 9530 failed = 1990470
   269 : section 00270  was running on murat-31822248-270-fnpc19122.fnal.gov    , mu2egrid exit status:   0 TrigReport Events total = 2000000 passed = 9843 failed = 1990157
   270 : section 00271  was running on murat-31822248-271-fnpc19106.fnal.gov    , mu2egrid exit status:   0 TrigReport Events total = 2000000 passed = 10042 failed = 1989958
   271 : section 00272  was running on murat-31822248-272-fnpc19117.fnal.gov    , mu2egrid exit status:   0 TrigReport Events total = 2000000 passed = 10074 failed = 1989926
   272 : section 00273  was running on murat-31822248-273-fnpc19119.fnal.gov    , mu2egrid exit status:   0 TrigReport Events total = 2000000 passed = 10216 failed = 1989784
   273 : section 00274  was running on murat-31822248-274-fnpc19132.fnal.gov    , mu2egrid exit status:   0 TrigReport Events total = 2000000 passed = 10164 failed = 1989836
   274 : section 00275  was running on murat-31822248-275-fnpc19122.fnal.gov    , mu2egrid exit status:   0 TrigReport Events total = 2000000 passed = 9848 failed = 1990152
   275 : section 00276  was running on murat-31822248-276-fnpc17101.fnal.gov    , mu2egrid exit status:   0 TrigReport Events total = 2000000 passed = 9607 failed = 1990393
   276 : section 00277  was running on murat-31822248-277-fnpc19119.fnal.gov    , mu2egrid exit status:   0 TrigReport Events total = 2000000 passed = 9661 failed = 1990339
   277 : section 00278  was running on murat-31822248-278-fnpc19132.fnal.gov    , mu2egrid exit status:   0 TrigReport Events total = 2000000 passed = 10132 failed = 1989868
   278 : section 00279  was running on murat-31822248-279-fnpc19122.fnal.gov    , mu2egrid exit status:   0 TrigReport Events total = 2000000 passed = 9892 failed = 1990108
   279 : section 00280  was running on murat-31822248-280-fnpc8001.fnal.gov     , mu2egrid exit status:   0 TrigReport Events total = 2000000 passed = 9836 failed = 1990164
   280 : section 00281  was running on murat-31822248-281-fnpc7209.fnal.gov     , mu2egrid exit status:   0 TrigReport Events total = 2000000 passed = 9712 failed = 1990288
   281 : section 00282  was running on murat-31822248-282-fnpc8210.fnal.gov     , mu2egrid exit status:   0 TrigReport Events total = 2000000 passed = 10069 failed = 1989931
   282 : section 00283  was running on murat-31822248-283-fnpc7202.fnal.gov     , mu2egrid exit status:   0 TrigReport Events total = 2000000 passed = 9866 failed = 1990134
   283 : section 00284  was running on murat-31822248-284-fnpc8021.fnal.gov     , mu2egrid exit status:   0 TrigReport Events total = 2000000 passed = 9757 failed = 1990243
   284 : section 00285  was running on murat-31822248-285-fnpc8016.fnal.gov     , mu2egrid exit status:   0 TrigReport Events total = 2000000 passed = 9888 failed = 1990112
   285 : section 00286  was running on murat-31822248-286-fnpc9041.fnal.gov     , mu2egrid exit status:   0 TrigReport Events total = 2000000 passed = 10054 failed = 1989946
   286 : section 00287  was running on murat-31822248-287-fnpc8006.fnal.gov     , mu2egrid exit status:   0 TrigReport Events total = 2000000 passed = 9870 failed = 1990130
   287 : section 00288  was running on murat-31822248-288-fnpc17101.fnal.gov    , mu2egrid exit status:   0 TrigReport Events total = 2000000 passed = 9856 failed = 1990144
   288 : section 00289  was running on murat-31822248-289-fnpc8025.fnal.gov     , mu2egrid exit status:   0 TrigReport Events total = 2000000 passed = 9843 failed = 1990157
   289 : section 00290  was running on murat-31822248-290-fnpc9069.fnal.gov     , mu2egrid exit status:   0 TrigReport Events total = 2000000 passed = 10040 failed = 1989960
   290 : section 00291  was running on murat-31822248-291-fnpc17124.fnal.gov    , mu2egrid exit status:   0 TrigReport Events total = 2000000 passed = 9563 failed = 1990437
   291 : section 00292  was running on murat-31822248-292-fnpc17159.fnal.gov    , mu2egrid exit status:   0 TrigReport Events total = 2000000 passed = 9637 failed = 1990363
   292 : section 00293  was running on murat-31822248-293-fnpc9110.fnal.gov     , mu2egrid exit status:   0 TrigReport Events total = 2000000 passed = 9804 failed = 1990196
   293 : section 00294  was running on murat-31822248-294-fnpc17104.fnal.gov    , mu2egrid exit status:   0 TrigReport Events total = 2000000 passed = 9856 failed = 1990144
   294 : section 00295  was running on murat-31822248-295-fnpc17123.fnal.gov    , mu2egrid exit status:   0 TrigReport Events total = 2000000 passed = 9991 failed = 1990009
   295 : section 00296  was running on murat-31822248-296-fnpc17125.fnal.gov    , mu2egrid exit status:   0 TrigReport Events total = 2000000 passed = 9724 failed = 1990276
   296 : section 00297  was running on murat-31822248-297-fnpc9036.fnal.gov     , mu2egrid exit status:   0 TrigReport Events total = 2000000 passed = 9868 failed = 1990132
   297 : section 00298  was running on murat-31822248-298-fnpc17110.fnal.gov    , mu2egrid exit status:   0 TrigReport Events total = 2000000 passed = 9623 failed = 1990377
   298 : section 00299  was running on murat-31822248-299-fnpc5002.fnal.gov     , mu2egrid exit status:   0 TrigReport Events total = 2000000 passed = 9961 failed = 1990039
   299 : section 00300  was running on murat-31822248-300-fnpc6014.fnal.gov     , mu2egrid exit status:   0 TrigReport Events total = 2000000 passed = 9736 failed = 1990264
   300 : section 00301  was running on murat-31822248-301-fnpc6000.fnal.gov     , mu2egrid exit status:   0 TrigReport Events total = 2000000 passed = 9656 failed = 1990344
   301 : section 00302  was running on murat-31822248-302-fnpc9073.fnal.gov     , mu2egrid exit status:   0 TrigReport Events total = 2000000 passed = 9568 failed = 1990432
   302 : section 00303  was running on murat-31822248-303-fnpc17105.fnal.gov    , mu2egrid exit status:   0 TrigReport Events total = 2000000 passed = 10029 failed = 1989971
   303 : section 00304  was running on murat-31822248-304-fnpc9014.fnal.gov     , mu2egrid exit status:   0 TrigReport Events total = 2000000 passed = 9892 failed = 1990108
   304 : section 00305  was running on murat-31822248-305-fnpc6030.fnal.gov     , mu2egrid exit status:   0 TrigReport Events total = 2000000 passed = 10287 failed = 1989713
   305 : section 00306  was running on murat-31822248-306-fnpc9025.fnal.gov     , mu2egrid exit status:   0 TrigReport Events total = 2000000 passed = 9808 failed = 1990192
   306 : section 00307  was running on murat-31822248-307-fnpc9045.fnal.gov     , mu2egrid exit status:   0 TrigReport Events total = 2000000 passed = 9882 failed = 1990118
   307 : section 00308  was running on murat-31822248-308-fnpc17117.fnal.gov    , mu2egrid exit status:   0 TrigReport Events total = 2000000 passed = 9900 failed = 1990100
   308 : section 00309  was running on murat-31822248-309-fnpc9033.fnal.gov     , mu2egrid exit status:   0 TrigReport Events total = 2000000 passed = 9838 failed = 1990162
   309 : section 00310  was running on murat-31822248-310-fnpc17138.fnal.gov    , mu2egrid exit status:   0 TrigReport Events total = 2000000 passed = 9785 failed = 1990215
   310 : section 00311  was running on murat-31822248-311-fnpc9076.fnal.gov     , mu2egrid exit status:   0 TrigReport Events total = 2000000 passed = 10005 failed = 1989995
   311 : section 00312  was running on murat-31822248-312-fnpc17114.fnal.gov    , mu2egrid exit status:   0 TrigReport Events total = 2000000 passed = 9915 failed = 1990085
   312 : section 00313  was running on murat-31822248-313-fnpc9008.fnal.gov     , mu2egrid exit status:   0 TrigReport Events total = 2000000 passed = 10270 failed = 1989730
   313 : section 00314  was running on murat-31822248-314-fnpc9005.fnal.gov     , mu2egrid exit status:   0 TrigReport Events total = 2000000 passed = 9519 failed = 1990481
   314 : section 00315  was running on murat-31822248-315-fnpc9078.fnal.gov     , mu2egrid exit status:   0 TrigReport Events total = 2000000 passed = 10160 failed = 1989840
   315 : section 00316  was running on murat-31822248-316-fnpc17148.fnal.gov    , mu2egrid exit status:   0 TrigReport Events total = 2000000 passed = 9705 failed = 1990295
   316 : section 00317  was running on murat-31822248-317-fnpc6024.fnal.gov     , mu2egrid exit status:   0 TrigReport Events total = 2000000 passed = 9663 failed = 1990337
   317 : section 00318  was running on murat-31822248-318-fnpc7209.fnal.gov     , mu2egrid exit status:   0 TrigReport Events total = 2000000 passed = 9989 failed = 1990011
   318 : section 00319  was running on murat-31822248-319-fnpc8210.fnal.gov     , mu2egrid exit status:   0 TrigReport Events total = 2000000 passed = 10051 failed = 1989949
   319 : section 00320  was running on murat-31822248-320-fnpc6001.fnal.gov     , mu2egrid exit status:   0 TrigReport Events total = 2000000 passed = 9668 failed = 1990332
   320 : section 00321  was running on murat-31822248-321-fnpc6002.fnal.gov     , mu2egrid exit status:   0 TrigReport Events total = 2000000 passed = 9708 failed = 1990292
   321 : section 00322  was running on murat-31822248-322-fnpc17152.fnal.gov    , mu2egrid exit status:   0 TrigReport Events total = 2000000 passed = 9684 failed = 1990316
   322 : section 00323  was running on murat-31822248-323-fnpc6006.fnal.gov     , mu2egrid exit status:   0 TrigReport Events total = 2000000 passed = 9884 failed = 1990116
   323 : section 00324  was running on murat-31822248-324-fnpc6026.fnal.gov     , mu2egrid exit status:   0 TrigReport Events total = 2000000 passed = 9845 failed = 1990155
   324 : section 00325  was running on murat-31822248-325-fnpc7007.fnal.gov     , mu2egrid exit status:   0 TrigReport Events total = 2000000 passed = 9717 failed = 1990283
   325 : section 00326  was running on murat-31822248-326-fnpc6015.fnal.gov     , mu2egrid exit status:   0 TrigReport Events total = 2000000 passed = 9786 failed = 1990214
   326 : section 00327  was running on murat-31822248-327-fnpc9069.fnal.gov     , mu2egrid exit status:   0 TrigReport Events total = 2000000 passed = 9904 failed = 1990096
   327 : section 00328  was running on murat-31822248-328-fnpc8021.fnal.gov     , mu2egrid exit status:   0 TrigReport Events total = 2000000 passed = 9823 failed = 1990177
   328 : section 00329  was running on murat-31822248-329-fnpc8025.fnal.gov     , mu2egrid exit status:   0 TrigReport Events total = 2000000 passed = 9743 failed = 1990257
   329 : section 00330  was running on murat-31822248-330-fnpc5002.fnal.gov     , mu2egrid exit status:   0 TrigReport Events total = 2000000 passed = 9999 failed = 1990001
   330 : section 00331  was running on murat-31822248-331-fnpc9078.fnal.gov     , mu2egrid exit status:   0 TrigReport Events total = 2000000 passed = 9520 failed = 1990480
   331 : section 00332  was running on murat-31822248-332-fnpc19141.fnal.gov    , mu2egrid exit status:   0 TrigReport Events total = 2000000 passed = 9970 failed = 1990030
   332 : section 00333  was running on murat-31822248-333-fnpc17125.fnal.gov    , mu2egrid exit status:   0 TrigReport Events total = 2000000 passed = 9504 failed = 1990496
   333 : section 00334  was running on murat-31822248-334-fnpc9036.fnal.gov     , mu2egrid exit status:   0 TrigReport Events total = 2000000 passed = 10106 failed = 1989894
   334 : section 00335  was running on murat-31822248-335-fnpc17110.fnal.gov    , mu2egrid exit status:   0 TrigReport Events total = 2000000 passed = 9846 failed = 1990154
   335 : section 00336  was running on murat-31822248-336-fnpc9014.fnal.gov     , mu2egrid exit status:   0 TrigReport Events total = 2000000 passed = 9708 failed = 1990292
   336 : section 00337  was running on murat-31822248-337-fnpc17117.fnal.gov    , mu2egrid exit status:   0 TrigReport Events total = 2000000 passed = 9835 failed = 1990165
   337 : section 00338  was running on murat-31822248-338-fnpc17138.fnal.gov    , mu2egrid exit status:   0 TrigReport Events total = 2000000 passed = 9975 failed = 1990025
   338 : section 00339  was running on murat-31822248-339-fnpc9008.fnal.gov     , mu2egrid exit status:   0 TrigReport Events total = 2000000 passed = 9644 failed = 1990356
   339 : section 00340  was running on murat-31822248-340-fnpc17148.fnal.gov    , mu2egrid exit status:   0 TrigReport Events total = 2000000 passed = 10107 failed = 1989893
   340 : section 00341  was running on murat-31822248-341-fnpc19124.fnal.gov    , mu2egrid exit status:   0 TrigReport Events total = 2000000 passed = 9422 failed = 1990578
   341 : section 00342  was running on murat-31822248-342-fnpc19104.fnal.gov    , mu2egrid exit status:   0 TrigReport Events total = 2000000 passed = 9583 failed = 1990417
   342 : section 00343  was running on murat-31822248-343-fnpc19130.fnal.gov    , mu2egrid exit status:   0 TrigReport Events total = 2000000 passed = 9464 failed = 1990536
   343 : section 00344  was running on murat-31822248-344-fnpc19121.fnal.gov    , mu2egrid exit status:   0 TrigReport Events total = 2000000 passed = 10270 failed = 1989730
   344 : section 00345  was running on murat-31822248-345-fnpc19116.fnal.gov    , mu2egrid exit status:   0 TrigReport Events total = 2000000 passed = 9952 failed = 1990048
   345 : section 00346  was running on murat-31822248-346-fnpc19107.fnal.gov    , mu2egrid exit status:   0 TrigReport Events total = 2000000 passed = 9681 failed = 1990319
   346 : section 00347  was running on murat-31822248-347-fnpc19118.fnal.gov    , mu2egrid exit status:   0 TrigReport Events total = 2000000 passed = 9679 failed = 1990321
   347 : section 00348  was running on murat-31822248-348-fnpc6001.fnal.gov     , mu2egrid exit status:   0 TrigReport Events total = 2000000 passed = 10232 failed = 1989768
   348 : section 00349  was running on murat-31822248-349-fnpc6000.fnal.gov     , mu2egrid exit status:   0 TrigReport Events total = 2000000 passed = 10405 failed = 1989595
   349 : section 00350  was running on murat-31822248-350-fnpc6030.fnal.gov     , mu2egrid exit status:   0 TrigReport Events total = 2000000 passed = 9635 failed = 1990365
   350 : section 00351  was running on murat-31822248-351-fnpc6024.fnal.gov     , mu2egrid exit status:   0 TrigReport Events total = 2000000 passed = 10030 failed = 1989970
   351 : section 00352  was running on murat-31822248-352-fnpc6026.fnal.gov     , mu2egrid exit status:   0 TrigReport Events total = 2000000 passed = 9995 failed = 1990005
   352 : section 00353  was running on murat-31822248-353-fnpc6015.fnal.gov     , mu2egrid exit status:   0 TrigReport Events total = 2000000 passed = 9770 failed = 1990230
   353 : section 00354  was running on murat-31822248-354-fnpc8006.fnal.gov     , mu2egrid exit status:   0 TrigReport Events total = 2000000 passed = 9715 failed = 1990285
   354 : section 00355  was running on murat-31822248-355-fnpc17105.fnal.gov    , mu2egrid exit status:   0 TrigReport Events total = 2000000 passed = 10202 failed = 1989798
   355 : section 00356  was running on murat-31822248-356-fnpc6002.fnal.gov     , mu2egrid exit status:   0 TrigReport Events total = 2000000 passed = 9902 failed = 1990098
   356 : section 00357  was running on murat-31822248-357-fnpc9036.fnal.gov     , mu2egrid exit status:   0 TrigReport Events total = 2000000 passed = 9726 failed = 1990274
   357 : section 00358  was running on murat-31822248-358-fnpc8021.fnal.gov     , mu2egrid exit status:   0 TrigReport Events total = 2000000 passed = 10003 failed = 1989997
   358 : section 00359  was running on murat-31822248-359-fnpc8025.fnal.gov     , mu2egrid exit status:   0 TrigReport Events total = 2000000 passed = 9690 failed = 1990310
   359 : section 00360  was running on murat-31822248-360-fnpc17123.fnal.gov    , mu2egrid exit status:   0 TrigReport Events total = 2000000 passed = 9767 failed = 1990233
   360 : section 00361  was running on murat-31822248-361-fnpc17152.fnal.gov    , mu2egrid exit status:   0 TrigReport Events total = 2000000 passed = 10243 failed = 1989757
   361 : section 00362  was running on murat-31822248-362-fnpc19141.fnal.gov    , mu2egrid exit status:   0 TrigReport Events total = 2000000 passed = 9855 failed = 1990145
   362 : section 00363  was running on murat-31822248-363-fnpc17125.fnal.gov    , mu2egrid exit status:   0 TrigReport Events total = 2000000 passed = 9909 failed = 1990091
   363 : section 00364  was running on murat-31822248-364-fnpc17124.fnal.gov    , mu2egrid exit status:   0 TrigReport Events total = 2000000 passed = 9686 failed = 1990314
   364 : section 00365  was running on murat-31822248-365-fnpc19130.fnal.gov    , mu2egrid exit status:   0 TrigReport Events total = 2000000 passed = 9871 failed = 1990129
   365 : section 00366  was running on murat-31822248-366-fnpc17138.fnal.gov    , mu2egrid exit status:   0 TrigReport Events total = 2000000 passed = 9810 failed = 1990190
   366 : section 00367  was running on murat-31822248-367-fnpc19116.fnal.gov    , mu2egrid exit status:   0 TrigReport Events total = 2000000 passed = 9420 failed = 1990580
   367 : section 00368  was running on murat-31822248-368-fnpc19107.fnal.gov    , mu2egrid exit status:   0 TrigReport Events total = 2000000 passed = 10120 failed = 1989880
   368 : section 00369  was running on murat-31822248-369-fnpc19118.fnal.gov    , mu2egrid exit status:   0 TrigReport Events total = 2000000 passed = 9891 failed = 1990109
   369 : section 00370  was running on murat-31822248-370-fnpc9025.fnal.gov     , mu2egrid exit status:   0 TrigReport Events total = 2000000 passed = 10177 failed = 1989823
   370 : section 00371  was running on murat-31822248-371-fnpc6000.fnal.gov     , mu2egrid exit status:   0 TrigReport Events total = 2000000 passed = 10062 failed = 1989938
   371 : section 00372  was running on murat-31822248-372-fnpc9036.fnal.gov     , mu2egrid exit status:   0 TrigReport Events total = 2000000 passed = 9597 failed = 1990403
   372 : section 00373  was running on murat-31822248-373-fnpc8025.fnal.gov     , mu2egrid exit status:   0 TrigReport Events total = 2000000 passed = 9760 failed = 1990240
   373 : section 00374  was running on murat-31822248-374-fnpc17123.fnal.gov    , mu2egrid exit status:   0 TrigReport Events total = 2000000 passed = 10270 failed = 1989730
   374 : section 00375  was running on murat-31822248-375-fnpc19104.fnal.gov    , mu2egrid exit status:   0 TrigReport Events total = 2000000 passed = 9654 failed = 1990346
   375 : section 00376  was running on murat-31822248-376-fnpc17125.fnal.gov    , mu2egrid exit status:   0 TrigReport Events total = 2000000 passed = 10216 failed = 1989784
   376 : section 00377  was running on murat-31822248-377-fnpc17101.fnal.gov    , mu2egrid exit status:   0 TrigReport Events total = 2000000 passed = 10056 failed = 1989944
   377 : section 00378  was running on murat-31822248-378-fnpc19130.fnal.gov    , mu2egrid exit status:   0 TrigReport Events total = 2000000 passed = 9887 failed = 1990113
   378 : section 00379  was running on murat-31822248-379-fnpc17105.fnal.gov    , mu2egrid exit status:   0 TrigReport Events total = 2000000 passed = 9857 failed = 1990143
   379 : section 00380  was running on murat-31822248-380-fnpc17124.fnal.gov    , mu2egrid exit status:   0 TrigReport Events total = 2000000 passed = 9829 failed = 1990171
   380 : section 00381  was running on murat-31822248-381-fnpc17123.fnal.gov    , mu2egrid exit status:   0 TrigReport Events total = 2000000 passed = 9711 failed = 1990289
   381 : section 00382  was running on murat-31822248-382-fnpc19130.fnal.gov    , mu2egrid exit status:   0 TrigReport Events total = 2000000 passed = 9788 failed = 1990212
   382 : section 00383  was running on murat-31822248-383-fnpc17123.fnal.gov    , mu2egrid exit status:   0 TrigReport Events total = 2000000 passed = 9596 failed = 1990404
   383 : section 00384  was running on murat-31822248-384-fnpc17105.fnal.gov    , mu2egrid exit status:   0 TrigReport Events total = 2000000 passed = 9572 failed = 1990428
   384 : section 00385  was running on murat-31822248-385-fnpc17123.fnal.gov    , mu2egrid exit status:   0 TrigReport Events total = 2000000 passed = 9752 failed = 1990248
   385 : section 00386  was running on murat-31822248-386-fnpc9033.fnal.gov     , mu2egrid exit status:   0 TrigReport Events total = 2000000 passed = 9578 failed = 1990422
   386 : section 00387  was running on murat-31822248-387-fnpc17152.fnal.gov    , mu2egrid exit status:   0 TrigReport Events total = 2000000 passed = 9790 failed = 1990210
   387 : section 00388  was running on murat-31822248-388-fnpc17123.fnal.gov    , mu2egrid exit status:   0 TrigReport Events total = 2000000 passed = 9858 failed = 1990142
   388 : section 00389  was running on murat-31822248-389-fnpc8016.fnal.gov     , mu2egrid exit status:   0 TrigReport Events total = 2000000 passed = 9747 failed = 1990253
   389 : section 00390  was running on murat-31822248-390-fnpc9033.fnal.gov     , mu2egrid exit status:   0 TrigReport Events total = 2000000 passed = 9724 failed = 1990276
   390 : section 00391  was running on murat-31822248-391-fnpc17123.fnal.gov    , mu2egrid exit status:   0 TrigReport Events total = 2000000 passed = 9749 failed = 1990251
   391 : section 00392  was running on murat-31822248-392-fnpc17152.fnal.gov    , mu2egrid exit status:   0 TrigReport Events total = 2000000 passed = 9667 failed = 1990333
   392 : section 00393  was running on murat-31822248-393-fnpc8016.fnal.gov     , mu2egrid exit status:   0 TrigReport Events total = 2000000 passed = 9792 failed = 1990208
   393 : section 00394  was running on murat-31822248-394-fnpc9033.fnal.gov     , mu2egrid exit status:   0 TrigReport Events total = 2000000 passed = 10226 failed = 1989774
   394 : section 00395  was running on murat-31822248-395-fnpc8207.fnal.gov     , mu2egrid exit status:   0 TrigReport Events total = 2000000 passed = 10427 failed = 1989573
   395 : section 00396  was running on murat-31822248-396-fnpc8208.fnal.gov     , mu2egrid exit status:   0 TrigReport Events total = 2000000 passed = 9486 failed = 1990514
   396 : section 00397  was running on murat-31822248-397-fnpc8013.fnal.gov     , mu2egrid exit status:   0 TrigReport Events total = 2000000 passed = 10042 failed = 1989958
   397 : section 00398  was running on murat-31822248-398-fnpc17143.fnal.gov    , mu2egrid exit status:   0 TrigReport Events total = 2000000 passed = 9293 failed = 1990707
   398 : section 00399  was running on murat-31822248-399-fnpc17132.fnal.gov    , mu2egrid exit status:   0 TrigReport Events total = 2000000 passed = 9816 failed = 1990184
   399 : section 00400  was running on murat-31822248-400-fnpc8007.fnal.gov     , mu2egrid exit status:   0 TrigReport Events total = 2000000 passed = 9759 failed = 1990241
   400 : section 00401  was running on murat-31822248-401-fnpc17155.fnal.gov    , mu2egrid exit status:   0 TrigReport Events total = 2000000 passed = 9422 failed = 1990578
   401 : section 00402  was running on murat-31822248-402-fnpc7019.fnal.gov     , mu2egrid exit status:   0 TrigReport Events total = 2000000 passed = 9487 failed = 1990513
   402 : section 00403  was running on murat-31822248-403-fnpc9044.fnal.gov     , mu2egrid exit status:   0 TrigReport Events total = 2000000 passed = 9981 failed = 1990019
   403 : section 00404  was running on murat-31822248-404-fnpc6014.fnal.gov     , mu2egrid exit status:   0 TrigReport Events total = 2000000 passed = 9346 failed = 1990654
   404 : section 00405  was running on murat-31822248-405-fnpc8027.fnal.gov     , mu2egrid exit status:   0 TrigReport Events total = 2000000 passed = 9807 failed = 1990193
   405 : section 00406  was running on murat-31822248-406-fnpc8017.fnal.gov     , mu2egrid exit status:   0 TrigReport Events total = 2000000 passed = 9749 failed = 1990251
   406 : section 00407  was running on murat-31822248-407-fnpc9043.fnal.gov     , mu2egrid exit status:   0 TrigReport Events total = 2000000 passed = 9626 failed = 1990374
   407 : section 00408  was running on murat-31822248-408-fnpc5014.fnal.gov     , mu2egrid exit status:   0 TrigReport Events total = 2000000 passed = 10000 failed = 1990000
   408 : section 00409  was running on murat-31822248-409-fnpc7001.fnal.gov     , mu2egrid exit status:   0 TrigReport Events total = 2000000 passed = 9956 failed = 1990044
   409 : section 00410  was running on murat-31822248-410-fnpc7003.fnal.gov     , mu2egrid exit status:   0 TrigReport Events total = 2000000 passed = 10100 failed = 1989900
   410 : section 00411  was running on murat-31822248-411-fnpc9015.fnal.gov     , mu2egrid exit status:   0 TrigReport Events total = 2000000 passed = 9670 failed = 1990330
   411 : section 00412  was running on murat-31822248-412-fnpc17135.fnal.gov    , mu2egrid exit status:   0 TrigReport Events total = 2000000 passed = 9894 failed = 1990106
   412 : section 00413  was running on murat-31822248-413-fnpc9040.fnal.gov     , mu2egrid exit status:   0 TrigReport Events total = 2000000 passed = 10114 failed = 1989886
   413 : section 00414  was running on murat-31822248-414-fnpc6004.fnal.gov     , mu2egrid exit status:   0 TrigReport Events total = 2000000 passed = 9757 failed = 1990243
   414 : section 00415  was running on murat-31822248-415-fnpc6019.fnal.gov     , mu2egrid exit status:   0 TrigReport Events total = 2000000 passed = 9875 failed = 1990125
   415 : section 00416  was running on murat-31822248-416-fnpc7012.fnal.gov     , mu2egrid exit status:   0 TrigReport Events total = 2000000 passed = 9822 failed = 1990178
   416 : section 00417  was running on murat-31822248-417-fnpc19101.fnal.gov    , mu2egrid exit status:   0 TrigReport Events total = 2000000 passed = 9933 failed = 1990067
   417 : section 00418  was running on murat-31822248-418-fnpc8017.fnal.gov     , mu2egrid exit status:   0 TrigReport Events total = 2000000 passed = 9889 failed = 1990111
   418 : section 00419  was running on murat-31822248-419-fnpc17143.fnal.gov    , mu2egrid exit status:   0 TrigReport Events total = 2000000 passed = 9892 failed = 1990108
   419 : section 00420  was running on murat-31822248-420-fnpc5014.fnal.gov     , mu2egrid exit status:   0 TrigReport Events total = 2000000 passed = 10018 failed = 1989982
   420 : section 00421  was running on murat-31822248-421-fnpc9040.fnal.gov     , mu2egrid exit status:   0 TrigReport Events total = 2000000 passed = 9879 failed = 1990121
   421 : section 00422  was running on murat-31822248-422-fnpc9015.fnal.gov     , mu2egrid exit status:   0 TrigReport Events total = 2000000 passed = 10033 failed = 1989967
   422 : section 00423  was running on murat-31822248-423-fnpc6004.fnal.gov     , mu2egrid exit status:   0 TrigReport Events total = 2000000 passed = 9868 failed = 1990132
   423 : section 00424  was running on murat-31822248-424-fnpc6019.fnal.gov     , mu2egrid exit status:   0 TrigReport Events total = 2000000 passed = 9981 failed = 1990019
   424 : section 00425  was running on murat-31822248-425-fnpc7012.fnal.gov     , mu2egrid exit status:   0 TrigReport Events total = 2000000 passed = 9713 failed = 1990287
   425 : section 00426  was running on murat-31822248-426-fnpc5014.fnal.gov     , mu2egrid exit status:   0 TrigReport Events total = 2000000 passed = 9857 failed = 1990143
   426 : section 00427  was running on murat-31822248-427-fnpc19101.fnal.gov    , mu2egrid exit status:   0 TrigReport Events total = 2000000 passed = 9810 failed = 1990190
   427 : section 00428  was running on murat-31822248-428-fnpc6019.fnal.gov     , mu2egrid exit status:   0 TrigReport Events total = 2000000 passed = 9762 failed = 1990238
   428 : section 00429  was running on murat-31822248-429-fnpc6004.fnal.gov     , mu2egrid exit status:   0 TrigReport Events total = 2000000 passed = 9936 failed = 1990064
   429 : section 00430  was running on murat-31822248-430-fnpc5014.fnal.gov     , mu2egrid exit status:   0 TrigReport Events total = 2000000 passed = 9727 failed = 1990273
   430 : section 00431  was running on murat-31822248-431-fnpc6004.fnal.gov     , mu2egrid exit status:   0 TrigReport Events total = 2000000 passed = 9833 failed = 1990167
   431 : section 00432  was running on murat-31822248-432-fnpc9044.fnal.gov     , mu2egrid exit status:   0 TrigReport Events total = 2000000 passed = 9687 failed = 1990313
   432 : section 00433  was running on murat-31822248-433-fnpc17135.fnal.gov    , mu2egrid exit status:   0 TrigReport Events total = 2000000 passed = 9663 failed = 1990337
   433 : section 00434  was running on murat-31822248-434-fnpc6004.fnal.gov     , mu2egrid exit status:   0 TrigReport Events total = 2000000 passed = 9840 failed = 1990160
   434 : section 00435  was running on murat-31822248-435-fnpc9043.fnal.gov     , mu2egrid exit status:   0 TrigReport Events total = 2000000 passed = 9810 failed = 1990190
   435 : section 00436  was running on murat-31822248-436-fnpc17155.fnal.gov    , mu2egrid exit status:   0 TrigReport Events total = 2000000 passed = 10383 failed = 1989617
   436 : section 00437  was running on murat-31822248-437-fnpc17132.fnal.gov    , mu2egrid exit status:   0 TrigReport Events total = 2000000 passed = 10171 failed = 1989829
   437 : section 00438  was running on murat-31822248-438-fnpc17135.fnal.gov    , mu2egrid exit status:   0 TrigReport Events total = 2000000 passed = 9737 failed = 1990263
   438 : section 00439  was running on murat-31822248-439-fnpc17125.fnal.gov    , mu2egrid exit status:   0 TrigReport Events total = 2000000 passed = 10180 failed = 1989820
   439 : section 00440  was running on murat-31822248-440-fnpc17116.fnal.gov    , mu2egrid exit status:   0 TrigReport Events total = 2000000 passed = 10039 failed = 1989961
   440 : section 00441  was running on murat-31822248-441-fnpc9050.fnal.gov     , mu2egrid exit status:   0 TrigReport Events total = 2000000 passed = 10066 failed = 1989934
   441 : section 00442  was running on murat-31822248-442-fnpc8011.fnal.gov     , mu2egrid exit status:   0 TrigReport Events total = 2000000 passed = 9829 failed = 1990171
   442 : section 00443  was running on murat-31822248-443-fnpc9059.fnal.gov     , mu2egrid exit status:   0 TrigReport Events total = 2000000 passed = 9566 failed = 1990434
   443 : section 00444  was running on murat-31822248-444-fnpc7021.fnal.gov     , mu2egrid exit status:   0 TrigReport Events total = 2000000 passed = 9989 failed = 1990011
   444 : section 00445  was running on murat-31822248-445-fnpc8018.fnal.gov     , mu2egrid exit status:   0 TrigReport Events total = 2000000 passed = 10021 failed = 1989979
   445 : section 00446  was running on murat-31822248-446-fnpc17139.fnal.gov    , mu2egrid exit status:   0 TrigReport Events total = 2000000 passed = 9953 failed = 1990047
   446 : section 00447  was running on murat-31822248-447-fnpc6025.fnal.gov     , mu2egrid exit status:   0 TrigReport Events total = 2000000 passed = 9988 failed = 1990012
   447 : section 00448  was running on murat-31822248-448-fnpc9039.fnal.gov     , mu2egrid exit status:   0 TrigReport Events total = 2000000 passed = 9937 failed = 1990063
   448 : section 00449  was running on murat-31822248-449-fnpc9021.fnal.gov     , mu2egrid exit status:   0 TrigReport Events total = 2000000 passed = 10140 failed = 1989860
   449 : section 00450  was running on murat-31822248-450-fnpc9062.fnal.gov     , mu2egrid exit status:   0 TrigReport Events total = 2000000 passed = 9704 failed = 1990296
   450 : section 00451  was running on murat-31822248-451-fnpc7025.fnal.gov     , mu2egrid exit status:   0 TrigReport Events total = 2000000 passed = 9748 failed = 1990252
   451 : section 00452  was running on murat-31822248-452-fnpc7013.fnal.gov     , mu2egrid exit status:   0 TrigReport Events total = 2000000 passed = 9730 failed = 1990270
   452 : section 00453  was running on murat-31822248-453-fnpc6027.fnal.gov     , mu2egrid exit status:   0 TrigReport Events total = 2000000 passed = 9661 failed = 1990339
   453 : section 00454  was running on murat-31822248-454-fnpc19115.fnal.gov    , mu2egrid exit status:   0 TrigReport Events total = 2000000 passed = 9981 failed = 1990019
   454 : section 00455  was running on murat-31822248-455-fnpc8011.fnal.gov     , mu2egrid exit status:   0 TrigReport Events total = 2000000 passed = 10258 failed = 1989742
   455 : section 00456  was running on murat-31822248-456-fnpc9059.fnal.gov     , mu2egrid exit status:   0 TrigReport Events total = 2000000 passed = 9838 failed = 1990162
   456 : section 00457  was running on murat-31822248-457-fnpc17125.fnal.gov    , mu2egrid exit status:   0 TrigReport Events total = 2000000 passed = 9584 failed = 1990416
   457 : section 00458  was running on murat-31822248-458-fnpc19142.fnal.gov    , mu2egrid exit status:   0 TrigReport Events total = 2000000 passed = 10398 failed = 1989602
   458 : section 00459  was running on murat-31822248-459-fnpc9062.fnal.gov     , mu2egrid exit status:   0 TrigReport Events total = 2000000 passed = 9967 failed = 1990033
   459 : section 00460  was running on murat-31822248-460-fnpc7021.fnal.gov     , mu2egrid exit status:   0 TrigReport Events total = 2000000 passed = 9753 failed = 1990247
   460 : section 00461  was running on murat-31822248-461-fnpc8207.fnal.gov     , mu2egrid exit status:   0 TrigReport Events total = 2000000 passed = 9825 failed = 1990175
   461 : section 00462  was running on murat-31822248-462-fnpc19110.fnal.gov    , mu2egrid exit status:   0 TrigReport Events total = 2000000 passed = 9649 failed = 1990351
   462 : section 00463  was running on murat-31822248-463-fnpc9050.fnal.gov     , mu2egrid exit status:   0 TrigReport Events total = 2000000 passed = 9826 failed = 1990174
   463 : section 00464  was running on murat-31822248-464-fnpc19115.fnal.gov    , mu2egrid exit status:   0 TrigReport Events total = 2000000 passed = 9892 failed = 1990108
   464 : section 00465  was running on murat-31822248-465-fnpc19142.fnal.gov    , mu2egrid exit status:   0 TrigReport Events total = 2000000 passed = 9867 failed = 1990133
   465 : section 00466  was running on murat-31822248-466-fnpc17139.fnal.gov    , mu2egrid exit status:   0 TrigReport Events total = 2000000 passed = 9809 failed = 1990191
   466 : section 00467  was running on murat-31822248-467-fnpc19110.fnal.gov    , mu2egrid exit status:   0 TrigReport Events total = 2000000 passed = 10254 failed = 1989746
   467 : section 00468  was running on murat-31822248-468-fnpc9059.fnal.gov     , mu2egrid exit status:   0 TrigReport Events total = 2000000 passed = 9929 failed = 1990071
   468 : section 00469  was running on murat-31822248-469-fnpc7021.fnal.gov     , mu2egrid exit status:   0 TrigReport Events total = 2000000 passed = 9822 failed = 1990178
   469 : section 00470  was running on murat-31822248-470-fnpc19142.fnal.gov    , mu2egrid exit status:   0 TrigReport Events total = 2000000 passed = 9690 failed = 1990310
   470 : section 00471  was running on murat-31822248-471-fnpc19115.fnal.gov    , mu2egrid exit status:   0 TrigReport Events total = 2000000 passed = 9697 failed = 1990303
   471 : section 00472  was running on murat-31822248-472-fnpc19110.fnal.gov    , mu2egrid exit status:   0 TrigReport Events total = 2000000 passed = 9833 failed = 1990167
   472 : section 00473  was running on murat-31822248-473-fnpc19142.fnal.gov    , mu2egrid exit status:   0 TrigReport Events total = 2000000 passed = 9913 failed = 1990087
   473 : section 00474  was running on murat-31822248-474-fnpc19115.fnal.gov    , mu2egrid exit status:   0 TrigReport Events total = 2000000 passed = 10328 failed = 1989672
   474 : section 00475  was running on murat-31822248-475-fnpc7021.fnal.gov     , mu2egrid exit status:   0 TrigReport Events total = 2000000 passed = 9895 failed = 1990105
   475 : section 00476  was running on murat-31822248-476-fnpc9021.fnal.gov     , mu2egrid exit status:   0 TrigReport Events total = 2000000 passed = 10013 failed = 1989987
   476 : section 00477  was running on murat-31822248-477-fnpc19110.fnal.gov    , mu2egrid exit status:   0 TrigReport Events total = 2000000 passed = 9905 failed = 1990095
   477 : section 00478  was running on murat-31822248-478-fnpc19142.fnal.gov    , mu2egrid exit status:   0 TrigReport Events total = 2000000 passed = 9913 failed = 1990087
   478 : section 00479  was running on murat-31822248-479-fnpc19142.fnal.gov    , mu2egrid exit status:   0 TrigReport Events total = 2000000 passed = 10020 failed = 1989980
   479 : section 00480  was running on murat-31822248-480-fnpc17116.fnal.gov    , mu2egrid exit status:   0 TrigReport Events total = 2000000 passed = 9743 failed = 1990257
   480 : section 00481  was running on murat-31822248-481-fnpc19110.fnal.gov    , mu2egrid exit status:   0 TrigReport Events total = 2000000 passed = 9660 failed = 1990340
   481 : section 00482  was running on murat-31822248-482-fnpc19115.fnal.gov    , mu2egrid exit status:   0 TrigReport Events total = 2000000 passed = 9789 failed = 1990211
   482 : section 00483  was running on murat-31822248-483-fnpc19142.fnal.gov    , mu2egrid exit status:   0 TrigReport Events total = 2000000 passed = 9994 failed = 1990006
   483 : section 00484  was running on murat-31822248-484-fnpc19110.fnal.gov    , mu2egrid exit status:   0 TrigReport Events total = 2000000 passed = 9680 failed = 1990320
--------------------------------------------
JOB SUMMARY:
--------------------------------------------
submitted           :   485 sections
output checked      :   484 sections
completed           :   484 sections
staging failures    :     0 sections
completed with rc=0 :   484 sections
mu2e job failed     :     0 sections
