# Mon May 11 01:28:00 CDT 2020
# job output directory: /pnfs/mu2e/scratch/users/murat/workflow/ts_warm_bore.760_1013.ts1_mubeam.ts2_sim/outstage/32389945
# subdirectory        : /pnfs/mu2e/scratch/users/murat/workflow/ts_warm_bore.760_1013.ts1_mubeam.ts2_sim/outstage/32389945/00
     0 : section 00000  was running on murat-32389945-0-fnpc8026.fnal.gov       , mu2egrid exit status:   0 TrigReport Events total = 242434 passed = 227081 failed = 15353
     1 : section 00001  was running on murat-32389945-1-fnpc9057.fnal.gov       , mu2egrid exit status:   0 TrigReport Events total = 244310 passed = 228772 failed = 15538
     2 : section 00002  was running on murat-32389945-2-fnpc9016.fnal.gov       , mu2egrid exit status:   0 TrigReport Events total = 243885 passed = 228359 failed = 15526
     3 : section 00003  was running on murat-32389945-3-fnpc9065.fnal.gov       , mu2egrid exit status:   0 TrigReport Events total = 244622 passed = 228953 failed = 15669
     4 : section 00004  was running on murat-32389945-4-fnpc9054.fnal.gov       , mu2egrid exit status:   0 TrigReport Events total = 242691 passed = 227312 failed = 15379
     5 : section 00005  was running on murat-32389945-5-fnpc9009.fnal.gov       , mu2egrid exit status:   0 TrigReport Events total = 243355 passed = 228017 failed = 15338
     6 : section 00006  was running on murat-32389945-6-fnpc9079.fnal.gov       , mu2egrid exit status:   0 TrigReport Events total = 243952 passed = 228360 failed = 15592
     7 : section 00007  was running on murat-32389945-7-fnpc17149.fnal.gov      , mu2egrid exit status:   0 TrigReport Events total = 244503 passed = 228757 failed = 15746
     8 : section 00008  was running on murat-32389945-8-fnpc17145.fnal.gov      , mu2egrid exit status:   0 TrigReport Events total = 243500 passed = 227772 failed = 15728
     9 : section 00009  was running on murat-32389945-9-fnpc17151.fnal.gov      , mu2egrid exit status:   0 TrigReport Events total = 243162 passed = 227750 failed = 15412
    10 : section 00010  was running on murat-32389945-10-fnpc17112.fnal.gov     , mu2egrid exit status:   0 TrigReport Events total = 244225 passed = 228463 failed = 15762
    11 : section 00011  was running on murat-32389945-11-fnpc17123.fnal.gov     , mu2egrid exit status:   0 TrigReport Events total = 242954 passed = 227478 failed = 15476
    12 : section 00012  was running on murat-32389945-12-fnpc8203.fnal.gov      , mu2egrid exit status:   0 TrigReport Events total = 243481 passed = 227845 failed = 15636
    13 : section 00013  was running on murat-32389945-13-fnpc9046.fnal.gov      , mu2egrid exit status:   0 TrigReport Events total = 242829 passed = 227500 failed = 15329
    14 : section 00014  was running on murat-32389945-14-fnpc19113.fnal.gov     , mu2egrid exit status:   0 TrigReport Events total = 244117 passed = 228546 failed = 15571
    15 : section 00015  was running on murat-32389945-15-fnpc19106.fnal.gov     , mu2egrid exit status:   0 TrigReport Events total = 242327 passed = 226915 failed = 15412
    16 : section 00016  was running on murat-32389945-16-fnpc17101.fnal.gov     , mu2egrid exit status:   0 TrigReport Events total = 242717 passed = 227026 failed = 15691
    17 : section 00017  was running on murat-32389945-17-fnpc17130.fnal.gov     , mu2egrid exit status:   0 TrigReport Events total = 244671 passed = 229142 failed = 15529
    18 : section 00018  was running on murat-32389945-18-fnpc9054.fnal.gov      , mu2egrid exit status:   0 TrigReport Events total = 244159 passed = 228522 failed = 15637
    19 : section 00019  was running on murat-32389945-19-fnpc9046.fnal.gov      , mu2egrid exit status:   0 TrigReport Events total = 87576 passed = 81906 failed = 5670
--------------------------------------------
JOB SUMMARY:
--------------------------------------------
submitted           :   485 sections
output checked      :    20 sections
completed           :    20 sections
staging failures    :     0 sections
completed with rc=0 :    20 sections
mu2e job failed     :     0 sections
