# Thu May 14 00:05:31 CDT 2020
# job output directory: /pnfs/mu2e/scratch/users/murat/workflow/ts_warm_bore.760_3022.ts1_mubeam.ts2_sim/outstage/32727929
# subdirectory        : /pnfs/mu2e/scratch/users/murat/workflow/ts_warm_bore.760_3022.ts1_mubeam.ts2_sim/outstage/32727929/00
     0 : section 00000  was running on murat-32727929-0-fnpc9056.fnal.gov       , mu2egrid exit status:   0 TrigReport Events total = 242434 passed = 227016 failed = 15418
     1 : section 00001  was running on murat-32727929-1-fnpc9062.fnal.gov       , mu2egrid exit status:   0 TrigReport Events total = 244310 passed = 228789 failed = 15521
     2 : section 00002  was running on murat-32727929-2-fnpc17133.fnal.gov      , mu2egrid exit status:   0 TrigReport Events total = 243885 passed = 228436 failed = 15449
     3 : section 00003  was running on murat-32727929-3-fnpc9070.fnal.gov       , mu2egrid exit status:   0 TrigReport Events total = 244622 passed = 228973 failed = 15649
     4 : section 00004  was running on murat-32727929-4-fnpc17159.fnal.gov      , mu2egrid exit status:   0 TrigReport Events total = 242691 passed = 227336 failed = 15355
     5 : section 00005  was running on murat-32727929-5-fnpc9068.fnal.gov       , mu2egrid exit status:   0 TrigReport Events total = 243355 passed = 228022 failed = 15333
     6 : section 00006  was running on murat-32727929-6-fnpc7008.fnal.gov       , mu2egrid exit status:   0 TrigReport Events total = 243952 passed = 228352 failed = 15600
     7 : section 00007  was running on murat-32727929-7-fnpc7011.fnal.gov       , mu2egrid exit status:   0 TrigReport Events total = 244503 passed = 228929 failed = 15574
     8 : section 00008  was running on murat-32727929-8-fnpc17120.fnal.gov      , mu2egrid exit status:   0 TrigReport Events total = 243500 passed = 227835 failed = 15665
     9 : section 00009  was running on murat-32727929-9-fnpc9048.fnal.gov       , mu2egrid exit status:   0 TrigReport Events total = 243162 passed = 227619 failed = 15543
    10 : section 00010  was running on murat-32727929-10-fnpc5029.fnal.gov      , mu2egrid exit status:   0 TrigReport Events total = 244225 passed = 228500 failed = 15725
    11 : section 00011  was running on murat-32727929-11-fnpc7002.fnal.gov      , mu2egrid exit status:   0 TrigReport Events total = 242954 passed = 227276 failed = 15678
    12 : section 00012  was running on murat-32727929-12-fnpc8010.fnal.gov      , mu2egrid exit status:   0 TrigReport Events total = 243481 passed = 227777 failed = 15704
    13 : section 00013  was running on murat-32727929-13-fnpc9062.fnal.gov      , mu2egrid exit status:   0 TrigReport Events total = 242829 passed = 227566 failed = 15263
    14 : section 00014  was running on murat-32727929-14-fnpc17158.fnal.gov     , mu2egrid exit status:   0 TrigReport Events total = 244117 passed = 228561 failed = 15556
    15 : section 00015  was running on murat-32727929-15-fnpc17125.fnal.gov     , mu2egrid exit status:   0 TrigReport Events total = 242327 passed = 226881 failed = 15446
    16 : section 00016  was running on murat-32727929-16-fnpc7012.fnal.gov      , mu2egrid exit status:   0 TrigReport Events total = 242717 passed = 227242 failed = 15475
    17 : section 00017  was running on murat-32727929-17-fnpc17110.fnal.gov     , mu2egrid exit status:   0 TrigReport Events total = 244671 passed = 229097 failed = 15574
    18 : section 00018  was running on murat-32727929-18-fnpc7025.fnal.gov      , mu2egrid exit status:   0 TrigReport Events total = 244159 passed = 228605 failed = 15554
    19 : section 00019  was running on murat-32727929-19-fnpc17142.fnal.gov     , mu2egrid exit status:   0 TrigReport Events total = 87576 passed = 81960 failed = 5616
--------------------------------------------
JOB SUMMARY:
--------------------------------------------
submitted           :   485 sections
output checked      :    20 sections
completed           :    20 sections
staging failures    :     0 sections
completed with rc=0 :    20 sections
mu2e job failed     :     0 sections
