#
     0 : section 00000  was running on murat-31861550-0-fnpc17155.fnal.gov      , mu2egrid exit status:   0 TrigReport Events total = 2000000 passed = 12434 failed = 1987566
     1 : section 00001  was running on murat-31861550-1-fnpc9026.fnal.gov       , mu2egrid exit status:   0 TrigReport Events total = 2000000 passed = 12866 failed = 1987134
     2 : section 00002  was running on murat-31861550-2-fnpc9070.fnal.gov       , mu2egrid exit status:   0 TrigReport Events total = 2000000 passed = 13107 failed = 1986893
     3 : section 00003  was running on murat-31861550-3-fnpc9016.fnal.gov       , mu2egrid exit status:   0 TrigReport Events total = 2000000 passed = 12715 failed = 1987285
     4 : section 00004  was running on murat-31861550-4-fnpc8012.fnal.gov       , mu2egrid exit status:   0 TrigReport Events total = 2000000 passed = 13493 failed = 1986507
     5 : section 00005  was running on murat-31861550-5-fnpc8022.fnal.gov       , mu2egrid exit status:   0 TrigReport Events total = 2000000 passed = 12648 failed = 1987352
     6 : section 00006  was running on murat-31861550-6-fnpc7206.fnal.gov       , mu2egrid exit status:   0 TrigReport Events total = 2000000 passed = 13125 failed = 1986875
     7 : section 00007  was running on murat-31861550-7-fnpc17151.fnal.gov      , mu2egrid exit status:   0 TrigReport Events total = 2000000 passed = 12839 failed = 1987161
     8 : section 00009  was running on murat-31861550-9-fnpc17112.fnal.gov      , mu2egrid exit status:   0 TrigReport Events total = 2000000 passed = 12968 failed = 1987032
     9 : section 00010  was running on murat-31861550-10-fnpc8202.fnal.gov      , mu2egrid exit status:   0 TrigReport Events total = 2000000 passed = 12590 failed = 1987410
    10 : section 00011  was running on murat-31861550-11-fnpc8208.fnal.gov      , mu2egrid exit status:   0 TrigReport Events total = 2000000 passed = 12795 failed = 1987205
    11 : section 00012  was running on murat-31861550-12-fnpc17129.fnal.gov     , mu2egrid exit status:   0 TrigReport Events total = 2000000 passed = 13074 failed = 1986926
    12 : section 00013  was running on murat-31861550-13-fnpc9053.fnal.gov      , mu2egrid exit status:   0 TrigReport Events total = 2000000 passed = 12888 failed = 1987112
    13 : section 00014  was running on murat-31861550-14-fnpc17116.fnal.gov     , mu2egrid exit status:   0 TrigReport Events total = 2000000 passed = 13276 failed = 1986724
    14 : section 00015  was running on murat-31861550-15-fnpc17119.fnal.gov     , mu2egrid exit status:   0 TrigReport Events total = 2000000 passed = 12954 failed = 1987046
    15 : section 00016  was running on murat-31861550-16-fnpc17158.fnal.gov     , mu2egrid exit status:   0 TrigReport Events total = 2000000 passed = 12693 failed = 1987307
    16 : section 00017  was running on murat-31861550-17-fnpc17108.fnal.gov     , mu2egrid exit status:   0 TrigReport Events total = 2000000 passed = 12532 failed = 1987468
    17 : section 00018  was running on murat-31861550-18-fnpc9103.fnal.gov      , mu2egrid exit status:   0 TrigReport Events total = 2000000 passed = 13236 failed = 1986764
    18 : section 00019  was running on murat-31861550-19-fnpc9050.fnal.gov      , mu2egrid exit status:   0 TrigReport Events total = 2000000 passed = 12881 failed = 1987119
    19 : section 00020  was running on murat-31861550-20-fnpc9012.fnal.gov      , mu2egrid exit status:   0 TrigReport Events total = 2000000 passed = 12816 failed = 1987184
    20 : section 00021  was running on murat-31861550-21-fnpc17157.fnal.gov     , mu2egrid exit status:   0 TrigReport Events total = 2000000 passed = 12805 failed = 1987195
    21 : section 00022  was running on murat-31861550-22-fnpc9040.fnal.gov      , mu2egrid exit status:   0 TrigReport Events total = 2000000 passed = 12824 failed = 1987176
    22 : section 00023  was running on murat-31861550-23-fnpc9028.fnal.gov      , mu2egrid exit status:   0 TrigReport Events total = 2000000 passed = 13077 failed = 1986923
    23 : section 00024  was running on murat-31861550-24-fnpc9023.fnal.gov      , mu2egrid exit status:   0 TrigReport Events total = 2000000 passed = 12490 failed = 1987510
    24 : section 00025  was running on murat-31861550-25-fnpc8024.fnal.gov      , mu2egrid exit status:   0 TrigReport Events total = 2000000 passed = 12672 failed = 1987328
    25 : section 00026  was running on murat-31861550-26-fnpc17102.fnal.gov     , mu2egrid exit status:   0 TrigReport Events total = 2000000 passed = 13013 failed = 1986987
    26 : section 00027  was running on murat-31861550-27-fnpc17144.fnal.gov     , mu2egrid exit status:   0 TrigReport Events total = 2000000 passed = 12632 failed = 1987368
    27 : section 00028  was running on murat-31861550-28-fnpc9068.fnal.gov      , mu2egrid exit status:   0 TrigReport Events total = 2000000 passed = 12707 failed = 1987293
    28 : section 00029  was running on murat-31861550-29-fnpc9049.fnal.gov      , mu2egrid exit status:   0 TrigReport Events total = 2000000 passed = 12762 failed = 1987238
    29 : section 00030  was running on murat-31861550-30-fnpc17115.fnal.gov     , mu2egrid exit status:   0 TrigReport Events total = 2000000 passed = 12819 failed = 1987181
    30 : section 00031  was running on murat-31861550-31-fnpc9021.fnal.gov      , mu2egrid exit status:   0 TrigReport Events total = 2000000 passed = 12974 failed = 1987026
    31 : section 00032  was running on murat-31861550-32-fnpc17137.fnal.gov     , mu2egrid exit status:   0 TrigReport Events total = 2000000 passed = 12705 failed = 1987295
    32 : section 00033  was running on murat-31861550-33-fnpc7009.fnal.gov      , mu2egrid exit status:   0 TrigReport Events total = 2000000 passed = 12765 failed = 1987235
    33 : section 00034  was running on murat-31861550-34-fnpc6016.fnal.gov      , mu2egrid exit status:   0 TrigReport Events total = 2000000 passed = 12291 failed = 1987709
    34 : section 00036  was running on murat-31861550-36-fnpc19136.fnal.gov     , mu2egrid exit status:   0 TrigReport Events total = 2000000 passed = 12900 failed = 1987100
    35 : section 00037  was running on murat-31861550-37-fnpc9072.fnal.gov      , mu2egrid exit status:   0 TrigReport Events total = 2000000 passed = 12832 failed = 1987168
    36 : section 00038  was running on murat-31861550-38-fnpc9042.fnal.gov      , mu2egrid exit status:   0 TrigReport Events total = 2000000 passed = 12980 failed = 1987020
    37 : section 00039  was running on murat-31861550-39-fnpc9107.fnal.gov      , mu2egrid exit status:   0 TrigReport Events total = 2000000 passed = 13056 failed = 1986944
    38 : section 00040  was running on murat-31861550-40-fnpc7001.fnal.gov      , mu2egrid exit status:   0 TrigReport Events total = 2000000 passed = 12977 failed = 1987023
    39 : section 00041  was running on murat-31861550-41-fnpc7012.fnal.gov      , mu2egrid exit status:   0 TrigReport Events total = 2000000 passed = 12684 failed = 1987316
    40 : section 00042  was running on murat-31861550-42-fnpc9034.fnal.gov      , mu2egrid exit status:   0 TrigReport Events total = 2000000 passed = 12791 failed = 1987209
    41 : section 00043  was running on murat-31861550-43-fnpc9010.fnal.gov      , mu2egrid exit status:   0 TrigReport Events total = 2000000 passed = 12965 failed = 1987035
    42 : section 00044  was running on murat-31861550-44-fnpc6028.fnal.gov      , mu2egrid exit status:   0 TrigReport Events total = 2000000 passed = 13072 failed = 1986928
    43 : section 00045  was running on murat-31861550-45-fnpc6029.fnal.gov      , mu2egrid exit status:   0 TrigReport Events total = 2000000 passed = 13160 failed = 1986840
    44 : section 00046  was running on murat-31861550-46-fnpc17113.fnal.gov     , mu2egrid exit status:   0 TrigReport Events total = 2000000 passed = 13126 failed = 1986874
    45 : section 00047  was running on murat-31861550-47-fnpc7023.fnal.gov      , mu2egrid exit status:   0 TrigReport Events total = 2000000 passed = 12990 failed = 1987010
    46 : section 00048  was running on murat-31861550-48-fnpc19106.fnal.gov     , mu2egrid exit status:   0 TrigReport Events total = 2000000 passed = 13293 failed = 1986707
    47 : section 00049  was running on murat-31861550-49-fnpc19125.fnal.gov     , mu2egrid exit status:   0 TrigReport Events total = 2000000 passed = 12785 failed = 1987215
    48 : section 00050  was running on murat-31861550-50-fnpc19128.fnal.gov     , mu2egrid exit status:   0 TrigReport Events total = 2000000 passed = 12828 failed = 1987172
    49 : section 00051  was running on murat-31861550-51-fnpc9012.fnal.gov      , mu2egrid exit status:   0 TrigReport Events total = 2000000 passed = 13078 failed = 1986922
    50 : section 00052  was running on murat-31861550-52-fnpc17115.fnal.gov     , mu2egrid exit status:   0 TrigReport Events total = 2000000 passed = 12782 failed = 1987218
    51 : section 00053  was running on murat-31861550-53-fnpc9010.fnal.gov      , mu2egrid exit status:   0 TrigReport Events total = 2000000 passed = 13032 failed = 1986968
    52 : section 00054  was running on murat-31861550-54-fnpc9042.fnal.gov      , mu2egrid exit status:   0 TrigReport Events total = 2000000 passed = 13361 failed = 1986639
    53 : section 00055  was running on murat-31861550-55-fnpc19128.fnal.gov     , mu2egrid exit status:   0 TrigReport Events total = 2000000 passed = 12846 failed = 1987154
    54 : section 00056  was running on murat-31861550-56-fnpc6016.fnal.gov      , mu2egrid exit status:   0 TrigReport Events total = 2000000 passed = 13006 failed = 1986994
    55 : section 00057  was running on murat-31861550-57-fnpc6028.fnal.gov      , mu2egrid exit status:   0 TrigReport Events total = 2000000 passed = 12832 failed = 1987168
    56 : section 00058  was running on murat-31861550-58-fnpc9072.fnal.gov      , mu2egrid exit status:   0 TrigReport Events total = 2000000 passed = 13055 failed = 1986945
    57 : section 00059  was running on murat-31861550-59-fnpc19125.fnal.gov     , mu2egrid exit status:   0 TrigReport Events total = 2000000 passed = 12938 failed = 1987062
    58 : section 00060  was running on murat-31861550-60-fnpc17108.fnal.gov     , mu2egrid exit status:   0 TrigReport Events total = 2000000 passed = 13132 failed = 1986868
    59 : section 00061  was running on murat-31861550-61-fnpc19136.fnal.gov     , mu2egrid exit status:   0 TrigReport Events total = 2000000 passed = 12747 failed = 1987253
    60 : section 00062  was running on murat-31861550-62-fnpc19106.fnal.gov     , mu2egrid exit status:   0 TrigReport Events total = 2000000 passed = 13234 failed = 1986766
    61 : section 00063  was running on murat-31861550-63-fnpc19128.fnal.gov     , mu2egrid exit status:   0 TrigReport Events total = 2000000 passed = 12496 failed = 1987504
    62 : section 00064  was running on murat-31861550-64-fnpc6029.fnal.gov      , mu2egrid exit status:   0 TrigReport Events total = 2000000 passed = 12615 failed = 1987385
    63 : section 00065  was running on murat-31861550-65-fnpc6028.fnal.gov      , mu2egrid exit status:   0 TrigReport Events total = 2000000 passed = 13165 failed = 1986835
    64 : section 00066  was running on murat-31861550-66-fnpc17108.fnal.gov     , mu2egrid exit status:   0 TrigReport Events total = 2000000 passed = 12526 failed = 1987474
    65 : section 00067  was running on murat-31861550-67-fnpc9042.fnal.gov      , mu2egrid exit status:   0 TrigReport Events total = 2000000 passed = 13038 failed = 1986962
    66 : section 00068  was running on murat-31861550-68-fnpc9010.fnal.gov      , mu2egrid exit status:   0 TrigReport Events total = 2000000 passed = 12681 failed = 1987319
    67 : section 00069  was running on murat-31861550-69-fnpc19128.fnal.gov     , mu2egrid exit status:   0 TrigReport Events total = 2000000 passed = 13051 failed = 1986949
    68 : section 00070  was running on murat-31861550-70-fnpc6028.fnal.gov      , mu2egrid exit status:   0 TrigReport Events total = 2000000 passed = 13326 failed = 1986674
    69 : section 00071  was running on murat-31861550-71-fnpc6029.fnal.gov      , mu2egrid exit status:   0 TrigReport Events total = 2000000 passed = 13146 failed = 1986854
    70 : section 00072  was running on murat-31861550-72-fnpc19106.fnal.gov     , mu2egrid exit status:   0 TrigReport Events total = 2000000 passed = 12822 failed = 1987178
    71 : section 00073  was running on murat-31861550-73-fnpc19128.fnal.gov     , mu2egrid exit status:   0 TrigReport Events total = 2000000 passed = 12598 failed = 1987402
    72 : section 00074  was running on murat-31861550-74-fnpc19128.fnal.gov     , mu2egrid exit status:   0 TrigReport Events total = 2000000 passed = 12700 failed = 1987300
    73 : section 00075  was running on murat-31861550-75-fnpc19106.fnal.gov     , mu2egrid exit status:   0 TrigReport Events total = 2000000 passed = 13064 failed = 1986936
    74 : section 00076  was running on murat-31861550-76-fnpc17144.fnal.gov     , mu2egrid exit status:   0 TrigReport Events total = 2000000 passed = 12134 failed = 1987866
    75 : section 00077  was running on murat-31861550-77-fnpc19128.fnal.gov     , mu2egrid exit status:   0 TrigReport Events total = 2000000 passed = 12765 failed = 1987235
    76 : section 00078  was running on murat-31861550-78-fnpc19128.fnal.gov     , mu2egrid exit status:   0 TrigReport Events total = 2000000 passed = 13145 failed = 1986855
    77 : section 00079  was running on murat-31861550-79-fnpc17102.fnal.gov     , mu2egrid exit status:   0 TrigReport Events total = 2000000 passed = 12602 failed = 1987398
    78 : section 00080  was running on murat-31861550-80-fnpc9023.fnal.gov      , mu2egrid exit status:   0 TrigReport Events total = 2000000 passed = 12766 failed = 1987234
    79 : section 00081  was running on murat-31861550-81-fnpc19128.fnal.gov     , mu2egrid exit status:   0 TrigReport Events total = 2000000 passed = 12452 failed = 1987548
    80 : section 00082  was running on murat-31861550-82-fnpc17102.fnal.gov     , mu2egrid exit status:   0 TrigReport Events total = 2000000 passed = 12743 failed = 1987257
    81 : section 00083  was running on murat-31861550-83-fnpc19128.fnal.gov     , mu2egrid exit status:   0 TrigReport Events total = 2000000 passed = 13065 failed = 1986935
    82 : section 00084  was running on murat-31861550-84-fnpc9050.fnal.gov      , mu2egrid exit status:   0 TrigReport Events total = 2000000 passed = 13057 failed = 1986943
    83 : section 00085  was running on murat-31861550-85-fnpc17102.fnal.gov     , mu2egrid exit status:   0 TrigReport Events total = 2000000 passed = 13119 failed = 1986881
    84 : section 00086  was running on murat-31861550-86-fnpc9070.fnal.gov      , mu2egrid exit status:   0 TrigReport Events total = 2000000 passed = 12760 failed = 1987240
    85 : section 00087  was running on murat-31861550-87-fnpc17111.fnal.gov     , mu2egrid exit status:   0 TrigReport Events total = 2000000 passed = 12387 failed = 1987613
    86 : section 00088  was running on murat-31861550-88-fnpc9011.fnal.gov      , mu2egrid exit status:   0 TrigReport Events total = 2000000 passed = 12934 failed = 1987066
    87 : section 00089  was running on murat-31861550-89-fnpc9055.fnal.gov      , mu2egrid exit status:   0 TrigReport Events total = 2000000 passed = 12995 failed = 1987005
    88 : section 00090  was running on murat-31861550-90-fnpc9073.fnal.gov      , mu2egrid exit status:   0 TrigReport Events total = 2000000 passed = 12892 failed = 1987108
    89 : section 00091  was running on murat-31861550-91-fnpc17128.fnal.gov     , mu2egrid exit status:   0 TrigReport Events total = 2000000 passed = 12745 failed = 1987255
    90 : section 00092  was running on murat-31861550-92-fnpc17107.fnal.gov     , mu2egrid exit status:   0 TrigReport Events total = 2000000 passed = 12657 failed = 1987343
    91 : section 00093  was running on murat-31861550-93-fnpc8207.fnal.gov      , mu2egrid exit status:   0 TrigReport Events total = 2000000 passed = 13144 failed = 1986856
    92 : section 00094  was running on murat-31861550-94-fnpc8005.fnal.gov      , mu2egrid exit status:   0 TrigReport Events total = 2000000 passed = 12592 failed = 1987408
    93 : section 00095  was running on murat-31861550-95-fnpc17120.fnal.gov     , mu2egrid exit status:   0 TrigReport Events total = 2000000 passed = 12636 failed = 1987364
    94 : section 00096  was running on murat-31861550-96-fnpc17150.fnal.gov     , mu2egrid exit status:   0 TrigReport Events total = 2000000 passed = 13034 failed = 1986966
    95 : section 00097  was running on murat-31861550-97-fnpc17141.fnal.gov     , mu2egrid exit status:   0 TrigReport Events total = 2000000 passed = 12801 failed = 1987199
    96 : section 00098  was running on murat-31861550-98-fnpc17129.fnal.gov     , mu2egrid exit status:   0 TrigReport Events total = 2000000 passed = 12849 failed = 1987151
    97 : section 00099  was running on murat-31861550-99-fnpc17154.fnal.gov     , mu2egrid exit status:   0 TrigReport Events total = 2000000 passed = 13188 failed = 1986812
    98 : section 00100  was running on murat-31861550-100-fnpc17119.fnal.gov    , mu2egrid exit status:   0 TrigReport Events total = 2000000 passed = 12684 failed = 1987316
    99 : section 00101  was running on murat-31861550-101-fnpc8002.fnal.gov     , mu2egrid exit status:   0 TrigReport Events total = 2000000 passed = 12992 failed = 1987008
   100 : section 00102  was running on murat-31861550-102-fnpc9009.fnal.gov     , mu2egrid exit status:   0 TrigReport Events total = 2000000 passed = 12784 failed = 1987216
   101 : section 00103  was running on murat-31861550-103-fnpc17121.fnal.gov    , mu2egrid exit status:   0 TrigReport Events total = 2000000 passed = 12801 failed = 1987199
   102 : section 00104  was running on murat-31861550-104-fnpc5037.fnal.gov     , mu2egrid exit status:   0 TrigReport Events total = 2000000 passed = 12715 failed = 1987285
   103 : section 00105  was running on murat-31861550-105-fnpc9076.fnal.gov     , mu2egrid exit status:   0 TrigReport Events total = 2000000 passed = 12893 failed = 1987107
   104 : section 00106  was running on murat-31861550-106-fnpc9102.fnal.gov     , mu2egrid exit status:   0 TrigReport Events total = 2000000 passed = 13031 failed = 1986969
   105 : section 00107  was running on murat-31861550-107-fnpc9029.fnal.gov     , mu2egrid exit status:   0 TrigReport Events total = 2000000 passed = 13115 failed = 1986885
   106 : section 00108  was running on murat-31861550-108-fnpc9039.fnal.gov     , mu2egrid exit status:   0 TrigReport Events total = 2000000 passed = 12464 failed = 1987536
   107 : section 00109  was running on murat-31861550-109-fnpc7019.fnal.gov     , mu2egrid exit status:   0 TrigReport Events total = 2000000 passed = 13011 failed = 1986989
   108 : section 00110  was running on murat-31861550-110-fnpc9004.fnal.gov     , mu2egrid exit status:   0 TrigReport Events total = 2000000 passed = 12876 failed = 1987124
   109 : section 00111  was running on murat-31861550-111-fnpc17110.fnal.gov    , mu2egrid exit status:   0 TrigReport Events total = 2000000 passed = 12837 failed = 1987163
   110 : section 00112  was running on murat-31861550-112-fnpc17134.fnal.gov    , mu2egrid exit status:   0 TrigReport Events total = 2000000 passed = 12377 failed = 1987623
   111 : section 00113  was running on murat-31861550-113-fnpc17135.fnal.gov    , mu2egrid exit status:   0 TrigReport Events total = 2000000 passed = 12347 failed = 1987653
   112 : section 00114  was running on murat-31861550-114-fnpc9006.fnal.gov     , mu2egrid exit status:   0 TrigReport Events total = 2000000 passed = 13202 failed = 1986798
   113 : section 00115  was running on murat-31861550-115-fnpc7025.fnal.gov     , mu2egrid exit status:   0 TrigReport Events total = 2000000 passed = 12647 failed = 1987353
   114 : section 00116  was running on murat-31861550-116-fnpc9075.fnal.gov     , mu2egrid exit status:   0 TrigReport Events total = 2000000 passed = 12996 failed = 1987004
   115 : section 00117  was running on murat-31861550-117-fnpc9032.fnal.gov     , mu2egrid exit status:   0 TrigReport Events total = 2000000 passed = 12995 failed = 1987005
   116 : section 00118  was running on murat-31861550-118-fnpc9001.fnal.gov     , mu2egrid exit status:   0 TrigReport Events total = 2000000 passed = 12551 failed = 1987449
   117 : section 00119  was running on murat-31861550-119-fnpc9022.fnal.gov     , mu2egrid exit status:   0 TrigReport Events total = 2000000 passed = 12701 failed = 1987299
   118 : section 00120  was running on murat-31861550-120-fnpc17139.fnal.gov    , mu2egrid exit status:   0 TrigReport Events total = 2000000 passed = 12567 failed = 1987433
   119 : section 00121  was running on murat-31861550-121-fnpc6027.fnal.gov     , mu2egrid exit status:   0 TrigReport Events total = 2000000 passed = 13066 failed = 1986934
   120 : section 00122  was running on murat-31861550-122-fnpc17145.fnal.gov    , mu2egrid exit status:   0 TrigReport Events total = 2000000 passed = 12666 failed = 1987334
   121 : section 00123  was running on murat-31861550-123-fnpc17159.fnal.gov    , mu2egrid exit status:   0 TrigReport Events total = 2000000 passed = 13422 failed = 1986578
   122 : section 00124  was running on murat-31861550-124-fnpc7020.fnal.gov     , mu2egrid exit status:   0 TrigReport Events total = 2000000 passed = 13181 failed = 1986819
   123 : section 00125  was running on murat-31861550-125-fnpc7029.fnal.gov     , mu2egrid exit status:   0 TrigReport Events total = 2000000 passed = 12976 failed = 1987024
   124 : section 00126  was running on murat-31861550-126-fnpc9061.fnal.gov     , mu2egrid exit status:   0 TrigReport Events total = 2000000 passed = 12595 failed = 1987405
   125 : section 00127  was running on murat-31861550-127-fnpc7028.fnal.gov     , mu2egrid exit status:   0 TrigReport Events total = 2000000 passed = 12809 failed = 1987191
   126 : section 00128  was running on murat-31861550-128-fnpc19129.fnal.gov    , mu2egrid exit status:   0 TrigReport Events total = 2000000 passed = 12562 failed = 1987438
   127 : section 00129  was running on murat-31861550-129-fnpc6021.fnal.gov     , mu2egrid exit status:   0 TrigReport Events total = 2000000 passed = 12924 failed = 1987076
   128 : section 00130  was running on murat-31861550-130-fnpc19132.fnal.gov    , mu2egrid exit status:   0 TrigReport Events total = 2000000 passed = 12638 failed = 1987362
   129 : section 00131  was running on murat-31861550-131-fnpc7023.fnal.gov     , mu2egrid exit status:   0 TrigReport Events total = 2000000 passed = 12656 failed = 1987344
   130 : section 00132  was running on murat-31861550-132-fnpc19137.fnal.gov    , mu2egrid exit status:   0 TrigReport Events total = 2000000 passed = 12871 failed = 1987129
   131 : section 00133  was running on murat-31861550-133-fnpc19112.fnal.gov    , mu2egrid exit status:   0 TrigReport Events total = 2000000 passed = 12943 failed = 1987057
   132 : section 00134  was running on murat-31861550-134-fnpc19119.fnal.gov    , mu2egrid exit status:   0 TrigReport Events total = 2000000 passed = 13121 failed = 1986879
   133 : section 00135  was running on murat-31861550-135-fnpc19113.fnal.gov    , mu2egrid exit status:   0 TrigReport Events total = 2000000 passed = 13158 failed = 1986842
   134 : section 00136  was running on murat-31861550-136-fnpc19107.fnal.gov    , mu2egrid exit status:   0 TrigReport Events total = 2000000 passed = 13229 failed = 1986771
   135 : section 00137  was running on murat-31861550-137-fnpc19122.fnal.gov    , mu2egrid exit status:   0 TrigReport Events total = 2000000 passed = 12607 failed = 1987393
   136 : section 00138  was running on murat-31861550-138-fnpc19141.fnal.gov    , mu2egrid exit status:   0 TrigReport Events total = 2000000 passed = 12948 failed = 1987052
   137 : section 00139  was running on murat-31861550-139-fnpc19115.fnal.gov    , mu2egrid exit status:   0 TrigReport Events total = 2000000 passed = 13165 failed = 1986835
   138 : section 00140  was running on murat-31861550-140-fnpc19124.fnal.gov    , mu2egrid exit status:   0 TrigReport Events total = 2000000 passed = 12687 failed = 1987313
   139 : section 00141  was running on murat-31861550-141-fnpc17150.fnal.gov    , mu2egrid exit status:   0 TrigReport Events total = 2000000 passed = 13125 failed = 1986875
   140 : section 00142  was running on murat-31861550-142-fnpc17141.fnal.gov    , mu2egrid exit status:   0 TrigReport Events total = 2000000 passed = 13261 failed = 1986739
   141 : section 00143  was running on murat-31861550-143-fnpc9009.fnal.gov     , mu2egrid exit status:   0 TrigReport Events total = 2000000 passed = 12658 failed = 1987342
   142 : section 00144  was running on murat-31861550-144-fnpc17121.fnal.gov    , mu2egrid exit status:   0 TrigReport Events total = 2000000 passed = 12775 failed = 1987225
   143 : section 00145  was running on murat-31861550-145-fnpc7019.fnal.gov     , mu2egrid exit status:   0 TrigReport Events total = 2000000 passed = 12902 failed = 1987098
   144 : section 00146  was running on murat-31861550-146-fnpc9022.fnal.gov     , mu2egrid exit status:   0 TrigReport Events total = 2000000 passed = 12856 failed = 1987144
   145 : section 00147  was running on murat-31861550-147-fnpc19125.fnal.gov    , mu2egrid exit status:   0 TrigReport Events total = 2000000 passed = 12954 failed = 1987046
   146 : section 00148  was running on murat-31861550-148-fnpc17128.fnal.gov    , mu2egrid exit status:   0 TrigReport Events total = 2000000 passed = 12809 failed = 1987191
   147 : section 00149  was running on murat-31861550-149-fnpc7028.fnal.gov     , mu2egrid exit status:   0 TrigReport Events total = 2000000 passed = 12729 failed = 1987271
   148 : section 00150  was running on murat-31861550-150-fnpc7025.fnal.gov     , mu2egrid exit status:   0 TrigReport Events total = 2000000 passed = 12573 failed = 1987427
   149 : section 00151  was running on murat-31861550-151-fnpc9075.fnal.gov     , mu2egrid exit status:   0 TrigReport Events total = 2000000 passed = 12720 failed = 1987280
   150 : section 00152  was running on murat-31861550-152-fnpc19113.fnal.gov    , mu2egrid exit status:   0 TrigReport Events total = 2000000 passed = 12823 failed = 1987177
   151 : section 00153  was running on murat-31861550-153-fnpc19129.fnal.gov    , mu2egrid exit status:   0 TrigReport Events total = 2000000 passed = 12318 failed = 1987682
   152 : section 00154  was running on murat-31861550-154-fnpc17110.fnal.gov    , mu2egrid exit status:   0 TrigReport Events total = 2000000 passed = 12944 failed = 1987056
   153 : section 00155  was running on murat-31861550-155-fnpc19137.fnal.gov    , mu2egrid exit status:   0 TrigReport Events total = 2000000 passed = 12786 failed = 1987214
   154 : section 00156  was running on murat-31861550-156-fnpc19112.fnal.gov    , mu2egrid exit status:   0 TrigReport Events total = 2000000 passed = 12906 failed = 1987094
   155 : section 00157  was running on murat-31861550-157-fnpc19141.fnal.gov    , mu2egrid exit status:   0 TrigReport Events total = 2000000 passed = 13290 failed = 1986710
   156 : section 00158  was running on murat-31861550-158-fnpc19115.fnal.gov    , mu2egrid exit status:   0 TrigReport Events total = 2000000 passed = 12468 failed = 1987532
   157 : section 00159  was running on murat-31861550-159-fnpc17121.fnal.gov    , mu2egrid exit status:   0 TrigReport Events total = 2000000 passed = 12829 failed = 1987171
   158 : section 00160  was running on murat-31861550-160-fnpc17145.fnal.gov    , mu2egrid exit status:   0 TrigReport Events total = 2000000 passed = 12909 failed = 1987091
   159 : section 00161  was running on murat-31861550-161-fnpc19137.fnal.gov    , mu2egrid exit status:   0 TrigReport Events total = 2000000 passed = 12646 failed = 1987354
   160 : section 00162  was running on murat-31861550-162-fnpc9004.fnal.gov     , mu2egrid exit status:   0 TrigReport Events total = 2000000 passed = 12808 failed = 1987192
   161 : section 00163  was running on murat-31861550-163-fnpc19113.fnal.gov    , mu2egrid exit status:   0 TrigReport Events total = 2000000 passed = 13059 failed = 1986941
   162 : section 00164  was running on murat-31861550-164-fnpc19112.fnal.gov    , mu2egrid exit status:   0 TrigReport Events total = 2000000 passed = 12348 failed = 1987652
   163 : section 00165  was running on murat-31861550-165-fnpc8002.fnal.gov     , mu2egrid exit status:   0 TrigReport Events total = 2000000 passed = 12504 failed = 1987496
   164 : section 00166  was running on murat-31861550-166-fnpc6027.fnal.gov     , mu2egrid exit status:   0 TrigReport Events total = 2000000 passed = 12558 failed = 1987442
   165 : section 00167  was running on murat-31861550-167-fnpc17139.fnal.gov    , mu2egrid exit status:   0 TrigReport Events total = 2000000 passed = 12656 failed = 1987344
   166 : section 00168  was running on murat-31861550-168-fnpc19137.fnal.gov    , mu2egrid exit status:   0 TrigReport Events total = 2000000 passed = 12927 failed = 1987073
   167 : section 00169  was running on murat-31861550-169-fnpc17145.fnal.gov    , mu2egrid exit status:   0 TrigReport Events total = 2000000 passed = 12637 failed = 1987363
   168 : section 00170  was running on murat-31861550-170-fnpc19112.fnal.gov    , mu2egrid exit status:   0 TrigReport Events total = 2000000 passed = 13087 failed = 1986913
   169 : section 00171  was running on murat-31861550-171-fnpc19112.fnal.gov    , mu2egrid exit status:   0 TrigReport Events total = 2000000 passed = 13090 failed = 1986910
   170 : section 00172  was running on murat-31861550-172-fnpc19137.fnal.gov    , mu2egrid exit status:   0 TrigReport Events total = 2000000 passed = 13045 failed = 1986955
   171 : section 00173  was running on murat-31861550-173-fnpc17159.fnal.gov    , mu2egrid exit status:   0 TrigReport Events total = 2000000 passed = 12560 failed = 1987440
   172 : section 00174  was running on murat-31861550-174-fnpc9061.fnal.gov     , mu2egrid exit status:   0 TrigReport Events total = 2000000 passed = 13090 failed = 1986910
   173 : section 00175  was running on murat-31861550-175-fnpc17159.fnal.gov    , mu2egrid exit status:   0 TrigReport Events total = 2000000 passed = 13031 failed = 1986969
   174 : section 00176  was running on murat-31861550-176-fnpc9073.fnal.gov     , mu2egrid exit status:   0 TrigReport Events total = 2000000 passed = 12829 failed = 1987171
   175 : section 00177  was running on murat-31861550-177-fnpc9061.fnal.gov     , mu2egrid exit status:   0 TrigReport Events total = 2000000 passed = 13019 failed = 1986981
   176 : section 00178  was running on murat-31861550-178-fnpc17139.fnal.gov    , mu2egrid exit status:   0 TrigReport Events total = 2000000 passed = 13108 failed = 1986892
   177 : section 00179  was running on murat-31861550-179-fnpc17139.fnal.gov    , mu2egrid exit status:   0 TrigReport Events total = 2000000 passed = 12848 failed = 1987152
   178 : section 00180  was running on murat-31861550-180-fnpc17139.fnal.gov    , mu2egrid exit status:   0 TrigReport Events total = 2000000 passed = 12830 failed = 1987170
   179 : section 00181  was running on murat-31861550-181-fnpc17139.fnal.gov    , mu2egrid exit status:   0 TrigReport Events total = 2000000 passed = 12640 failed = 1987360
   180 : section 00182  was running on murat-31861550-182-fnpc17139.fnal.gov    , mu2egrid exit status:   0 TrigReport Events total = 2000000 passed = 12639 failed = 1987361
   181 : section 00183  was running on murat-31861550-183-fnpc17139.fnal.gov    , mu2egrid exit status:   0 TrigReport Events total = 2000000 passed = 12975 failed = 1987025
   182 : section 00184  was running on murat-31861550-184-fnpc17140.fnal.gov    , mu2egrid exit status:   0 TrigReport Events total = 2000000 passed = 12556 failed = 1987444
   183 : section 00185  was running on murat-31861550-185-fnpc9101.fnal.gov     , mu2egrid exit status:   0 TrigReport Events total = 2000000 passed = 12810 failed = 1987190
   184 : section 00186  was running on murat-31861550-186-fnpc17143.fnal.gov    , mu2egrid exit status:   0 TrigReport Events total = 2000000 passed = 12742 failed = 1987258
   185 : section 00187  was running on murat-31861550-187-fnpc17103.fnal.gov    , mu2egrid exit status:   0 TrigReport Events total = 2000000 passed = 12730 failed = 1987270
   186 : section 00188  was running on murat-31861550-188-fnpc17101.fnal.gov    , mu2egrid exit status:   0 TrigReport Events total = 2000000 passed = 12669 failed = 1987331
   187 : section 00189  was running on murat-31861550-189-fnpc7211.fnal.gov     , mu2egrid exit status:   0 TrigReport Events total = 2000000 passed = 12795 failed = 1987205
   188 : section 00190  was running on murat-31861550-190-fnpc7301.fnal.gov     , mu2egrid exit status:   0 TrigReport Events total = 2000000 passed = 12654 failed = 1987346
   189 : section 00191  was running on murat-31861550-191-fnpc7017.fnal.gov     , mu2egrid exit status:   0 TrigReport Events total = 2000000 passed = 12981 failed = 1987019
   190 : section 00192  was running on murat-31861550-192-fnpc9079.fnal.gov     , mu2egrid exit status:   0 TrigReport Events total = 2000000 passed = 13065 failed = 1986935
   191 : section 00193  was running on murat-31861550-193-fnpc17106.fnal.gov    , mu2egrid exit status:   0 TrigReport Events total = 2000000 passed = 12918 failed = 1987082
   192 : section 00194  was running on murat-31861550-194-fnpc7210.fnal.gov     , mu2egrid exit status:   0 TrigReport Events total = 2000000 passed = 12809 failed = 1987191
   193 : section 00195  was running on murat-31861550-195-fnpc17156.fnal.gov    , mu2egrid exit status:   0 TrigReport Events total = 2000000 passed = 12786 failed = 1987214
   194 : section 00196  was running on murat-31861550-196-fnpc17124.fnal.gov    , mu2egrid exit status:   0 TrigReport Events total = 2000000 passed = 12565 failed = 1987435
   195 : section 00197  was running on murat-31861550-197-fnpc5027.fnal.gov     , mu2egrid exit status:   0 TrigReport Events total = 2000000 passed = 12824 failed = 1987176
   196 : section 00198  was running on murat-31861550-198-fnpc7204.fnal.gov     , mu2egrid exit status:   0 TrigReport Events total = 2000000 passed = 13056 failed = 1986944
   197 : section 00199  was running on murat-31861550-199-fnpc9109.fnal.gov     , mu2egrid exit status:   0 TrigReport Events total = 2000000 passed = 12822 failed = 1987178
   198 : section 00200  was running on murat-31861550-200-fnpc9037.fnal.gov     , mu2egrid exit status:   0 TrigReport Events total = 2000000 passed = 13140 failed = 1986860
   199 : section 00201  was running on murat-31861550-201-fnpc9023.fnal.gov     , mu2egrid exit status:   0 TrigReport Events total = 2000000 passed = 13365 failed = 1986635
   200 : section 00202  was running on murat-31861550-202-fnpc9053.fnal.gov     , mu2egrid exit status:   0 TrigReport Events total = 2000000 passed = 13060 failed = 1986940
   201 : section 00203  was running on murat-31861550-203-fnpc7304.fnal.gov     , mu2egrid exit status:   0 TrigReport Events total = 2000000 passed = 12642 failed = 1987358
   202 : section 00204  was running on murat-31861550-204-fnpc7025.fnal.gov     , mu2egrid exit status:   0 TrigReport Events total = 2000000 passed = 12660 failed = 1987340
   203 : section 00205  was running on murat-31861550-205-fnpc9039.fnal.gov     , mu2egrid exit status:   0 TrigReport Events total = 2000000 passed = 12847 failed = 1987153
   204 : section 00206  was running on murat-31861550-206-fnpc8024.fnal.gov     , mu2egrid exit status:   0 TrigReport Events total = 2000000 passed = 13044 failed = 1986956
   205 : section 00207  was running on murat-31861550-207-fnpc9040.fnal.gov     , mu2egrid exit status:   0 TrigReport Events total = 2000000 passed = 12625 failed = 1987375
   206 : section 00208  was running on murat-31861550-208-fnpc17152.fnal.gov    , mu2egrid exit status:   0 TrigReport Events total = 2000000 passed = 12818 failed = 1987182
   207 : section 00209  was running on murat-31861550-209-fnpc17102.fnal.gov    , mu2egrid exit status:   0 TrigReport Events total = 2000000 passed = 12942 failed = 1987058
   208 : section 00210  was running on murat-31861550-210-fnpc6011.fnal.gov     , mu2egrid exit status:   0 TrigReport Events total = 2000000 passed = 12622 failed = 1987378
   209 : section 00211  was running on murat-31861550-211-fnpc9064.fnal.gov     , mu2egrid exit status:   0 TrigReport Events total = 2000000 passed = 13105 failed = 1986895
   210 : section 00212  was running on murat-31861550-212-fnpc9105.fnal.gov     , mu2egrid exit status:   0 TrigReport Events total = 2000000 passed = 12807 failed = 1987193
   211 : section 00213  was running on murat-31861550-213-fnpc6015.fnal.gov     , mu2egrid exit status:   0 TrigReport Events total = 2000000 passed = 12744 failed = 1987256
   212 : section 00214  was running on murat-31861550-214-fnpc6013.fnal.gov     , mu2egrid exit status:   0 TrigReport Events total = 2000000 passed = 12884 failed = 1987116
   213 : section 00215  was running on murat-31861550-215-fnpc9071.fnal.gov     , mu2egrid exit status:   0 TrigReport Events total = 2000000 passed = 13285 failed = 1986715
   214 : section 00216  was running on murat-31861550-216-fnpc7005.fnal.gov     , mu2egrid exit status:   0 TrigReport Events total = 2000000 passed = 12868 failed = 1987132
   215 : section 00217  was running on murat-31861550-217-fnpc7210.fnal.gov     , mu2egrid exit status:   0 TrigReport Events total = 2000000 passed = 12843 failed = 1987157
   216 : section 00218  was running on murat-31861550-218-fnpc7204.fnal.gov     , mu2egrid exit status:   0 TrigReport Events total = 2000000 passed = 12709 failed = 1987291
   217 : section 00219  was running on murat-31861550-219-fnpc6005.fnal.gov     , mu2egrid exit status:   0 TrigReport Events total = 2000000 passed = 12798 failed = 1987202
   218 : section 00220  was running on murat-31861550-220-fnpc9015.fnal.gov     , mu2egrid exit status:   0 TrigReport Events total = 2000000 passed = 13019 failed = 1986981
   219 : section 00221  was running on murat-31861550-221-fnpc6003.fnal.gov     , mu2egrid exit status:   0 TrigReport Events total = 2000000 passed = 13200 failed = 1986800
   220 : section 00222  was running on murat-31861550-222-fnpc6029.fnal.gov     , mu2egrid exit status:   0 TrigReport Events total = 2000000 passed = 12845 failed = 1987155
   221 : section 00223  was running on murat-31861550-223-fnpc19139.fnal.gov    , mu2egrid exit status:   0 TrigReport Events total = 2000000 passed = 12936 failed = 1987064
   222 : section 00224  was running on murat-31861550-224-fnpc17113.fnal.gov    , mu2egrid exit status:   0 TrigReport Events total = 2000000 passed = 13033 failed = 1986967
   223 : section 00225  was running on murat-31861550-225-fnpc19109.fnal.gov    , mu2egrid exit status:   0 TrigReport Events total = 2000000 passed = 12706 failed = 1987294
   224 : section 00226  was running on murat-31861550-226-fnpc19138.fnal.gov    , mu2egrid exit status:   0 TrigReport Events total = 2000000 passed = 12496 failed = 1987504
   225 : section 00227  was running on murat-31861550-227-fnpc19125.fnal.gov    , mu2egrid exit status:   0 TrigReport Events total = 2000000 passed = 13140 failed = 1986860
   226 : section 00228  was running on murat-31861550-228-fnpc17140.fnal.gov    , mu2egrid exit status:   0 TrigReport Events total = 2000000 passed = 12739 failed = 1987261
   227 : section 00229  was running on murat-31861550-229-fnpc17106.fnal.gov    , mu2egrid exit status:   0 TrigReport Events total = 2000000 passed = 13051 failed = 1986949
   228 : section 00230  was running on murat-31861550-230-fnpc17156.fnal.gov    , mu2egrid exit status:   0 TrigReport Events total = 2000000 passed = 12892 failed = 1987108
   229 : section 00231  was running on murat-31861550-231-fnpc5027.fnal.gov     , mu2egrid exit status:   0 TrigReport Events total = 2000000 passed = 12902 failed = 1987098
   230 : section 00232  was running on murat-31861550-232-fnpc9037.fnal.gov     , mu2egrid exit status:   0 TrigReport Events total = 2000000 passed = 13003 failed = 1986997
   231 : section 00233  was running on murat-31861550-233-fnpc9053.fnal.gov     , mu2egrid exit status:   0 TrigReport Events total = 2000000 passed = 12694 failed = 1987306
   232 : section 00234  was running on murat-31861550-234-fnpc7304.fnal.gov     , mu2egrid exit status:   0 TrigReport Events total = 2000000 passed = 12678 failed = 1987322
   233 : section 00235  was running on murat-31861550-235-fnpc9105.fnal.gov     , mu2egrid exit status:   0 TrigReport Events total = 2000000 passed = 13031 failed = 1986969
   234 : section 00236  was running on murat-31861550-236-fnpc9071.fnal.gov     , mu2egrid exit status:   0 TrigReport Events total = 2000000 passed = 12604 failed = 1987396
   235 : section 00237  was running on murat-31861550-237-fnpc6015.fnal.gov     , mu2egrid exit status:   0 TrigReport Events total = 2000000 passed = 12721 failed = 1987279
   236 : section 00238  was running on murat-31861550-238-fnpc9053.fnal.gov     , mu2egrid exit status:   0 TrigReport Events total = 2000000 passed = 12554 failed = 1987446
   237 : section 00239  was running on murat-31861550-239-fnpc9040.fnal.gov     , mu2egrid exit status:   0 TrigReport Events total = 2000000 passed = 12660 failed = 1987340
   238 : section 00240  was running on murat-31861550-240-fnpc6005.fnal.gov     , mu2egrid exit status:   0 TrigReport Events total = 2000000 passed = 12691 failed = 1987309
   239 : section 00241  was running on murat-31861550-241-fnpc7304.fnal.gov     , mu2egrid exit status:   0 TrigReport Events total = 2000000 passed = 12927 failed = 1987073
   240 : section 00242  was running on murat-31861550-242-fnpc9109.fnal.gov     , mu2egrid exit status:   0 TrigReport Events total = 2000000 passed = 13007 failed = 1986993
   241 : section 00243  was running on murat-31861550-243-fnpc19125.fnal.gov    , mu2egrid exit status:   0 TrigReport Events total = 2000000 passed = 12868 failed = 1987132
   242 : section 00244  was running on murat-31861550-244-fnpc9037.fnal.gov     , mu2egrid exit status:   0 TrigReport Events total = 2000000 passed = 12845 failed = 1987155
   243 : section 00245  was running on murat-31861550-245-fnpc19109.fnal.gov    , mu2egrid exit status:   0 TrigReport Events total = 2000000 passed = 12678 failed = 1987322
   244 : section 00246  was running on murat-31861550-246-fnpc9064.fnal.gov     , mu2egrid exit status:   0 TrigReport Events total = 2000000 passed = 12670 failed = 1987330
   245 : section 00247  was running on murat-31861550-247-fnpc19139.fnal.gov    , mu2egrid exit status:   0 TrigReport Events total = 2000000 passed = 13046 failed = 1986954
   246 : section 00248  was running on murat-31861550-248-fnpc9079.fnal.gov     , mu2egrid exit status:   0 TrigReport Events total = 2000000 passed = 12792 failed = 1987208
   247 : section 00249  was running on murat-31861550-249-fnpc7304.fnal.gov     , mu2egrid exit status:   0 TrigReport Events total = 2000000 passed = 12935 failed = 1987065
   248 : section 00250  was running on murat-31861550-250-fnpc17152.fnal.gov    , mu2egrid exit status:   0 TrigReport Events total = 2000000 passed = 12768 failed = 1987232
   249 : section 00251  was running on murat-31861550-251-fnpc19139.fnal.gov    , mu2egrid exit status:   0 TrigReport Events total = 2000000 passed = 12438 failed = 1987562
   250 : section 00252  was running on murat-31861550-252-fnpc17152.fnal.gov    , mu2egrid exit status:   0 TrigReport Events total = 2000000 passed = 13264 failed = 1986736
   251 : section 00253  was running on murat-31861550-253-fnpc9023.fnal.gov     , mu2egrid exit status:   0 TrigReport Events total = 2000000 passed = 12818 failed = 1987182
   252 : section 00254  was running on murat-31861550-254-fnpc17102.fnal.gov    , mu2egrid exit status:   0 TrigReport Events total = 2000000 passed = 13165 failed = 1986835
   253 : section 00255  was running on murat-31861550-255-fnpc19139.fnal.gov    , mu2egrid exit status:   0 TrigReport Events total = 2000000 passed = 12887 failed = 1987113
   254 : section 00256  was running on murat-31861550-256-fnpc9015.fnal.gov     , mu2egrid exit status:   0 TrigReport Events total = 2000000 passed = 13321 failed = 1986679
   255 : section 00257  was running on murat-31861550-257-fnpc17102.fnal.gov    , mu2egrid exit status:   0 TrigReport Events total = 2000000 passed = 12802 failed = 1987198
   256 : section 00258  was running on murat-31861550-258-fnpc17152.fnal.gov    , mu2egrid exit status:   0 TrigReport Events total = 2000000 passed = 12526 failed = 1987474
   257 : section 00259  was running on murat-31861550-259-fnpc19139.fnal.gov    , mu2egrid exit status:   0 TrigReport Events total = 2000000 passed = 12894 failed = 1987106
   258 : section 00260  was running on murat-31861550-260-fnpc19139.fnal.gov    , mu2egrid exit status:   0 TrigReport Events total = 2000000 passed = 12814 failed = 1987186
   259 : section 00261  was running on murat-31861550-261-fnpc19139.fnal.gov    , mu2egrid exit status:   0 TrigReport Events total = 2000000 passed = 12340 failed = 1987660
   260 : section 00262  was running on murat-31861550-262-fnpc19139.fnal.gov    , mu2egrid exit status:   0 TrigReport Events total = 2000000 passed = 12966 failed = 1987034
   261 : section 00263  was running on murat-31861550-263-fnpc17102.fnal.gov    , mu2egrid exit status:   0 TrigReport Events total = 2000000 passed = 13332 failed = 1986668
   262 : section 00264  was running on murat-31861550-264-fnpc17141.fnal.gov    , mu2egrid exit status:   0 TrigReport Events total = 2000000 passed = 12712 failed = 1987288
   263 : section 00265  was running on murat-31861550-265-fnpc17149.fnal.gov    , mu2egrid exit status:   0 TrigReport Events total = 2000000 passed = 12877 failed = 1987123
   264 : section 00266  was running on murat-31861550-266-fnpc17147.fnal.gov    , mu2egrid exit status:   0 TrigReport Events total = 2000000 passed = 12134 failed = 1987866
   265 : section 00267  was running on murat-31861550-267-fnpc9026.fnal.gov     , mu2egrid exit status:   0 TrigReport Events total = 2000000 passed = 12807 failed = 1987193
   266 : section 00268  was running on murat-31861550-268-fnpc17155.fnal.gov    , mu2egrid exit status:   0 TrigReport Events total = 2000000 passed = 12676 failed = 1987324
   267 : section 00269  was running on murat-31861550-269-fnpc9003.fnal.gov     , mu2egrid exit status:   0 TrigReport Events total = 2000000 passed = 12894 failed = 1987106
   268 : section 00270  was running on murat-31861550-270-fnpc8027.fnal.gov     , mu2egrid exit status:   0 TrigReport Events total = 2000000 passed = 13020 failed = 1986980
   269 : section 00271  was running on murat-31861550-271-fnpc17125.fnal.gov    , mu2egrid exit status:   0 TrigReport Events total = 2000000 passed = 13312 failed = 1986688
   270 : section 00272  was running on murat-31861550-272-fnpc8202.fnal.gov     , mu2egrid exit status:   0 TrigReport Events total = 2000000 passed = 12902 failed = 1987098
   271 : section 00273  was running on murat-31861550-273-fnpc8208.fnal.gov     , mu2egrid exit status:   0 TrigReport Events total = 2000000 passed = 12855 failed = 1987145
   272 : section 00274  was running on murat-31861550-274-fnpc7308.fnal.gov     , mu2egrid exit status:   0 TrigReport Events total = 2000000 passed = 12865 failed = 1987135
   273 : section 00275  was running on murat-31861550-275-fnpc7202.fnal.gov     , mu2egrid exit status:   0 TrigReport Events total = 2000000 passed = 13113 failed = 1986887
   274 : section 00276  was running on murat-31861550-276-fnpc8011.fnal.gov     , mu2egrid exit status:   0 TrigReport Events total = 2000000 passed = 13142 failed = 1986858
   275 : section 00277  was running on murat-31861550-277-fnpc9043.fnal.gov     , mu2egrid exit status:   0 TrigReport Events total = 2000000 passed = 12930 failed = 1987070
   276 : section 00278  was running on murat-31861550-278-fnpc9058.fnal.gov     , mu2egrid exit status:   0 TrigReport Events total = 2000000 passed = 12905 failed = 1987095
   277 : section 00279  was running on murat-31861550-279-fnpc9027.fnal.gov     , mu2egrid exit status:   0 TrigReport Events total = 2000000 passed = 12672 failed = 1987328
   278 : section 00280  was running on murat-31861550-280-fnpc7206.fnal.gov     , mu2egrid exit status:   0 TrigReport Events total = 2000000 passed = 12853 failed = 1987147
   279 : section 00281  was running on murat-31861550-281-fnpc9012.fnal.gov     , mu2egrid exit status:   0 TrigReport Events total = 2000000 passed = 12535 failed = 1987465
   280 : section 00282  was running on murat-31861550-282-fnpc9033.fnal.gov     , mu2egrid exit status:   0 TrigReport Events total = 2000000 passed = 12781 failed = 1987219
   281 : section 00283  was running on murat-31861550-283-fnpc9018.fnal.gov     , mu2egrid exit status:   0 TrigReport Events total = 2000000 passed = 12819 failed = 1987181
   282 : section 00284  was running on murat-31861550-284-fnpc6025.fnal.gov     , mu2egrid exit status:   0 TrigReport Events total = 2000000 passed = 12511 failed = 1987489
   283 : section 00285  was running on murat-31861550-285-fnpc9028.fnal.gov     , mu2egrid exit status:   0 TrigReport Events total = 2000000 passed = 12969 failed = 1987031
   284 : section 00286  was running on murat-31861550-286-fnpc17157.fnal.gov    , mu2egrid exit status:   0 TrigReport Events total = 2000000 passed = 12449 failed = 1987551
   285 : section 00287  was running on murat-31861550-287-fnpc9073.fnal.gov     , mu2egrid exit status:   0 TrigReport Events total = 2000000 passed = 12869 failed = 1987131
   286 : section 00288  was running on murat-31861550-288-fnpc17114.fnal.gov    , mu2egrid exit status:   0 TrigReport Events total = 2000000 passed = 12564 failed = 1987436
   287 : section 00289  was running on murat-31861550-289-fnpc17135.fnal.gov    , mu2egrid exit status:   0 TrigReport Events total = 2000000 passed = 12994 failed = 1987006
   288 : section 00290  was running on murat-31861550-290-fnpc9059.fnal.gov     , mu2egrid exit status:   0 TrigReport Events total = 2000000 passed = 12290 failed = 1987710
   289 : section 00291  was running on murat-31861550-291-fnpc8009.fnal.gov     , mu2egrid exit status:   0 TrigReport Events total = 2000000 passed = 13250 failed = 1986750
   290 : section 00292  was running on murat-31861550-292-fnpc17121.fnal.gov    , mu2egrid exit status:   0 TrigReport Events total = 2000000 passed = 12882 failed = 1987118
   291 : section 00293  was running on murat-31861550-293-fnpc9022.fnal.gov     , mu2egrid exit status:   0 TrigReport Events total = 2000000 passed = 12635 failed = 1987365
   292 : section 00294  was running on murat-31861550-294-fnpc9052.fnal.gov     , mu2egrid exit status:   0 TrigReport Events total = 2000000 passed = 12760 failed = 1987240
   293 : section 00295  was running on murat-31861550-295-fnpc17137.fnal.gov    , mu2egrid exit status:   0 TrigReport Events total = 2000000 passed = 12918 failed = 1987082
   294 : section 00296  was running on murat-31861550-296-fnpc9065.fnal.gov     , mu2egrid exit status:   0 TrigReport Events total = 2000000 passed = 12874 failed = 1987126
   295 : section 00297  was running on murat-31861550-297-fnpc17142.fnal.gov    , mu2egrid exit status:   0 TrigReport Events total = 2000000 passed = 13182 failed = 1986818
   296 : section 00298  was running on murat-31861550-298-fnpc7015.fnal.gov     , mu2egrid exit status:   0 TrigReport Events total = 2000000 passed = 13373 failed = 1986627
   297 : section 00299  was running on murat-31861550-299-fnpc6013.fnal.gov     , mu2egrid exit status:   0 TrigReport Events total = 2000000 passed = 12904 failed = 1987096
   298 : section 00300  was running on murat-31861550-300-fnpc9057.fnal.gov     , mu2egrid exit status:   0 TrigReport Events total = 2000000 passed = 12772 failed = 1987228
   299 : section 00301  was running on murat-31861550-301-fnpc6017.fnal.gov     , mu2egrid exit status:   0 TrigReport Events total = 2000000 passed = 13143 failed = 1986857
   300 : section 00302  was running on murat-31861550-302-fnpc6031.fnal.gov     , mu2egrid exit status:   0 TrigReport Events total = 2000000 passed = 12868 failed = 1987132
   301 : section 00303  was running on murat-31861550-303-fnpc19106.fnal.gov    , mu2egrid exit status:   0 TrigReport Events total = 2000000 passed = 12661 failed = 1987339
   302 : section 00304  was running on murat-31861550-304-fnpc6010.fnal.gov     , mu2egrid exit status:   0 TrigReport Events total = 2000000 passed = 12352 failed = 1987648
   303 : section 00305  was running on murat-31861550-305-fnpc19101.fnal.gov    , mu2egrid exit status:   0 TrigReport Events total = 2000000 passed = 12942 failed = 1987058
   304 : section 00306  was running on murat-31861550-306-fnpc19140.fnal.gov    , mu2egrid exit status:   0 TrigReport Events total = 2000000 passed = 13236 failed = 1986764
   305 : section 00307  was running on murat-31861550-307-fnpc19123.fnal.gov    , mu2egrid exit status:   0 TrigReport Events total = 2000000 passed = 12935 failed = 1987065
   306 : section 00308  was running on murat-31861550-308-fnpc19141.fnal.gov    , mu2egrid exit status:   0 TrigReport Events total = 2000000 passed = 12670 failed = 1987330
   307 : section 00309  was running on murat-31861550-309-fnpc19134.fnal.gov    , mu2egrid exit status:   0 TrigReport Events total = 2000000 passed = 12664 failed = 1987336
   308 : section 00310  was running on murat-31861550-310-fnpc7206.fnal.gov     , mu2egrid exit status:   0 TrigReport Events total = 2000000 passed = 12601 failed = 1987399
   309 : section 00311  was running on murat-31861550-311-fnpc9018.fnal.gov     , mu2egrid exit status:   0 TrigReport Events total = 2000000 passed = 12867 failed = 1987133
   310 : section 00312  was running on murat-31861550-312-fnpc8009.fnal.gov     , mu2egrid exit status:   0 TrigReport Events total = 2000000 passed = 12767 failed = 1987233
   311 : section 00313  was running on murat-31861550-313-fnpc17125.fnal.gov    , mu2egrid exit status:   0 TrigReport Events total = 2000000 passed = 13082 failed = 1986918
   312 : section 00314  was running on murat-31861550-314-fnpc9059.fnal.gov     , mu2egrid exit status:   0 TrigReport Events total = 2000000 passed = 13277 failed = 1986723
   313 : section 00315  was running on murat-31861550-315-fnpc17121.fnal.gov    , mu2egrid exit status:   0 TrigReport Events total = 2000000 passed = 12962 failed = 1987038
   314 : section 00316  was running on murat-31861550-316-fnpc17137.fnal.gov    , mu2egrid exit status:   0 TrigReport Events total = 2000000 passed = 12601 failed = 1987399
   315 : section 00317  was running on murat-31861550-317-fnpc7015.fnal.gov     , mu2egrid exit status:   0 TrigReport Events total = 2000000 passed = 12632 failed = 1987368
   316 : section 00318  was running on murat-31861550-318-fnpc8011.fnal.gov     , mu2egrid exit status:   0 TrigReport Events total = 2000000 passed = 12584 failed = 1987416
   317 : section 00319  was running on murat-31861550-319-fnpc6013.fnal.gov     , mu2egrid exit status:   0 TrigReport Events total = 2000000 passed = 12955 failed = 1987045
   318 : section 00320  was running on murat-31861550-320-fnpc6017.fnal.gov     , mu2egrid exit status:   0 TrigReport Events total = 2000000 passed = 12816 failed = 1987184
   319 : section 00321  was running on murat-31861550-321-fnpc19140.fnal.gov    , mu2egrid exit status:   0 TrigReport Events total = 2000000 passed = 12824 failed = 1987176
   320 : section 00322  was running on murat-31861550-322-fnpc19123.fnal.gov    , mu2egrid exit status:   0 TrigReport Events total = 2000000 passed = 12700 failed = 1987300
   321 : section 00323  was running on murat-31861550-323-fnpc9018.fnal.gov     , mu2egrid exit status:   0 TrigReport Events total = 2000000 passed = 12835 failed = 1987165
   322 : section 00324  was running on murat-31861550-324-fnpc17121.fnal.gov    , mu2egrid exit status:   0 TrigReport Events total = 2000000 passed = 12845 failed = 1987155
   323 : section 00325  was running on murat-31861550-325-fnpc6013.fnal.gov     , mu2egrid exit status:   0 TrigReport Events total = 2000000 passed = 12726 failed = 1987274
   324 : section 00326  was running on murat-31861550-326-fnpc17121.fnal.gov    , mu2egrid exit status:   0 TrigReport Events total = 2000000 passed = 12314 failed = 1987686
   325 : section 00327  was running on murat-31861550-327-fnpc17121.fnal.gov    , mu2egrid exit status:   0 TrigReport Events total = 2000000 passed = 12673 failed = 1987327
   326 : section 00328  was running on murat-31861550-328-fnpc19134.fnal.gov    , mu2egrid exit status:   0 TrigReport Events total = 2000000 passed = 13152 failed = 1986848
   327 : section 00329  was running on murat-31861550-329-fnpc6013.fnal.gov     , mu2egrid exit status:   0 TrigReport Events total = 2000000 passed = 13134 failed = 1986866
   328 : section 00330  was running on murat-31861550-330-fnpc9073.fnal.gov     , mu2egrid exit status:   0 TrigReport Events total = 2000000 passed = 12951 failed = 1987049
   329 : section 00331  was running on murat-31861550-331-fnpc9027.fnal.gov     , mu2egrid exit status:   0 TrigReport Events total = 2000000 passed = 12786 failed = 1987214
   330 : section 00332  was running on murat-31861550-332-fnpc9033.fnal.gov     , mu2egrid exit status:   0 TrigReport Events total = 2000000 passed = 12734 failed = 1987266
   331 : section 00333  was running on murat-31861550-333-fnpc19134.fnal.gov    , mu2egrid exit status:   0 TrigReport Events total = 2000000 passed = 12465 failed = 1987535
   332 : section 00334  was running on murat-31861550-334-fnpc19134.fnal.gov    , mu2egrid exit status:   0 TrigReport Events total = 2000000 passed = 13075 failed = 1986925
   333 : section 00335  was running on murat-31861550-335-fnpc9073.fnal.gov     , mu2egrid exit status:   0 TrigReport Events total = 2000000 passed = 12550 failed = 1987450
   334 : section 00336  was running on murat-31861550-336-fnpc9073.fnal.gov     , mu2egrid exit status:   0 TrigReport Events total = 2000000 passed = 12752 failed = 1987248
   335 : section 00337  was running on murat-31861550-337-fnpc9052.fnal.gov     , mu2egrid exit status:   0 TrigReport Events total = 2000000 passed = 13111 failed = 1986889
   336 : section 00338  was running on murat-31861550-338-fnpc19134.fnal.gov    , mu2egrid exit status:   0 TrigReport Events total = 2000000 passed = 12846 failed = 1987154
   337 : section 00339  was running on murat-31861550-339-fnpc9073.fnal.gov     , mu2egrid exit status:   0 TrigReport Events total = 2000000 passed = 12540 failed = 1987460
   338 : section 00340  was running on murat-31861550-340-fnpc19134.fnal.gov    , mu2egrid exit status:   0 TrigReport Events total = 2000000 passed = 12577 failed = 1987423
   339 : section 00341  was running on murat-31861550-341-fnpc7209.fnal.gov     , mu2egrid exit status:   0 TrigReport Events total = 2000000 passed = 12795 failed = 1987205
   340 : section 00342  was running on murat-31861550-342-fnpc17150.fnal.gov    , mu2egrid exit status:   0 TrigReport Events total = 2000000 passed = 12690 failed = 1987310
   341 : section 00343  was running on murat-31861550-343-fnpc9020.fnal.gov     , mu2egrid exit status:   0 TrigReport Events total = 2000000 passed = 12996 failed = 1987004
   342 : section 00344  was running on murat-31861550-344-fnpc7204.fnal.gov     , mu2egrid exit status:   0 TrigReport Events total = 2000000 passed = 13210 failed = 1986790
   343 : section 00345  was running on murat-31861550-345-fnpc17120.fnal.gov    , mu2egrid exit status:   0 TrigReport Events total = 2000000 passed = 12757 failed = 1987243
   344 : section 00346  was running on murat-31861550-346-fnpc17154.fnal.gov    , mu2egrid exit status:   0 TrigReport Events total = 2000000 passed = 13128 failed = 1986872
   345 : section 00347  was running on murat-31861550-347-fnpc17110.fnal.gov    , mu2egrid exit status:   0 TrigReport Events total = 2000000 passed = 13041 failed = 1986959
   346 : section 00348  was running on murat-31861550-348-fnpc9104.fnal.gov     , mu2egrid exit status:   0 TrigReport Events total = 2000000 passed = 12911 failed = 1987089
   347 : section 00349  was running on murat-31861550-349-fnpc9025.fnal.gov     , mu2egrid exit status:   0 TrigReport Events total = 2000000 passed = 12881 failed = 1987119
   348 : section 00350  was running on murat-31861550-350-fnpc17157.fnal.gov    , mu2egrid exit status:   0 TrigReport Events total = 2000000 passed = 12900 failed = 1987100
   349 : section 00351  was running on murat-31861550-351-fnpc9051.fnal.gov     , mu2egrid exit status:   0 TrigReport Events total = 2000000 passed = 12857 failed = 1987143
   350 : section 00352  was running on murat-31861550-352-fnpc9038.fnal.gov     , mu2egrid exit status:   0 TrigReport Events total = 2000000 passed = 12773 failed = 1987227
   351 : section 00353  was running on murat-31861550-353-fnpc9056.fnal.gov     , mu2egrid exit status:   0 TrigReport Events total = 2000000 passed = 12781 failed = 1987219
   352 : section 00354  was running on murat-31861550-354-fnpc7005.fnal.gov     , mu2egrid exit status:   0 TrigReport Events total = 2000000 passed = 13012 failed = 1986988
   353 : section 00355  was running on murat-31861550-355-fnpc7007.fnal.gov     , mu2egrid exit status:   0 TrigReport Events total = 2000000 passed = 12972 failed = 1987028
   354 : section 00356  was running on murat-31861550-356-fnpc6028.fnal.gov     , mu2egrid exit status:   0 TrigReport Events total = 2000000 passed = 13176 failed = 1986824
   355 : section 00357  was running on murat-31861550-357-fnpc7022.fnal.gov     , mu2egrid exit status:   0 TrigReport Events total = 2000000 passed = 12785 failed = 1987215
   356 : section 00358  was running on murat-31861550-358-fnpc6020.fnal.gov     , mu2egrid exit status:   0 TrigReport Events total = 2000000 passed = 12916 failed = 1987084
   357 : section 00359  was running on murat-31861550-359-fnpc19129.fnal.gov    , mu2egrid exit status:   0 TrigReport Events total = 2000000 passed = 12663 failed = 1987337
   358 : section 00360  was running on murat-31861550-360-fnpc19130.fnal.gov    , mu2egrid exit status:   0 TrigReport Events total = 2000000 passed = 12938 failed = 1987062
   359 : section 00361  was running on murat-31861550-361-fnpc19140.fnal.gov    , mu2egrid exit status:   0 TrigReport Events total = 2000000 passed = 12842 failed = 1987158
   360 : section 00362  was running on murat-31861550-362-fnpc19138.fnal.gov    , mu2egrid exit status:   0 TrigReport Events total = 2000000 passed = 12463 failed = 1987537
   361 : section 00363  was running on murat-31861550-363-fnpc19128.fnal.gov    , mu2egrid exit status:   0 TrigReport Events total = 2000000 passed = 12946 failed = 1987054
   362 : section 00364  was running on murat-31861550-364-fnpc19130.fnal.gov    , mu2egrid exit status:   0 TrigReport Events total = 2000000 passed = 12655 failed = 1987345
   363 : section 00365  was running on murat-31861550-365-fnpc7021.fnal.gov     , mu2egrid exit status:   0 TrigReport Events total = 2000000 passed = 12643 failed = 1987357
   364 : section 00366  was running on murat-31861550-366-fnpc9045.fnal.gov     , mu2egrid exit status:   0 TrigReport Events total = 2000000 passed = 12970 failed = 1987030
   365 : section 00367  was running on murat-31861550-367-fnpc17140.fnal.gov    , mu2egrid exit status:   0 TrigReport Events total = 2000000 passed = 12408 failed = 1987592
   366 : section 00368  was running on murat-31861550-368-fnpc17111.fnal.gov    , mu2egrid exit status:   0 TrigReport Events total = 2000000 passed = 12881 failed = 1987119
   367 : section 00369  was running on murat-31861550-369-fnpc9002.fnal.gov     , mu2egrid exit status:   0 TrigReport Events total = 2000000 passed = 12775 failed = 1987225
   368 : section 00370  was running on murat-31861550-370-fnpc5024.fnal.gov     , mu2egrid exit status:   0 TrigReport Events total = 2000000 passed = 12779 failed = 1987221
   369 : section 00371  was running on murat-31861550-371-fnpc9013.fnal.gov     , mu2egrid exit status:   0 TrigReport Events total = 2000000 passed = 12622 failed = 1987378
   370 : section 00372  was running on murat-31861550-372-fnpc6000.fnal.gov     , mu2egrid exit status:   0 TrigReport Events total = 2000000 passed = 13310 failed = 1986690
   371 : section 00373  was running on murat-31861550-373-fnpc5014.fnal.gov     , mu2egrid exit status:   0 TrigReport Events total = 2000000 passed = 12913 failed = 1987087
   372 : section 00374  was running on murat-31861550-374-fnpc9064.fnal.gov     , mu2egrid exit status:   0 TrigReport Events total = 2000000 passed = 12518 failed = 1987482
   373 : section 00375  was running on murat-31861550-375-fnpc9049.fnal.gov     , mu2egrid exit status:   0 TrigReport Events total = 2000000 passed = 12670 failed = 1987330
   374 : section 00376  was running on murat-31861550-376-fnpc6027.fnal.gov     , mu2egrid exit status:   0 TrigReport Events total = 2000000 passed = 12787 failed = 1987213
   375 : section 00377  was running on murat-31861550-377-fnpc17127.fnal.gov    , mu2egrid exit status:   0 TrigReport Events total = 2000000 passed = 13134 failed = 1986866
   376 : section 00378  was running on murat-31861550-378-fnpc9017.fnal.gov     , mu2egrid exit status:   0 TrigReport Events total = 2000000 passed = 12523 failed = 1987477
   377 : section 00379  was running on murat-31861550-379-fnpc7002.fnal.gov     , mu2egrid exit status:   0 TrigReport Events total = 2000000 passed = 12603 failed = 1987397
   378 : section 00380  was running on murat-31861550-380-fnpc7026.fnal.gov     , mu2egrid exit status:   0 TrigReport Events total = 2000000 passed = 12517 failed = 1987483
   379 : section 00381  was running on murat-31861550-381-fnpc19137.fnal.gov    , mu2egrid exit status:   0 TrigReport Events total = 2000000 passed = 13036 failed = 1986964
   380 : section 00382  was running on murat-31861550-382-fnpc19109.fnal.gov    , mu2egrid exit status:   0 TrigReport Events total = 2000000 passed = 12793 failed = 1987207
   381 : section 00383  was running on murat-31861550-383-fnpc19101.fnal.gov    , mu2egrid exit status:   0 TrigReport Events total = 2000000 passed = 12465 failed = 1987535
   382 : section 00384  was running on murat-31861550-384-fnpc9064.fnal.gov     , mu2egrid exit status:   0 TrigReport Events total = 2000000 passed = 12936 failed = 1987064
   383 : section 00385  was running on murat-31861550-385-fnpc17127.fnal.gov    , mu2egrid exit status:   0 TrigReport Events total = 2000000 passed = 12739 failed = 1987261
   384 : section 00386  was running on murat-31861550-386-fnpc9064.fnal.gov     , mu2egrid exit status:   0 TrigReport Events total = 2000000 passed = 13135 failed = 1986865
   385 : section 00387  was running on murat-31861550-387-fnpc17127.fnal.gov    , mu2egrid exit status:   0 TrigReport Events total = 2000000 passed = 13154 failed = 1986846
   386 : section 00388  was running on murat-31861550-388-fnpc17127.fnal.gov    , mu2egrid exit status:   0 TrigReport Events total = 2000000 passed = 12469 failed = 1987531
   387 : section 00389  was running on murat-31861550-389-fnpc9062.fnal.gov     , mu2egrid exit status:   0 TrigReport Events total = 2000000 passed = 13177 failed = 1986823
   388 : section 00390  was running on murat-31861550-390-fnpc17108.fnal.gov    , mu2egrid exit status:   0 TrigReport Events total = 2000000 passed = 12525 failed = 1987475
   389 : section 00391  was running on murat-31861550-391-fnpc17140.fnal.gov    , mu2egrid exit status:   0 TrigReport Events total = 2000000 passed = 13276 failed = 1986724
   390 : section 00392  was running on murat-31861550-392-fnpc17121.fnal.gov    , mu2egrid exit status:   0 TrigReport Events total = 2000000 passed = 12494 failed = 1987506
   391 : section 00393  was running on murat-31861550-393-fnpc9101.fnal.gov     , mu2egrid exit status:   0 TrigReport Events total = 2000000 passed = 12942 failed = 1987058
   392 : section 00394  was running on murat-31861550-394-fnpc17154.fnal.gov    , mu2egrid exit status:   0 TrigReport Events total = 2000000 passed = 12997 failed = 1987003
   393 : section 00395  was running on murat-31861550-395-fnpc9058.fnal.gov     , mu2egrid exit status:   0 TrigReport Events total = 2000000 passed = 12910 failed = 1987090
   394 : section 00396  was running on murat-31861550-396-fnpc9053.fnal.gov     , mu2egrid exit status:   0 TrigReport Events total = 2000000 passed = 12823 failed = 1987177
   395 : section 00397  was running on murat-31861550-397-fnpc17129.fnal.gov    , mu2egrid exit status:   0 TrigReport Events total = 2000000 passed = 12647 failed = 1987353
   396 : section 00398  was running on murat-31861550-398-fnpc17132.fnal.gov    , mu2egrid exit status:   0 TrigReport Events total = 2000000 passed = 13272 failed = 1986728
   397 : section 00399  was running on murat-31861550-399-fnpc8013.fnal.gov     , mu2egrid exit status:   0 TrigReport Events total = 2000000 passed = 12569 failed = 1987431
   398 : section 00400  was running on murat-31861550-400-fnpc17110.fnal.gov    , mu2egrid exit status:   0 TrigReport Events total = 2000000 passed = 12761 failed = 1987239
   399 : section 00401  was running on murat-31861550-401-fnpc9035.fnal.gov     , mu2egrid exit status:   0 TrigReport Events total = 2000000 passed = 13228 failed = 1986772
   400 : section 00402  was running on murat-31861550-402-fnpc17130.fnal.gov    , mu2egrid exit status:   0 TrigReport Events total = 2000000 passed = 12697 failed = 1987303
   401 : section 00403  was running on murat-31861550-403-fnpc9104.fnal.gov     , mu2egrid exit status:   0 TrigReport Events total = 2000000 passed = 13240 failed = 1986760
   402 : section 00404  was running on murat-31861550-404-fnpc9044.fnal.gov     , mu2egrid exit status:   0 TrigReport Events total = 2000000 passed = 12835 failed = 1987165
   403 : section 00405  was running on murat-31861550-405-fnpc9066.fnal.gov     , mu2egrid exit status:   0 TrigReport Events total = 2000000 passed = 12722 failed = 1987278
   404 : section 00406  was running on murat-31861550-406-fnpc9006.fnal.gov     , mu2egrid exit status:   0 TrigReport Events total = 2000000 passed = 12376 failed = 1987624
   405 : section 00407  was running on murat-31861550-407-fnpc9108.fnal.gov     , mu2egrid exit status:   0 TrigReport Events total = 2000000 passed = 12793 failed = 1987207
   406 : section 00408  was running on murat-31861550-408-fnpc9032.fnal.gov     , mu2egrid exit status:   0 TrigReport Events total = 2000000 passed = 12856 failed = 1987144
   407 : section 00409  was running on murat-31861550-409-fnpc17159.fnal.gov    , mu2egrid exit status:   0 TrigReport Events total = 2000000 passed = 12517 failed = 1987483
   408 : section 00410  was running on murat-31861550-410-fnpc9022.fnal.gov     , mu2egrid exit status:   0 TrigReport Events total = 2000000 passed = 12476 failed = 1987524
   409 : section 00411  was running on murat-31861550-411-fnpc5018.fnal.gov     , mu2egrid exit status:   0 TrigReport Events total = 2000000 passed = 13191 failed = 1986809
   410 : section 00412  was running on murat-31861550-412-fnpc9063.fnal.gov     , mu2egrid exit status:   0 TrigReport Events total = 2000000 passed = 12261 failed = 1987739
   411 : section 00413  was running on murat-31861550-413-fnpc6023.fnal.gov     , mu2egrid exit status:   0 TrigReport Events total = 2000000 passed = 12737 failed = 1987263
   412 : section 00414  was running on murat-31861550-414-fnpc9010.fnal.gov     , mu2egrid exit status:   0 TrigReport Events total = 2000000 passed = 13010 failed = 1986990
   413 : section 00415  was running on murat-31861550-415-fnpc17118.fnal.gov    , mu2egrid exit status:   0 TrigReport Events total = 2000000 passed = 12995 failed = 1987005
   414 : section 00416  was running on murat-31861550-416-fnpc6028.fnal.gov     , mu2egrid exit status:   0 TrigReport Events total = 2000000 passed = 13020 failed = 1986980
   415 : section 00417  was running on murat-31861550-417-fnpc7013.fnal.gov     , mu2egrid exit status:   0 TrigReport Events total = 2000000 passed = 13019 failed = 1986981
   416 : section 00418  was running on murat-31861550-418-fnpc19127.fnal.gov    , mu2egrid exit status:   0 TrigReport Events total = 2000000 passed = 12674 failed = 1987326
   417 : section 00419  was running on murat-31861550-419-fnpc7002.fnal.gov     , mu2egrid exit status:   0 TrigReport Events total = 2000000 passed = 12582 failed = 1987418
   418 : section 00420  was running on murat-31861550-420-fnpc7026.fnal.gov     , mu2egrid exit status:   0 TrigReport Events total = 2000000 passed = 12856 failed = 1987144
   419 : section 00421  was running on murat-31861550-421-fnpc17113.fnal.gov    , mu2egrid exit status:   0 TrigReport Events total = 2000000 passed = 13189 failed = 1986811
   420 : section 00422  was running on murat-31861550-422-fnpc19137.fnal.gov    , mu2egrid exit status:   0 TrigReport Events total = 2000000 passed = 12738 failed = 1987262
   421 : section 00423  was running on murat-31861550-423-fnpc19101.fnal.gov    , mu2egrid exit status:   0 TrigReport Events total = 2000000 passed = 12976 failed = 1987024
   422 : section 00424  was running on murat-31861550-424-fnpc9062.fnal.gov     , mu2egrid exit status:   0 TrigReport Events total = 2000000 passed = 12971 failed = 1987029
   423 : section 00425  was running on murat-31861550-425-fnpc8013.fnal.gov     , mu2egrid exit status:   0 TrigReport Events total = 2000000 passed = 12547 failed = 1987453
   424 : section 00426  was running on murat-31861550-426-fnpc17118.fnal.gov    , mu2egrid exit status:   0 TrigReport Events total = 2000000 passed = 12743 failed = 1987257
   425 : section 00427  was running on murat-31861550-427-fnpc9010.fnal.gov     , mu2egrid exit status:   0 TrigReport Events total = 2000000 passed = 13021 failed = 1986979
   426 : section 00428  was running on murat-31861550-428-fnpc8013.fnal.gov     , mu2egrid exit status:   0 TrigReport Events total = 2000000 passed = 12766 failed = 1987234
   427 : section 00429  was running on murat-31861550-429-fnpc9053.fnal.gov     , mu2egrid exit status:   0 TrigReport Events total = 2000000 passed = 13134 failed = 1986866
   428 : section 00430  was running on murat-31861550-430-fnpc9012.fnal.gov     , mu2egrid exit status:   0 TrigReport Events total = 2000000 passed = 13025 failed = 1986975
   429 : section 00431  was running on murat-31861550-431-fnpc17141.fnal.gov    , mu2egrid exit status:   0 TrigReport Events total = 2000000 passed = 12971 failed = 1987029
   430 : section 00432  was running on murat-31861550-432-fnpc9026.fnal.gov     , mu2egrid exit status:   0 TrigReport Events total = 2000000 passed = 12635 failed = 1987365
   431 : section 00433  was running on murat-31861550-433-fnpc7202.fnal.gov     , mu2egrid exit status:   0 TrigReport Events total = 2000000 passed = 12912 failed = 1987088
   432 : section 00434  was running on murat-31861550-434-fnpc7204.fnal.gov     , mu2egrid exit status:   0 TrigReport Events total = 2000000 passed = 12331 failed = 1987669
   433 : section 00435  was running on murat-31861550-435-fnpc17139.fnal.gov    , mu2egrid exit status:   0 TrigReport Events total = 2000000 passed = 12827 failed = 1987173
   434 : section 00436  was running on murat-31861550-436-fnpc9002.fnal.gov     , mu2egrid exit status:   0 TrigReport Events total = 2000000 passed = 13059 failed = 1986941
   435 : section 00437  was running on murat-31861550-437-fnpc9013.fnal.gov     , mu2egrid exit status:   0 TrigReport Events total = 2000000 passed = 12653 failed = 1987347
   436 : section 00438  was running on murat-31861550-438-fnpc9004.fnal.gov     , mu2egrid exit status:   0 TrigReport Events total = 2000000 passed = 13262 failed = 1986738
   437 : section 00439  was running on murat-31861550-439-fnpc9036.fnal.gov     , mu2egrid exit status:   0 TrigReport Events total = 2000000 passed = 13017 failed = 1986983
   438 : section 00440  was running on murat-31861550-440-fnpc8024.fnal.gov     , mu2egrid exit status:   0 TrigReport Events total = 2000000 passed = 13041 failed = 1986959
   439 : section 00441  was running on murat-31861550-441-fnpc9028.fnal.gov     , mu2egrid exit status:   0 TrigReport Events total = 2000000 passed = 12819 failed = 1987181
   440 : section 00442  was running on murat-31861550-442-fnpc17134.fnal.gov    , mu2egrid exit status:   0 TrigReport Events total = 2000000 passed = 13198 failed = 1986802
   441 : section 00443  was running on murat-31861550-443-fnpc5036.fnal.gov     , mu2egrid exit status:   0 TrigReport Events total = 2000000 passed = 12715 failed = 1987285
   442 : section 00444  was running on murat-31861550-444-fnpc17127.fnal.gov    , mu2egrid exit status:   0 TrigReport Events total = 2000000 passed = 13093 failed = 1986907
   443 : section 00445  was running on murat-31861550-445-fnpc9038.fnal.gov     , mu2egrid exit status:   0 TrigReport Events total = 2000000 passed = 13050 failed = 1986950
   444 : section 00446  was running on murat-31861550-446-fnpc9015.fnal.gov     , mu2egrid exit status:   0 TrigReport Events total = 2000000 passed = 12762 failed = 1987238
   445 : section 00447  was running on murat-31861550-447-fnpc6017.fnal.gov     , mu2egrid exit status:   0 TrigReport Events total = 2000000 passed = 12733 failed = 1987267
   446 : section 00448  was running on murat-31861550-448-fnpc6005.fnal.gov     , mu2egrid exit status:   0 TrigReport Events total = 2000000 passed = 12428 failed = 1987572
   447 : section 00449  was running on murat-31861550-449-fnpc6018.fnal.gov     , mu2egrid exit status:   0 TrigReport Events total = 2000000 passed = 12979 failed = 1987021
   448 : section 00450  was running on murat-31861550-450-fnpc19106.fnal.gov    , mu2egrid exit status:   0 TrigReport Events total = 2000000 passed = 13254 failed = 1986746
   449 : section 00451  was running on murat-31861550-451-fnpc19130.fnal.gov    , mu2egrid exit status:   0 TrigReport Events total = 2000000 passed = 12607 failed = 1987393
   450 : section 00452  was running on murat-31861550-452-fnpc19115.fnal.gov    , mu2egrid exit status:   0 TrigReport Events total = 2000000 passed = 12841 failed = 1987159
   451 : section 00453  was running on murat-31861550-453-fnpc19124.fnal.gov    , mu2egrid exit status:   0 TrigReport Events total = 2000000 passed = 12934 failed = 1987066
   452 : section 00454  was running on murat-31861550-454-fnpc9012.fnal.gov     , mu2egrid exit status:   0 TrigReport Events total = 2000000 passed = 12842 failed = 1987158
   453 : section 00455  was running on murat-31861550-455-fnpc19126.fnal.gov    , mu2egrid exit status:   0 TrigReport Events total = 2000000 passed = 13136 failed = 1986864
   454 : section 00456  was running on murat-31861550-456-fnpc8024.fnal.gov     , mu2egrid exit status:   0 TrigReport Events total = 2000000 passed = 12957 failed = 1987043
   455 : section 00457  was running on murat-31861550-457-fnpc6017.fnal.gov     , mu2egrid exit status:   0 TrigReport Events total = 2000000 passed = 13029 failed = 1986971
   456 : section 00458  was running on murat-31861550-458-fnpc9012.fnal.gov     , mu2egrid exit status:   0 TrigReport Events total = 2000000 passed = 13037 failed = 1986963
   457 : section 00459  was running on murat-31861550-459-fnpc19124.fnal.gov    , mu2egrid exit status:   0 TrigReport Events total = 2000000 passed = 12900 failed = 1987100
   458 : section 00460  was running on murat-31861550-460-fnpc9036.fnal.gov     , mu2egrid exit status:   0 TrigReport Events total = 2000000 passed = 12930 failed = 1987070
   459 : section 00461  was running on murat-31861550-461-fnpc9026.fnal.gov     , mu2egrid exit status:   0 TrigReport Events total = 2000000 passed = 12998 failed = 1987002
   460 : section 00462  was running on murat-31861550-462-fnpc9036.fnal.gov     , mu2egrid exit status:   0 TrigReport Events total = 2000000 passed = 12738 failed = 1987262
   461 : section 00463  was running on murat-31861550-463-fnpc9036.fnal.gov     , mu2egrid exit status:   0 TrigReport Events total = 2000000 passed = 12546 failed = 1987454
   462 : section 00464  was running on murat-31861550-464-fnpc9036.fnal.gov     , mu2egrid exit status:   0 TrigReport Events total = 2000000 passed = 12987 failed = 1987013
   463 : section 00465  was running on murat-31861550-465-fnpc17149.fnal.gov    , mu2egrid exit status:   0 TrigReport Events total = 2000000 passed = 12950 failed = 1987050
   464 : section 00466  was running on murat-31861550-466-fnpc7021.fnal.gov     , mu2egrid exit status:   0 TrigReport Events total = 2000000 passed = 12617 failed = 1987383
   465 : section 00467  was running on murat-31861550-467-fnpc9070.fnal.gov     , mu2egrid exit status:   0 TrigReport Events total = 2000000 passed = 12707 failed = 1987293
   466 : section 00468  was running on murat-31861550-468-fnpc17143.fnal.gov    , mu2egrid exit status:   0 TrigReport Events total = 2000000 passed = 13149 failed = 1986851
   467 : section 00469  was running on murat-31861550-469-fnpc9041.fnal.gov     , mu2egrid exit status:   0 TrigReport Events total = 2000000 passed = 12823 failed = 1987177
   468 : section 00470  was running on murat-31861550-470-fnpc9079.fnal.gov     , mu2egrid exit status:   0 TrigReport Events total = 2000000 passed = 12982 failed = 1987018
   469 : section 00471  was running on murat-31861550-471-fnpc9101.fnal.gov     , mu2egrid exit status:   0 TrigReport Events total = 2000000 passed = 12788 failed = 1987212
   470 : section 00472  was running on murat-31861550-472-fnpc8002.fnal.gov     , mu2egrid exit status:   0 TrigReport Events total = 2000000 passed = 12500 failed = 1987500
   471 : section 00473  was running on murat-31861550-473-fnpc9053.fnal.gov     , mu2egrid exit status:   0 TrigReport Events total = 2000000 passed = 12750 failed = 1987250
   472 : section 00474  was running on murat-31861550-474-fnpc8026.fnal.gov     , mu2egrid exit status:   0 TrigReport Events total = 2000000 passed = 12439 failed = 1987561
   473 : section 00475  was running on murat-31861550-475-fnpc17129.fnal.gov    , mu2egrid exit status:   0 TrigReport Events total = 2000000 passed = 12746 failed = 1987254
   474 : section 00476  was running on murat-31861550-476-fnpc17133.fnal.gov    , mu2egrid exit status:   0 TrigReport Events total = 2000000 passed = 12709 failed = 1987291
   475 : section 00477  was running on murat-31861550-477-fnpc8014.fnal.gov     , mu2egrid exit status:   0 TrigReport Events total = 2000000 passed = 12758 failed = 1987242
   476 : section 00478  was running on murat-31861550-478-fnpc17124.fnal.gov    , mu2egrid exit status:   0 TrigReport Events total = 2000000 passed = 12818 failed = 1987182
   477 : section 00479  was running on murat-31861550-479-fnpc8013.fnal.gov     , mu2egrid exit status:   0 TrigReport Events total = 2000000 passed = 12858 failed = 1987142
   478 : section 00480  was running on murat-31861550-480-fnpc9046.fnal.gov     , mu2egrid exit status:   0 TrigReport Events total = 2000000 passed = 12790 failed = 1987210
   479 : section 00481  was running on murat-31861550-481-fnpc9069.fnal.gov     , mu2egrid exit status:   0 TrigReport Events total = 2000000 passed = 12992 failed = 1987008
   480 : section 00482  was running on murat-31861550-482-fnpc9059.fnal.gov     , mu2egrid exit status:   0 TrigReport Events total = 2000000 passed = 12713 failed = 1987287
   481 : section 00483  was running on murat-31861550-483-fnpc9029.fnal.gov     , mu2egrid exit status:   0 TrigReport Events total = 2000000 passed = 13005 failed = 1986995
   482 : section 00484  was running on murat-31861550-484-fnpc9059.fnal.gov     , mu2egrid exit status:   0 TrigReport Events total = 2000000 passed = 12912 failed = 1987088
--------------------------------------------
JOB SUMMARY:
--------------------------------------------
submitted           :   485 sections
output checked      :   483 sections
completed           :   483 sections
staging failures    :     0 sections
completed with rc=0 :   483 sections
mu2e job failed     :     0 sections
