# Sat May 9 14:22:26 CDT 2020
# job output directory: /pnfs/mu2e/scratch/users/murat/workflow/ts_warm_bore.760_3100.pbar_vd91.ts1_sim/outstage/31896363
     0 : section murat-31896363-0-fnpc9028.fnal.gov was running on 0                                        , mu2egrid exit status:   0 TrigReport Events total = 2000000 passed = 12002 failed = 1987998
     1 : section murat-31896363-1-fnpc9036.fnal.gov was running on 0                                        , mu2egrid exit status:   0 TrigReport Events total = 2000000 passed = 11968 failed = 1988032
     2 : section murat-31896363-2-fnpc9023.fnal.gov was running on 0                                        , mu2egrid exit status:   0 TrigReport Events total = 2000000 passed = 12091 failed = 1987909
     3 : section murat-31896363-3-fnpc17157.fnal.gov was running on 0                                        , mu2egrid exit status:   0 TrigReport Events total = 2000000 passed = 12054 failed = 1987946
     4 : section murat-31896363-4-fnpc9075.fnal.gov was running on 0                                        , mu2egrid exit status:   0 TrigReport Events total = 2000000 passed = 11896 failed = 1988104
     5 : section murat-31896363-5-fnpc8027.fnal.gov was running on 0                                        , mu2egrid exit status:   0 TrigReport Events total = 2000000 passed = 12387 failed = 1987613
     6 : section murat-31896363-6-fnpc9031.fnal.gov was running on 0                                        , mu2egrid exit status:   0 TrigReport Events total = 2000000 passed = 12032 failed = 1987968
     7 : section murat-31896363-7-fnpc8014.fnal.gov was running on 0                                        , mu2egrid exit status:   0 TrigReport Events total = 2000000 passed = 11932 failed = 1988068
     8 : section murat-31896363-8-fnpc9071.fnal.gov was running on 0                                        , mu2egrid exit status:   0 TrigReport Events total = 2000000 passed = 11695 failed = 1988305
     9 : section murat-31896363-9-fnpc6002.fnal.gov was running on 0                                        , mu2egrid exit status:   0 TrigReport Events total = 2000000 passed = 12023 failed = 1987977
    10 : section murat-31896363-10-fnpc9040.fnal.gov was running on 0                                        , mu2egrid exit status:   0 TrigReport Events total = 2000000 passed = 11875 failed = 1988125
    11 : section murat-31896363-11-fnpc17145.fnal.gov was running on 0                                        , mu2egrid exit status:   0 TrigReport Events total = 2000000 passed = 12108 failed = 1987892
    12 : section murat-31896363-12-fnpc17127.fnal.gov was running on 0                                        , mu2egrid exit status:   0 TrigReport Events total = 2000000 passed = 12181 failed = 1987819
    13 : section murat-31896363-13-fnpc9019.fnal.gov was running on 0                                        , mu2egrid exit status:   0 TrigReport Events total = 2000000 passed = 12052 failed = 1987948
    14 : section murat-31896363-14-fnpc8023.fnal.gov was running on 0                                        , mu2egrid exit status:   0 TrigReport Events total = 2000000 passed = 12144 failed = 1987856
    15 : section murat-31896363-15-fnpc19132.fnal.gov was running on 0                                        , mu2egrid exit status:   0 TrigReport Events total = 2000000 passed = 11836 failed = 1988164
    16 : section murat-31896363-16-fnpc9073.fnal.gov was running on 0                                        , mu2egrid exit status:   0 TrigReport Events total = 2000000 passed = 12045 failed = 1987955
    17 : section murat-31896363-17-fnpc9037.fnal.gov was running on 0                                        , mu2egrid exit status:   0 TrigReport Events total = 2000000 passed = 12064 failed = 1987936
    18 : section murat-31896363-18-fnpc8027.fnal.gov was running on 0                                        , mu2egrid exit status:   0 TrigReport Events total = 2000000 passed = 12043 failed = 1987957
    19 : section murat-31896363-19-fnpc19137.fnal.gov was running on 0                                        , mu2egrid exit status:   0 TrigReport Events total = 2000000 passed = 11884 failed = 1988116
    20 : section murat-31896363-20-fnpc19115.fnal.gov was running on 0                                        , mu2egrid exit status:   0 TrigReport Events total = 2000000 passed = 12110 failed = 1987890
    21 : section murat-31896363-21-fnpc8209.fnal.gov was running on 0                                        , mu2egrid exit status:   0 TrigReport Events total = 2000000 passed = 11434 failed = 1988566
    22 : section murat-31896363-22-fnpc9023.fnal.gov was running on 0                                        , mu2egrid exit status:   0 TrigReport Events total = 2000000 passed = 11948 failed = 1988052
    23 : section murat-31896363-23-fnpc5020.fnal.gov was running on 0                                        , mu2egrid exit status:   0 TrigReport Events total = 2000000 passed = 11958 failed = 1988042
    24 : section murat-31896363-24-fnpc5030.fnal.gov was running on 0                                        , mu2egrid exit status:   0 TrigReport Events total = 2000000 passed = 12576 failed = 1987424
    25 : section murat-31896363-25-fnpc17127.fnal.gov was running on 0                                        , mu2egrid exit status:   0 TrigReport Events total = 2000000 passed = 11709 failed = 1988291
    26 : section murat-31896363-26-fnpc17135.fnal.gov was running on 0                                        , mu2egrid exit status:   0 TrigReport Events total = 2000000 passed = 11755 failed = 1988245
    27 : section murat-31896363-27-fnpc17127.fnal.gov was running on 0                                        , mu2egrid exit status:   0 TrigReport Events total = 2000000 passed = 11763 failed = 1988237
    28 : section murat-31896363-28-fnpc19110.fnal.gov was running on 0                                        , mu2egrid exit status:   0 TrigReport Events total = 2000000 passed = 11977 failed = 1988023
    29 : section murat-31896363-29-fnpc5030.fnal.gov was running on 0                                        , mu2egrid exit status:   0 TrigReport Events total = 2000000 passed = 11918 failed = 1988082
    30 : section murat-31896363-30-fnpc19137.fnal.gov was running on 0                                        , mu2egrid exit status:   0 TrigReport Events total = 2000000 passed = 11865 failed = 1988135
    31 : section murat-31896363-31-fnpc5028.fnal.gov was running on 0                                        , mu2egrid exit status:   0 TrigReport Events total = 2000000 passed = 11755 failed = 1988245
    32 : section murat-31896363-32-fnpc5027.fnal.gov was running on 0                                        , mu2egrid exit status:   0 TrigReport Events total = 2000000 passed = 11622 failed = 1988378
    33 : section murat-31896363-33-fnpc5030.fnal.gov was running on 0                                        , mu2egrid exit status:   0 TrigReport Events total = 2000000 passed = 11828 failed = 1988172
    34 : section murat-31896363-34-fnpc8209.fnal.gov was running on 0                                        , mu2egrid exit status:   0 TrigReport Events total = 2000000 passed = 11811 failed = 1988189
    35 : section murat-31896363-35-fnpc8003.fnal.gov was running on 0                                        , mu2egrid exit status:   0 TrigReport Events total = 2000000 passed = 12150 failed = 1987850
    36 : section murat-31896363-36-fnpc8210.fnal.gov was running on 0                                        , mu2egrid exit status:   0 TrigReport Events total = 2000000 passed = 11911 failed = 1988089
    37 : section murat-31896363-37-fnpc8021.fnal.gov was running on 0                                        , mu2egrid exit status:   0 TrigReport Events total = 2000000 passed = 11909 failed = 1988091
    38 : section murat-31896363-38-fnpc8010.fnal.gov was running on 0                                        , mu2egrid exit status:   0 TrigReport Events total = 2000000 passed = 11918 failed = 1988082
    39 : section murat-31896363-39-fnpc8207.fnal.gov was running on 0                                        , mu2egrid exit status:   0 TrigReport Events total = 2000000 passed = 11922 failed = 1988078
    40 : section murat-31896363-40-fnpc8010.fnal.gov was running on 0                                        , mu2egrid exit status:   0 TrigReport Events total = 2000000 passed = 11870 failed = 1988130
    41 : section murat-31896363-41-fnpc8016.fnal.gov was running on 0                                        , mu2egrid exit status:   0 TrigReport Events total = 2000000 passed = 12093 failed = 1987907
    42 : section murat-31896363-42-fnpc8207.fnal.gov was running on 0                                        , mu2egrid exit status:   0 TrigReport Events total = 2000000 passed = 11970 failed = 1988030
    43 : section murat-31896363-43-fnpc9044.fnal.gov was running on 0                                        , mu2egrid exit status:   0 TrigReport Events total = 2000000 passed = 11702 failed = 1988298
    44 : section murat-31896363-44-fnpc8012.fnal.gov was running on 0                                        , mu2egrid exit status:   0 TrigReport Events total = 2000000 passed = 11795 failed = 1988205
    45 : section murat-31896363-45-fnpc9023.fnal.gov was running on 0                                        , mu2egrid exit status:   0 TrigReport Events total = 2000000 passed = 11705 failed = 1988295
    46 : section murat-31896363-46-fnpc17143.fnal.gov was running on 0                                        , mu2egrid exit status:   0 TrigReport Events total = 2000000 passed = 11470 failed = 1988530
    47 : section murat-31896363-47-fnpc17129.fnal.gov was running on 0                                        , mu2egrid exit status:   0 TrigReport Events total = 2000000 passed = 11481 failed = 1988519
    48 : section murat-31896363-48-fnpc17140.fnal.gov was running on 0                                        , mu2egrid exit status:   0 TrigReport Events total = 2000000 passed = 11976 failed = 1988024
    49 : section murat-31896363-49-fnpc9079.fnal.gov was running on 0                                        , mu2egrid exit status:   0 TrigReport Events total = 2000000 passed = 12144 failed = 1987856
    50 : section murat-31896363-50-fnpc8022.fnal.gov was running on 0                                        , mu2egrid exit status:   0 TrigReport Events total = 2000000 passed = 11683 failed = 1988317
    51 : section murat-31896363-51-fnpc9105.fnal.gov was running on 0                                        , mu2egrid exit status:   0 TrigReport Events total = 2000000 passed = 11905 failed = 1988095
    52 : section murat-31896363-52-fnpc9059.fnal.gov was running on 0                                        , mu2egrid exit status:   0 TrigReport Events total = 2000000 passed = 11610 failed = 1988390
    53 : section murat-31896363-53-fnpc9032.fnal.gov was running on 0                                        , mu2egrid exit status:   0 TrigReport Events total = 2000000 passed = 11681 failed = 1988319
    54 : section murat-31896363-54-fnpc7004.fnal.gov was running on 0                                        , mu2egrid exit status:   0 TrigReport Events total = 2000000 passed = 12093 failed = 1987907
    55 : section murat-31896363-55-fnpc6017.fnal.gov was running on 0                                        , mu2egrid exit status:   0 TrigReport Events total = 2000000 passed = 11546 failed = 1988454
    56 : section murat-31896363-56-fnpc6026.fnal.gov was running on 0                                        , mu2egrid exit status:   0 TrigReport Events total = 2000000 passed = 12008 failed = 1987992
    57 : section murat-31896363-57-fnpc9009.fnal.gov was running on 0                                        , mu2egrid exit status:   0 TrigReport Events total = 2000000 passed = 11839 failed = 1988161
    58 : section murat-31896363-58-fnpc17121.fnal.gov was running on 0                                        , mu2egrid exit status:   0 TrigReport Events total = 2000000 passed = 11941 failed = 1988059
    59 : section murat-31896363-59-fnpc7019.fnal.gov was running on 0                                        , mu2egrid exit status:   0 TrigReport Events total = 2000000 passed = 12216 failed = 1987784
    60 : section murat-31896363-60-fnpc8010.fnal.gov was running on 0                                        , mu2egrid exit status:   0 TrigReport Events total = 2000000 passed = 12422 failed = 1987578
    61 : section murat-31896363-61-fnpc8028.fnal.gov was running on 0                                        , mu2egrid exit status:   0 TrigReport Events total = 2000000 passed = 11925 failed = 1988075
    62 : section murat-31896363-62-fnpc17143.fnal.gov was running on 0                                        , mu2egrid exit status:   0 TrigReport Events total = 2000000 passed = 11910 failed = 1988090
    63 : section murat-31896363-63-fnpc17133.fnal.gov was running on 0                                        , mu2egrid exit status:   0 TrigReport Events total = 2000000 passed = 12194 failed = 1987806
    64 : section murat-31896363-64-fnpc9105.fnal.gov was running on 0                                        , mu2egrid exit status:   0 TrigReport Events total = 2000000 passed = 12100 failed = 1987900
    65 : section murat-31896363-65-fnpc17106.fnal.gov was running on 0                                        , mu2egrid exit status:   0 TrigReport Events total = 2000000 passed = 12113 failed = 1987887
    66 : section murat-31896363-66-fnpc7210.fnal.gov was running on 0                                        , mu2egrid exit status:   0 TrigReport Events total = 2000000 passed = 12051 failed = 1987949
    67 : section murat-31896363-67-fnpc8012.fnal.gov was running on 0                                        , mu2egrid exit status:   0 TrigReport Events total = 2000000 passed = 11671 failed = 1988329
    68 : section murat-31896363-68-fnpc9073.fnal.gov was running on 0                                        , mu2egrid exit status:   0 TrigReport Events total = 2000000 passed = 11671 failed = 1988329
    69 : section murat-31896363-69-fnpc17136.fnal.gov was running on 0                                        , mu2egrid exit status:   0 TrigReport Events total = 2000000 passed = 12314 failed = 1987686
    70 : section murat-31896363-70-fnpc17132.fnal.gov was running on 0                                        , mu2egrid exit status:   0 TrigReport Events total = 2000000 passed = 11979 failed = 1988021
    71 : section murat-31896363-71-fnpc17101.fnal.gov was running on 0                                        , mu2egrid exit status:   0 TrigReport Events total = 2000000 passed = 12072 failed = 1987928
    72 : section murat-31896363-72-fnpc9073.fnal.gov was running on 0                                        , mu2egrid exit status:   0 TrigReport Events total = 2000000 passed = 11794 failed = 1988206
    73 : section murat-31896363-73-fnpc9073.fnal.gov was running on 0                                        , mu2egrid exit status:   0 TrigReport Events total = 2000000 passed = 12085 failed = 1987915
    74 : section murat-31896363-74-fnpc9073.fnal.gov was running on 0                                        , mu2egrid exit status:   0 TrigReport Events total = 2000000 passed = 12045 failed = 1987955
    75 : section murat-31896363-75-fnpc9073.fnal.gov was running on 0                                        , mu2egrid exit status:   0 TrigReport Events total = 2000000 passed = 12015 failed = 1987985
    76 : section murat-31896363-76-fnpc9073.fnal.gov was running on 0                                        , mu2egrid exit status:   0 TrigReport Events total = 2000000 passed = 11947 failed = 1988053
    77 : section murat-31896363-77-fnpc9073.fnal.gov was running on 0                                        , mu2egrid exit status:   0 TrigReport Events total = 2000000 passed = 11954 failed = 1988046
    78 : section murat-31896363-78-fnpc5029.fnal.gov was running on 0                                        , mu2egrid exit status:   0 TrigReport Events total = 2000000 passed = 11613 failed = 1988387
    79 : section murat-31896363-79-fnpc8206.fnal.gov was running on 0                                        , mu2egrid exit status:   0 TrigReport Events total = 2000000 passed = 12024 failed = 1987976
    80 : section murat-31896363-80-fnpc9007.fnal.gov was running on 0                                        , mu2egrid exit status:   0 TrigReport Events total = 2000000 passed = 11597 failed = 1988403
    81 : section murat-31896363-81-fnpc9038.fnal.gov was running on 0                                        , mu2egrid exit status:   0 TrigReport Events total = 2000000 passed = 12306 failed = 1987694
    82 : section murat-31896363-82-fnpc17101.fnal.gov was running on 0                                        , mu2egrid exit status:   0 TrigReport Events total = 2000000 passed = 11961 failed = 1988039
    83 : section murat-31896363-83-fnpc17114.fnal.gov was running on 0                                        , mu2egrid exit status:   0 TrigReport Events total = 2000000 passed = 11987 failed = 1988013
    84 : section murat-31896363-84-fnpc19114.fnal.gov was running on 0                                        , mu2egrid exit status:   0 TrigReport Events total = 2000000 passed = 12171 failed = 1987829
    85 : section murat-31896363-85-fnpc19110.fnal.gov was running on 0                                        , mu2egrid exit status:   0 TrigReport Events total = 2000000 passed = 11845 failed = 1988155
    86 : section murat-31896363-86-fnpc19108.fnal.gov was running on 0                                        , mu2egrid exit status:   0 TrigReport Events total = 2000000 passed = 12109 failed = 1987891
    87 : section murat-31896363-87-fnpc19108.fnal.gov was running on 0                                        , mu2egrid exit status:   0 TrigReport Events total = 2000000 passed = 12165 failed = 1987835
    88 : section murat-31896363-88-fnpc9047.fnal.gov was running on 0                                        , mu2egrid exit status:   0 TrigReport Events total = 2000000 passed = 12094 failed = 1987906
    89 : section murat-31896363-89-fnpc9055.fnal.gov was running on 0                                        , mu2egrid exit status:   0 TrigReport Events total = 2000000 passed = 11728 failed = 1988272
    90 : section murat-31896363-90-fnpc19114.fnal.gov was running on 0                                        , mu2egrid exit status:   0 TrigReport Events total = 2000000 passed = 12203 failed = 1987797
    91 : section murat-31896363-91-fnpc19138.fnal.gov was running on 0                                        , mu2egrid exit status:   0 TrigReport Events total = 2000000 passed = 11647 failed = 1988353
    92 : section murat-31896363-92-fnpc19114.fnal.gov was running on 0                                        , mu2egrid exit status:   0 TrigReport Events total = 2000000 passed = 12088 failed = 1987912
    93 : section murat-31896363-93-fnpc8028.fnal.gov was running on 0                                        , mu2egrid exit status:   0 TrigReport Events total = 2000000 passed = 12048 failed = 1987952
    94 : section murat-31896363-94-fnpc17133.fnal.gov was running on 0                                        , mu2egrid exit status:   0 TrigReport Events total = 2000000 passed = 11831 failed = 1988169
    95 : section murat-31896363-95-fnpc17105.fnal.gov was running on 0                                        , mu2egrid exit status:   0 TrigReport Events total = 2000000 passed = 12225 failed = 1987775
    96 : section murat-31896363-96-fnpc9035.fnal.gov was running on 0                                        , mu2egrid exit status:   0 TrigReport Events total = 2000000 passed = 11703 failed = 1988297
    97 : section murat-31896363-97-fnpc17132.fnal.gov was running on 0                                        , mu2egrid exit status:   0 TrigReport Events total = 2000000 passed = 11158 failed = 1988842
    98 : section murat-31896363-98-fnpc9051.fnal.gov was running on 0                                        , mu2egrid exit status:   0 TrigReport Events total = 2000000 passed = 12250 failed = 1987750
    99 : section murat-31896363-99-fnpc17142.fnal.gov was running on 0                                        , mu2egrid exit status:   0 TrigReport Events total = 2000000 passed = 11640 failed = 1988360
   100 : section murat-31896363-100-fnpc9022.fnal.gov was running on 0                                        , mu2egrid exit status:   0 TrigReport Events total = 2000000 passed = 12086 failed = 1987914
   101 : section murat-31896363-101-fnpc9023.fnal.gov was running on 0                                        , mu2egrid exit status:   0 TrigReport Events total = 2000000 passed = 11407 failed = 1988593
   102 : section murat-31896363-102-fnpc19128.fnal.gov was running on 0                                        , mu2egrid exit status:   0 TrigReport Events total = 2000000 passed = 11743 failed = 1988257
   103 : section murat-31896363-103-fnpc19120.fnal.gov was running on 0                                        , mu2egrid exit status:   0 TrigReport Events total = 2000000 passed = 11612 failed = 1988388
   104 : section murat-31896363-104-fnpc9059.fnal.gov was running on 0                                        , mu2egrid exit status:   0 TrigReport Events total = 2000000 passed = 11938 failed = 1988062
   105 : section murat-31896363-105-fnpc5027.fnal.gov was running on 0                                        , mu2egrid exit status:   0 TrigReport Events total = 2000000 passed = 11881 failed = 1988119
   106 : section murat-31896363-106-fnpc5001.fnal.gov was running on 0                                        , mu2egrid exit status:   0 TrigReport Events total = 2000000 passed = 11549 failed = 1988451
   107 : section murat-31896363-107-fnpc7204.fnal.gov was running on 0                                        , mu2egrid exit status:   0 TrigReport Events total = 2000000 passed = 11912 failed = 1988088
   108 : section murat-31896363-108-fnpc7304.fnal.gov was running on 0                                        , mu2egrid exit status:   0 TrigReport Events total = 2000000 passed = 11996 failed = 1988004
   109 : section murat-31896363-109-fnpc7201.fnal.gov was running on 0                                        , mu2egrid exit status:   0 TrigReport Events total = 2000000 passed = 12175 failed = 1987825
   110 : section murat-31896363-110-fnpc8010.fnal.gov was running on 0                                        , mu2egrid exit status:   0 TrigReport Events total = 2000000 passed = 11589 failed = 1988411
   111 : section murat-31896363-111-fnpc8002.fnal.gov was running on 0                                        , mu2egrid exit status:   0 TrigReport Events total = 2000000 passed = 12039 failed = 1987961
   112 : section murat-31896363-112-fnpc9044.fnal.gov was running on 0                                        , mu2egrid exit status:   0 TrigReport Events total = 2000000 passed = 12120 failed = 1987880
   113 : section murat-31896363-113-fnpc9076.fnal.gov was running on 0                                        , mu2egrid exit status:   0 TrigReport Events total = 2000000 passed = 11592 failed = 1988408
   114 : section murat-31896363-114-fnpc8020.fnal.gov was running on 0                                        , mu2egrid exit status:   0 TrigReport Events total = 2000000 passed = 11873 failed = 1988127
   115 : section murat-31896363-115-fnpc9028.fnal.gov was running on 0                                        , mu2egrid exit status:   0 TrigReport Events total = 2000000 passed = 11844 failed = 1988156
   116 : section murat-31896363-116-fnpc7211.fnal.gov was running on 0                                        , mu2egrid exit status:   0 TrigReport Events total = 2000000 passed = 11924 failed = 1988076
   117 : section murat-31896363-117-fnpc17127.fnal.gov was running on 0                                        , mu2egrid exit status:   0 TrigReport Events total = 2000000 passed = 12217 failed = 1987783
   118 : section murat-31896363-118-fnpc8012.fnal.gov was running on 0                                        , mu2egrid exit status:   0 TrigReport Events total = 2000000 passed = 11470 failed = 1988530
   119 : section murat-31896363-119-fnpc17123.fnal.gov was running on 0                                        , mu2egrid exit status:   0 TrigReport Events total = 2000000 passed = 11973 failed = 1988027
   120 : section murat-31896363-120-fnpc17155.fnal.gov was running on 0                                        , mu2egrid exit status:   0 TrigReport Events total = 2000000 passed = 11737 failed = 1988263
   121 : section murat-31896363-121-fnpc8013.fnal.gov was running on 0                                        , mu2egrid exit status:   0 TrigReport Events total = 2000000 passed = 12026 failed = 1987974
   122 : section murat-31896363-122-fnpc9048.fnal.gov was running on 0                                        , mu2egrid exit status:   0 TrigReport Events total = 2000000 passed = 11976 failed = 1988024
   123 : section murat-31896363-123-fnpc17104.fnal.gov was running on 0                                        , mu2egrid exit status:   0 TrigReport Events total = 2000000 passed = 12354 failed = 1987646
   124 : section murat-31896363-124-fnpc9037.fnal.gov was running on 0                                        , mu2egrid exit status:   0 TrigReport Events total = 2000000 passed = 11723 failed = 1988277
   125 : section murat-31896363-125-fnpc9101.fnal.gov was running on 0                                        , mu2egrid exit status:   0 TrigReport Events total = 2000000 passed = 11659 failed = 1988341
   126 : section murat-31896363-126-fnpc9079.fnal.gov was running on 0                                        , mu2egrid exit status:   0 TrigReport Events total = 2000000 passed = 12409 failed = 1987591
   127 : section murat-31896363-127-fnpc9110.fnal.gov was running on 0                                        , mu2egrid exit status:   0 TrigReport Events total = 2000000 passed = 11697 failed = 1988303
   128 : section murat-31896363-128-fnpc6005.fnal.gov was running on 0                                        , mu2egrid exit status:   0 TrigReport Events total = 2000000 passed = 11983 failed = 1988017
   129 : section murat-31896363-129-fnpc17148.fnal.gov was running on 0                                        , mu2egrid exit status:   0 TrigReport Events total = 2000000 passed = 12122 failed = 1987878
   130 : section murat-31896363-130-fnpc9031.fnal.gov was running on 0                                        , mu2egrid exit status:   0 TrigReport Events total = 2000000 passed = 12317 failed = 1987683
   131 : section murat-31896363-131-fnpc9012.fnal.gov was running on 0                                        , mu2egrid exit status:   0 TrigReport Events total = 2000000 passed = 11794 failed = 1988206
   132 : section murat-31896363-132-fnpc7020.fnal.gov was running on 0                                        , mu2egrid exit status:   0 TrigReport Events total = 2000000 passed = 11465 failed = 1988535
   133 : section murat-31896363-133-fnpc9032.fnal.gov was running on 0                                        , mu2egrid exit status:   0 TrigReport Events total = 2000000 passed = 11886 failed = 1988114
   134 : section murat-31896363-134-fnpc6003.fnal.gov was running on 0                                        , mu2egrid exit status:   0 TrigReport Events total = 2000000 passed = 11834 failed = 1988166
   135 : section murat-31896363-135-fnpc9078.fnal.gov was running on 0                                        , mu2egrid exit status:   0 TrigReport Events total = 2000000 passed = 12291 failed = 1987709
   136 : section murat-31896363-136-fnpc17122.fnal.gov was running on 0                                        , mu2egrid exit status:   0 TrigReport Events total = 2000000 passed = 12017 failed = 1987983
   137 : section murat-31896363-137-fnpc17126.fnal.gov was running on 0                                        , mu2egrid exit status:   0 TrigReport Events total = 2000000 passed = 12271 failed = 1987729
   138 : section murat-31896363-138-fnpc9105.fnal.gov was running on 0                                        , mu2egrid exit status:   0 TrigReport Events total = 2000000 passed = 11948 failed = 1988052
   139 : section murat-31896363-139-fnpc9055.fnal.gov was running on 0                                        , mu2egrid exit status:   0 TrigReport Events total = 2000000 passed = 12051 failed = 1987949
   140 : section murat-31896363-140-fnpc17111.fnal.gov was running on 0                                        , mu2egrid exit status:   0 TrigReport Events total = 2000000 passed = 11754 failed = 1988246
   141 : section murat-31896363-141-fnpc17137.fnal.gov was running on 0                                        , mu2egrid exit status:   0 TrigReport Events total = 2000000 passed = 11675 failed = 1988325
   142 : section murat-31896363-142-fnpc7022.fnal.gov was running on 0                                        , mu2egrid exit status:   0 TrigReport Events total = 2000000 passed = 12115 failed = 1987885
   143 : section murat-31896363-143-fnpc9045.fnal.gov was running on 0                                        , mu2egrid exit status:   0 TrigReport Events total = 2000000 passed = 12301 failed = 1987699
   144 : section murat-31896363-144-fnpc17139.fnal.gov was running on 0                                        , mu2egrid exit status:   0 TrigReport Events total = 2000000 passed = 12081 failed = 1987919
   145 : section murat-31896363-145-fnpc9038.fnal.gov was running on 0                                        , mu2egrid exit status:   0 TrigReport Events total = 2000000 passed = 12023 failed = 1987977
   146 : section murat-31896363-146-fnpc6025.fnal.gov was running on 0                                        , mu2egrid exit status:   0 TrigReport Events total = 2000000 passed = 12288 failed = 1987712
   147 : section murat-31896363-147-fnpc7018.fnal.gov was running on 0                                        , mu2egrid exit status:   0 TrigReport Events total = 2000000 passed = 12292 failed = 1987708
   148 : section murat-31896363-148-fnpc9009.fnal.gov was running on 0                                        , mu2egrid exit status:   0 TrigReport Events total = 2000000 passed = 11897 failed = 1988103
   149 : section murat-31896363-149-fnpc9001.fnal.gov was running on 0                                        , mu2egrid exit status:   0 TrigReport Events total = 2000000 passed = 12163 failed = 1987837
   150 : section murat-31896363-150-fnpc6023.fnal.gov was running on 0                                        , mu2egrid exit status:   0 TrigReport Events total = 2000000 passed = 11681 failed = 1988319
   151 : section murat-31896363-151-fnpc7015.fnal.gov was running on 0                                        , mu2egrid exit status:   0 TrigReport Events total = 2000000 passed = 11727 failed = 1988273
   152 : section murat-31896363-152-fnpc6006.fnal.gov was running on 0                                        , mu2egrid exit status:   0 TrigReport Events total = 2000000 passed = 11950 failed = 1988050
   153 : section murat-31896363-153-fnpc7025.fnal.gov was running on 0                                        , mu2egrid exit status:   0 TrigReport Events total = 2000000 passed = 11935 failed = 1988065
   154 : section murat-31896363-154-fnpc19103.fnal.gov was running on 0                                        , mu2egrid exit status:   0 TrigReport Events total = 2000000 passed = 12077 failed = 1987923
   155 : section murat-31896363-155-fnpc19107.fnal.gov was running on 0                                        , mu2egrid exit status:   0 TrigReport Events total = 2000000 passed = 12127 failed = 1987873
   156 : section murat-31896363-156-fnpc19136.fnal.gov was running on 0                                        , mu2egrid exit status:   0 TrigReport Events total = 2000000 passed = 11937 failed = 1988063
   157 : section murat-31896363-157-fnpc19111.fnal.gov was running on 0                                        , mu2egrid exit status:   0 TrigReport Events total = 2000000 passed = 11502 failed = 1988498
   158 : section murat-31896363-158-fnpc19140.fnal.gov was running on 0                                        , mu2egrid exit status:   0 TrigReport Events total = 2000000 passed = 11948 failed = 1988052
   159 : section murat-31896363-159-fnpc8013.fnal.gov was running on 0                                        , mu2egrid exit status:   0 TrigReport Events total = 2000000 passed = 12129 failed = 1987871
   160 : section murat-31896363-160-fnpc9037.fnal.gov was running on 0                                        , mu2egrid exit status:   0 TrigReport Events total = 2000000 passed = 11956 failed = 1988044
   161 : section murat-31896363-161-fnpc9101.fnal.gov was running on 0                                        , mu2egrid exit status:   0 TrigReport Events total = 2000000 passed = 12095 failed = 1987905
   162 : section murat-31896363-162-fnpc17148.fnal.gov was running on 0                                        , mu2egrid exit status:   0 TrigReport Events total = 2000000 passed = 11998 failed = 1988002
   163 : section murat-31896363-163-fnpc6006.fnal.gov was running on 0                                        , mu2egrid exit status:   0 TrigReport Events total = 2000000 passed = 11824 failed = 1988176
   164 : section murat-31896363-164-fnpc7025.fnal.gov was running on 0                                        , mu2egrid exit status:   0 TrigReport Events total = 2000000 passed = 12140 failed = 1987860
   165 : section murat-31896363-165-fnpc19103.fnal.gov was running on 0                                        , mu2egrid exit status:   0 TrigReport Events total = 2000000 passed = 12233 failed = 1987767
   166 : section murat-31896363-166-fnpc7022.fnal.gov was running on 0                                        , mu2egrid exit status:   0 TrigReport Events total = 2000000 passed = 11746 failed = 1988254
   167 : section murat-31896363-167-fnpc19140.fnal.gov was running on 0                                        , mu2egrid exit status:   0 TrigReport Events total = 2000000 passed = 12077 failed = 1987923
   168 : section murat-31896363-168-fnpc7025.fnal.gov was running on 0                                        , mu2egrid exit status:   0 TrigReport Events total = 2000000 passed = 11676 failed = 1988324
   169 : section murat-31896363-169-fnpc6006.fnal.gov was running on 0                                        , mu2egrid exit status:   0 TrigReport Events total = 2000000 passed = 11644 failed = 1988356
   170 : section murat-31896363-170-fnpc8012.fnal.gov was running on 0                                        , mu2egrid exit status:   0 TrigReport Events total = 2000000 passed = 11723 failed = 1988277
   171 : section murat-31896363-171-fnpc17123.fnal.gov was running on 0                                        , mu2egrid exit status:   0 TrigReport Events total = 2000000 passed = 11914 failed = 1988086
   172 : section murat-31896363-172-fnpc7025.fnal.gov was running on 0                                        , mu2egrid exit status:   0 TrigReport Events total = 2000000 passed = 11919 failed = 1988081
   173 : section murat-31896363-173-fnpc6006.fnal.gov was running on 0                                        , mu2egrid exit status:   0 TrigReport Events total = 2000000 passed = 12054 failed = 1987946
   174 : section murat-31896363-174-fnpc17111.fnal.gov was running on 0                                        , mu2egrid exit status:   0 TrigReport Events total = 2000000 passed = 11682 failed = 1988318
   175 : section murat-31896363-175-fnpc9009.fnal.gov was running on 0                                        , mu2egrid exit status:   0 TrigReport Events total = 2000000 passed = 11848 failed = 1988152
   176 : section murat-31896363-176-fnpc5027.fnal.gov was running on 0                                        , mu2egrid exit status:   0 TrigReport Events total = 2000000 passed = 11778 failed = 1988222
   177 : section murat-31896363-177-fnpc5014.fnal.gov was running on 0                                        , mu2egrid exit status:   0 TrigReport Events total = 2000000 passed = 12035 failed = 1987965
   178 : section murat-31896363-178-fnpc9028.fnal.gov was running on 0                                        , mu2egrid exit status:   0 TrigReport Events total = 2000000 passed = 12268 failed = 1987732
   179 : section murat-31896363-179-fnpc9023.fnal.gov was running on 0                                        , mu2egrid exit status:   0 TrigReport Events total = 2000000 passed = 11792 failed = 1988208
   180 : section murat-31896363-180-fnpc17104.fnal.gov was running on 0                                        , mu2egrid exit status:   0 TrigReport Events total = 2000000 passed = 11889 failed = 1988111
   181 : section murat-31896363-181-fnpc7008.fnal.gov was running on 0                                        , mu2egrid exit status:   0 TrigReport Events total = 2000000 passed = 11712 failed = 1988288
   182 : section murat-31896363-182-fnpc8007.fnal.gov was running on 0                                        , mu2egrid exit status:   0 TrigReport Events total = 2000000 passed = 11645 failed = 1988355
   183 : section murat-31896363-183-fnpc7209.fnal.gov was running on 0                                        , mu2egrid exit status:   0 TrigReport Events total = 2000000 passed = 11996 failed = 1988004
   184 : section murat-31896363-184-fnpc9030.fnal.gov was running on 0                                        , mu2egrid exit status:   0 TrigReport Events total = 2000000 passed = 11623 failed = 1988377
   185 : section murat-31896363-185-fnpc8012.fnal.gov was running on 0                                        , mu2egrid exit status:   0 TrigReport Events total = 2000000 passed = 11736 failed = 1988264
   186 : section murat-31896363-186-fnpc17134.fnal.gov was running on 0                                        , mu2egrid exit status:   0 TrigReport Events total = 2000000 passed = 11802 failed = 1988198
   187 : section murat-31896363-187-fnpc9023.fnal.gov was running on 0                                        , mu2egrid exit status:   0 TrigReport Events total = 2000000 passed = 12138 failed = 1987862
   188 : section murat-31896363-188-fnpc17152.fnal.gov was running on 0                                        , mu2egrid exit status:   0 TrigReport Events total = 2000000 passed = 11659 failed = 1988341
   189 : section murat-31896363-189-fnpc17155.fnal.gov was running on 0                                        , mu2egrid exit status:   0 TrigReport Events total = 2000000 passed = 11784 failed = 1988216
   190 : section murat-31896363-190-fnpc8013.fnal.gov was running on 0                                        , mu2egrid exit status:   0 TrigReport Events total = 2000000 passed = 11886 failed = 1988114
   191 : section murat-31896363-191-fnpc9064.fnal.gov was running on 0                                        , mu2egrid exit status:   0 TrigReport Events total = 2000000 passed = 11823 failed = 1988177
   192 : section murat-31896363-192-fnpc9067.fnal.gov was running on 0                                        , mu2egrid exit status:   0 TrigReport Events total = 2000000 passed = 11674 failed = 1988326
   193 : section murat-31896363-193-fnpc7008.fnal.gov was running on 0                                        , mu2egrid exit status:   0 TrigReport Events total = 2000000 passed = 11849 failed = 1988151
   194 : section murat-31896363-194-fnpc17106.fnal.gov was running on 0                                        , mu2egrid exit status:   0 TrigReport Events total = 2000000 passed = 11903 failed = 1988097
   195 : section murat-31896363-195-fnpc17147.fnal.gov was running on 0                                        , mu2egrid exit status:   0 TrigReport Events total = 2000000 passed = 11721 failed = 1988279
   196 : section murat-31896363-196-fnpc7017.fnal.gov was running on 0                                        , mu2egrid exit status:   0 TrigReport Events total = 2000000 passed = 11762 failed = 1988238
   197 : section murat-31896363-197-fnpc17132.fnal.gov was running on 0                                        , mu2egrid exit status:   0 TrigReport Events total = 2000000 passed = 12061 failed = 1987939
   198 : section murat-31896363-198-fnpc19113.fnal.gov was running on 0                                        , mu2egrid exit status:   0 TrigReport Events total = 2000000 passed = 11932 failed = 1988068
   199 : section murat-31896363-199-fnpc19103.fnal.gov was running on 0                                        , mu2egrid exit status:   0 TrigReport Events total = 2000000 passed = 11879 failed = 1988121
   200 : section murat-31896363-200-fnpc19129.fnal.gov was running on 0                                        , mu2egrid exit status:   0 TrigReport Events total = 2000000 passed = 11979 failed = 1988021
   201 : section murat-31896363-201-fnpc19106.fnal.gov was running on 0                                        , mu2egrid exit status:   0 TrigReport Events total = 2000000 passed = 12027 failed = 1987973
   202 : section murat-31896363-202-fnpc19111.fnal.gov was running on 0                                        , mu2egrid exit status:   0 TrigReport Events total = 2000000 passed = 12091 failed = 1987909
   203 : section murat-31896363-203-fnpc19129.fnal.gov was running on 0                                        , mu2egrid exit status:   0 TrigReport Events total = 2000000 passed = 12135 failed = 1987865
   204 : section murat-31896363-204-fnpc19111.fnal.gov was running on 0                                        , mu2egrid exit status:   0 TrigReport Events total = 2000000 passed = 12184 failed = 1987816
   205 : section murat-31896363-205-fnpc19129.fnal.gov was running on 0                                        , mu2egrid exit status:   0 TrigReport Events total = 2000000 passed = 12356 failed = 1987644
   206 : section murat-31896363-206-fnpc19111.fnal.gov was running on 0                                        , mu2egrid exit status:   0 TrigReport Events total = 2000000 passed = 11981 failed = 1988019
   207 : section murat-31896363-207-fnpc19129.fnal.gov was running on 0                                        , mu2egrid exit status:   0 TrigReport Events total = 2000000 passed = 12075 failed = 1987925
   208 : section murat-31896363-208-fnpc19111.fnal.gov was running on 0                                        , mu2egrid exit status:   0 TrigReport Events total = 2000000 passed = 11876 failed = 1988124
   209 : section murat-31896363-209-fnpc19129.fnal.gov was running on 0                                        , mu2egrid exit status:   0 TrigReport Events total = 2000000 passed = 12018 failed = 1987982
   210 : section murat-31896363-210-fnpc19111.fnal.gov was running on 0                                        , mu2egrid exit status:   0 TrigReport Events total = 2000000 passed = 11815 failed = 1988185
   211 : section murat-31896363-211-fnpc19129.fnal.gov was running on 0                                        , mu2egrid exit status:   0 TrigReport Events total = 2000000 passed = 11514 failed = 1988486
   212 : section murat-31896363-212-fnpc19129.fnal.gov was running on 0                                        , mu2egrid exit status:   0 TrigReport Events total = 2000000 passed = 11812 failed = 1988188
   213 : section murat-31896363-213-fnpc19111.fnal.gov was running on 0                                        , mu2egrid exit status:   0 TrigReport Events total = 2000000 passed = 12009 failed = 1987991
   214 : section murat-31896363-214-fnpc19111.fnal.gov was running on 0                                        , mu2egrid exit status:   0 TrigReport Events total = 2000000 passed = 12032 failed = 1987968
   215 : section murat-31896363-215-fnpc19129.fnal.gov was running on 0                                        , mu2egrid exit status:   0 TrigReport Events total = 2000000 passed = 11958 failed = 1988042
   216 : section murat-31896363-216-fnpc19111.fnal.gov was running on 0                                        , mu2egrid exit status:   0 TrigReport Events total = 2000000 passed = 12146 failed = 1987854
   217 : section murat-31896363-217-fnpc19129.fnal.gov was running on 0                                        , mu2egrid exit status:   0 TrigReport Events total = 2000000 passed = 12104 failed = 1987896
   218 : section murat-31896363-218-fnpc19111.fnal.gov was running on 0                                        , mu2egrid exit status:   0 TrigReport Events total = 2000000 passed = 11423 failed = 1988577
   219 : section murat-31896363-219-fnpc8206.fnal.gov was running on 0                                        , mu2egrid exit status:   0 TrigReport Events total = 2000000 passed = 12052 failed = 1987948
   220 : section murat-31896363-220-fnpc7202.fnal.gov was running on 0                                        , mu2egrid exit status:   0 TrigReport Events total = 2000000 passed = 11720 failed = 1988280
   221 : section murat-31896363-221-fnpc17145.fnal.gov was running on 0                                        , mu2egrid exit status:   0 TrigReport Events total = 2000000 passed = 11503 failed = 1988497
   222 : section murat-31896363-222-fnpc8003.fnal.gov was running on 0                                        , mu2egrid exit status:   0 TrigReport Events total = 2000000 passed = 11762 failed = 1988238
   223 : section murat-31896363-223-fnpc9003.fnal.gov was running on 0                                        , mu2egrid exit status:   0 TrigReport Events total = 2000000 passed = 11831 failed = 1988169
   224 : section murat-31896363-224-fnpc9068.fnal.gov was running on 0                                        , mu2egrid exit status:   0 TrigReport Events total = 2000000 passed = 11986 failed = 1988014
   225 : section murat-31896363-225-fnpc9069.fnal.gov was running on 0                                        , mu2egrid exit status:   0 TrigReport Events total = 2000000 passed = 11879 failed = 1988121
   226 : section murat-31896363-226-fnpc19113.fnal.gov was running on 0                                        , mu2egrid exit status:   0 TrigReport Events total = 2000000 passed = 11480 failed = 1988520
   227 : section murat-31896363-227-fnpc9051.fnal.gov was running on 0                                        , mu2egrid exit status:   0 TrigReport Events total = 2000000 passed = 11801 failed = 1988199
   228 : section murat-31896363-228-fnpc19120.fnal.gov was running on 0                                        , mu2egrid exit status:   0 TrigReport Events total = 2000000 passed = 11807 failed = 1988193
   229 : section murat-31896363-229-fnpc19120.fnal.gov was running on 0                                        , mu2egrid exit status:   0 TrigReport Events total = 2000000 passed = 12276 failed = 1987724
   230 : section murat-31896363-230-fnpc19120.fnal.gov was running on 0                                        , mu2egrid exit status:   0 TrigReport Events total = 2000000 passed = 12080 failed = 1987920
   231 : section murat-31896363-231-fnpc9006.fnal.gov was running on 0                                        , mu2egrid exit status:   0 TrigReport Events total = 2000000 passed = 12227 failed = 1987773
   232 : section murat-31896363-232-fnpc9060.fnal.gov was running on 0                                        , mu2egrid exit status:   0 TrigReport Events total = 2000000 passed = 11471 failed = 1988529
   233 : section murat-31896363-233-fnpc7018.fnal.gov was running on 0                                        , mu2egrid exit status:   0 TrigReport Events total = 2000000 passed = 11945 failed = 1988055
   234 : section murat-31896363-234-fnpc7013.fnal.gov was running on 0                                        , mu2egrid exit status:   0 TrigReport Events total = 2000000 passed = 11880 failed = 1988120
   235 : section murat-31896363-235-fnpc19133.fnal.gov was running on 0                                        , mu2egrid exit status:   0 TrigReport Events total = 2000000 passed = 11998 failed = 1988002
   236 : section murat-31896363-236-fnpc19130.fnal.gov was running on 0                                        , mu2egrid exit status:   0 TrigReport Events total = 2000000 passed = 11750 failed = 1988250
   237 : section murat-31896363-237-fnpc9030.fnal.gov was running on 0                                        , mu2egrid exit status:   0 TrigReport Events total = 2000000 passed = 11856 failed = 1988144
   238 : section murat-31896363-238-fnpc17129.fnal.gov was running on 0                                        , mu2egrid exit status:   0 TrigReport Events total = 2000000 passed = 12101 failed = 1987899
   239 : section murat-31896363-239-fnpc9036.fnal.gov was running on 0                                        , mu2egrid exit status:   0 TrigReport Events total = 2000000 passed = 11864 failed = 1988136
   240 : section murat-31896363-240-fnpc9049.fnal.gov was running on 0                                        , mu2egrid exit status:   0 TrigReport Events total = 2000000 passed = 11615 failed = 1988385
   241 : section murat-31896363-241-fnpc9068.fnal.gov was running on 0                                        , mu2egrid exit status:   0 TrigReport Events total = 2000000 passed = 11613 failed = 1988387
   242 : section murat-31896363-242-fnpc9034.fnal.gov was running on 0                                        , mu2egrid exit status:   0 TrigReport Events total = 2000000 passed = 12007 failed = 1987993
   243 : section murat-31896363-243-fnpc7010.fnal.gov was running on 0                                        , mu2egrid exit status:   0 TrigReport Events total = 2000000 passed = 11596 failed = 1988404
   244 : section murat-31896363-244-fnpc9071.fnal.gov was running on 0                                        , mu2egrid exit status:   0 TrigReport Events total = 2000000 passed = 11888 failed = 1988112
   245 : section murat-31896363-245-fnpc17137.fnal.gov was running on 0                                        , mu2egrid exit status:   0 TrigReport Events total = 2000000 passed = 12269 failed = 1987731
   246 : section murat-31896363-246-fnpc19129.fnal.gov was running on 0                                        , mu2egrid exit status:   0 TrigReport Events total = 2000000 passed = 12319 failed = 1987681
   247 : section murat-31896363-247-fnpc19117.fnal.gov was running on 0                                        , mu2egrid exit status:   0 TrigReport Events total = 2000000 passed = 11769 failed = 1988231
   248 : section murat-31896363-248-fnpc7205.fnal.gov was running on 0                                        , mu2egrid exit status:   0 TrigReport Events total = 2000000 passed = 11856 failed = 1988144
   249 : section murat-31896363-249-fnpc7210.fnal.gov was running on 0                                        , mu2egrid exit status:   0 TrigReport Events total = 2000000 passed = 12132 failed = 1987868
   250 : section murat-31896363-250-fnpc17157.fnal.gov was running on 0                                        , mu2egrid exit status:   0 TrigReport Events total = 2000000 passed = 11356 failed = 1988644
   251 : section murat-31896363-251-fnpc17145.fnal.gov was running on 0                                        , mu2egrid exit status:   0 TrigReport Events total = 2000000 passed = 12140 failed = 1987860
   252 : section murat-31896363-252-fnpc9007.fnal.gov was running on 0                                        , mu2egrid exit status:   0 TrigReport Events total = 2000000 passed = 12208 failed = 1987792
   253 : section murat-31896363-253-fnpc7022.fnal.gov was running on 0                                        , mu2egrid exit status:   0 TrigReport Events total = 2000000 passed = 11831 failed = 1988169
   254 : section murat-31896363-254-fnpc17108.fnal.gov was running on 0                                        , mu2egrid exit status:   0 TrigReport Events total = 2000000 passed = 11956 failed = 1988044
   255 : section murat-31896363-255-fnpc7021.fnal.gov was running on 0                                        , mu2egrid exit status:   0 TrigReport Events total = 2000000 passed = 11846 failed = 1988154
   256 : section murat-31896363-256-fnpc19107.fnal.gov was running on 0                                        , mu2egrid exit status:   0 TrigReport Events total = 2000000 passed = 11586 failed = 1988414
   257 : section murat-31896363-257-fnpc7206.fnal.gov was running on 0                                        , mu2egrid exit status:   0 TrigReport Events total = 2000000 passed = 11988 failed = 1988012
   258 : section murat-31896363-258-fnpc17146.fnal.gov was running on 0                                        , mu2egrid exit status:   0 TrigReport Events total = 2000000 passed = 12164 failed = 1987836
   259 : section murat-31896363-259-fnpc17142.fnal.gov was running on 0                                        , mu2egrid exit status:   0 TrigReport Events total = 2000000 passed = 11624 failed = 1988376
   260 : section murat-31896363-260-fnpc8020.fnal.gov was running on 0                                        , mu2egrid exit status:   0 TrigReport Events total = 2000000 passed = 11840 failed = 1988160
   261 : section murat-31896363-261-fnpc9023.fnal.gov was running on 0                                        , mu2egrid exit status:   0 TrigReport Events total = 2000000 passed = 11785 failed = 1988215
   262 : section murat-31896363-262-fnpc9019.fnal.gov was running on 0                                        , mu2egrid exit status:   0 TrigReport Events total = 2000000 passed = 11824 failed = 1988176
   263 : section murat-31896363-263-fnpc9075.fnal.gov was running on 0                                        , mu2egrid exit status:   0 TrigReport Events total = 2000000 passed = 11896 failed = 1988104
   264 : section murat-31896363-264-fnpc17141.fnal.gov was running on 0                                        , mu2egrid exit status:   0 TrigReport Events total = 2000000 passed = 12186 failed = 1987814
   265 : section murat-31896363-265-fnpc17156.fnal.gov was running on 0                                        , mu2egrid exit status:   0 TrigReport Events total = 2000000 passed = 12046 failed = 1987954
   266 : section murat-31896363-266-fnpc9067.fnal.gov was running on 0                                        , mu2egrid exit status:   0 TrigReport Events total = 2000000 passed = 11999 failed = 1988001
   267 : section murat-31896363-267-fnpc7008.fnal.gov was running on 0                                        , mu2egrid exit status:   0 TrigReport Events total = 2000000 passed = 11940 failed = 1988060
   268 : section murat-31896363-268-fnpc17140.fnal.gov was running on 0                                        , mu2egrid exit status:   0 TrigReport Events total = 2000000 passed = 11965 failed = 1988035
   269 : section murat-31896363-269-fnpc17112.fnal.gov was running on 0                                        , mu2egrid exit status:   0 TrigReport Events total = 2000000 passed = 12236 failed = 1987764
   270 : section murat-31896363-270-fnpc17139.fnal.gov was running on 0                                        , mu2egrid exit status:   0 TrigReport Events total = 2000000 passed = 11764 failed = 1988236
   271 : section murat-31896363-271-fnpc17107.fnal.gov was running on 0                                        , mu2egrid exit status:   0 TrigReport Events total = 2000000 passed = 12037 failed = 1987963
   272 : section murat-31896363-272-fnpc19120.fnal.gov was running on 0                                        , mu2egrid exit status:   0 TrigReport Events total = 2000000 passed = 12139 failed = 1987861
   273 : section murat-31896363-273-fnpc19114.fnal.gov was running on 0                                        , mu2egrid exit status:   0 TrigReport Events total = 2000000 passed = 11780 failed = 1988220
   274 : section murat-31896363-274-fnpc19129.fnal.gov was running on 0                                        , mu2egrid exit status:   0 TrigReport Events total = 2000000 passed = 12017 failed = 1987983
   275 : section murat-31896363-275-fnpc19109.fnal.gov was running on 0                                        , mu2egrid exit status:   0 TrigReport Events total = 2000000 passed = 11825 failed = 1988175
   276 : section murat-31896363-276-fnpc19130.fnal.gov was running on 0                                        , mu2egrid exit status:   0 TrigReport Events total = 2000000 passed = 11719 failed = 1988281
   277 : section murat-31896363-277-fnpc19106.fnal.gov was running on 0                                        , mu2egrid exit status:   0 TrigReport Events total = 2000000 passed = 11847 failed = 1988153
   278 : section murat-31896363-278-fnpc19132.fnal.gov was running on 0                                        , mu2egrid exit status:   0 TrigReport Events total = 2000000 passed = 11989 failed = 1988011
   279 : section murat-31896363-279-fnpc17146.fnal.gov was running on 0                                        , mu2egrid exit status:   0 TrigReport Events total = 2000000 passed = 12107 failed = 1987893
   280 : section murat-31896363-280-fnpc9075.fnal.gov was running on 0                                        , mu2egrid exit status:   0 TrigReport Events total = 2000000 passed = 12012 failed = 1987988
   281 : section murat-31896363-281-fnpc17112.fnal.gov was running on 0                                        , mu2egrid exit status:   0 TrigReport Events total = 2000000 passed = 11451 failed = 1988549
   282 : section murat-31896363-282-fnpc17156.fnal.gov was running on 0                                        , mu2egrid exit status:   0 TrigReport Events total = 2000000 passed = 12057 failed = 1987943
   283 : section murat-31896363-283-fnpc7008.fnal.gov was running on 0                                        , mu2egrid exit status:   0 TrigReport Events total = 2000000 passed = 11952 failed = 1988048
   284 : section murat-31896363-284-fnpc19109.fnal.gov was running on 0                                        , mu2egrid exit status:   0 TrigReport Events total = 2000000 passed = 11769 failed = 1988231
   285 : section murat-31896363-285-fnpc19130.fnal.gov was running on 0                                        , mu2egrid exit status:   0 TrigReport Events total = 2000000 passed = 12201 failed = 1987799
   286 : section murat-31896363-286-fnpc19109.fnal.gov was running on 0                                        , mu2egrid exit status:   0 TrigReport Events total = 2000000 passed = 11804 failed = 1988196
   287 : section murat-31896363-287-fnpc9067.fnal.gov was running on 0                                        , mu2egrid exit status:   0 TrigReport Events total = 2000000 passed = 12206 failed = 1987794
   288 : section murat-31896363-288-fnpc19120.fnal.gov was running on 0                                        , mu2egrid exit status:   0 TrigReport Events total = 2000000 passed = 12469 failed = 1987531
   289 : section murat-31896363-289-fnpc19120.fnal.gov was running on 0                                        , mu2egrid exit status:   0 TrigReport Events total = 2000000 passed = 11616 failed = 1988384
   290 : section murat-31896363-290-fnpc8002.fnal.gov was running on 0                                        , mu2egrid exit status:   0 TrigReport Events total = 2000000 passed = 12238 failed = 1987762
   291 : section murat-31896363-291-fnpc8005.fnal.gov was running on 0                                        , mu2egrid exit status:   0 TrigReport Events total = 2000000 passed = 11593 failed = 1988407
   292 : section murat-31896363-292-fnpc5005.fnal.gov was running on 0                                        , mu2egrid exit status:   0 TrigReport Events total = 2000000 passed = 11876 failed = 1988124
   293 : section murat-31896363-293-fnpc7008.fnal.gov was running on 0                                        , mu2egrid exit status:   0 TrigReport Events total = 2000000 passed = 12356 failed = 1987644
   294 : section murat-31896363-294-fnpc17122.fnal.gov was running on 0                                        , mu2egrid exit status:   0 TrigReport Events total = 2000000 passed = 11973 failed = 1988027
   295 : section murat-31896363-295-fnpc9007.fnal.gov was running on 0                                        , mu2egrid exit status:   0 TrigReport Events total = 2000000 passed = 11857 failed = 1988143
   296 : section murat-31896363-296-fnpc17147.fnal.gov was running on 0                                        , mu2egrid exit status:   0 TrigReport Events total = 2000000 passed = 12033 failed = 1987967
   297 : section murat-31896363-297-fnpc7002.fnal.gov was running on 0                                        , mu2egrid exit status:   0 TrigReport Events total = 2000000 passed = 11877 failed = 1988123
   298 : section murat-31896363-298-fnpc17159.fnal.gov was running on 0                                        , mu2egrid exit status:   0 TrigReport Events total = 2000000 passed = 11519 failed = 1988481
   299 : section murat-31896363-299-fnpc6017.fnal.gov was running on 0                                        , mu2egrid exit status:   0 TrigReport Events total = 2000000 passed = 11826 failed = 1988174
   300 : section murat-31896363-300-fnpc9010.fnal.gov was running on 0                                        , mu2egrid exit status:   0 TrigReport Events total = 2000000 passed = 11689 failed = 1988311
   301 : section murat-31896363-301-fnpc19120.fnal.gov was running on 0                                        , mu2egrid exit status:   0 TrigReport Events total = 2000000 passed = 11532 failed = 1988468
   302 : section murat-31896363-302-fnpc19107.fnal.gov was running on 0                                        , mu2egrid exit status:   0 TrigReport Events total = 2000000 passed = 11612 failed = 1988388
   303 : section murat-31896363-303-fnpc19110.fnal.gov was running on 0                                        , mu2egrid exit status:   0 TrigReport Events total = 2000000 passed = 11890 failed = 1988110
   304 : section murat-31896363-304-fnpc19126.fnal.gov was running on 0                                        , mu2egrid exit status:   0 TrigReport Events total = 2000000 passed = 12200 failed = 1987800
   305 : section murat-31896363-305-fnpc19111.fnal.gov was running on 0                                        , mu2egrid exit status:   0 TrigReport Events total = 2000000 passed = 11831 failed = 1988169
   306 : section murat-31896363-306-fnpc19124.fnal.gov was running on 0                                        , mu2egrid exit status:   0 TrigReport Events total = 2000000 passed = 12244 failed = 1987756
   307 : section murat-31896363-307-fnpc19108.fnal.gov was running on 0                                        , mu2egrid exit status:   0 TrigReport Events total = 2000000 passed = 11976 failed = 1988024
   308 : section murat-31896363-308-fnpc19139.fnal.gov was running on 0                                        , mu2egrid exit status:   0 TrigReport Events total = 2000000 passed = 12212 failed = 1987788
   309 : section murat-31896363-309-fnpc19127.fnal.gov was running on 0                                        , mu2egrid exit status:   0 TrigReport Events total = 2000000 passed = 11778 failed = 1988222
   310 : section murat-31896363-310-fnpc19102.fnal.gov was running on 0                                        , mu2egrid exit status:   0 TrigReport Events total = 2000000 passed = 11554 failed = 1988446
   311 : section murat-31896363-311-fnpc9010.fnal.gov was running on 0                                        , mu2egrid exit status:   0 TrigReport Events total = 2000000 passed = 11831 failed = 1988169
   312 : section murat-31896363-312-fnpc19110.fnal.gov was running on 0                                        , mu2egrid exit status:   0 TrigReport Events total = 2000000 passed = 11947 failed = 1988053
   313 : section murat-31896363-313-fnpc19126.fnal.gov was running on 0                                        , mu2egrid exit status:   0 TrigReport Events total = 2000000 passed = 11850 failed = 1988150
   314 : section murat-31896363-314-fnpc19111.fnal.gov was running on 0                                        , mu2egrid exit status:   0 TrigReport Events total = 2000000 passed = 11918 failed = 1988082
   315 : section murat-31896363-315-fnpc19120.fnal.gov was running on 0                                        , mu2egrid exit status:   0 TrigReport Events total = 2000000 passed = 12067 failed = 1987933
   316 : section murat-31896363-316-fnpc19107.fnal.gov was running on 0                                        , mu2egrid exit status:   0 TrigReport Events total = 2000000 passed = 12125 failed = 1987875
   317 : section murat-31896363-317-fnpc17147.fnal.gov was running on 0                                        , mu2egrid exit status:   0 TrigReport Events total = 2000000 passed = 12057 failed = 1987943
   318 : section murat-31896363-318-fnpc7002.fnal.gov was running on 0                                        , mu2egrid exit status:   0 TrigReport Events total = 2000000 passed = 12158 failed = 1987842
   319 : section murat-31896363-319-fnpc19120.fnal.gov was running on 0                                        , mu2egrid exit status:   0 TrigReport Events total = 2000000 passed = 12246 failed = 1987754
   320 : section murat-31896363-320-fnpc19110.fnal.gov was running on 0                                        , mu2egrid exit status:   0 TrigReport Events total = 2000000 passed = 11975 failed = 1988025
   321 : section murat-31896363-321-fnpc19120.fnal.gov was running on 0                                        , mu2egrid exit status:   0 TrigReport Events total = 2000000 passed = 11826 failed = 1988174
   322 : section murat-31896363-322-fnpc19110.fnal.gov was running on 0                                        , mu2egrid exit status:   0 TrigReport Events total = 2000000 passed = 11760 failed = 1988240
   323 : section murat-31896363-323-fnpc19110.fnal.gov was running on 0                                        , mu2egrid exit status:   0 TrigReport Events total = 2000000 passed = 12283 failed = 1987717
   324 : section murat-31896363-324-fnpc19110.fnal.gov was running on 0                                        , mu2egrid exit status:   0 TrigReport Events total = 2000000 passed = 12363 failed = 1987637
   325 : section murat-31896363-325-fnpc17152.fnal.gov was running on 0                                        , mu2egrid exit status:   0 TrigReport Events total = 2000000 passed = 12029 failed = 1987971
   326 : section murat-31896363-326-fnpc9075.fnal.gov was running on 0                                        , mu2egrid exit status:   0 TrigReport Events total = 2000000 passed = 12483 failed = 1987517
   327 : section murat-31896363-327-fnpc17135.fnal.gov was running on 0                                        , mu2egrid exit status:   0 TrigReport Events total = 2000000 passed = 11441 failed = 1988559
   328 : section murat-31896363-328-fnpc17114.fnal.gov was running on 0                                        , mu2egrid exit status:   0 TrigReport Events total = 2000000 passed = 12108 failed = 1987892
   329 : section murat-31896363-329-fnpc7003.fnal.gov was running on 0                                        , mu2egrid exit status:   0 TrigReport Events total = 2000000 passed = 11778 failed = 1988222
   330 : section murat-31896363-330-fnpc19128.fnal.gov was running on 0                                        , mu2egrid exit status:   0 TrigReport Events total = 2000000 passed = 11985 failed = 1988015
   331 : section murat-31896363-331-fnpc19124.fnal.gov was running on 0                                        , mu2egrid exit status:   0 TrigReport Events total = 2000000 passed = 11659 failed = 1988341
   332 : section murat-31896363-332-fnpc17152.fnal.gov was running on 0                                        , mu2egrid exit status:   0 TrigReport Events total = 2000000 passed = 11864 failed = 1988136
   333 : section murat-31896363-333-fnpc19128.fnal.gov was running on 0                                        , mu2egrid exit status:   0 TrigReport Events total = 2000000 passed = 12060 failed = 1987940
   334 : section murat-31896363-334-fnpc5005.fnal.gov was running on 0                                        , mu2egrid exit status:   0 TrigReport Events total = 2000000 passed = 11842 failed = 1988158
   335 : section murat-31896363-335-fnpc5005.fnal.gov was running on 0                                        , mu2egrid exit status:   0 TrigReport Events total = 2000000 passed = 12257 failed = 1987743
   336 : section murat-31896363-336-fnpc8010.fnal.gov was running on 0                                        , mu2egrid exit status:   0 TrigReport Events total = 2000000 passed = 11967 failed = 1988033
   337 : section murat-31896363-337-fnpc8028.fnal.gov was running on 0                                        , mu2egrid exit status:   0 TrigReport Events total = 2000000 passed = 12363 failed = 1987637
   338 : section murat-31896363-338-fnpc9028.fnal.gov was running on 0                                        , mu2egrid exit status:   0 TrigReport Events total = 2000000 passed = 12134 failed = 1987866
   339 : section murat-31896363-339-fnpc17151.fnal.gov was running on 0                                        , mu2egrid exit status:   0 TrigReport Events total = 2000000 passed = 12257 failed = 1987743
   340 : section murat-31896363-340-fnpc9005.fnal.gov was running on 0                                        , mu2egrid exit status:   0 TrigReport Events total = 2000000 passed = 11310 failed = 1988690
   341 : section murat-31896363-341-fnpc9041.fnal.gov was running on 0                                        , mu2egrid exit status:   0 TrigReport Events total = 2000000 passed = 11625 failed = 1988375
   342 : section murat-31896363-342-fnpc9054.fnal.gov was running on 0                                        , mu2egrid exit status:   0 TrigReport Events total = 2000000 passed = 11820 failed = 1988180
   343 : section murat-31896363-343-fnpc9060.fnal.gov was running on 0                                        , mu2egrid exit status:   0 TrigReport Events total = 2000000 passed = 11405 failed = 1988595
   344 : section murat-31896363-344-fnpc17117.fnal.gov was running on 0                                        , mu2egrid exit status:   0 TrigReport Events total = 2000000 passed = 11789 failed = 1988211
   345 : section murat-31896363-345-fnpc9070.fnal.gov was running on 0                                        , mu2egrid exit status:   0 TrigReport Events total = 2000000 passed = 12013 failed = 1987987
   346 : section murat-31896363-346-fnpc17147.fnal.gov was running on 0                                        , mu2egrid exit status:   0 TrigReport Events total = 2000000 passed = 12211 failed = 1987789
   347 : section murat-31896363-347-fnpc9011.fnal.gov was running on 0                                        , mu2egrid exit status:   0 TrigReport Events total = 2000000 passed = 11851 failed = 1988149
   348 : section murat-31896363-348-fnpc9109.fnal.gov was running on 0                                        , mu2egrid exit status:   0 TrigReport Events total = 2000000 passed = 11806 failed = 1988194
   349 : section murat-31896363-349-fnpc7010.fnal.gov was running on 0                                        , mu2egrid exit status:   0 TrigReport Events total = 2000000 passed = 12329 failed = 1987671
   350 : section murat-31896363-350-fnpc7028.fnal.gov was running on 0                                        , mu2egrid exit status:   0 TrigReport Events total = 2000000 passed = 12159 failed = 1987841
   351 : section murat-31896363-351-fnpc6002.fnal.gov was running on 0                                        , mu2egrid exit status:   0 TrigReport Events total = 2000000 passed = 11878 failed = 1988122
   352 : section murat-31896363-352-fnpc19116.fnal.gov was running on 0                                        , mu2egrid exit status:   0 TrigReport Events total = 2000000 passed = 12081 failed = 1987919
   353 : section murat-31896363-353-fnpc19139.fnal.gov was running on 0                                        , mu2egrid exit status:   0 TrigReport Events total = 2000000 passed = 11716 failed = 1988284
   354 : section murat-31896363-354-fnpc19104.fnal.gov was running on 0                                        , mu2egrid exit status:   0 TrigReport Events total = 2000000 passed = 12283 failed = 1987717
   355 : section murat-31896363-355-fnpc8010.fnal.gov was running on 0                                        , mu2egrid exit status:   0 TrigReport Events total = 2000000 passed = 11545 failed = 1988455
   356 : section murat-31896363-356-fnpc8006.fnal.gov was running on 0                                        , mu2egrid exit status:   0 TrigReport Events total = 2000000 passed = 11998 failed = 1988002
   357 : section murat-31896363-357-fnpc17104.fnal.gov was running on 0                                        , mu2egrid exit status:   0 TrigReport Events total = 2000000 passed = 11602 failed = 1988398
   358 : section murat-31896363-358-fnpc5016.fnal.gov was running on 0                                        , mu2egrid exit status:   0 TrigReport Events total = 2000000 passed = 11971 failed = 1988029
   359 : section murat-31896363-359-fnpc8017.fnal.gov was running on 0                                        , mu2egrid exit status:   0 TrigReport Events total = 2000000 passed = 11536 failed = 1988464
   360 : section murat-31896363-360-fnpc9033.fnal.gov was running on 0                                        , mu2egrid exit status:   0 TrigReport Events total = 2000000 passed = 11736 failed = 1988264
   361 : section murat-31896363-361-fnpc19142.fnal.gov was running on 0                                        , mu2egrid exit status:   0 TrigReport Events total = 2000000 passed = 12205 failed = 1987795
   362 : section murat-31896363-362-fnpc19126.fnal.gov was running on 0                                        , mu2egrid exit status:   0 TrigReport Events total = 2000000 passed = 11824 failed = 1988176
   363 : section murat-31896363-363-fnpc8025.fnal.gov was running on 0                                        , mu2egrid exit status:   0 TrigReport Events total = 2000000 passed = 11467 failed = 1988533
   364 : section murat-31896363-364-fnpc8001.fnal.gov was running on 0                                        , mu2egrid exit status:   0 TrigReport Events total = 2000000 passed = 11849 failed = 1988151
   365 : section murat-31896363-365-fnpc9049.fnal.gov was running on 0                                        , mu2egrid exit status:   0 TrigReport Events total = 2000000 passed = 12189 failed = 1987811
   366 : section murat-31896363-366-fnpc17141.fnal.gov was running on 0                                        , mu2egrid exit status:   0 TrigReport Events total = 2000000 passed = 12106 failed = 1987894
   367 : section murat-31896363-367-fnpc17110.fnal.gov was running on 0                                        , mu2egrid exit status:   0 TrigReport Events total = 2000000 passed = 12290 failed = 1987710
   368 : section murat-31896363-368-fnpc9072.fnal.gov was running on 0                                        , mu2egrid exit status:   0 TrigReport Events total = 2000000 passed = 11820 failed = 1988180
   369 : section murat-31896363-369-fnpc7023.fnal.gov was running on 0                                        , mu2egrid exit status:   0 TrigReport Events total = 2000000 passed = 12020 failed = 1987980
   370 : section murat-31896363-370-fnpc9107.fnal.gov was running on 0                                        , mu2egrid exit status:   0 TrigReport Events total = 2000000 passed = 11705 failed = 1988295
   371 : section murat-31896363-371-fnpc6030.fnal.gov was running on 0                                        , mu2egrid exit status:   0 TrigReport Events total = 2000000 passed = 11739 failed = 1988261
   372 : section murat-31896363-372-fnpc19132.fnal.gov was running on 0                                        , mu2egrid exit status:   0 TrigReport Events total = 2000000 passed = 12028 failed = 1987972
   373 : section murat-31896363-373-fnpc9077.fnal.gov was running on 0                                        , mu2egrid exit status:   0 TrigReport Events total = 2000000 passed = 12133 failed = 1987867
   374 : section murat-31896363-374-fnpc9031.fnal.gov was running on 0                                        , mu2egrid exit status:   0 TrigReport Events total = 2000000 passed = 12019 failed = 1987981
   375 : section murat-31896363-375-fnpc5027.fnal.gov was running on 0                                        , mu2egrid exit status:   0 TrigReport Events total = 2000000 passed = 12123 failed = 1987877
   376 : section murat-31896363-376-fnpc9075.fnal.gov was running on 0                                        , mu2egrid exit status:   0 TrigReport Events total = 2000000 passed = 11857 failed = 1988143
   377 : section murat-31896363-377-fnpc8027.fnal.gov was running on 0                                        , mu2egrid exit status:   0 TrigReport Events total = 2000000 passed = 11558 failed = 1988442
   378 : section murat-31896363-378-fnpc17135.fnal.gov was running on 0                                        , mu2egrid exit status:   0 TrigReport Events total = 2000000 passed = 12010 failed = 1987990
   379 : section murat-31896363-379-fnpc8022.fnal.gov was running on 0                                        , mu2egrid exit status:   0 TrigReport Events total = 2000000 passed = 12352 failed = 1987648
   380 : section murat-31896363-380-fnpc9027.fnal.gov was running on 0                                        , mu2egrid exit status:   0 TrigReport Events total = 2000000 passed = 11927 failed = 1988073
   381 : section murat-31896363-381-fnpc7018.fnal.gov was running on 0                                        , mu2egrid exit status:   0 TrigReport Events total = 2000000 passed = 11858 failed = 1988142
   382 : section murat-31896363-382-fnpc19106.fnal.gov was running on 0                                        , mu2egrid exit status:   0 TrigReport Events total = 2000000 passed = 11946 failed = 1988054
   383 : section murat-31896363-383-fnpc9004.fnal.gov was running on 0                                        , mu2egrid exit status:   0 TrigReport Events total = 2000000 passed = 12222 failed = 1987778
   384 : section murat-31896363-384-fnpc9013.fnal.gov was running on 0                                        , mu2egrid exit status:   0 TrigReport Events total = 2000000 passed = 11791 failed = 1988209
   385 : section murat-31896363-385-fnpc9065.fnal.gov was running on 0                                        , mu2egrid exit status:   0 TrigReport Events total = 2000000 passed = 11666 failed = 1988334
   386 : section murat-31896363-386-fnpc17144.fnal.gov was running on 0                                        , mu2egrid exit status:   0 TrigReport Events total = 2000000 passed = 12151 failed = 1987849
   387 : section murat-31896363-387-fnpc9044.fnal.gov was running on 0                                        , mu2egrid exit status:   0 TrigReport Events total = 2000000 passed = 11955 failed = 1988045
   388 : section murat-31896363-388-fnpc8020.fnal.gov was running on 0                                        , mu2egrid exit status:   0 TrigReport Events total = 2000000 passed = 12079 failed = 1987921
   389 : section murat-31896363-389-fnpc17127.fnal.gov was running on 0                                        , mu2egrid exit status:   0 TrigReport Events total = 2000000 passed = 11865 failed = 1988135
   390 : section murat-31896363-390-fnpc17131.fnal.gov was running on 0                                        , mu2egrid exit status:   0 TrigReport Events total = 2000000 passed = 11851 failed = 1988149
   391 : section murat-31896363-391-fnpc9048.fnal.gov was running on 0                                        , mu2egrid exit status:   0 TrigReport Events total = 2000000 passed = 11970 failed = 1988030
   392 : section murat-31896363-392-fnpc17135.fnal.gov was running on 0                                        , mu2egrid exit status:   0 TrigReport Events total = 2000000 passed = 11637 failed = 1988363
   393 : section murat-31896363-393-fnpc17124.fnal.gov was running on 0                                        , mu2egrid exit status:   0 TrigReport Events total = 2000000 passed = 12246 failed = 1987754
   394 : section murat-31896363-394-fnpc6018.fnal.gov was running on 0                                        , mu2egrid exit status:   0 TrigReport Events total = 2000000 passed = 12168 failed = 1987832
   395 : section murat-31896363-395-fnpc17126.fnal.gov was running on 0                                        , mu2egrid exit status:   0 TrigReport Events total = 2000000 passed = 11925 failed = 1988075
   396 : section murat-31896363-396-fnpc17153.fnal.gov was running on 0                                        , mu2egrid exit status:   0 TrigReport Events total = 2000000 passed = 12211 failed = 1987789
   397 : section murat-31896363-397-fnpc17117.fnal.gov was running on 0                                        , mu2egrid exit status:   0 TrigReport Events total = 2000000 passed = 11668 failed = 1988332
   398 : section murat-31896363-398-fnpc9031.fnal.gov was running on 0                                        , mu2egrid exit status:   0 TrigReport Events total = 2000000 passed = 11706 failed = 1988294
   399 : section murat-31896363-399-fnpc9026.fnal.gov was running on 0                                        , mu2egrid exit status:   0 TrigReport Events total = 2000000 passed = 12089 failed = 1987911
   400 : section murat-31896363-400-fnpc17111.fnal.gov was running on 0                                        , mu2egrid exit status:   0 TrigReport Events total = 2000000 passed = 12297 failed = 1987703
   401 : section murat-31896363-401-fnpc9018.fnal.gov was running on 0                                        , mu2egrid exit status:   0 TrigReport Events total = 2000000 passed = 11944 failed = 1988056
   402 : section murat-31896363-402-fnpc17122.fnal.gov was running on 0                                        , mu2egrid exit status:   0 TrigReport Events total = 2000000 passed = 11750 failed = 1988250
   403 : section murat-31896363-403-fnpc6017.fnal.gov was running on 0                                        , mu2egrid exit status:   0 TrigReport Events total = 2000000 passed = 11688 failed = 1988312
   404 : section murat-31896363-404-fnpc5006.fnal.gov was running on 0                                        , mu2egrid exit status:   0 TrigReport Events total = 2000000 passed = 11602 failed = 1988398
   405 : section murat-31896363-405-fnpc17144.fnal.gov was running on 0                                        , mu2egrid exit status:   0 TrigReport Events total = 2000000 passed = 11789 failed = 1988211
   406 : section murat-31896363-406-fnpc17141.fnal.gov was running on 0                                        , mu2egrid exit status:   0 TrigReport Events total = 2000000 passed = 11697 failed = 1988303
   407 : section murat-31896363-407-fnpc17128.fnal.gov was running on 0                                        , mu2egrid exit status:   0 TrigReport Events total = 2000000 passed = 11810 failed = 1988190
   408 : section murat-31896363-408-fnpc9078.fnal.gov was running on 0                                        , mu2egrid exit status:   0 TrigReport Events total = 2000000 passed = 11823 failed = 1988177
   409 : section murat-31896363-409-fnpc17103.fnal.gov was running on 0                                        , mu2egrid exit status:   0 TrigReport Events total = 2000000 passed = 12002 failed = 1987998
   410 : section murat-31896363-410-fnpc9070.fnal.gov was running on 0                                        , mu2egrid exit status:   0 TrigReport Events total = 2000000 passed = 11856 failed = 1988144
   411 : section murat-31896363-411-fnpc17159.fnal.gov was running on 0                                        , mu2egrid exit status:   0 TrigReport Events total = 2000000 passed = 12095 failed = 1987905
   412 : section murat-31896363-412-fnpc19120.fnal.gov was running on 0                                        , mu2egrid exit status:   0 TrigReport Events total = 2000000 passed = 12185 failed = 1987815
   413 : section murat-31896363-413-fnpc19136.fnal.gov was running on 0                                        , mu2egrid exit status:   0 TrigReport Events total = 2000000 passed = 11969 failed = 1988031
   414 : section murat-31896363-414-fnpc19136.fnal.gov was running on 0                                        , mu2egrid exit status:   0 TrigReport Events total = 2000000 passed = 11875 failed = 1988125
   415 : section murat-31896363-415-fnpc19136.fnal.gov was running on 0                                        , mu2egrid exit status:   0 TrigReport Events total = 2000000 passed = 11962 failed = 1988038
   416 : section murat-31896363-416-fnpc17141.fnal.gov was running on 0                                        , mu2egrid exit status:   0 TrigReport Events total = 2000000 passed = 11895 failed = 1988105
   417 : section murat-31896363-417-fnpc8203.fnal.gov was running on 0                                        , mu2egrid exit status:   0 TrigReport Events total = 2000000 passed = 12097 failed = 1987903
   418 : section murat-31896363-418-fnpc17134.fnal.gov was running on 0                                        , mu2egrid exit status:   0 TrigReport Events total = 2000000 passed = 11961 failed = 1988039
   419 : section murat-31896363-419-fnpc9101.fnal.gov was running on 0                                        , mu2egrid exit status:   0 TrigReport Events total = 2000000 passed = 12113 failed = 1987887
   420 : section murat-31896363-420-fnpc17148.fnal.gov was running on 0                                        , mu2egrid exit status:   0 TrigReport Events total = 2000000 passed = 12373 failed = 1987627
   421 : section murat-31896363-421-fnpc17128.fnal.gov was running on 0                                        , mu2egrid exit status:   0 TrigReport Events total = 2000000 passed = 11917 failed = 1988083
   422 : section murat-31896363-422-fnpc17151.fnal.gov was running on 0                                        , mu2egrid exit status:   0 TrigReport Events total = 2000000 passed = 12240 failed = 1987760
   423 : section murat-31896363-423-fnpc9053.fnal.gov was running on 0                                        , mu2egrid exit status:   0 TrigReport Events total = 2000000 passed = 11848 failed = 1988152
   424 : section murat-31896363-424-fnpc8024.fnal.gov was running on 0                                        , mu2egrid exit status:   0 TrigReport Events total = 2000000 passed = 11908 failed = 1988092
   425 : section murat-31896363-425-fnpc9070.fnal.gov was running on 0                                        , mu2egrid exit status:   0 TrigReport Events total = 2000000 passed = 12156 failed = 1987844
   426 : section murat-31896363-426-fnpc17130.fnal.gov was running on 0                                        , mu2egrid exit status:   0 TrigReport Events total = 2000000 passed = 11789 failed = 1988211
   427 : section murat-31896363-427-fnpc7006.fnal.gov was running on 0                                        , mu2egrid exit status:   0 TrigReport Events total = 2000000 passed = 11966 failed = 1988034
   428 : section murat-31896363-428-fnpc9013.fnal.gov was running on 0                                        , mu2egrid exit status:   0 TrigReport Events total = 2000000 passed = 11899 failed = 1988101
   429 : section murat-31896363-429-fnpc6015.fnal.gov was running on 0                                        , mu2egrid exit status:   0 TrigReport Events total = 2000000 passed = 11938 failed = 1988062
   430 : section murat-31896363-430-fnpc17101.fnal.gov was running on 0                                        , mu2egrid exit status:   0 TrigReport Events total = 2000000 passed = 11487 failed = 1988513
   431 : section murat-31896363-431-fnpc9001.fnal.gov was running on 0                                        , mu2egrid exit status:   0 TrigReport Events total = 2000000 passed = 11908 failed = 1988092
   432 : section murat-31896363-432-fnpc7028.fnal.gov was running on 0                                        , mu2egrid exit status:   0 TrigReport Events total = 2000000 passed = 12089 failed = 1987911
   433 : section murat-31896363-433-fnpc17102.fnal.gov was running on 0                                        , mu2egrid exit status:   0 TrigReport Events total = 2000000 passed = 12063 failed = 1987937
   434 : section murat-31896363-434-fnpc19129.fnal.gov was running on 0                                        , mu2egrid exit status:   0 TrigReport Events total = 2000000 passed = 11690 failed = 1988310
   435 : section murat-31896363-435-fnpc19129.fnal.gov was running on 0                                        , mu2egrid exit status:   0 TrigReport Events total = 2000000 passed = 11898 failed = 1988102
   436 : section murat-31896363-436-fnpc8021.fnal.gov was running on 0                                        , mu2egrid exit status:   0 TrigReport Events total = 2000000 passed = 11897 failed = 1988103
   437 : section murat-31896363-437-fnpc7302.fnal.gov was running on 0                                        , mu2egrid exit status:   0 TrigReport Events total = 2000000 passed = 11795 failed = 1988205
   438 : section murat-31896363-438-fnpc7309.fnal.gov was running on 0                                        , mu2egrid exit status:   0 TrigReport Events total = 2000000 passed = 11966 failed = 1988034
   439 : section murat-31896363-439-fnpc7303.fnal.gov was running on 0                                        , mu2egrid exit status:   0 TrigReport Events total = 2000000 passed = 11630 failed = 1988370
   440 : section murat-31896363-440-fnpc7209.fnal.gov was running on 0                                        , mu2egrid exit status:   0 TrigReport Events total = 2000000 passed = 11953 failed = 1988047
   441 : section murat-31896363-441-fnpc9030.fnal.gov was running on 0                                        , mu2egrid exit status:   0 TrigReport Events total = 2000000 passed = 12057 failed = 1987943
   442 : section murat-31896363-442-fnpc8013.fnal.gov was running on 0                                        , mu2egrid exit status:   0 TrigReport Events total = 2000000 passed = 12257 failed = 1987743
   443 : section murat-31896363-443-fnpc9005.fnal.gov was running on 0                                        , mu2egrid exit status:   0 TrigReport Events total = 2000000 passed = 12204 failed = 1987796
   444 : section murat-31896363-444-fnpc9041.fnal.gov was running on 0                                        , mu2egrid exit status:   0 TrigReport Events total = 2000000 passed = 11957 failed = 1988043
   445 : section murat-31896363-445-fnpc8022.fnal.gov was running on 0                                        , mu2egrid exit status:   0 TrigReport Events total = 2000000 passed = 11997 failed = 1988003
   446 : section murat-31896363-446-fnpc6024.fnal.gov was running on 0                                        , mu2egrid exit status:   0 TrigReport Events total = 2000000 passed = 12219 failed = 1987781
   447 : section murat-31896363-447-fnpc17122.fnal.gov was running on 0                                        , mu2egrid exit status:   0 TrigReport Events total = 2000000 passed = 12236 failed = 1987764
   448 : section murat-31896363-448-fnpc6000.fnal.gov was running on 0                                        , mu2egrid exit status:   0 TrigReport Events total = 2000000 passed = 12116 failed = 1987884
   449 : section murat-31896363-449-fnpc6031.fnal.gov was running on 0                                        , mu2egrid exit status:   0 TrigReport Events total = 2000000 passed = 11779 failed = 1988221
   450 : section murat-31896363-450-fnpc6017.fnal.gov was running on 0                                        , mu2egrid exit status:   0 TrigReport Events total = 2000000 passed = 11618 failed = 1988382
   451 : section murat-31896363-451-fnpc6020.fnal.gov was running on 0                                        , mu2egrid exit status:   0 TrigReport Events total = 2000000 passed = 11673 failed = 1988327
   452 : section murat-31896363-452-fnpc17101.fnal.gov was running on 0                                        , mu2egrid exit status:   0 TrigReport Events total = 2000000 passed = 11622 failed = 1988378
   453 : section murat-31896363-453-fnpc17114.fnal.gov was running on 0                                        , mu2egrid exit status:   0 TrigReport Events total = 2000000 passed = 12068 failed = 1987932
   454 : section murat-31896363-454-fnpc19103.fnal.gov was running on 0                                        , mu2egrid exit status:   0 TrigReport Events total = 2000000 passed = 11737 failed = 1988263
   455 : section murat-31896363-455-fnpc19128.fnal.gov was running on 0                                        , mu2egrid exit status:   0 TrigReport Events total = 2000000 passed = 12142 failed = 1987858
   456 : section murat-31896363-456-fnpc19111.fnal.gov was running on 0                                        , mu2egrid exit status:   0 TrigReport Events total = 2000000 passed = 12076 failed = 1987924
   457 : section murat-31896363-457-fnpc19136.fnal.gov was running on 0                                        , mu2egrid exit status:   0 TrigReport Events total = 2000000 passed = 12021 failed = 1987979
   458 : section murat-31896363-458-fnpc19116.fnal.gov was running on 0                                        , mu2egrid exit status:   0 TrigReport Events total = 2000000 passed = 11851 failed = 1988149
   459 : section murat-31896363-459-fnpc19134.fnal.gov was running on 0                                        , mu2egrid exit status:   0 TrigReport Events total = 2000000 passed = 12483 failed = 1987517
   460 : section murat-31896363-460-fnpc19108.fnal.gov was running on 0                                        , mu2egrid exit status:   0 TrigReport Events total = 2000000 passed = 12239 failed = 1987761
   461 : section murat-31896363-461-fnpc19139.fnal.gov was running on 0                                        , mu2egrid exit status:   0 TrigReport Events total = 2000000 passed = 12191 failed = 1987809
   462 : section murat-31896363-462-fnpc19131.fnal.gov was running on 0                                        , mu2egrid exit status:   0 TrigReport Events total = 2000000 passed = 12134 failed = 1987866
   463 : section murat-31896363-463-fnpc7303.fnal.gov was running on 0                                        , mu2egrid exit status:   0 TrigReport Events total = 2000000 passed = 11864 failed = 1988136
   464 : section murat-31896363-464-fnpc17101.fnal.gov was running on 0                                        , mu2egrid exit status:   0 TrigReport Events total = 2000000 passed = 12381 failed = 1987619
   465 : section murat-31896363-465-fnpc9005.fnal.gov was running on 0                                        , mu2egrid exit status:   0 TrigReport Events total = 2000000 passed = 11907 failed = 1988093
   466 : section murat-31896363-466-fnpc6024.fnal.gov was running on 0                                        , mu2egrid exit status:   0 TrigReport Events total = 2000000 passed = 11910 failed = 1988090
   467 : section murat-31896363-467-fnpc6017.fnal.gov was running on 0                                        , mu2egrid exit status:   0 TrigReport Events total = 2000000 passed = 11894 failed = 1988106
   468 : section murat-31896363-468-fnpc19128.fnal.gov was running on 0                                        , mu2egrid exit status:   0 TrigReport Events total = 2000000 passed = 12101 failed = 1987899
   469 : section murat-31896363-469-fnpc19116.fnal.gov was running on 0                                        , mu2egrid exit status:   0 TrigReport Events total = 2000000 passed = 12016 failed = 1987984
   470 : section murat-31896363-470-fnpc19131.fnal.gov was running on 0                                        , mu2egrid exit status:   0 TrigReport Events total = 2000000 passed = 12118 failed = 1987882
   471 : section murat-31896363-471-fnpc19116.fnal.gov was running on 0                                        , mu2egrid exit status:   0 TrigReport Events total = 2000000 passed = 11790 failed = 1988210
   472 : section murat-31896363-472-fnpc19131.fnal.gov was running on 0                                        , mu2egrid exit status:   0 TrigReport Events total = 2000000 passed = 12234 failed = 1987766
   473 : section murat-31896363-473-fnpc19116.fnal.gov was running on 0                                        , mu2egrid exit status:   0 TrigReport Events total = 2000000 passed = 12168 failed = 1987832
   474 : section murat-31896363-474-fnpc19116.fnal.gov was running on 0                                        , mu2egrid exit status:   0 TrigReport Events total = 2000000 passed = 11700 failed = 1988300
   475 : section murat-31896363-475-fnpc19116.fnal.gov was running on 0                                        , mu2egrid exit status:   0 TrigReport Events total = 2000000 passed = 12233 failed = 1987767
   476 : section murat-31896363-476-fnpc8206.fnal.gov was running on 0                                        , mu2egrid exit status:   0 TrigReport Events total = 2000000 passed = 12258 failed = 1987742
   477 : section murat-31896363-477-fnpc8006.fnal.gov was running on 0                                        , mu2egrid exit status:   0 TrigReport Events total = 2000000 passed = 11751 failed = 1988249
   478 : section murat-31896363-478-fnpc9022.fnal.gov was running on 0                                        , mu2egrid exit status:   0 TrigReport Events total = 2000000 passed = 12254 failed = 1987746
   479 : section murat-31896363-479-fnpc7014.fnal.gov was running on 0                                        , mu2egrid exit status:   0 TrigReport Events total = 2000000 passed = 12164 failed = 1987836
   480 : section murat-31896363-480-fnpc9009.fnal.gov was running on 0                                        , mu2egrid exit status:   0 TrigReport Events total = 2000000 passed = 11829 failed = 1988171
   481 : section murat-31896363-481-fnpc17121.fnal.gov was running on 0                                        , mu2egrid exit status:   0 TrigReport Events total = 2000000 passed = 11852 failed = 1988148
   482 : section murat-31896363-482-fnpc9009.fnal.gov was running on 0                                        , mu2egrid exit status:   0 TrigReport Events total = 2000000 passed = 11666 failed = 1988334
   483 : section murat-31896363-483-fnpc9009.fnal.gov was running on 0                                        , mu2egrid exit status:   0 TrigReport Events total = 2000000 passed = 11962 failed = 1988038
   484 : section murat-31896363-484-fnpc8002.fnal.gov was running on 0                                        , mu2egrid exit status:   0 TrigReport Events total = 2000000 passed = 11913 failed = 1988087
--------------------------------------------
JOB SUMMARY:
--------------------------------------------
submitted           :   485 sections
output checked      :     0 sections
completed           :   485 sections
staging failures    :     0 sections
completed with rc=0 :   485 sections
mu2e job failed     :     0 sections
