# Wed May 13 22:10:41 CDT 2020
# job output directory: /pnfs/mu2e/scratch/users/murat/workflow/ts_warm_bore.760_1022.ts1_mubeam.ts2_sim/outstage/32727735
# subdirectory        : /pnfs/mu2e/scratch/users/murat/workflow/ts_warm_bore.760_1022.ts1_mubeam.ts2_sim/outstage/32727735/00
     0 : section 00000  was running on murat-32727735-0-fnpc6031.fnal.gov       , mu2egrid exit status:   0 TrigReport Events total = 242434 passed = 227107 failed = 15327
     1 : section 00001  was running on murat-32727735-1-fnpc9079.fnal.gov       , mu2egrid exit status:   0 TrigReport Events total = 244310 passed = 228776 failed = 15534
     2 : section 00002  was running on murat-32727735-2-fnpc9109.fnal.gov       , mu2egrid exit status:   0 TrigReport Events total = 243885 passed = 228396 failed = 15489
     3 : section 00003  was running on murat-32727735-3-fnpc5014.fnal.gov       , mu2egrid exit status:   0 TrigReport Events total = 244622 passed = 229132 failed = 15490
     4 : section 00004  was running on murat-32727735-4-fnpc9062.fnal.gov       , mu2egrid exit status:   0 TrigReport Events total = 242691 passed = 227310 failed = 15381
     5 : section 00005  was running on murat-32727735-5-fnpc17148.fnal.gov      , mu2egrid exit status:   0 TrigReport Events total = 243355 passed = 228083 failed = 15272
     6 : section 00006  was running on murat-32727735-6-fnpc9051.fnal.gov       , mu2egrid exit status:   0 TrigReport Events total = 243952 passed = 228469 failed = 15483
     7 : section 00007  was running on murat-32727735-7-fnpc9056.fnal.gov       , mu2egrid exit status:   0 TrigReport Events total = 244503 passed = 228891 failed = 15612
     8 : section 00008  was running on murat-32727735-8-fnpc7001.fnal.gov       , mu2egrid exit status:   0 TrigReport Events total = 243500 passed = 227901 failed = 15599
     9 : section 00009  was running on murat-32727735-9-fnpc9104.fnal.gov       , mu2egrid exit status:   0 TrigReport Events total = 243162 passed = 227638 failed = 15524
    10 : section 00010  was running on murat-32727735-10-fnpc19110.fnal.gov     , mu2egrid exit status:   0 TrigReport Events total = 244225 passed = 228498 failed = 15727
    11 : section 00011  was running on murat-32727735-11-fnpc9070.fnal.gov      , mu2egrid exit status:   0 TrigReport Events total = 242954 passed = 227469 failed = 15485
    12 : section 00012  was running on murat-32727735-12-fnpc9049.fnal.gov      , mu2egrid exit status:   0 TrigReport Events total = 243481 passed = 227748 failed = 15733
    13 : section 00013  was running on murat-32727735-13-fnpc7008.fnal.gov      , mu2egrid exit status:   0 TrigReport Events total = 242829 passed = 227541 failed = 15288
    14 : section 00014  was running on murat-32727735-14-fnpc17133.fnal.gov     , mu2egrid exit status:   0 TrigReport Events total = 244117 passed = 228627 failed = 15490
    15 : section 00015  was running on murat-32727735-15-fnpc17121.fnal.gov     , mu2egrid exit status:   0 TrigReport Events total = 242327 passed = 226845 failed = 15482
    16 : section 00016  was running on murat-32727735-16-fnpc6018.fnal.gov      , mu2egrid exit status:   0 TrigReport Events total = 242717 passed = 227210 failed = 15507
    17 : section 00017  was running on murat-32727735-17-fnpc6016.fnal.gov      , mu2egrid exit status:   0 TrigReport Events total = 244671 passed = 229118 failed = 15553
    18 : section 00018  was running on murat-32727735-18-fnpc9024.fnal.gov      , mu2egrid exit status:   0 TrigReport Events total = 244159 passed = 228628 failed = 15531
    19 : section 00019  was running on murat-32727735-19-fnpc9038.fnal.gov      , mu2egrid exit status:   0 TrigReport Events total = 87576 passed = 81902 failed = 5674
--------------------------------------------
JOB SUMMARY:
--------------------------------------------
submitted           :   485 sections
output checked      :    20 sections
completed           :    20 sections
staging failures    :     0 sections
completed with rc=0 :    20 sections
mu2e job failed     :     0 sections
