# Mon Jun 1 10:21:54 CDT 2020
# job output directory: /pnfs/mu2e/scratch/users/murat/workflow/ts_warm_bore.760_5000.pbar_vd91.ts1_sim/outstage/33283937
# subdirectory        : /pnfs/mu2e/scratch/users/murat/workflow/ts_warm_bore.760_5000.pbar_vd91.ts1_sim/outstage/33283937/00
     0 : section 00000  was running on murat-33283937-0-fnpc6031.fnal.gov       , mu2egrid exit status:   0 TrigReport Events total = 2000000 passed = 9106 failed = 1990894
     1 : section 00001  was running on murat-33283937-1-fnpc7014.fnal.gov       , mu2egrid exit status:   0 TrigReport Events total = 2000000 passed = 8911 failed = 1991089
     2 : section 00002  was running on murat-33283937-2-fnpc7009.fnal.gov       , mu2egrid exit status:   0 TrigReport Events total = 2000000 passed = 8886 failed = 1991114
     3 : section 00003  was running on murat-33283937-3-fnpc19117.fnal.gov      , mu2egrid exit status:   0 TrigReport Events total = 2000000 passed = 9110 failed = 1990890
     4 : section 00004  was running on murat-33283937-4-fnpc19127.fnal.gov      , mu2egrid exit status:   0 TrigReport Events total = 2000000 passed = 8403 failed = 1991597
     5 : section 00005  was running on murat-33283937-5-fnpc7003.fnal.gov       , mu2egrid exit status:   0 TrigReport Events total = 2000000 passed = 9342 failed = 1990658
     6 : section 00006  was running on murat-33283937-6-fnpc6004.fnal.gov       , mu2egrid exit status:   0 TrigReport Events total = 2000000 passed = 9064 failed = 1990936
     7 : section 00007  was running on murat-33283937-7-fnpc19110.fnal.gov      , mu2egrid exit status:   0 TrigReport Events total = 2000000 passed = 8919 failed = 1991081
     8 : section 00008  was running on murat-33283937-8-fnpc6016.fnal.gov       , mu2egrid exit status:   0 TrigReport Events total = 2000000 passed = 8821 failed = 1991179
     9 : section 00009  was running on murat-33283937-9-fnpc19108.fnal.gov      , mu2egrid exit status:   0 TrigReport Events total = 2000000 passed = 9256 failed = 1990744
    10 : section 00010  was running on murat-33283937-10-fnpc19111.fnal.gov     , mu2egrid exit status:   0 TrigReport Events total = 2000000 passed = 8894 failed = 1991106
    11 : section 00011  was running on murat-33283937-11-fnpc6025.fnal.gov      , mu2egrid exit status:   0 TrigReport Events total = 2000000 passed = 8603 failed = 1991397
    12 : section 00012  was running on murat-33283937-12-fnpc7019.fnal.gov      , mu2egrid exit status:   0 TrigReport Events total = 2000000 passed = 8946 failed = 1991054
    13 : section 00013  was running on murat-33283937-13-fnpc7022.fnal.gov      , mu2egrid exit status:   0 TrigReport Events total = 2000000 passed = 8983 failed = 1991017
    14 : section 00014  was running on murat-33283937-14-fnpc19123.fnal.gov     , mu2egrid exit status:   0 TrigReport Events total = 2000000 passed = 8609 failed = 1991391
    15 : section 00015  was running on murat-33283937-15-fnpc19118.fnal.gov     , mu2egrid exit status:   0 TrigReport Events total = 2000000 passed = 9049 failed = 1990951
    16 : section 00016  was running on murat-33283937-16-fnpc5037.fnal.gov      , mu2egrid exit status:   0 TrigReport Events total = 2000000 passed = 9039 failed = 1990961
    17 : section 00017  was running on murat-33283937-17-fnpc9075.fnal.gov      , mu2egrid exit status:   0 TrigReport Events total = 2000000 passed = 9024 failed = 1990976
    18 : section 00018  was running on murat-33283937-18-fnpc9071.fnal.gov      , mu2egrid exit status:   0 TrigReport Events total = 2000000 passed = 8857 failed = 1991143
    19 : section 00019  was running on murat-33283937-19-fnpc17125.fnal.gov     , mu2egrid exit status:   0 TrigReport Events total = 2000000 passed = 8964 failed = 1991036
    20 : section 00020  was running on murat-33283937-20-fnpc9030.fnal.gov      , mu2egrid exit status:   0 TrigReport Events total = 2000000 passed = 8859 failed = 1991141
    21 : section 00021  was running on murat-33283937-21-fnpc6002.fnal.gov      , mu2egrid exit status:   0 TrigReport Events total = 2000000 passed = 8700 failed = 1991300
    22 : section 00022  was running on murat-33283937-22-fnpc9048.fnal.gov      , mu2egrid exit status:   0 TrigReport Events total = 2000000 passed = 8890 failed = 1991110
    23 : section 00023  was running on murat-33283937-23-fnpc9049.fnal.gov      , mu2egrid exit status:   0 TrigReport Events total = 2000000 passed = 9016 failed = 1990984
    24 : section 00024  was running on murat-33283937-24-fnpc9054.fnal.gov      , mu2egrid exit status:   0 TrigReport Events total = 2000000 passed = 8814 failed = 1991186
    25 : section 00025  was running on murat-33283937-25-fnpc9045.fnal.gov      , mu2egrid exit status:   0 TrigReport Events total = 2000000 passed = 8748 failed = 1991252
    26 : section 00026  was running on murat-33283937-26-fnpc6024.fnal.gov      , mu2egrid exit status:   0 TrigReport Events total = 2000000 passed = 8923 failed = 1991077
    27 : section 00027  was running on murat-33283937-27-fnpc9042.fnal.gov      , mu2egrid exit status:   0 TrigReport Events total = 2000000 passed = 9028 failed = 1990972
    28 : section 00028  was running on murat-33283937-28-fnpc9052.fnal.gov      , mu2egrid exit status:   0 TrigReport Events total = 2000000 passed = 8966 failed = 1991034
    29 : section 00029  was running on murat-33283937-29-fnpc7209.fnal.gov      , mu2egrid exit status:   0 TrigReport Events total = 2000000 passed = 8955 failed = 1991045
    30 : section 00030  was running on murat-33283937-30-fnpc9056.fnal.gov      , mu2egrid exit status:   0 TrigReport Events total = 2000000 passed = 8576 failed = 1991424
    31 : section 00031  was running on murat-33283937-31-fnpc17108.fnal.gov     , mu2egrid exit status:   0 TrigReport Events total = 2000000 passed = 8660 failed = 1991340
    32 : section 00032  was running on murat-33283937-32-fnpc9057.fnal.gov      , mu2egrid exit status:   0 TrigReport Events total = 2000000 passed = 8963 failed = 1991037
    33 : section 00033  was running on murat-33283937-33-fnpc8016.fnal.gov      , mu2egrid exit status:   0 TrigReport Events total = 2000000 passed = 8752 failed = 1991248
    34 : section 00034  was running on murat-33283937-34-fnpc17111.fnal.gov     , mu2egrid exit status:   0 TrigReport Events total = 2000000 passed = 8946 failed = 1991054
    35 : section 00035  was running on murat-33283937-35-fnpc8002.fnal.gov      , mu2egrid exit status:   0 TrigReport Events total = 2000000 passed = 8953 failed = 1991047
    36 : section 00036  was running on murat-33283937-36-fnpc8026.fnal.gov      , mu2egrid exit status:   0 TrigReport Events total = 2000000 passed = 8942 failed = 1991058
    37 : section 00037  was running on murat-33283937-37-fnpc17154.fnal.gov     , mu2egrid exit status:   0 TrigReport Events total = 2000000 passed = 8939 failed = 1991061
    38 : section 00038  was running on murat-33283937-38-fnpc17160.fnal.gov     , mu2egrid exit status:   0 TrigReport Events total = 2000000 passed = 9163 failed = 1990837
    39 : section 00039  was running on murat-33283937-39-fnpc17146.fnal.gov     , mu2egrid exit status:   0 TrigReport Events total = 2000000 passed = 9103 failed = 1990897
    40 : section 00040  was running on murat-33283937-40-fnpc17105.fnal.gov     , mu2egrid exit status:   0 TrigReport Events total = 2000000 passed = 8949 failed = 1991051
    41 : section 00041  was running on murat-33283937-41-fnpc17101.fnal.gov     , mu2egrid exit status:   0 TrigReport Events total = 2000000 passed = 8937 failed = 1991063
    42 : section 00042  was running on murat-33283937-42-fnpc7644.fnal.gov      , mu2egrid exit status:   0 TrigReport Events total = 2000000 passed = 8774 failed = 1991226
    43 : section 00043  was running on murat-33283937-43-fnpc7607.fnal.gov      , mu2egrid exit status:   0 TrigReport Events total = 2000000 passed = 8972 failed = 1991028
    44 : section 00044  was running on murat-33283937-44-fnpc7557.fnal.gov      , mu2egrid exit status:   0 TrigReport Events total = 2000000 passed = 8882 failed = 1991118
    45 : section 00045  was running on murat-33283937-45-fnpc7030.fnal.gov      , mu2egrid exit status:   0 TrigReport Events total = 2000000 passed = 8815 failed = 1991185
    46 : section 00046  was running on murat-33283937-46-fnpc7007.fnal.gov      , mu2egrid exit status:   0 TrigReport Events total = 2000000 passed = 8708 failed = 1991292
    47 : section 00047  was running on murat-33283937-47-fnpc6026.fnal.gov      , mu2egrid exit status:   0 TrigReport Events total = 2000000 passed = 8458 failed = 1991542
    48 : section 00048  was running on murat-33283937-48-fnpc7017.fnal.gov      , mu2egrid exit status:   0 TrigReport Events total = 2000000 passed = 8799 failed = 1991201
    49 : section 00049  was running on murat-33283937-49-fnpc19125.fnal.gov     , mu2egrid exit status:   0 TrigReport Events total = 2000000 passed = 8864 failed = 1991136
    50 : section 00050  was running on murat-33283937-50-fnpc9036.fnal.gov      , mu2egrid exit status:   0 TrigReport Events total = 2000000 passed = 8830 failed = 1991170
    51 : section 00051  was running on murat-33283937-51-fnpc17143.fnal.gov     , mu2egrid exit status:   0 TrigReport Events total = 2000000 passed = 9294 failed = 1990706
    52 : section 00052  was running on murat-33283937-52-fnpc7003.fnal.gov      , mu2egrid exit status:   0 TrigReport Events total = 2000000 passed = 8656 failed = 1991344
    53 : section 00053  was running on murat-33283937-53-fnpc7649.fnal.gov      , mu2egrid exit status:   0 TrigReport Events total = 2000000 passed = 8653 failed = 1991347
    54 : section 00054  was running on murat-33283937-54-fnpc9036.fnal.gov      , mu2egrid exit status:   0 TrigReport Events total = 2000000 passed = 8922 failed = 1991078
    55 : section 00055  was running on murat-33283937-55-fnpc7512.fnal.gov      , mu2egrid exit status:   0 TrigReport Events total = 2000000 passed = 9071 failed = 1990929
    56 : section 00056  was running on murat-33283937-56-fnpc9003.fnal.gov      , mu2egrid exit status:   0 TrigReport Events total = 2000000 passed = 8602 failed = 1991398
    57 : section 00057  was running on murat-33283937-57-fnpc9012.fnal.gov      , mu2egrid exit status:   0 TrigReport Events total = 2000000 passed = 9065 failed = 1990935
    58 : section 00058  was running on murat-33283937-58-fnpc9040.fnal.gov      , mu2egrid exit status:   0 TrigReport Events total = 2000000 passed = 8893 failed = 1991107
    59 : section 00059  was running on murat-33283937-59-fnpc17145.fnal.gov     , mu2egrid exit status:   0 TrigReport Events total = 2000000 passed = 8670 failed = 1991330
    60 : section 00060  was running on murat-33283937-60-fnpc17110.fnal.gov     , mu2egrid exit status:   0 TrigReport Events total = 2000000 passed = 8932 failed = 1991068
    61 : section 00061  was running on murat-33283937-61-fnpc17102.fnal.gov     , mu2egrid exit status:   0 TrigReport Events total = 2000000 passed = 9254 failed = 1990746
    62 : section 00062  was running on murat-33283937-62-fnpc17155.fnal.gov     , mu2egrid exit status:   0 TrigReport Events total = 2000000 passed = 8608 failed = 1991392
    63 : section 00063  was running on murat-33283937-63-fnpc17151.fnal.gov     , mu2egrid exit status:   0 TrigReport Events total = 2000000 passed = 8810 failed = 1991190
    64 : section 00064  was running on murat-33283937-64-fnpc7309.fnal.gov      , mu2egrid exit status:   0 TrigReport Events total = 2000000 passed = 8694 failed = 1991306
    65 : section 00065  was running on murat-33283937-65-fnpc8210.fnal.gov      , mu2egrid exit status:   0 TrigReport Events total = 2000000 passed = 8985 failed = 1991015
    66 : section 00066  was running on murat-33283937-66-fnpc8208.fnal.gov      , mu2egrid exit status:   0 TrigReport Events total = 2000000 passed = 8955 failed = 1991045
    67 : section 00067  was running on murat-33283937-67-fnpc7307.fnal.gov      , mu2egrid exit status:   0 TrigReport Events total = 2000000 passed = 8838 failed = 1991162
    68 : section 00068  was running on murat-33283937-68-fnpc7310.fnal.gov      , mu2egrid exit status:   0 TrigReport Events total = 2000000 passed = 8835 failed = 1991165
    69 : section 00069  was running on murat-33283937-69-fnpc9016.fnal.gov      , mu2egrid exit status:   0 TrigReport Events total = 2000000 passed = 9016 failed = 1990984
    70 : section 00070  was running on murat-33283937-70-fnpc9033.fnal.gov      , mu2egrid exit status:   0 TrigReport Events total = 2000000 passed = 8819 failed = 1991181
    71 : section 00071  was running on murat-33283937-71-fnpc6011.fnal.gov      , mu2egrid exit status:   0 TrigReport Events total = 2000000 passed = 8799 failed = 1991201
    72 : section 00072  was running on murat-33283937-72-fnpc9063.fnal.gov      , mu2egrid exit status:   0 TrigReport Events total = 2000000 passed = 9007 failed = 1990993
    73 : section 00073  was running on murat-33283937-73-fnpc9004.fnal.gov      , mu2egrid exit status:   0 TrigReport Events total = 2000000 passed = 8483 failed = 1991517
    74 : section 00074  was running on murat-33283937-74-fnpc8001.fnal.gov      , mu2egrid exit status:   0 TrigReport Events total = 2000000 passed = 8555 failed = 1991445
    75 : section 00075  was running on murat-33283937-75-fnpc17139.fnal.gov     , mu2egrid exit status:   0 TrigReport Events total = 2000000 passed = 8851 failed = 1991149
    76 : section 00076  was running on murat-33283937-76-fnpc8020.fnal.gov      , mu2egrid exit status:   0 TrigReport Events total = 2000000 passed = 8846 failed = 1991154
    77 : section 00077  was running on murat-33283937-77-fnpc6030.fnal.gov      , mu2egrid exit status:   0 TrigReport Events total = 2000000 passed = 8869 failed = 1991131
    78 : section 00078  was running on murat-33283937-78-fnpc8019.fnal.gov      , mu2egrid exit status:   0 TrigReport Events total = 2000000 passed = 8672 failed = 1991328
    79 : section 00079  was running on murat-33283937-79-fnpc9015.fnal.gov      , mu2egrid exit status:   0 TrigReport Events total = 2000000 passed = 8604 failed = 1991396
    80 : section 00080  was running on murat-33283937-80-fnpc9018.fnal.gov      , mu2egrid exit status:   0 TrigReport Events total = 2000000 passed = 8616 failed = 1991384
    81 : section 00081  was running on murat-33283937-81-fnpc17114.fnal.gov     , mu2egrid exit status:   0 TrigReport Events total = 2000000 passed = 9114 failed = 1990886
    82 : section 00082  was running on murat-33283937-82-fnpc9007.fnal.gov      , mu2egrid exit status:   0 TrigReport Events total = 2000000 passed = 8880 failed = 1991120
    83 : section 00083  was running on murat-33283937-83-fnpc17107.fnal.gov     , mu2egrid exit status:   0 TrigReport Events total = 2000000 passed = 8814 failed = 1991186
    84 : section 00084  was running on murat-33283937-84-fnpc19136.fnal.gov     , mu2egrid exit status:   0 TrigReport Events total = 2000000 passed = 8673 failed = 1991327
    85 : section 00085  was running on murat-33283937-85-fnpc7030.fnal.gov      , mu2egrid exit status:   0 TrigReport Events total = 2000000 passed = 8659 failed = 1991341
    86 : section 00086  was running on murat-33283937-86-fnpc7007.fnal.gov      , mu2egrid exit status:   0 TrigReport Events total = 2000000 passed = 8931 failed = 1991069
    87 : section 00087  was running on murat-33283937-87-fnpc6026.fnal.gov      , mu2egrid exit status:   0 TrigReport Events total = 2000000 passed = 8537 failed = 1991463
    88 : section 00088  was running on murat-33283937-88-fnpc19125.fnal.gov     , mu2egrid exit status:   0 TrigReport Events total = 2000000 passed = 8946 failed = 1991054
    89 : section 00089  was running on murat-33283937-89-fnpc9003.fnal.gov      , mu2egrid exit status:   0 TrigReport Events total = 2000000 passed = 8927 failed = 1991073
    90 : section 00090  was running on murat-33283937-90-fnpc17102.fnal.gov     , mu2egrid exit status:   0 TrigReport Events total = 2000000 passed = 9008 failed = 1990992
    91 : section 00091  was running on murat-33283937-91-fnpc9012.fnal.gov      , mu2egrid exit status:   0 TrigReport Events total = 2000000 passed = 9449 failed = 1990551
    92 : section 00092  was running on murat-33283937-92-fnpc9040.fnal.gov      , mu2egrid exit status:   0 TrigReport Events total = 2000000 passed = 8749 failed = 1991251
    93 : section 00093  was running on murat-33283937-93-fnpc9015.fnal.gov      , mu2egrid exit status:   0 TrigReport Events total = 2000000 passed = 9089 failed = 1990911
    94 : section 00094  was running on murat-33283937-94-fnpc9016.fnal.gov      , mu2egrid exit status:   0 TrigReport Events total = 2000000 passed = 8869 failed = 1991131
    95 : section 00095  was running on murat-33283937-95-fnpc9033.fnal.gov      , mu2egrid exit status:   0 TrigReport Events total = 2000000 passed = 9018 failed = 1990982
    96 : section 00096  was running on murat-33283937-96-fnpc9004.fnal.gov      , mu2egrid exit status:   0 TrigReport Events total = 2000000 passed = 8526 failed = 1991474
    97 : section 00097  was running on murat-33283937-97-fnpc8001.fnal.gov      , mu2egrid exit status:   0 TrigReport Events total = 2000000 passed = 8931 failed = 1991069
    98 : section 00098  was running on murat-33283937-98-fnpc8020.fnal.gov      , mu2egrid exit status:   0 TrigReport Events total = 2000000 passed = 8868 failed = 1991132
    99 : section 00099  was running on murat-33283937-99-fnpc7017.fnal.gov      , mu2egrid exit status:   0 TrigReport Events total = 2000000 passed = 9146 failed = 1990854
   100 : section 00100  was running on murat-33283937-100-fnpc17107.fnal.gov    , mu2egrid exit status:   0 TrigReport Events total = 2000000 passed = 8856 failed = 1991144
   101 : section 00101  was running on murat-33283937-101-fnpc17145.fnal.gov    , mu2egrid exit status:   0 TrigReport Events total = 2000000 passed = 8858 failed = 1991142
   102 : section 00102  was running on murat-33283937-102-fnpc17110.fnal.gov    , mu2egrid exit status:   0 TrigReport Events total = 2000000 passed = 9125 failed = 1990875
   103 : section 00103  was running on murat-33283937-103-fnpc17155.fnal.gov    , mu2egrid exit status:   0 TrigReport Events total = 2000000 passed = 8960 failed = 1991040
   104 : section 00104  was running on murat-33283937-104-fnpc17151.fnal.gov    , mu2egrid exit status:   0 TrigReport Events total = 2000000 passed = 8860 failed = 1991140
   105 : section 00105  was running on murat-33283937-105-fnpc6011.fnal.gov     , mu2egrid exit status:   0 TrigReport Events total = 2000000 passed = 9057 failed = 1990943
   106 : section 00106  was running on murat-33283937-106-fnpc9063.fnal.gov     , mu2egrid exit status:   0 TrigReport Events total = 2000000 passed = 9045 failed = 1990955
   107 : section 00107  was running on murat-33283937-107-fnpc6030.fnal.gov     , mu2egrid exit status:   0 TrigReport Events total = 2000000 passed = 8866 failed = 1991134
   108 : section 00108  was running on murat-33283937-108-fnpc9018.fnal.gov     , mu2egrid exit status:   0 TrigReport Events total = 2000000 passed = 8873 failed = 1991127
   109 : section 00109  was running on murat-33283937-109-fnpc17114.fnal.gov    , mu2egrid exit status:   0 TrigReport Events total = 2000000 passed = 8757 failed = 1991243
   110 : section 00110  was running on murat-33283937-110-fnpc17139.fnal.gov    , mu2egrid exit status:   0 TrigReport Events total = 2000000 passed = 8696 failed = 1991304
   111 : section 00111  was running on murat-33283937-111-fnpc9007.fnal.gov     , mu2egrid exit status:   0 TrigReport Events total = 2000000 passed = 8527 failed = 1991473
   112 : section 00112  was running on murat-33283937-112-fnpc9016.fnal.gov     , mu2egrid exit status:   0 TrigReport Events total = 2000000 passed = 9140 failed = 1990860
   113 : section 00113  was running on murat-33283937-113-fnpc9015.fnal.gov     , mu2egrid exit status:   0 TrigReport Events total = 2000000 passed = 8871 failed = 1991129
   114 : section 00114  was running on murat-33283937-114-fnpc9004.fnal.gov     , mu2egrid exit status:   0 TrigReport Events total = 2000000 passed = 8886 failed = 1991114
   115 : section 00115  was running on murat-33283937-115-fnpc8020.fnal.gov     , mu2egrid exit status:   0 TrigReport Events total = 2000000 passed = 8882 failed = 1991118
   116 : section 00116  was running on murat-33283937-116-fnpc19136.fnal.gov    , mu2egrid exit status:   0 TrigReport Events total = 2000000 passed = 8737 failed = 1991263
   117 : section 00117  was running on murat-33283937-117-fnpc9033.fnal.gov     , mu2egrid exit status:   0 TrigReport Events total = 2000000 passed = 8831 failed = 1991169
   118 : section 00118  was running on murat-33283937-118-fnpc8001.fnal.gov     , mu2egrid exit status:   0 TrigReport Events total = 2000000 passed = 8829 failed = 1991171
   119 : section 00119  was running on murat-33283937-119-fnpc9063.fnal.gov     , mu2egrid exit status:   0 TrigReport Events total = 2000000 passed = 9209 failed = 1990791
   120 : section 00120  was running on murat-33283937-120-fnpc17107.fnal.gov    , mu2egrid exit status:   0 TrigReport Events total = 2000000 passed = 9065 failed = 1990935
   121 : section 00121  was running on murat-33283937-121-fnpc9018.fnal.gov     , mu2egrid exit status:   0 TrigReport Events total = 2000000 passed = 8774 failed = 1991226
   122 : section 00122  was running on murat-33283937-122-fnpc9015.fnal.gov     , mu2egrid exit status:   0 TrigReport Events total = 2000000 passed = 8741 failed = 1991259
   123 : section 00123  was running on murat-33283937-123-fnpc8019.fnal.gov     , mu2egrid exit status:   0 TrigReport Events total = 2000000 passed = 8758 failed = 1991242
   124 : section 00124  was running on murat-33283937-124-fnpc17151.fnal.gov    , mu2egrid exit status:   0 TrigReport Events total = 2000000 passed = 8804 failed = 1991196
   125 : section 00125  was running on murat-33283937-125-fnpc6011.fnal.gov     , mu2egrid exit status:   0 TrigReport Events total = 2000000 passed = 8952 failed = 1991048
   126 : section 00126  was running on murat-33283937-126-fnpc6030.fnal.gov     , mu2egrid exit status:   0 TrigReport Events total = 2000000 passed = 8900 failed = 1991100
   127 : section 00127  was running on murat-33283937-127-fnpc17110.fnal.gov    , mu2egrid exit status:   0 TrigReport Events total = 2000000 passed = 8680 failed = 1991320
   128 : section 00128  was running on murat-33283937-128-fnpc9007.fnal.gov     , mu2egrid exit status:   0 TrigReport Events total = 2000000 passed = 9024 failed = 1990976
   129 : section 00129  was running on murat-33283937-129-fnpc19136.fnal.gov    , mu2egrid exit status:   0 TrigReport Events total = 2000000 passed = 8818 failed = 1991182
   130 : section 00130  was running on murat-33283937-130-fnpc17107.fnal.gov    , mu2egrid exit status:   0 TrigReport Events total = 2000000 passed = 8970 failed = 1991030
   131 : section 00131  was running on murat-33283937-131-fnpc17139.fnal.gov    , mu2egrid exit status:   0 TrigReport Events total = 2000000 passed = 8569 failed = 1991431
   132 : section 00132  was running on murat-33283937-132-fnpc9015.fnal.gov     , mu2egrid exit status:   0 TrigReport Events total = 2000000 passed = 9071 failed = 1990929
   133 : section 00133  was running on murat-33283937-133-fnpc9018.fnal.gov     , mu2egrid exit status:   0 TrigReport Events total = 2000000 passed = 8726 failed = 1991274
   134 : section 00134  was running on murat-33283937-134-fnpc17114.fnal.gov    , mu2egrid exit status:   0 TrigReport Events total = 2000000 passed = 8638 failed = 1991362
   135 : section 00135  was running on murat-33283937-135-fnpc9007.fnal.gov     , mu2egrid exit status:   0 TrigReport Events total = 2000000 passed = 8934 failed = 1991066
   136 : section 00136  was running on murat-33283937-136-fnpc6030.fnal.gov     , mu2egrid exit status:   0 TrigReport Events total = 2000000 passed = 8477 failed = 1991523
   137 : section 00137  was running on murat-33283937-137-fnpc17107.fnal.gov    , mu2egrid exit status:   0 TrigReport Events total = 2000000 passed = 8801 failed = 1991199
   138 : section 00138  was running on murat-33283937-138-fnpc9018.fnal.gov     , mu2egrid exit status:   0 TrigReport Events total = 2000000 passed = 8931 failed = 1991069
   139 : section 00139  was running on murat-33283937-139-fnpc19136.fnal.gov    , mu2egrid exit status:   0 TrigReport Events total = 2000000 passed = 8450 failed = 1991550
   140 : section 00140  was running on murat-33283937-140-fnpc17107.fnal.gov    , mu2egrid exit status:   0 TrigReport Events total = 2000000 passed = 8722 failed = 1991278
   141 : section 00141  was running on murat-33283937-141-fnpc17143.fnal.gov    , mu2egrid exit status:   0 TrigReport Events total = 2000000 passed = 8785 failed = 1991215
   142 : section 00142  was running on murat-33283937-142-fnpc17114.fnal.gov    , mu2egrid exit status:   0 TrigReport Events total = 2000000 passed = 9005 failed = 1990995
   143 : section 00143  was running on murat-33283937-143-fnpc9018.fnal.gov     , mu2egrid exit status:   0 TrigReport Events total = 2000000 passed = 8955 failed = 1991045
   144 : section 00144  was running on murat-33283937-144-fnpc9007.fnal.gov     , mu2egrid exit status:   0 TrigReport Events total = 2000000 passed = 9016 failed = 1990984
   145 : section 00145  was running on murat-33283937-145-fnpc17107.fnal.gov    , mu2egrid exit status:   0 TrigReport Events total = 2000000 passed = 8790 failed = 1991210
   146 : section 00146  was running on murat-33283937-146-fnpc19136.fnal.gov    , mu2egrid exit status:   0 TrigReport Events total = 2000000 passed = 9013 failed = 1990987
   147 : section 00147  was running on murat-33283937-147-fnpc9007.fnal.gov     , mu2egrid exit status:   0 TrigReport Events total = 2000000 passed = 8873 failed = 1991127
   148 : section 00148  was running on murat-33283937-148-fnpc17114.fnal.gov    , mu2egrid exit status:   0 TrigReport Events total = 2000000 passed = 8836 failed = 1991164
   149 : section 00149  was running on murat-33283937-149-fnpc17107.fnal.gov    , mu2egrid exit status:   0 TrigReport Events total = 2000000 passed = 8749 failed = 1991251
   150 : section 00150  was running on murat-33283937-150-fnpc9007.fnal.gov     , mu2egrid exit status:   0 TrigReport Events total = 2000000 passed = 9129 failed = 1990871
   151 : section 00151  was running on murat-33283937-151-fnpc8019.fnal.gov     , mu2egrid exit status:   0 TrigReport Events total = 2000000 passed = 8612 failed = 1991388
   152 : section 00152  was running on murat-33283937-152-fnpc17114.fnal.gov    , mu2egrid exit status:   0 TrigReport Events total = 2000000 passed = 9258 failed = 1990742
   153 : section 00153  was running on murat-33283937-153-fnpc19136.fnal.gov    , mu2egrid exit status:   0 TrigReport Events total = 2000000 passed = 9228 failed = 1990772
   154 : section 00154  was running on murat-33283937-154-fnpc8019.fnal.gov     , mu2egrid exit status:   0 TrigReport Events total = 2000000 passed = 8533 failed = 1991467
   155 : section 00155  was running on murat-33283937-155-fnpc19136.fnal.gov    , mu2egrid exit status:   0 TrigReport Events total = 2000000 passed = 9090 failed = 1990910
   156 : section 00156  was running on murat-33283937-156-fnpc19136.fnal.gov    , mu2egrid exit status:   0 TrigReport Events total = 2000000 passed = 8832 failed = 1991168
   157 : section 00157  was running on murat-33283937-157-fnpc19136.fnal.gov    , mu2egrid exit status:   0 TrigReport Events total = 2000000 passed = 9176 failed = 1990824
   158 : section 00158  was running on murat-33283937-158-fnpc19136.fnal.gov    , mu2egrid exit status:   0 TrigReport Events total = 2000000 passed = 8681 failed = 1991319
   159 : section 00159  was running on murat-33283937-159-fnpc19136.fnal.gov    , mu2egrid exit status:   0 TrigReport Events total = 2000000 passed = 8762 failed = 1991238
   160 : section 00160  was running on murat-33283937-160-fnpc19136.fnal.gov    , mu2egrid exit status:   0 TrigReport Events total = 2000000 passed = 8524 failed = 1991476
   161 : section 00161  was running on murat-33283937-161-fnpc19136.fnal.gov    , mu2egrid exit status:   0 TrigReport Events total = 2000000 passed = 9137 failed = 1990863
   162 : section 00162  was running on murat-33283937-162-fnpc19136.fnal.gov    , mu2egrid exit status:   0 TrigReport Events total = 2000000 passed = 8597 failed = 1991403
   163 : section 00163  was running on murat-33283937-163-fnpc5024.fnal.gov     , mu2egrid exit status:   0 TrigReport Events total = 2000000 passed = 8982 failed = 1991018
   164 : section 00164  was running on murat-33283937-164-fnpc7009.fnal.gov     , mu2egrid exit status:   0 TrigReport Events total = 2000000 passed = 8793 failed = 1991207
   165 : section 00165  was running on murat-33283937-165-fnpc7013.fnal.gov     , mu2egrid exit status:   0 TrigReport Events total = 2000000 passed = 9007 failed = 1990993
   166 : section 00166  was running on murat-33283937-166-fnpc19106.fnal.gov    , mu2egrid exit status:   0 TrigReport Events total = 2000000 passed = 8779 failed = 1991221
   167 : section 00167  was running on murat-33283937-167-fnpc7002.fnal.gov     , mu2egrid exit status:   0 TrigReport Events total = 2000000 passed = 8972 failed = 1991028
   168 : section 00168  was running on murat-33283937-168-fnpc9004.fnal.gov     , mu2egrid exit status:   0 TrigReport Events total = 2000000 passed = 8740 failed = 1991260
   169 : section 00169  was running on murat-33283937-169-fnpc9006.fnal.gov     , mu2egrid exit status:   0 TrigReport Events total = 2000000 passed = 8969 failed = 1991031
   170 : section 00170  was running on murat-33283937-170-fnpc9063.fnal.gov     , mu2egrid exit status:   0 TrigReport Events total = 2000000 passed = 8638 failed = 1991362
   171 : section 00171  was running on murat-33283937-171-fnpc17128.fnal.gov    , mu2egrid exit status:   0 TrigReport Events total = 2000000 passed = 8892 failed = 1991108
   172 : section 00172  was running on murat-33283937-172-fnpc17121.fnal.gov    , mu2egrid exit status:   0 TrigReport Events total = 2000000 passed = 8730 failed = 1991270
   173 : section 00173  was running on murat-33283937-173-fnpc17148.fnal.gov    , mu2egrid exit status:   0 TrigReport Events total = 2000000 passed = 8468 failed = 1991532
   174 : section 00174  was running on murat-33283937-174-fnpc7501.fnal.gov     , mu2egrid exit status:   0 TrigReport Events total = 2000000 passed = 8867 failed = 1991133
   175 : section 00175  was running on murat-33283937-175-fnpc7670.fnal.gov     , mu2egrid exit status:   0 TrigReport Events total = 2000000 passed = 8697 failed = 1991303
   176 : section 00176  was running on murat-33283937-176-fnpc7024.fnal.gov     , mu2egrid exit status:   0 TrigReport Events total = 2000000 passed = 9029 failed = 1990971
   177 : section 00177  was running on murat-33283937-177-fnpc9050.fnal.gov     , mu2egrid exit status:   0 TrigReport Events total = 2000000 passed = 8767 failed = 1991233
   178 : section 00178  was running on murat-33283937-178-fnpc7024.fnal.gov     , mu2egrid exit status:   0 TrigReport Events total = 2000000 passed = 9052 failed = 1990948
   179 : section 00179  was running on murat-33283937-179-fnpc17128.fnal.gov    , mu2egrid exit status:   0 TrigReport Events total = 2000000 passed = 8809 failed = 1991191
   180 : section 00180  was running on murat-33283937-180-fnpc8207.fnal.gov     , mu2egrid exit status:   0 TrigReport Events total = 2000000 passed = 9049 failed = 1990951
   181 : section 00181  was running on murat-33283937-181-fnpc7310.fnal.gov     , mu2egrid exit status:   0 TrigReport Events total = 2000000 passed = 8533 failed = 1991467
   182 : section 00182  was running on murat-33283937-182-fnpc9050.fnal.gov     , mu2egrid exit status:   0 TrigReport Events total = 2000000 passed = 8291 failed = 1991709
   183 : section 00183  was running on murat-33283937-183-fnpc9050.fnal.gov     , mu2egrid exit status:   0 TrigReport Events total = 2000000 passed = 9101 failed = 1990899
   184 : section 00184  was running on murat-33283937-184-fnpc9050.fnal.gov     , mu2egrid exit status:   0 TrigReport Events total = 2000000 passed = 8573 failed = 1991427
   185 : section 00185  was running on murat-33283937-185-fnpc6001.fnal.gov     , mu2egrid exit status:   0 TrigReport Events total = 2000000 passed = 8536 failed = 1991464
   186 : section 00186  was running on murat-33283937-186-fnpc7014.fnal.gov     , mu2egrid exit status:   0 TrigReport Events total = 2000000 passed = 8946 failed = 1991054
   187 : section 00187  was running on murat-33283937-187-fnpc5030.fnal.gov     , mu2egrid exit status:   0 TrigReport Events total = 2000000 passed = 8481 failed = 1991519
   188 : section 00188  was running on murat-33283937-188-fnpc5005.fnal.gov     , mu2egrid exit status:   0 TrigReport Events total = 2000000 passed = 8700 failed = 1991300
   189 : section 00189  was running on murat-33283937-189-fnpc9031.fnal.gov     , mu2egrid exit status:   0 TrigReport Events total = 2000000 passed = 9371 failed = 1990629
   190 : section 00190  was running on murat-33283937-190-fnpc6015.fnal.gov     , mu2egrid exit status:   0 TrigReport Events total = 2000000 passed = 9234 failed = 1990766
   191 : section 00191  was running on murat-33283937-191-fnpc7015.fnal.gov     , mu2egrid exit status:   0 TrigReport Events total = 2000000 passed = 9237 failed = 1990763
   192 : section 00192  was running on murat-33283937-192-fnpc6023.fnal.gov     , mu2egrid exit status:   0 TrigReport Events total = 2000000 passed = 8913 failed = 1991087
   193 : section 00193  was running on murat-33283937-193-fnpc6017.fnal.gov     , mu2egrid exit status:   0 TrigReport Events total = 2000000 passed = 8662 failed = 1991338
   194 : section 00194  was running on murat-33283937-194-fnpc7003.fnal.gov     , mu2egrid exit status:   0 TrigReport Events total = 2000000 passed = 8905 failed = 1991095
   195 : section 00195  was running on murat-33283937-195-fnpc5005.fnal.gov     , mu2egrid exit status:   0 TrigReport Events total = 2000000 passed = 8853 failed = 1991147
   196 : section 00196  was running on murat-33283937-196-fnpc7013.fnal.gov     , mu2egrid exit status:   0 TrigReport Events total = 2000000 passed = 9069 failed = 1990931
   197 : section 00197  was running on murat-33283937-197-fnpc9035.fnal.gov     , mu2egrid exit status:   0 TrigReport Events total = 2000000 passed = 8801 failed = 1991199
   198 : section 00198  was running on murat-33283937-198-fnpc19108.fnal.gov    , mu2egrid exit status:   0 TrigReport Events total = 2000000 passed = 9066 failed = 1990934
   199 : section 00199  was running on murat-33283937-199-fnpc6028.fnal.gov     , mu2egrid exit status:   0 TrigReport Events total = 2000000 passed = 8875 failed = 1991125
   200 : section 00200  was running on murat-33283937-200-fnpc7026.fnal.gov     , mu2egrid exit status:   0 TrigReport Events total = 2000000 passed = 8626 failed = 1991374
   201 : section 00201  was running on murat-33283937-201-fnpc19124.fnal.gov    , mu2egrid exit status:   0 TrigReport Events total = 2000000 passed = 8978 failed = 1991022
   202 : section 00202  was running on murat-33283937-202-fnpc7518.fnal.gov     , mu2egrid exit status:   0 TrigReport Events total = 2000000 passed = 8780 failed = 1991220
   203 : section 00203  was running on murat-33283937-203-fnpc19108.fnal.gov    , mu2egrid exit status:   0 TrigReport Events total = 2000000 passed = 8565 failed = 1991435
   204 : section 00204  was running on murat-33283937-204-fnpc19108.fnal.gov    , mu2egrid exit status:   0 TrigReport Events total = 2000000 passed = 8982 failed = 1991018
   205 : section 00205  was running on murat-33283937-205-fnpc9058.fnal.gov     , mu2egrid exit status:   0 TrigReport Events total = 2000000 passed = 8941 failed = 1991059
   206 : section 00206  was running on murat-33283937-206-fnpc9031.fnal.gov     , mu2egrid exit status:   0 TrigReport Events total = 2000000 passed = 8840 failed = 1991160
   207 : section 00207  was running on murat-33283937-207-fnpc6016.fnal.gov     , mu2egrid exit status:   0 TrigReport Events total = 2000000 passed = 9111 failed = 1990889
   208 : section 00208  was running on murat-33283937-208-fnpc5024.fnal.gov     , mu2egrid exit status:   0 TrigReport Events total = 2000000 passed = 8757 failed = 1991243
   209 : section 00209  was running on murat-33283937-209-fnpc19122.fnal.gov    , mu2egrid exit status:   0 TrigReport Events total = 2000000 passed = 8652 failed = 1991348
   210 : section 00210  was running on murat-33283937-210-fnpc7624.fnal.gov     , mu2egrid exit status:   0 TrigReport Events total = 2000000 passed = 8581 failed = 1991419
   211 : section 00211  was running on murat-33283937-211-fnpc6019.fnal.gov     , mu2egrid exit status:   0 TrigReport Events total = 2000000 passed = 8560 failed = 1991440
   212 : section 00212  was running on murat-33283937-212-fnpc7014.fnal.gov     , mu2egrid exit status:   0 TrigReport Events total = 2000000 passed = 8588 failed = 1991412
   213 : section 00213  was running on murat-33283937-213-fnpc19111.fnal.gov    , mu2egrid exit status:   0 TrigReport Events total = 2000000 passed = 8925 failed = 1991075
   214 : section 00214  was running on murat-33283937-214-fnpc7003.fnal.gov     , mu2egrid exit status:   0 TrigReport Events total = 2000000 passed = 9110 failed = 1990890
   215 : section 00215  was running on murat-33283937-215-fnpc7570.fnal.gov     , mu2egrid exit status:   0 TrigReport Events total = 2000000 passed = 8631 failed = 1991369
   216 : section 00216  was running on murat-33283937-216-fnpc19108.fnal.gov    , mu2egrid exit status:   0 TrigReport Events total = 2000000 passed = 8965 failed = 1991035
   217 : section 00217  was running on murat-33283937-217-fnpc7512.fnal.gov     , mu2egrid exit status:   0 TrigReport Events total = 2000000 passed = 8765 failed = 1991235
   218 : section 00218  was running on murat-33283937-218-fnpc6016.fnal.gov     , mu2egrid exit status:   0 TrigReport Events total = 2000000 passed = 8910 failed = 1991090
   219 : section 00219  was running on murat-33283937-219-fnpc9035.fnal.gov     , mu2egrid exit status:   0 TrigReport Events total = 2000000 passed = 8647 failed = 1991353
   220 : section 00220  was running on murat-33283937-220-fnpc7003.fnal.gov     , mu2egrid exit status:   0 TrigReport Events total = 2000000 passed = 8574 failed = 1991426
   221 : section 00221  was running on murat-33283937-221-fnpc7013.fnal.gov     , mu2egrid exit status:   0 TrigReport Events total = 2000000 passed = 8842 failed = 1991158
   222 : section 00222  was running on murat-33283937-222-fnpc7007.fnal.gov     , mu2egrid exit status:   0 TrigReport Events total = 2000000 passed = 8848 failed = 1991152
   223 : section 00223  was running on murat-33283937-223-fnpc6015.fnal.gov     , mu2egrid exit status:   0 TrigReport Events total = 2000000 passed = 8589 failed = 1991411
   224 : section 00224  was running on murat-33283937-224-fnpc7025.fnal.gov     , mu2egrid exit status:   0 TrigReport Events total = 2000000 passed = 8828 failed = 1991172
   225 : section 00225  was running on murat-33283937-225-fnpc6015.fnal.gov     , mu2egrid exit status:   0 TrigReport Events total = 2000000 passed = 8523 failed = 1991477
   226 : section 00226  was running on murat-33283937-226-fnpc9024.fnal.gov     , mu2egrid exit status:   0 TrigReport Events total = 2000000 passed = 8556 failed = 1991444
   227 : section 00227  was running on murat-33283937-227-fnpc19110.fnal.gov    , mu2egrid exit status:   0 TrigReport Events total = 2000000 passed = 8952 failed = 1991048
   228 : section 00228  was running on murat-33283937-228-fnpc7014.fnal.gov     , mu2egrid exit status:   0 TrigReport Events total = 2000000 passed = 9279 failed = 1990721
   229 : section 00229  was running on murat-33283937-229-fnpc7009.fnal.gov     , mu2egrid exit status:   0 TrigReport Events total = 2000000 passed = 9039 failed = 1990961
   230 : section 00230  was running on murat-33283937-230-fnpc7546.fnal.gov     , mu2egrid exit status:   0 TrigReport Events total = 2000000 passed = 8885 failed = 1991115
   231 : section 00231  was running on murat-33283937-231-fnpc5005.fnal.gov     , mu2egrid exit status:   0 TrigReport Events total = 2000000 passed = 8846 failed = 1991154
   232 : section 00232  was running on murat-33283937-232-fnpc7030.fnal.gov     , mu2egrid exit status:   0 TrigReport Events total = 2000000 passed = 8754 failed = 1991246
   233 : section 00233  was running on murat-33283937-233-fnpc7021.fnal.gov     , mu2egrid exit status:   0 TrigReport Events total = 2000000 passed = 8787 failed = 1991213
   234 : section 00234  was running on murat-33283937-234-fnpc5030.fnal.gov     , mu2egrid exit status:   0 TrigReport Events total = 2000000 passed = 9011 failed = 1990989
   235 : section 00235  was running on murat-33283937-235-fnpc7589.fnal.gov     , mu2egrid exit status:   0 TrigReport Events total = 2000000 passed = 9142 failed = 1990858
   236 : section 00236  was running on murat-33283937-236-fnpc7548.fnal.gov     , mu2egrid exit status:   0 TrigReport Events total = 2000000 passed = 9210 failed = 1990790
   237 : section 00237  was running on murat-33283937-237-fnpc7548.fnal.gov     , mu2egrid exit status:   0 TrigReport Events total = 2000000 passed = 9402 failed = 1990598
   238 : section 00238  was running on murat-33283937-238-fnpc7548.fnal.gov     , mu2egrid exit status:   0 TrigReport Events total = 2000000 passed = 9081 failed = 1990919
   239 : section 00239  was running on murat-33283937-239-fnpc7548.fnal.gov     , mu2egrid exit status:   0 TrigReport Events total = 2000000 passed = 8843 failed = 1991157
   240 : section 00240  was running on murat-33283937-240-fnpc5036.fnal.gov     , mu2egrid exit status:   0 TrigReport Events total = 2000000 passed = 8932 failed = 1991068
   241 : section 00241  was running on murat-33283937-241-fnpc19117.fnal.gov    , mu2egrid exit status:   0 TrigReport Events total = 2000000 passed = 8816 failed = 1991184
   242 : section 00242  was running on murat-33283937-242-fnpc19127.fnal.gov    , mu2egrid exit status:   0 TrigReport Events total = 2000000 passed = 8700 failed = 1991300
   243 : section 00243  was running on murat-33283937-243-fnpc19107.fnal.gov    , mu2egrid exit status:   0 TrigReport Events total = 2000000 passed = 8834 failed = 1991166
   244 : section 00244  was running on murat-33283937-244-fnpc7014.fnal.gov     , mu2egrid exit status:   0 TrigReport Events total = 2000000 passed = 8952 failed = 1991048
   245 : section 00245  was running on murat-33283937-245-fnpc7025.fnal.gov     , mu2egrid exit status:   0 TrigReport Events total = 2000000 passed = 8896 failed = 1991104
   246 : section 00246  was running on murat-33283937-246-fnpc7024.fnal.gov     , mu2egrid exit status:   0 TrigReport Events total = 2000000 passed = 9071 failed = 1990929
   247 : section 00247  was running on murat-33283937-247-fnpc7007.fnal.gov     , mu2egrid exit status:   0 TrigReport Events total = 2000000 passed = 8881 failed = 1991119
   248 : section 00248  was running on murat-33283937-248-fnpc6010.fnal.gov     , mu2egrid exit status:   0 TrigReport Events total = 2000000 passed = 8847 failed = 1991153
   249 : section 00249  was running on murat-33283937-249-fnpc19109.fnal.gov    , mu2egrid exit status:   0 TrigReport Events total = 2000000 passed = 8938 failed = 1991062
   250 : section 00250  was running on murat-33283937-250-fnpc7003.fnal.gov     , mu2egrid exit status:   0 TrigReport Events total = 2000000 passed = 8564 failed = 1991436
   251 : section 00251  was running on murat-33283937-251-fnpc19134.fnal.gov    , mu2egrid exit status:   0 TrigReport Events total = 2000000 passed = 8742 failed = 1991258
   252 : section 00252  was running on murat-33283937-252-fnpc6015.fnal.gov     , mu2egrid exit status:   0 TrigReport Events total = 2000000 passed = 8997 failed = 1991003
   253 : section 00253  was running on murat-33283937-253-fnpc7015.fnal.gov     , mu2egrid exit status:   0 TrigReport Events total = 2000000 passed = 8858 failed = 1991142
   254 : section 00254  was running on murat-33283937-254-fnpc6025.fnal.gov     , mu2egrid exit status:   0 TrigReport Events total = 2000000 passed = 9141 failed = 1990859
   255 : section 00255  was running on murat-33283937-255-fnpc19141.fnal.gov    , mu2egrid exit status:   0 TrigReport Events total = 2000000 passed = 9118 failed = 1990882
   256 : section 00256  was running on murat-33283937-256-fnpc19103.fnal.gov    , mu2egrid exit status:   0 TrigReport Events total = 2000000 passed = 8554 failed = 1991446
   257 : section 00257  was running on murat-33283937-257-fnpc5014.fnal.gov     , mu2egrid exit status:   0 TrigReport Events total = 2000000 passed = 8845 failed = 1991155
   258 : section 00258  was running on murat-33283937-258-fnpc5006.fnal.gov     , mu2egrid exit status:   0 TrigReport Events total = 2000000 passed = 9060 failed = 1990940
   259 : section 00259  was running on murat-33283937-259-fnpc19137.fnal.gov    , mu2egrid exit status:   0 TrigReport Events total = 2000000 passed = 8664 failed = 1991336
   260 : section 00260  was running on murat-33283937-260-fnpc19117.fnal.gov    , mu2egrid exit status:   0 TrigReport Events total = 2000000 passed = 8883 failed = 1991117
   261 : section 00261  was running on murat-33283937-261-fnpc9058.fnal.gov     , mu2egrid exit status:   0 TrigReport Events total = 2000000 passed = 8793 failed = 1991207
   262 : section 00262  was running on murat-33283937-262-fnpc19123.fnal.gov    , mu2egrid exit status:   0 TrigReport Events total = 2000000 passed = 8913 failed = 1991087
   263 : section 00263  was running on murat-33283937-263-fnpc5030.fnal.gov     , mu2egrid exit status:   0 TrigReport Events total = 2000000 passed = 8750 failed = 1991250
   264 : section 00264  was running on murat-33283937-264-fnpc19111.fnal.gov    , mu2egrid exit status:   0 TrigReport Events total = 2000000 passed = 8751 failed = 1991249
   265 : section 00265  was running on murat-33283937-265-fnpc19124.fnal.gov    , mu2egrid exit status:   0 TrigReport Events total = 2000000 passed = 9135 failed = 1990865
   266 : section 00266  was running on murat-33283937-266-fnpc19133.fnal.gov    , mu2egrid exit status:   0 TrigReport Events total = 2000000 passed = 8954 failed = 1991046
   267 : section 00267  was running on murat-33283937-267-fnpc19122.fnal.gov    , mu2egrid exit status:   0 TrigReport Events total = 2000000 passed = 8997 failed = 1991003
   268 : section 00268  was running on murat-33283937-268-fnpc19137.fnal.gov    , mu2egrid exit status:   0 TrigReport Events total = 2000000 passed = 9060 failed = 1990940
   269 : section 00269  was running on murat-33283937-269-fnpc19123.fnal.gov    , mu2egrid exit status:   0 TrigReport Events total = 2000000 passed = 9163 failed = 1990837
   270 : section 00270  was running on murat-33283937-270-fnpc19133.fnal.gov    , mu2egrid exit status:   0 TrigReport Events total = 2000000 passed = 8942 failed = 1991058
   271 : section 00271  was running on murat-33283937-271-fnpc19137.fnal.gov    , mu2egrid exit status:   0 TrigReport Events total = 2000000 passed = 8834 failed = 1991166
   272 : section 00272  was running on murat-33283937-272-fnpc19103.fnal.gov    , mu2egrid exit status:   0 TrigReport Events total = 2000000 passed = 8558 failed = 1991442
   273 : section 00273  was running on murat-33283937-273-fnpc19114.fnal.gov    , mu2egrid exit status:   0 TrigReport Events total = 2000000 passed = 8991 failed = 1991009
   274 : section 00274  was running on murat-33283937-274-fnpc19134.fnal.gov    , mu2egrid exit status:   0 TrigReport Events total = 2000000 passed = 8481 failed = 1991519
   275 : section 00275  was running on murat-33283937-275-fnpc19128.fnal.gov    , mu2egrid exit status:   0 TrigReport Events total = 2000000 passed = 8698 failed = 1991302
   276 : section 00276  was running on murat-33283937-276-fnpc7015.fnal.gov     , mu2egrid exit status:   0 TrigReport Events total = 2000000 passed = 8953 failed = 1991047
   277 : section 00277  was running on murat-33283937-277-fnpc6016.fnal.gov     , mu2egrid exit status:   0 TrigReport Events total = 2000000 passed = 8984 failed = 1991016
   278 : section 00278  was running on murat-33283937-278-fnpc19142.fnal.gov    , mu2egrid exit status:   0 TrigReport Events total = 2000000 passed = 8892 failed = 1991108
   279 : section 00279  was running on murat-33283937-279-fnpc9035.fnal.gov     , mu2egrid exit status:   0 TrigReport Events total = 2000000 passed = 8733 failed = 1991267
   280 : section 00280  was running on murat-33283937-280-fnpc7011.fnal.gov     , mu2egrid exit status:   0 TrigReport Events total = 2000000 passed = 9069 failed = 1990931
   281 : section 00281  was running on murat-33283937-281-fnpc19132.fnal.gov    , mu2egrid exit status:   0 TrigReport Events total = 2000000 passed = 8938 failed = 1991062
   282 : section 00282  was running on murat-33283937-282-fnpc7013.fnal.gov     , mu2egrid exit status:   0 TrigReport Events total = 2000000 passed = 8639 failed = 1991361
   283 : section 00283  was running on murat-33283937-283-fnpc19136.fnal.gov    , mu2egrid exit status:   0 TrigReport Events total = 2000000 passed = 8957 failed = 1991043
   284 : section 00284  was running on murat-33283937-284-fnpc19107.fnal.gov    , mu2egrid exit status:   0 TrigReport Events total = 2000000 passed = 8892 failed = 1991108
   285 : section 00285  was running on murat-33283937-285-fnpc19112.fnal.gov    , mu2egrid exit status:   0 TrigReport Events total = 2000000 passed = 8758 failed = 1991242
   286 : section 00286  was running on murat-33283937-286-fnpc7005.fnal.gov     , mu2egrid exit status:   0 TrigReport Events total = 2000000 passed = 9004 failed = 1990996
   287 : section 00287  was running on murat-33283937-287-fnpc19133.fnal.gov    , mu2egrid exit status:   0 TrigReport Events total = 2000000 passed = 8911 failed = 1991089
   288 : section 00288  was running on murat-33283937-288-fnpc19121.fnal.gov    , mu2egrid exit status:   0 TrigReport Events total = 2000000 passed = 8877 failed = 1991123
   289 : section 00289  was running on murat-33283937-289-fnpc19105.fnal.gov    , mu2egrid exit status:   0 TrigReport Events total = 2000000 passed = 8887 failed = 1991113
   290 : section 00290  was running on murat-33283937-290-fnpc6019.fnal.gov     , mu2egrid exit status:   0 TrigReport Events total = 2000000 passed = 8700 failed = 1991300
   291 : section 00291  was running on murat-33283937-291-fnpc19142.fnal.gov    , mu2egrid exit status:   0 TrigReport Events total = 2000000 passed = 8653 failed = 1991347
   292 : section 00292  was running on murat-33283937-292-fnpc19107.fnal.gov    , mu2egrid exit status:   0 TrigReport Events total = 2000000 passed = 8911 failed = 1991089
   293 : section 00293  was running on murat-33283937-293-fnpc19133.fnal.gov    , mu2egrid exit status:   0 TrigReport Events total = 2000000 passed = 8976 failed = 1991024
   294 : section 00294  was running on murat-33283937-294-fnpc6015.fnal.gov     , mu2egrid exit status:   0 TrigReport Events total = 2000000 passed = 9057 failed = 1990943
   295 : section 00295  was running on murat-33283937-295-fnpc7012.fnal.gov     , mu2egrid exit status:   0 TrigReport Events total = 2000000 passed = 8830 failed = 1991170
   296 : section 00296  was running on murat-33283937-296-fnpc5006.fnal.gov     , mu2egrid exit status:   0 TrigReport Events total = 2000000 passed = 9059 failed = 1990941
   297 : section 00297  was running on murat-33283937-297-fnpc19142.fnal.gov    , mu2egrid exit status:   0 TrigReport Events total = 2000000 passed = 8967 failed = 1991033
   298 : section 00298  was running on murat-33283937-298-fnpc9043.fnal.gov     , mu2egrid exit status:   0 TrigReport Events total = 2000000 passed = 8776 failed = 1991224
   299 : section 00299  was running on murat-33283937-299-fnpc19136.fnal.gov    , mu2egrid exit status:   0 TrigReport Events total = 2000000 passed = 8938 failed = 1991062
   300 : section 00300  was running on murat-33283937-300-fnpc6027.fnal.gov     , mu2egrid exit status:   0 TrigReport Events total = 2000000 passed = 9025 failed = 1990975
   301 : section 00301  was running on murat-33283937-301-fnpc7026.fnal.gov     , mu2egrid exit status:   0 TrigReport Events total = 2000000 passed = 8580 failed = 1991420
   302 : section 00302  was running on murat-33283937-302-fnpc19106.fnal.gov    , mu2egrid exit status:   0 TrigReport Events total = 2000000 passed = 8914 failed = 1991086
   303 : section 00303  was running on murat-33283937-303-fnpc19122.fnal.gov    , mu2egrid exit status:   0 TrigReport Events total = 2000000 passed = 8629 failed = 1991371
   304 : section 00304  was running on murat-33283937-304-fnpc19113.fnal.gov    , mu2egrid exit status:   0 TrigReport Events total = 2000000 passed = 9010 failed = 1990990
   305 : section 00305  was running on murat-33283937-305-fnpc7003.fnal.gov     , mu2egrid exit status:   0 TrigReport Events total = 2000000 passed = 8626 failed = 1991374
   306 : section 00306  was running on murat-33283937-306-fnpc7585.fnal.gov     , mu2egrid exit status:   0 TrigReport Events total = 2000000 passed = 8706 failed = 1991294
   307 : section 00307  was running on murat-33283937-307-fnpc19104.fnal.gov    , mu2egrid exit status:   0 TrigReport Events total = 2000000 passed = 8833 failed = 1991167
   308 : section 00308  was running on murat-33283937-308-fnpc19110.fnal.gov    , mu2egrid exit status:   0 TrigReport Events total = 2000000 passed = 8672 failed = 1991328
   309 : section 00309  was running on murat-33283937-309-fnpc19105.fnal.gov    , mu2egrid exit status:   0 TrigReport Events total = 2000000 passed = 8736 failed = 1991264
   310 : section 00310  was running on murat-33283937-310-fnpc19139.fnal.gov    , mu2egrid exit status:   0 TrigReport Events total = 2000000 passed = 8428 failed = 1991572
   311 : section 00311  was running on murat-33283937-311-fnpc19136.fnal.gov    , mu2egrid exit status:   0 TrigReport Events total = 2000000 passed = 8825 failed = 1991175
   312 : section 00312  was running on murat-33283937-312-fnpc9043.fnal.gov     , mu2egrid exit status:   0 TrigReport Events total = 2000000 passed = 8582 failed = 1991418
   313 : section 00313  was running on murat-33283937-313-fnpc5005.fnal.gov     , mu2egrid exit status:   0 TrigReport Events total = 2000000 passed = 8461 failed = 1991539
   314 : section 00314  was running on murat-33283937-314-fnpc19129.fnal.gov    , mu2egrid exit status:   0 TrigReport Events total = 2000000 passed = 8857 failed = 1991143
   315 : section 00315  was running on murat-33283937-315-fnpc19129.fnal.gov    , mu2egrid exit status:   0 TrigReport Events total = 2000000 passed = 8907 failed = 1991093
   316 : section 00316  was running on murat-33283937-316-fnpc19129.fnal.gov    , mu2egrid exit status:   0 TrigReport Events total = 2000000 passed = 8620 failed = 1991380
   317 : section 00317  was running on murat-33283937-317-fnpc19129.fnal.gov    , mu2egrid exit status:   0 TrigReport Events total = 2000000 passed = 8772 failed = 1991228
   318 : section 00318  was running on murat-33283937-318-fnpc9033.fnal.gov     , mu2egrid exit status:   0 TrigReport Events total = 2000000 passed = 8544 failed = 1991456
   319 : section 00319  was running on murat-33283937-319-fnpc8011.fnal.gov     , mu2egrid exit status:   0 TrigReport Events total = 2000000 passed = 8724 failed = 1991276
   320 : section 00320  was running on murat-33283937-320-fnpc9050.fnal.gov     , mu2egrid exit status:   0 TrigReport Events total = 2000000 passed = 9051 failed = 1990949
   321 : section 00321  was running on murat-33283937-321-fnpc17143.fnal.gov    , mu2egrid exit status:   0 TrigReport Events total = 2000000 passed = 8547 failed = 1991453
   322 : section 00322  was running on murat-33283937-322-fnpc7001.fnal.gov     , mu2egrid exit status:   0 TrigReport Events total = 2000000 passed = 9136 failed = 1990864
   323 : section 00323  was running on murat-33283937-323-fnpc9067.fnal.gov     , mu2egrid exit status:   0 TrigReport Events total = 2000000 passed = 8962 failed = 1991038
   324 : section 00324  was running on murat-33283937-324-fnpc9105.fnal.gov     , mu2egrid exit status:   0 TrigReport Events total = 2000000 passed = 8854 failed = 1991146
   325 : section 00325  was running on murat-33283937-325-fnpc17106.fnal.gov    , mu2egrid exit status:   0 TrigReport Events total = 2000000 passed = 9286 failed = 1990714
   326 : section 00326  was running on murat-33283937-326-fnpc17110.fnal.gov    , mu2egrid exit status:   0 TrigReport Events total = 2000000 passed = 9006 failed = 1990994
   327 : section 00327  was running on murat-33283937-327-fnpc17124.fnal.gov    , mu2egrid exit status:   0 TrigReport Events total = 2000000 passed = 9075 failed = 1990925
   328 : section 00328  was running on murat-33283937-328-fnpc17122.fnal.gov    , mu2egrid exit status:   0 TrigReport Events total = 2000000 passed = 8794 failed = 1991206
   329 : section 00329  was running on murat-33283937-329-fnpc7205.fnal.gov     , mu2egrid exit status:   0 TrigReport Events total = 2000000 passed = 8888 failed = 1991112
   330 : section 00330  was running on murat-33283937-330-fnpc19118.fnal.gov    , mu2egrid exit status:   0 TrigReport Events total = 2000000 passed = 8663 failed = 1991337
   331 : section 00331  was running on murat-33283937-331-fnpc19135.fnal.gov    , mu2egrid exit status:   0 TrigReport Events total = 2000000 passed = 9082 failed = 1990918
   332 : section 00332  was running on murat-33283937-332-fnpc19131.fnal.gov    , mu2egrid exit status:   0 TrigReport Events total = 2000000 passed = 8987 failed = 1991013
   333 : section 00333  was running on murat-33283937-333-fnpc19116.fnal.gov    , mu2egrid exit status:   0 TrigReport Events total = 2000000 passed = 9170 failed = 1990830
   334 : section 00334  was running on murat-33283937-334-fnpc19121.fnal.gov    , mu2egrid exit status:   0 TrigReport Events total = 2000000 passed = 8677 failed = 1991323
   335 : section 00335  was running on murat-33283937-335-fnpc5030.fnal.gov     , mu2egrid exit status:   0 TrigReport Events total = 2000000 passed = 8856 failed = 1991144
   336 : section 00336  was running on murat-33283937-336-fnpc6019.fnal.gov     , mu2egrid exit status:   0 TrigReport Events total = 2000000 passed = 8981 failed = 1991019
   337 : section 00337  was running on murat-33283937-337-fnpc17117.fnal.gov    , mu2egrid exit status:   0 TrigReport Events total = 2000000 passed = 8784 failed = 1991216
   338 : section 00338  was running on murat-33283937-338-fnpc5037.fnal.gov     , mu2egrid exit status:   0 TrigReport Events total = 2000000 passed = 8656 failed = 1991344
   339 : section 00339  was running on murat-33283937-339-fnpc6002.fnal.gov     , mu2egrid exit status:   0 TrigReport Events total = 2000000 passed = 8708 failed = 1991292
   340 : section 00340  was running on murat-33283937-340-fnpc6011.fnal.gov     , mu2egrid exit status:   0 TrigReport Events total = 2000000 passed = 8814 failed = 1991186
   341 : section 00341  was running on murat-33283937-341-fnpc8207.fnal.gov     , mu2egrid exit status:   0 TrigReport Events total = 2000000 passed = 8879 failed = 1991121
   342 : section 00342  was running on murat-33283937-342-fnpc6020.fnal.gov     , mu2egrid exit status:   0 TrigReport Events total = 2000000 passed = 9078 failed = 1990922
   343 : section 00343  was running on murat-33283937-343-fnpc17114.fnal.gov    , mu2egrid exit status:   0 TrigReport Events total = 2000000 passed = 8850 failed = 1991150
   344 : section 00344  was running on murat-33283937-344-fnpc17134.fnal.gov    , mu2egrid exit status:   0 TrigReport Events total = 2000000 passed = 8652 failed = 1991348
   345 : section 00345  was running on murat-33283937-345-fnpc19140.fnal.gov    , mu2egrid exit status:   0 TrigReport Events total = 2000000 passed = 8882 failed = 1991118
   346 : section 00346  was running on murat-33283937-346-fnpc19138.fnal.gov    , mu2egrid exit status:   0 TrigReport Events total = 2000000 passed = 8729 failed = 1991271
   347 : section 00347  was running on murat-33283937-347-fnpc6001.fnal.gov     , mu2egrid exit status:   0 TrigReport Events total = 2000000 passed = 9019 failed = 1990981
   348 : section 00348  was running on murat-33283937-348-fnpc19139.fnal.gov    , mu2egrid exit status:   0 TrigReport Events total = 2000000 passed = 9263 failed = 1990737
   349 : section 00349  was running on murat-33283937-349-fnpc19133.fnal.gov    , mu2egrid exit status:   0 TrigReport Events total = 2000000 passed = 8735 failed = 1991265
   350 : section 00350  was running on murat-33283937-350-fnpc7029.fnal.gov     , mu2egrid exit status:   0 TrigReport Events total = 2000000 passed = 8749 failed = 1991251
   351 : section 00351  was running on murat-33283937-351-fnpc9105.fnal.gov     , mu2egrid exit status:   0 TrigReport Events total = 2000000 passed = 8663 failed = 1991337
   352 : section 00352  was running on murat-33283937-352-fnpc5030.fnal.gov     , mu2egrid exit status:   0 TrigReport Events total = 2000000 passed = 8939 failed = 1991061
   353 : section 00353  was running on murat-33283937-353-fnpc19111.fnal.gov    , mu2egrid exit status:   0 TrigReport Events total = 2000000 passed = 9236 failed = 1990764
   354 : section 00354  was running on murat-33283937-354-fnpc19129.fnal.gov    , mu2egrid exit status:   0 TrigReport Events total = 2000000 passed = 8761 failed = 1991239
   355 : section 00355  was running on murat-33283937-355-fnpc9026.fnal.gov     , mu2egrid exit status:   0 TrigReport Events total = 2000000 passed = 8842 failed = 1991158
   356 : section 00356  was running on murat-33283937-356-fnpc7701.fnal.gov     , mu2egrid exit status:   0 TrigReport Events total = 2000000 passed = 8439 failed = 1991561
   357 : section 00357  was running on murat-33283937-357-fnpc5037.fnal.gov     , mu2egrid exit status:   0 TrigReport Events total = 2000000 passed = 9046 failed = 1990954
   358 : section 00358  was running on murat-33283937-358-fnpc17106.fnal.gov    , mu2egrid exit status:   0 TrigReport Events total = 2000000 passed = 8666 failed = 1991334
   359 : section 00359  was running on murat-33283937-359-fnpc17124.fnal.gov    , mu2egrid exit status:   0 TrigReport Events total = 2000000 passed = 8981 failed = 1991019
   360 : section 00360  was running on murat-33283937-360-fnpc17117.fnal.gov    , mu2egrid exit status:   0 TrigReport Events total = 2000000 passed = 8996 failed = 1991004
   361 : section 00361  was running on murat-33283937-361-fnpc6011.fnal.gov     , mu2egrid exit status:   0 TrigReport Events total = 2000000 passed = 8757 failed = 1991243
   362 : section 00362  was running on murat-33283937-362-fnpc6020.fnal.gov     , mu2egrid exit status:   0 TrigReport Events total = 2000000 passed = 8967 failed = 1991033
   363 : section 00363  was running on murat-33283937-363-fnpc19121.fnal.gov    , mu2egrid exit status:   0 TrigReport Events total = 2000000 passed = 8759 failed = 1991241
   364 : section 00364  was running on murat-33283937-364-fnpc6019.fnal.gov     , mu2egrid exit status:   0 TrigReport Events total = 2000000 passed = 8668 failed = 1991332
   365 : section 00365  was running on murat-33283937-365-fnpc17114.fnal.gov    , mu2egrid exit status:   0 TrigReport Events total = 2000000 passed = 9032 failed = 1990968
   366 : section 00366  was running on murat-33283937-366-fnpc17134.fnal.gov    , mu2egrid exit status:   0 TrigReport Events total = 2000000 passed = 8593 failed = 1991407
   367 : section 00367  was running on murat-33283937-367-fnpc6002.fnal.gov     , mu2egrid exit status:   0 TrigReport Events total = 2000000 passed = 8914 failed = 1991086
   368 : section 00368  was running on murat-33283937-368-fnpc7029.fnal.gov     , mu2egrid exit status:   0 TrigReport Events total = 2000000 passed = 8817 failed = 1991183
   369 : section 00369  was running on murat-33283937-369-fnpc7701.fnal.gov     , mu2egrid exit status:   0 TrigReport Events total = 2000000 passed = 9081 failed = 1990919
   370 : section 00370  was running on murat-33283937-370-fnpc19131.fnal.gov    , mu2egrid exit status:   0 TrigReport Events total = 2000000 passed = 8815 failed = 1991185
   371 : section 00371  was running on murat-33283937-371-fnpc7701.fnal.gov     , mu2egrid exit status:   0 TrigReport Events total = 2000000 passed = 8945 failed = 1991055
   372 : section 00372  was running on murat-33283937-372-fnpc17114.fnal.gov    , mu2egrid exit status:   0 TrigReport Events total = 2000000 passed = 8827 failed = 1991173
   373 : section 00373  was running on murat-33283937-373-fnpc17134.fnal.gov    , mu2egrid exit status:   0 TrigReport Events total = 2000000 passed = 8543 failed = 1991457
   374 : section 00374  was running on murat-33283937-374-fnpc7029.fnal.gov     , mu2egrid exit status:   0 TrigReport Events total = 2000000 passed = 8715 failed = 1991285
   375 : section 00375  was running on murat-33283937-375-fnpc6020.fnal.gov     , mu2egrid exit status:   0 TrigReport Events total = 2000000 passed = 8994 failed = 1991006
   376 : section 00376  was running on murat-33283937-376-fnpc9026.fnal.gov     , mu2egrid exit status:   0 TrigReport Events total = 2000000 passed = 8830 failed = 1991170
   377 : section 00377  was running on murat-33283937-377-fnpc6002.fnal.gov     , mu2egrid exit status:   0 TrigReport Events total = 2000000 passed = 9201 failed = 1990799
   378 : section 00378  was running on murat-33283937-378-fnpc7701.fnal.gov     , mu2egrid exit status:   0 TrigReport Events total = 2000000 passed = 8934 failed = 1991066
   379 : section 00379  was running on murat-33283937-379-fnpc17114.fnal.gov    , mu2egrid exit status:   0 TrigReport Events total = 2000000 passed = 8503 failed = 1991497
   380 : section 00380  was running on murat-33283937-380-fnpc17134.fnal.gov    , mu2egrid exit status:   0 TrigReport Events total = 2000000 passed = 8851 failed = 1991149
   381 : section 00381  was running on murat-33283937-381-fnpc7029.fnal.gov     , mu2egrid exit status:   0 TrigReport Events total = 2000000 passed = 8931 failed = 1991069
   382 : section 00382  was running on murat-33283937-382-fnpc7701.fnal.gov     , mu2egrid exit status:   0 TrigReport Events total = 2000000 passed = 9040 failed = 1990960
   383 : section 00383  was running on murat-33283937-383-fnpc9026.fnal.gov     , mu2egrid exit status:   0 TrigReport Events total = 2000000 passed = 8681 failed = 1991319
   384 : section 00384  was running on murat-33283937-384-fnpc7701.fnal.gov     , mu2egrid exit status:   0 TrigReport Events total = 2000000 passed = 8617 failed = 1991383
   385 : section 00385  was running on murat-33283937-385-fnpc17134.fnal.gov    , mu2egrid exit status:   0 TrigReport Events total = 2000000 passed = 8858 failed = 1991142
   386 : section 00386  was running on murat-33283937-386-fnpc9026.fnal.gov     , mu2egrid exit status:   0 TrigReport Events total = 2000000 passed = 8622 failed = 1991378
   387 : section 00387  was running on murat-33283937-387-fnpc17114.fnal.gov    , mu2egrid exit status:   0 TrigReport Events total = 2000000 passed = 9083 failed = 1990917
   388 : section 00388  was running on murat-33283937-388-fnpc7701.fnal.gov     , mu2egrid exit status:   0 TrigReport Events total = 2000000 passed = 9039 failed = 1990961
   389 : section 00389  was running on murat-33283937-389-fnpc9026.fnal.gov     , mu2egrid exit status:   0 TrigReport Events total = 2000000 passed = 8892 failed = 1991108
   390 : section 00390  was running on murat-33283937-390-fnpc7701.fnal.gov     , mu2egrid exit status:   0 TrigReport Events total = 2000000 passed = 8939 failed = 1991061
   391 : section 00391  was running on murat-33283937-391-fnpc17114.fnal.gov    , mu2egrid exit status:   0 TrigReport Events total = 2000000 passed = 8759 failed = 1991241
   392 : section 00392  was running on murat-33283937-392-fnpc17114.fnal.gov    , mu2egrid exit status:   0 TrigReport Events total = 2000000 passed = 8845 failed = 1991155
   393 : section 00393  was running on murat-33283937-393-fnpc17114.fnal.gov    , mu2egrid exit status:   0 TrigReport Events total = 2000000 passed = 9423 failed = 1990577
   394 : section 00394  was running on murat-33283937-394-fnpc9026.fnal.gov     , mu2egrid exit status:   0 TrigReport Events total = 2000000 passed = 8645 failed = 1991355
   395 : section 00395  was running on murat-33283937-395-fnpc9026.fnal.gov     , mu2egrid exit status:   0 TrigReport Events total = 2000000 passed = 8664 failed = 1991336
   396 : section 00396  was running on murat-33283937-396-fnpc9026.fnal.gov     , mu2egrid exit status:   0 TrigReport Events total = 2000000 passed = 8958 failed = 1991042
   397 : section 00397  was running on murat-33283937-397-fnpc5005.fnal.gov     , mu2egrid exit status:   0 TrigReport Events total = 2000000 passed = 9058 failed = 1990942
   398 : section 00398  was running on murat-33283937-398-fnpc19129.fnal.gov    , mu2egrid exit status:   0 TrigReport Events total = 2000000 passed = 8768 failed = 1991232
   399 : section 00399  was running on murat-33283937-399-fnpc19105.fnal.gov    , mu2egrid exit status:   0 TrigReport Events total = 2000000 passed = 8712 failed = 1991288
   400 : section 00400  was running on murat-33283937-400-fnpc19103.fnal.gov    , mu2egrid exit status:   0 TrigReport Events total = 2000000 passed = 9186 failed = 1990814
   401 : section 00401  was running on murat-33283937-401-fnpc19141.fnal.gov    , mu2egrid exit status:   0 TrigReport Events total = 2000000 passed = 8685 failed = 1991315
   402 : section 00402  was running on murat-33283937-402-fnpc19105.fnal.gov    , mu2egrid exit status:   0 TrigReport Events total = 2000000 passed = 9091 failed = 1990909
   403 : section 00403  was running on murat-33283937-403-fnpc19140.fnal.gov    , mu2egrid exit status:   0 TrigReport Events total = 2000000 passed = 8927 failed = 1991073
   404 : section 00404  was running on murat-33283937-404-fnpc19140.fnal.gov    , mu2egrid exit status:   0 TrigReport Events total = 2000000 passed = 8972 failed = 1991028
   405 : section 00405  was running on murat-33283937-405-fnpc6014.fnal.gov     , mu2egrid exit status:   0 TrigReport Events total = 2000000 passed = 8970 failed = 1991030
   406 : section 00406  was running on murat-33283937-406-fnpc19135.fnal.gov    , mu2egrid exit status:   0 TrigReport Events total = 2000000 passed = 8912 failed = 1991088
   407 : section 00407  was running on murat-33283937-407-fnpc19108.fnal.gov    , mu2egrid exit status:   0 TrigReport Events total = 2000000 passed = 9039 failed = 1990961
   408 : section 00408  was running on murat-33283937-408-fnpc19134.fnal.gov    , mu2egrid exit status:   0 TrigReport Events total = 2000000 passed = 8893 failed = 1991107
   409 : section 00409  was running on murat-33283937-409-fnpc8005.fnal.gov     , mu2egrid exit status:   0 TrigReport Events total = 2000000 passed = 9181 failed = 1990819
   410 : section 00410  was running on murat-33283937-410-fnpc6026.fnal.gov     , mu2egrid exit status:   0 TrigReport Events total = 2000000 passed = 9110 failed = 1990890
   411 : section 00411  was running on murat-33283937-411-fnpc9058.fnal.gov     , mu2egrid exit status:   0 TrigReport Events total = 2000000 passed = 8500 failed = 1991500
   412 : section 00412  was running on murat-33283937-412-fnpc19126.fnal.gov    , mu2egrid exit status:   0 TrigReport Events total = 2000000 passed = 9211 failed = 1990789
   413 : section 00413  was running on murat-33283937-413-fnpc19132.fnal.gov    , mu2egrid exit status:   0 TrigReport Events total = 2000000 passed = 8941 failed = 1991059
   414 : section 00414  was running on murat-33283937-414-fnpc7019.fnal.gov     , mu2egrid exit status:   0 TrigReport Events total = 2000000 passed = 8878 failed = 1991122
   415 : section 00415  was running on murat-33283937-415-fnpc19133.fnal.gov    , mu2egrid exit status:   0 TrigReport Events total = 2000000 passed = 9084 failed = 1990916
   416 : section 00416  was running on murat-33283937-416-fnpc5001.fnal.gov     , mu2egrid exit status:   0 TrigReport Events total = 2000000 passed = 8861 failed = 1991139
   417 : section 00417  was running on murat-33283937-417-fnpc9075.fnal.gov     , mu2egrid exit status:   0 TrigReport Events total = 2000000 passed = 8773 failed = 1991227
   418 : section 00418  was running on murat-33283937-418-fnpc19107.fnal.gov    , mu2egrid exit status:   0 TrigReport Events total = 2000000 passed = 8843 failed = 1991157
   419 : section 00419  was running on murat-33283937-419-fnpc19113.fnal.gov    , mu2egrid exit status:   0 TrigReport Events total = 2000000 passed = 8647 failed = 1991353
   420 : section 00420  was running on murat-33283937-420-fnpc9023.fnal.gov     , mu2egrid exit status:   0 TrigReport Events total = 2000000 passed = 8809 failed = 1991191
   421 : section 00421  was running on murat-33283937-421-fnpc7008.fnal.gov     , mu2egrid exit status:   0 TrigReport Events total = 2000000 passed = 9163 failed = 1990837
   422 : section 00422  was running on murat-33283937-422-fnpc19118.fnal.gov    , mu2egrid exit status:   0 TrigReport Events total = 2000000 passed = 8692 failed = 1991308
   423 : section 00423  was running on murat-33283937-423-fnpc9024.fnal.gov     , mu2egrid exit status:   0 TrigReport Events total = 2000000 passed = 8614 failed = 1991386
   424 : section 00424  was running on murat-33283937-424-fnpc19111.fnal.gov    , mu2egrid exit status:   0 TrigReport Events total = 2000000 passed = 8961 failed = 1991039
   425 : section 00425  was running on murat-33283937-425-fnpc19138.fnal.gov    , mu2egrid exit status:   0 TrigReport Events total = 2000000 passed = 8565 failed = 1991435
   426 : section 00426  was running on murat-33283937-426-fnpc19116.fnal.gov    , mu2egrid exit status:   0 TrigReport Events total = 2000000 passed = 8682 failed = 1991318
   427 : section 00427  was running on murat-33283937-427-fnpc9058.fnal.gov     , mu2egrid exit status:   0 TrigReport Events total = 2000000 passed = 8892 failed = 1991108
   428 : section 00428  was running on murat-33283937-428-fnpc19135.fnal.gov    , mu2egrid exit status:   0 TrigReport Events total = 2000000 passed = 9052 failed = 1990948
   429 : section 00429  was running on murat-33283937-429-fnpc6026.fnal.gov     , mu2egrid exit status:   0 TrigReport Events total = 2000000 passed = 8578 failed = 1991422
   430 : section 00430  was running on murat-33283937-430-fnpc19113.fnal.gov    , mu2egrid exit status:   0 TrigReport Events total = 2000000 passed = 8813 failed = 1991187
   431 : section 00431  was running on murat-33283937-431-fnpc9024.fnal.gov     , mu2egrid exit status:   0 TrigReport Events total = 2000000 passed = 8811 failed = 1991189
   432 : section 00432  was running on murat-33283937-432-fnpc19138.fnal.gov    , mu2egrid exit status:   0 TrigReport Events total = 2000000 passed = 8807 failed = 1991193
   433 : section 00433  was running on murat-33283937-433-fnpc19107.fnal.gov    , mu2egrid exit status:   0 TrigReport Events total = 2000000 passed = 9126 failed = 1990874
   434 : section 00434  was running on murat-33283937-434-fnpc19111.fnal.gov    , mu2egrid exit status:   0 TrigReport Events total = 2000000 passed = 8778 failed = 1991222
   435 : section 00435  was running on murat-33283937-435-fnpc19111.fnal.gov    , mu2egrid exit status:   0 TrigReport Events total = 2000000 passed = 8962 failed = 1991038
   436 : section 00436  was running on murat-33283937-436-fnpc19105.fnal.gov    , mu2egrid exit status:   0 TrigReport Events total = 2000000 passed = 8789 failed = 1991211
   437 : section 00437  was running on murat-33283937-437-fnpc6026.fnal.gov     , mu2egrid exit status:   0 TrigReport Events total = 2000000 passed = 8640 failed = 1991360
   438 : section 00438  was running on murat-33283937-438-fnpc9047.fnal.gov     , mu2egrid exit status:   0 TrigReport Events total = 2000000 passed = 8994 failed = 1991006
   439 : section 00439  was running on murat-33283937-439-fnpc6028.fnal.gov     , mu2egrid exit status:   0 TrigReport Events total = 2000000 passed = 9124 failed = 1990876
   440 : section 00440  was running on murat-33283937-440-fnpc7021.fnal.gov     , mu2egrid exit status:   0 TrigReport Events total = 2000000 passed = 8653 failed = 1991347
   441 : section 00441  was running on murat-33283937-441-fnpc7011.fnal.gov     , mu2egrid exit status:   0 TrigReport Events total = 2000000 passed = 8945 failed = 1991055
   442 : section 00442  was running on murat-33283937-442-fnpc7020.fnal.gov     , mu2egrid exit status:   0 TrigReport Events total = 2000000 passed = 8813 failed = 1991187
   443 : section 00443  was running on murat-33283937-443-fnpc19130.fnal.gov    , mu2egrid exit status:   0 TrigReport Events total = 2000000 passed = 9063 failed = 1990937
   444 : section 00444  was running on murat-33283937-444-fnpc19121.fnal.gov    , mu2egrid exit status:   0 TrigReport Events total = 2000000 passed = 8915 failed = 1991085
   445 : section 00445  was running on murat-33283937-445-fnpc6010.fnal.gov     , mu2egrid exit status:   0 TrigReport Events total = 2000000 passed = 8863 failed = 1991137
   446 : section 00446  was running on murat-33283937-446-fnpc7009.fnal.gov     , mu2egrid exit status:   0 TrigReport Events total = 2000000 passed = 8968 failed = 1991032
   447 : section 00447  was running on murat-33283937-447-fnpc6005.fnal.gov     , mu2egrid exit status:   0 TrigReport Events total = 2000000 passed = 8990 failed = 1991010
   448 : section 00448  was running on murat-33283937-448-fnpc7017.fnal.gov     , mu2egrid exit status:   0 TrigReport Events total = 2000000 passed = 8768 failed = 1991232
   449 : section 00449  was running on murat-33283937-449-fnpc7008.fnal.gov     , mu2egrid exit status:   0 TrigReport Events total = 2000000 passed = 8811 failed = 1991189
   450 : section 00450  was running on murat-33283937-450-fnpc9047.fnal.gov     , mu2egrid exit status:   0 TrigReport Events total = 2000000 passed = 8907 failed = 1991093
   451 : section 00451  was running on murat-33283937-451-fnpc7011.fnal.gov     , mu2egrid exit status:   0 TrigReport Events total = 2000000 passed = 8781 failed = 1991219
   452 : section 00452  was running on murat-33283937-452-fnpc19130.fnal.gov    , mu2egrid exit status:   0 TrigReport Events total = 2000000 passed = 9105 failed = 1990895
   453 : section 00453  was running on murat-33283937-453-fnpc19121.fnal.gov    , mu2egrid exit status:   0 TrigReport Events total = 2000000 passed = 8650 failed = 1991350
   454 : section 00454  was running on murat-33283937-454-fnpc19121.fnal.gov    , mu2egrid exit status:   0 TrigReport Events total = 2000000 passed = 8842 failed = 1991158
   455 : section 00455  was running on murat-33283937-455-fnpc19121.fnal.gov    , mu2egrid exit status:   0 TrigReport Events total = 2000000 passed = 8757 failed = 1991243
   456 : section 00456  was running on murat-33283937-456-fnpc19121.fnal.gov    , mu2egrid exit status:   0 TrigReport Events total = 2000000 passed = 8757 failed = 1991243
   457 : section 00457  was running on murat-33283937-457-fnpc6026.fnal.gov     , mu2egrid exit status:   0 TrigReport Events total = 2000000 passed = 8531 failed = 1991469
   458 : section 00458  was running on murat-33283937-458-fnpc9058.fnal.gov     , mu2egrid exit status:   0 TrigReport Events total = 2000000 passed = 8743 failed = 1991257
   459 : section 00459  was running on murat-33283937-459-fnpc7024.fnal.gov     , mu2egrid exit status:   0 TrigReport Events total = 2000000 passed = 8666 failed = 1991334
   460 : section 00460  was running on murat-33283937-460-fnpc9043.fnal.gov     , mu2egrid exit status:   0 TrigReport Events total = 2000000 passed = 8832 failed = 1991168
   461 : section 00461  was running on murat-33283937-461-fnpc7017.fnal.gov     , mu2egrid exit status:   0 TrigReport Events total = 2000000 passed = 8484 failed = 1991516
   462 : section 00462  was running on murat-33283937-462-fnpc9033.fnal.gov     , mu2egrid exit status:   0 TrigReport Events total = 2000000 passed = 9252 failed = 1990748
   463 : section 00463  was running on murat-33283937-463-fnpc7030.fnal.gov     , mu2egrid exit status:   0 TrigReport Events total = 2000000 passed = 8756 failed = 1991244
   464 : section 00464  was running on murat-33283937-464-fnpc9048.fnal.gov     , mu2egrid exit status:   0 TrigReport Events total = 2000000 passed = 8692 failed = 1991308
   465 : section 00465  was running on murat-33283937-465-fnpc17117.fnal.gov    , mu2egrid exit status:   0 TrigReport Events total = 2000000 passed = 8589 failed = 1991411
   466 : section 00466  was running on murat-33283937-466-fnpc7005.fnal.gov     , mu2egrid exit status:   0 TrigReport Events total = 2000000 passed = 9195 failed = 1990805
   467 : section 00467  was running on murat-33283937-467-fnpc9058.fnal.gov     , mu2egrid exit status:   0 TrigReport Events total = 2000000 passed = 9292 failed = 1990708
   468 : section 00468  was running on murat-33283937-468-fnpc7013.fnal.gov     , mu2egrid exit status:   0 TrigReport Events total = 2000000 passed = 9331 failed = 1990669
   469 : section 00469  was running on murat-33283937-469-fnpc5016.fnal.gov     , mu2egrid exit status:   0 TrigReport Events total = 2000000 passed = 8784 failed = 1991216
   470 : section 00470  was running on murat-33283937-470-fnpc6002.fnal.gov     , mu2egrid exit status:   0 TrigReport Events total = 2000000 passed = 9036 failed = 1990964
   471 : section 00471  was running on murat-33283937-471-fnpc19125.fnal.gov    , mu2egrid exit status:   0 TrigReport Events total = 2000000 passed = 8914 failed = 1991086
   472 : section 00472  was running on murat-33283937-472-fnpc7010.fnal.gov     , mu2egrid exit status:   0 TrigReport Events total = 2000000 passed = 9038 failed = 1990962
   473 : section 00473  was running on murat-33283937-473-fnpc5026.fnal.gov     , mu2egrid exit status:   0 TrigReport Events total = 2000000 passed = 9039 failed = 1990961
   474 : section 00474  was running on murat-33283937-474-fnpc6028.fnal.gov     , mu2egrid exit status:   0 TrigReport Events total = 2000000 passed = 8999 failed = 1991001
   475 : section 00475  was running on murat-33283937-475-fnpc9045.fnal.gov     , mu2egrid exit status:   0 TrigReport Events total = 2000000 passed = 9023 failed = 1990977
   476 : section 00476  was running on murat-33283937-476-fnpc6029.fnal.gov     , mu2egrid exit status:   0 TrigReport Events total = 2000000 passed = 9116 failed = 1990884
   477 : section 00477  was running on murat-33283937-477-fnpc9013.fnal.gov     , mu2egrid exit status:   0 TrigReport Events total = 2000000 passed = 8896 failed = 1991104
   478 : section 00478  was running on murat-33283937-478-fnpc6015.fnal.gov     , mu2egrid exit status:   0 TrigReport Events total = 2000000 passed = 9040 failed = 1990960
   479 : section 00479  was running on murat-33283937-479-fnpc9024.fnal.gov     , mu2egrid exit status:   0 TrigReport Events total = 2000000 passed = 8842 failed = 1991158
   480 : section 00480  was running on murat-33283937-480-fnpc7013.fnal.gov     , mu2egrid exit status:   0 TrigReport Events total = 2000000 passed = 8823 failed = 1991177
   481 : section 00481  was running on murat-33283937-481-fnpc6002.fnal.gov     , mu2egrid exit status:   0 TrigReport Events total = 2000000 passed = 8970 failed = 1991030
   482 : section 00482  was running on murat-33283937-482-fnpc9024.fnal.gov     , mu2egrid exit status:   0 TrigReport Events total = 2000000 passed = 8915 failed = 1991085
   483 : section 00483  was running on murat-33283937-483-fnpc6015.fnal.gov     , mu2egrid exit status:   0 TrigReport Events total = 2000000 passed = 9281 failed = 1990719
   484 : section 00484  was running on murat-33283937-484-fnpc6015.fnal.gov     , mu2egrid exit status:   0 TrigReport Events total = 2000000 passed = 8754 failed = 1991246
--------------------------------------------
JOB SUMMARY:
--------------------------------------------
submitted           :   485 sections
output checked      :   485 sections
completed           :   485 sections
staging failures    :     0 sections
completed with rc=0 :   485 sections
mu2e job failed     :     0 sections
