# Sun May 10 23:30:48 CDT 2020
# job output directory: /pnfs/mu2e/scratch/users/murat/workflow/ts_warm_bore.760_1010.ts1_mubeam.ts2_sim/outstage/32538200
# subdirectory        : /pnfs/mu2e/scratch/users/murat/workflow/ts_warm_bore.760_1010.ts1_mubeam.ts2_sim/outstage/32538200/00
     0 : section 00000  was running on murat-32538200-0-fnpc17106.fnal.gov      , mu2egrid exit status:   0 TrigReport Events total = 242434 passed = 228376 failed = 14058
     1 : section 00001  was running on murat-32538200-1-fnpc8013.fnal.gov       , mu2egrid exit status:   0 TrigReport Events total = 244310 passed = 230053 failed = 14257
     2 : section 00002  was running on murat-32538200-2-fnpc9007.fnal.gov       , mu2egrid exit status:   0 TrigReport Events total = 243885 passed = 229631 failed = 14254
     3 : section 00003  was running on murat-32538200-3-fnpc17114.fnal.gov      , mu2egrid exit status:   0 TrigReport Events total = 244622 passed = 230283 failed = 14339
     4 : section 00004  was running on murat-32538200-4-fnpc8021.fnal.gov       , mu2egrid exit status:   0 TrigReport Events total = 242691 passed = 228795 failed = 13896
     5 : section 00005  was running on murat-32538200-5-fnpc17149.fnal.gov      , mu2egrid exit status:   0 TrigReport Events total = 243355 passed = 229305 failed = 14050
     6 : section 00006  was running on murat-32538200-6-fnpc17124.fnal.gov      , mu2egrid exit status:   0 TrigReport Events total = 243952 passed = 229718 failed = 14234
     7 : section 00007  was running on murat-32538200-7-fnpc17133.fnal.gov      , mu2egrid exit status:   0 TrigReport Events total = 244503 passed = 230235 failed = 14268
     8 : section 00008  was running on murat-32538200-8-fnpc17151.fnal.gov      , mu2egrid exit status:   0 TrigReport Events total = 243500 passed = 229179 failed = 14321
     9 : section 00009  was running on murat-32538200-9-fnpc17148.fnal.gov      , mu2egrid exit status:   0 TrigReport Events total = 243162 passed = 228951 failed = 14211
    10 : section 00010  was running on murat-32538200-10-fnpc9013.fnal.gov      , mu2egrid exit status:   0 TrigReport Events total = 244225 passed = 229783 failed = 14442
    11 : section 00011  was running on murat-32538200-11-fnpc17119.fnal.gov     , mu2egrid exit status:   0 TrigReport Events total = 242954 passed = 228764 failed = 14190
    12 : section 00012  was running on murat-32538200-12-fnpc17142.fnal.gov     , mu2egrid exit status:   0 TrigReport Events total = 243481 passed = 229115 failed = 14366
    13 : section 00013  was running on murat-32538200-13-fnpc8011.fnal.gov      , mu2egrid exit status:   0 TrigReport Events total = 242829 passed = 228806 failed = 14023
    14 : section 00014  was running on murat-32538200-14-fnpc9107.fnal.gov      , mu2egrid exit status:   0 TrigReport Events total = 244117 passed = 229847 failed = 14270
    15 : section 00015  was running on murat-32538200-15-fnpc9026.fnal.gov      , mu2egrid exit status:   0 TrigReport Events total = 242327 passed = 228290 failed = 14037
    16 : section 00016  was running on murat-32538200-16-fnpc17123.fnal.gov     , mu2egrid exit status:   0 TrigReport Events total = 242717 passed = 228539 failed = 14178
    17 : section 00017  was running on murat-32538200-17-fnpc7202.fnal.gov      , mu2egrid exit status:   0 TrigReport Events total = 244671 passed = 230595 failed = 14076
    18 : section 00018  was running on murat-32538200-18-fnpc17137.fnal.gov     , mu2egrid exit status:   0 TrigReport Events total = 244159 passed = 230002 failed = 14157
    19 : section 00019  was running on murat-32538200-19-fnpc8025.fnal.gov      , mu2egrid exit status:   0 TrigReport Events total = 87576 passed = 82404 failed = 5172
--------------------------------------------
JOB SUMMARY:
--------------------------------------------
submitted           :   485 sections
output checked      :    20 sections
completed           :    20 sections
staging failures    :     0 sections
completed with rc=0 :    20 sections
mu2e job failed     :     0 sections
