# Mon May 18 23:36:26 CDT 2020
# job output directory: /pnfs/mu2e/scratch/users/murat/workflow/ts_warm_bore.760_1300.ts1_mubeam.ts2_sim/outstage/32949525
# subdirectory        : /pnfs/mu2e/scratch/users/murat/workflow/ts_warm_bore.760_1300.ts1_mubeam.ts2_sim/outstage/32949525/00
     0 : section 00000  was running on murat-32949525-0-fnpc17113.fnal.gov      , mu2egrid exit status:   0 TrigReport Events total = 485333 passed = 458062 failed = 27271
     1 : section 00001  was running on murat-32949525-1-fnpc17143.fnal.gov      , mu2egrid exit status:   0 TrigReport Events total = 488232 passed = 461017 failed = 27215
     2 : section 00002  was running on murat-32949525-2-fnpc9017.fnal.gov       , mu2egrid exit status:   0 TrigReport Events total = 483874 passed = 456597 failed = 27277
     3 : section 00003  was running on murat-32949525-3-fnpc9059.fnal.gov       , mu2egrid exit status:   0 TrigReport Events total = 486207 passed = 458720 failed = 27487
     4 : section 00004  was running on murat-32949525-4-fnpc9016.fnal.gov       , mu2egrid exit status:   0 TrigReport Events total = 486947 passed = 459533 failed = 27414
     5 : section 00005  was running on murat-32949525-5-fnpc8007.fnal.gov       , mu2egrid exit status:   0 TrigReport Events total = 487622 passed = 460461 failed = 27161
     6 : section 00006  was running on murat-32949525-6-fnpc9104.fnal.gov       , mu2egrid exit status:   0 TrigReport Events total = 486526 passed = 458982 failed = 27544
     7 : section 00007  was running on murat-32949525-7-fnpc9064.fnal.gov       , mu2egrid exit status:   0 TrigReport Events total = 487791 passed = 460284 failed = 27507
     8 : section 00008  was running on murat-32949525-8-fnpc7002.fnal.gov       , mu2egrid exit status:   0 TrigReport Events total = 487979 passed = 460286 failed = 27693
     9 : section 00009  was running on murat-32949525-9-fnpc9101.fnal.gov       , mu2egrid exit status:   0 TrigReport Events total = 487594 passed = 460255 failed = 27339
    10 : section 00010  was running on murat-32949525-10-fnpc17134.fnal.gov     , mu2egrid exit status:   0 TrigReport Events total = 486537 passed = 458864 failed = 27673
    11 : section 00011  was running on murat-32949525-11-fnpc9023.fnal.gov      , mu2egrid exit status:   0 TrigReport Events total = 486623 passed = 458938 failed = 27685
    12 : section 00012  was running on murat-32949525-12-fnpc17106.fnal.gov     , mu2egrid exit status:   0 TrigReport Events total = 486879 passed = 459275 failed = 27604
    13 : section 00013  was running on murat-32949525-13-fnpc17137.fnal.gov     , mu2egrid exit status:   0 TrigReport Events total = 486359 passed = 458357 failed = 28002
    14 : section 00014  was running on murat-32949525-14-fnpc9069.fnal.gov      , mu2egrid exit status:   0 TrigReport Events total = 490866 passed = 462884 failed = 27982
    15 : section 00015  was running on murat-32949525-15-fnpc9055.fnal.gov      , mu2egrid exit status:   0 TrigReport Events total = 488931 passed = 461537 failed = 27394
    16 : section 00016  was running on murat-32949525-16-fnpc17125.fnal.gov     , mu2egrid exit status:   0 TrigReport Events total = 487512 passed = 459932 failed = 27580
    17 : section 00017  was running on murat-32949525-17-fnpc7304.fnal.gov      , mu2egrid exit status:   0 TrigReport Events total = 489850 passed = 462196 failed = 27654
    18 : section 00018  was running on murat-32949525-18-fnpc6003.fnal.gov      , mu2egrid exit status:   0 TrigReport Events total = 488038 passed = 460181 failed = 27857
    19 : section 00019  was running on murat-32949525-19-fnpc17145.fnal.gov     , mu2egrid exit status:   0 TrigReport Events total = 194712 passed = 183686 failed = 11026
--------------------------------------------
JOB SUMMARY:
--------------------------------------------
submitted           :   485 sections
output checked      :    20 sections
completed           :    20 sections
staging failures    :     0 sections
completed with rc=0 :    20 sections
mu2e job failed     :     0 sections
