#
     0 : section 00000  was running on murat-7142797-0-fnpc9044.fnal.gov        , mu2egrid exit status:   0 TrigReport Events total = 2000000 passed = 15801 failed = 1984199
     1 : section 00001  was running on murat-7142797-1-fnpc17144.fnal.gov       , mu2egrid exit status:   0 TrigReport Events total = 2000000 passed = 15620 failed = 1984380
     2 : section 00002  was running on murat-7142797-2-fnpc9026.fnal.gov        , mu2egrid exit status:   0 TrigReport Events total = 2000000 passed = 15700 failed = 1984300
     3 : section 00003  was running on murat-7142797-3-fnpc7201.fnal.gov        , mu2egrid exit status:   0 TrigReport Events total = 2000000 passed = 15776 failed = 1984224
     4 : section 00004  was running on murat-7142797-4-fnpc9075.fnal.gov        , mu2egrid exit status:   0 TrigReport Events total = 2000000 passed = 16061 failed = 1983939
     5 : section 00005  was running on murat-7142797-5-fnpc7212.fnal.gov        , mu2egrid exit status:   0 TrigReport Events total = 2000000 passed = 15335 failed = 1984665
     6 : section 00006  was running on murat-7142797-6-fnpc8006.fnal.gov        , mu2egrid exit status:   0 TrigReport Events total = 2000000 passed = 15800 failed = 1984200
     7 : section 00007  was running on murat-7142797-7-fnpc17107.fnal.gov       , mu2egrid exit status:   0 TrigReport Events total = 2000000 passed = 16382 failed = 1983618
     8 : section 00008  was running on murat-7142797-8-fnpc7205.fnal.gov        , mu2egrid exit status:   0 TrigReport Events total = 2000000 passed = 15482 failed = 1984518
     9 : section 00009  was running on murat-7142797-9-fnpc8202.fnal.gov        , mu2egrid exit status:   0 TrigReport Events total = 2000000 passed = 15615 failed = 1984385
    10 : section 00010  was running on murat-7142797-10-fnpc7304.fnal.gov       , mu2egrid exit status:   0 TrigReport Events total = 2000000 passed = 15743 failed = 1984257
    11 : section 00011  was running on murat-7142797-11-fnpc7305.fnal.gov       , mu2egrid exit status:   0 TrigReport Events total = 2000000 passed = 15500 failed = 1984500
    12 : section 00012  was running on murat-7142797-12-fnpc5027.fnal.gov       , mu2egrid exit status:   0 TrigReport Events total = 2000000 passed = 16084 failed = 1983916
    13 : section 00013  was running on murat-7142797-13-fnpc17114.fnal.gov      , mu2egrid exit status:   0 TrigReport Events total = 2000000 passed = 16489 failed = 1983511
    14 : section 00014  was running on murat-7142797-14-fnpc17108.fnal.gov      , mu2egrid exit status:   0 TrigReport Events total = 2000000 passed = 15917 failed = 1984083
    15 : section 00015  was running on murat-7142797-15-fnpc8028.fnal.gov       , mu2egrid exit status:   0 TrigReport Events total = 2000000 passed = 15995 failed = 1984005
    16 : section 00016  was running on murat-7142797-16-fnpc8021.fnal.gov       , mu2egrid exit status:   0 TrigReport Events total = 2000000 passed = 15812 failed = 1984188
    17 : section 00017  was running on murat-7142797-17-fnpc8206.fnal.gov       , mu2egrid exit status:   0 TrigReport Events total = 2000000 passed = 15677 failed = 1984323
    18 : section 00018  was running on murat-7142797-18-fnpc8204.fnal.gov       , mu2egrid exit status:   0 TrigReport Events total = 2000000 passed = 16296 failed = 1983704
    19 : section 00019  was running on murat-7142797-19-fnpc7307.fnal.gov       , mu2egrid exit status:   0 TrigReport Events total = 2000000 passed = 15967 failed = 1984033
    20 : section 00020  was running on murat-7142797-20-fnpc8210.fnal.gov       , mu2egrid exit status:   0 TrigReport Events total = 2000000 passed = 15565 failed = 1984435
    21 : section 00021  was running on murat-7142797-21-fnpc9019.fnal.gov       , mu2egrid exit status:   0 TrigReport Events total = 2000000 passed = 15775 failed = 1984225
    22 : section 00022  was running on murat-7142797-22-fnpc17145.fnal.gov      , mu2egrid exit status:   0 TrigReport Events total = 2000000 passed = 16018 failed = 1983982
    23 : section 00023  was running on murat-7142797-23-fnpc17112.fnal.gov      , mu2egrid exit status:   0 TrigReport Events total = 2000000 passed = 16049 failed = 1983951
    24 : section 00024  was running on murat-7142797-24-fnpc17102.fnal.gov      , mu2egrid exit status:   0 TrigReport Events total = 2000000 passed = 16021 failed = 1983979
    25 : section 00025  was running on murat-7142797-25-fnpc17130.fnal.gov      , mu2egrid exit status:   0 TrigReport Events total = 2000000 passed = 16001 failed = 1983999
    26 : section 00026  was running on murat-7142797-26-fnpc17144.fnal.gov      , mu2egrid exit status:   0 TrigReport Events total = 2000000 passed = 15912 failed = 1984088
    27 : section 00027  was running on murat-7142797-27-fnpc9041.fnal.gov       , mu2egrid exit status:   0 TrigReport Events total = 2000000 passed = 15741 failed = 1984259
    28 : section 00028  was running on murat-7142797-28-fnpc17125.fnal.gov      , mu2egrid exit status:   0 TrigReport Events total = 2000000 passed = 15490 failed = 1984510
    29 : section 00029  was running on murat-7142797-29-fnpc7025.fnal.gov       , mu2egrid exit status:   0 TrigReport Events total = 2000000 passed = 15819 failed = 1984181
    30 : section 00030  was running on murat-7142797-30-fnpc17140.fnal.gov      , mu2egrid exit status:   0 TrigReport Events total = 2000000 passed = 15966 failed = 1984034
    31 : section 00031  was running on murat-7142797-31-fnpc9014.fnal.gov       , mu2egrid exit status:   0 TrigReport Events total = 2000000 passed = 16088 failed = 1983912
    32 : section 00032  was running on murat-7142797-32-fnpc6000.fnal.gov       , mu2egrid exit status:   0 TrigReport Events total = 2000000 passed = 15545 failed = 1984455
    33 : section 00033  was running on murat-7142797-33-fnpc9046.fnal.gov       , mu2egrid exit status:   0 TrigReport Events total = 2000000 passed = 15853 failed = 1984147
    34 : section 00034  was running on murat-7142797-34-fnpc17106.fnal.gov      , mu2egrid exit status:   0 TrigReport Events total = 2000000 passed = 15762 failed = 1984238
    35 : section 00035  was running on murat-7142797-35-fnpc9025.fnal.gov       , mu2egrid exit status:   0 TrigReport Events total = 2000000 passed = 16025 failed = 1983975
    36 : section 00036  was running on murat-7142797-36-fnpc17130.fnal.gov      , mu2egrid exit status:   0 TrigReport Events total = 2000000 passed = 15679 failed = 1984321
    37 : section 00037  was running on murat-7142797-37-fnpc9074.fnal.gov       , mu2egrid exit status:   0 TrigReport Events total = 2000000 passed = 16049 failed = 1983951
    38 : section 00038  was running on murat-7142797-38-fnpc17155.fnal.gov      , mu2egrid exit status:   0 TrigReport Events total = 2000000 passed = 15836 failed = 1984164
    39 : section 00039  was running on murat-7142797-39-fnpc5005.fnal.gov       , mu2egrid exit status:   0 TrigReport Events total = 2000000 passed = 15970 failed = 1984030
    40 : section 00040  was running on murat-7142797-40-fnpc9042.fnal.gov       , mu2egrid exit status:   0 TrigReport Events total = 2000000 passed = 15823 failed = 1984177
    41 : section 00041  was running on murat-7142797-41-fnpc7202.fnal.gov       , mu2egrid exit status:   0 TrigReport Events total = 2000000 passed = 15469 failed = 1984531
    42 : section 00042  was running on murat-7142797-42-fnpc17126.fnal.gov      , mu2egrid exit status:   0 TrigReport Events total = 2000000 passed = 16310 failed = 1983690
    43 : section 00043  was running on murat-7142797-43-fnpc17124.fnal.gov      , mu2egrid exit status:   0 TrigReport Events total = 2000000 passed = 15718 failed = 1984282
    44 : section 00044  was running on murat-7142797-44-fnpc9038.fnal.gov       , mu2egrid exit status:   0 TrigReport Events total = 2000000 passed = 16068 failed = 1983932
    45 : section 00045  was running on murat-7142797-45-fnpc9034.fnal.gov       , mu2egrid exit status:   0 TrigReport Events total = 2000000 passed = 16192 failed = 1983808
    46 : section 00046  was running on murat-7142797-46-fnpc9069.fnal.gov       , mu2egrid exit status:   0 TrigReport Events total = 2000000 passed = 15925 failed = 1984075
    47 : section 00047  was running on murat-7142797-47-fnpc7015.fnal.gov       , mu2egrid exit status:   0 TrigReport Events total = 2000000 passed = 16167 failed = 1983833
    48 : section 00048  was running on murat-7142797-48-fnpc17151.fnal.gov      , mu2egrid exit status:   0 TrigReport Events total = 2000000 passed = 15602 failed = 1984398
    49 : section 00049  was running on murat-7142797-49-fnpc9060.fnal.gov       , mu2egrid exit status:   0 TrigReport Events total = 2000000 passed = 15631 failed = 1984369
    50 : section 00050  was running on murat-7142797-50-fnpc7013.fnal.gov       , mu2egrid exit status:   0 TrigReport Events total = 2000000 passed = 15932 failed = 1984068
    51 : section 00051  was running on murat-7142797-51-fnpc9017.fnal.gov       , mu2egrid exit status:   0 TrigReport Events total = 2000000 passed = 15955 failed = 1984045
    52 : section 00052  was running on murat-7142797-52-fnpc9028.fnal.gov       , mu2egrid exit status:   0 TrigReport Events total = 2000000 passed = 15911 failed = 1984089
    53 : section 00053  was running on murat-7142797-53-fnpc17133.fnal.gov      , mu2egrid exit status:   0 TrigReport Events total = 2000000 passed = 16133 failed = 1983867
    54 : section 00054  was running on murat-7142797-54-fnpc6031.fnal.gov       , mu2egrid exit status:   0 TrigReport Events total = 2000000 passed = 15897 failed = 1984103
    55 : section 00055  was running on murat-7142797-55-fnpc7007.fnal.gov       , mu2egrid exit status:   0 TrigReport Events total = 2000000 passed = 16086 failed = 1983914
    56 : section 00056  was running on murat-7142797-56-fnpc6019.fnal.gov       , mu2egrid exit status:   0 TrigReport Events total = 2000000 passed = 15846 failed = 1984154
    57 : section 00057  was running on murat-7142797-57-fnpc7020.fnal.gov       , mu2egrid exit status:   0 TrigReport Events total = 2000000 passed = 15407 failed = 1984593
    58 : section 00058  was running on murat-7142797-58-fnpc6026.fnal.gov       , mu2egrid exit status:   0 TrigReport Events total = 2000000 passed = 15952 failed = 1984048
    59 : section 00059  was running on murat-7142797-59-fnpc7027.fnal.gov       , mu2egrid exit status:   0 TrigReport Events total = 2000000 passed = 16003 failed = 1983997
    60 : section 00060  was running on murat-7142797-60-fnpc7022.fnal.gov       , mu2egrid exit status:   0 TrigReport Events total = 2000000 passed = 15458 failed = 1984542
    61 : section 00061  was running on murat-7142797-61-fnpc6010.fnal.gov       , mu2egrid exit status:   0 TrigReport Events total = 2000000 passed = 15601 failed = 1984399
    62 : section 00062  was running on murat-7142797-62-fnpc8022.fnal.gov       , mu2egrid exit status:   0 TrigReport Events total = 2000000 passed = 15946 failed = 1984054
    63 : section 00063  was running on murat-7142797-63-fnpc19136.fnal.gov      , mu2egrid exit status:   0 TrigReport Events total = 2000000 passed = 16183 failed = 1983817
    64 : section 00064  was running on murat-7142797-64-fnpc19129.fnal.gov      , mu2egrid exit status:   0 TrigReport Events total = 2000000 passed = 16399 failed = 1983601
    65 : section 00065  was running on murat-7142797-65-fnpc19130.fnal.gov      , mu2egrid exit status:   0 TrigReport Events total = 2000000 passed = 15644 failed = 1984356
    66 : section 00066  was running on murat-7142797-66-fnpc19127.fnal.gov      , mu2egrid exit status:   0 TrigReport Events total = 2000000 passed = 15494 failed = 1984506
    67 : section 00067  was running on murat-7142797-67-fnpc19123.fnal.gov      , mu2egrid exit status:   0 TrigReport Events total = 2000000 passed = 15582 failed = 1984418
    68 : section 00068  was running on murat-7142797-68-fnpc7022.fnal.gov       , mu2egrid exit status:   0 TrigReport Events total = 2000000 passed = 15425 failed = 1984575
    69 : section 00069  was running on murat-7142797-69-fnpc7204.fnal.gov       , mu2egrid exit status:   0 TrigReport Events total = 2000000 passed = 15922 failed = 1984078
    70 : section 00070  was running on murat-7142797-70-fnpc8005.fnal.gov       , mu2egrid exit status:   0 TrigReport Events total = 2000000 passed = 15620 failed = 1984380
    71 : section 00071  was running on murat-7142797-71-fnpc19112.fnal.gov      , mu2egrid exit status:   0 TrigReport Events total = 2000000 passed = 16212 failed = 1983788
    72 : section 00072  was running on murat-7142797-72-fnpc8209.fnal.gov       , mu2egrid exit status:   0 TrigReport Events total = 2000000 passed = 16287 failed = 1983713
    73 : section 00073  was running on murat-7142797-73-fnpc19119.fnal.gov      , mu2egrid exit status:   0 TrigReport Events total = 2000000 passed = 15550 failed = 1984450
    74 : section 00074  was running on murat-7142797-74-fnpc8206.fnal.gov       , mu2egrid exit status:   0 TrigReport Events total = 2000000 passed = 15623 failed = 1984377
    75 : section 00075  was running on murat-7142797-75-fnpc8204.fnal.gov       , mu2egrid exit status:   0 TrigReport Events total = 2000000 passed = 16017 failed = 1983983
    76 : section 00076  was running on murat-7142797-76-fnpc17108.fnal.gov      , mu2egrid exit status:   0 TrigReport Events total = 2000000 passed = 15654 failed = 1984346
    77 : section 00077  was running on murat-7142797-77-fnpc17125.fnal.gov      , mu2egrid exit status:   0 TrigReport Events total = 2000000 passed = 15912 failed = 1984088
    78 : section 00078  was running on murat-7142797-78-fnpc9025.fnal.gov       , mu2egrid exit status:   0 TrigReport Events total = 2000000 passed = 15813 failed = 1984187
    79 : section 00079  was running on murat-7142797-79-fnpc8206.fnal.gov       , mu2egrid exit status:   0 TrigReport Events total = 2000000 passed = 16126 failed = 1983874
    80 : section 00080  was running on murat-7142797-80-fnpc17140.fnal.gov      , mu2egrid exit status:   0 TrigReport Events total = 2000000 passed = 16135 failed = 1983865
    81 : section 00081  was running on murat-7142797-81-fnpc6000.fnal.gov       , mu2egrid exit status:   0 TrigReport Events total = 2000000 passed = 15981 failed = 1984019
    82 : section 00082  was running on murat-7142797-82-fnpc6031.fnal.gov       , mu2egrid exit status:   0 TrigReport Events total = 2000000 passed = 16355 failed = 1983645
    83 : section 00083  was running on murat-7142797-83-fnpc7027.fnal.gov       , mu2egrid exit status:   0 TrigReport Events total = 2000000 passed = 15979 failed = 1984021
    84 : section 00084  was running on murat-7142797-84-fnpc7022.fnal.gov       , mu2egrid exit status:   0 TrigReport Events total = 2000000 passed = 15610 failed = 1984390
    85 : section 00085  was running on murat-7142797-85-fnpc17151.fnal.gov      , mu2egrid exit status:   0 TrigReport Events total = 2000000 passed = 15706 failed = 1984294
    86 : section 00086  was running on murat-7142797-86-fnpc9028.fnal.gov       , mu2egrid exit status:   0 TrigReport Events total = 2000000 passed = 15944 failed = 1984056
    87 : section 00087  was running on murat-7142797-87-fnpc8204.fnal.gov       , mu2egrid exit status:   0 TrigReport Events total = 2000000 passed = 16009 failed = 1983991
    88 : section 00088  was running on murat-7142797-88-fnpc17124.fnal.gov      , mu2egrid exit status:   0 TrigReport Events total = 2000000 passed = 15956 failed = 1984044
    89 : section 00089  was running on murat-7142797-89-fnpc6026.fnal.gov       , mu2egrid exit status:   0 TrigReport Events total = 2000000 passed = 15905 failed = 1984095
    90 : section 00090  was running on murat-7142797-90-fnpc8028.fnal.gov       , mu2egrid exit status:   0 TrigReport Events total = 2000000 passed = 16011 failed = 1983989
    91 : section 00091  was running on murat-7142797-91-fnpc8021.fnal.gov       , mu2egrid exit status:   0 TrigReport Events total = 2000000 passed = 16034 failed = 1983966
    92 : section 00092  was running on murat-7142797-92-fnpc17106.fnal.gov      , mu2egrid exit status:   0 TrigReport Events total = 2000000 passed = 15168 failed = 1984832
    93 : section 00093  was running on murat-7142797-93-fnpc17125.fnal.gov      , mu2egrid exit status:   0 TrigReport Events total = 2000000 passed = 16592 failed = 1983408
    94 : section 00094  was running on murat-7142797-94-fnpc8206.fnal.gov       , mu2egrid exit status:   0 TrigReport Events total = 2000000 passed = 15875 failed = 1984125
    95 : section 00095  was running on murat-7142797-95-fnpc6000.fnal.gov       , mu2egrid exit status:   0 TrigReport Events total = 2000000 passed = 15422 failed = 1984578
    96 : section 00096  was running on murat-7142797-96-fnpc7022.fnal.gov       , mu2egrid exit status:   0 TrigReport Events total = 2000000 passed = 15665 failed = 1984335
    97 : section 00097  was running on murat-7142797-97-fnpc9019.fnal.gov       , mu2egrid exit status:   0 TrigReport Events total = 2000000 passed = 15433 failed = 1984567
    98 : section 00098  was running on murat-7142797-98-fnpc17112.fnal.gov      , mu2egrid exit status:   0 TrigReport Events total = 2000000 passed = 15812 failed = 1984188
    99 : section 00099  was running on murat-7142797-99-fnpc19136.fnal.gov      , mu2egrid exit status:   0 TrigReport Events total = 2000000 passed = 15827 failed = 1984173
   100 : section 00100  was running on murat-7142797-100-fnpc17151.fnal.gov     , mu2egrid exit status:   0 TrigReport Events total = 2000000 passed = 16415 failed = 1983585
   101 : section 00101  was running on murat-7142797-101-fnpc9017.fnal.gov      , mu2egrid exit status:   0 TrigReport Events total = 2000000 passed = 15648 failed = 1984352
   102 : section 00102  was running on murat-7142797-102-fnpc9025.fnal.gov      , mu2egrid exit status:   0 TrigReport Events total = 2000000 passed = 15954 failed = 1984046
   103 : section 00103  was running on murat-7142797-103-fnpc17124.fnal.gov     , mu2egrid exit status:   0 TrigReport Events total = 2000000 passed = 16215 failed = 1983785
   104 : section 00104  was running on murat-7142797-104-fnpc17114.fnal.gov     , mu2egrid exit status:   0 TrigReport Events total = 2000000 passed = 15378 failed = 1984622
   105 : section 00105  was running on murat-7142797-105-fnpc8206.fnal.gov      , mu2egrid exit status:   0 TrigReport Events total = 2000000 passed = 15868 failed = 1984132
   106 : section 00106  was running on murat-7142797-106-fnpc17145.fnal.gov     , mu2egrid exit status:   0 TrigReport Events total = 2000000 passed = 15705 failed = 1984295
   107 : section 00107  was running on murat-7142797-107-fnpc19123.fnal.gov     , mu2egrid exit status:   0 TrigReport Events total = 2000000 passed = 15608 failed = 1984392
   108 : section 00108  was running on murat-7142797-108-fnpc17125.fnal.gov     , mu2egrid exit status:   0 TrigReport Events total = 2000000 passed = 15874 failed = 1984126
   109 : section 00109  was running on murat-7142797-109-fnpc19119.fnal.gov     , mu2egrid exit status:   0 TrigReport Events total = 2000000 passed = 16069 failed = 1983931
   110 : section 00110  was running on murat-7142797-110-fnpc9028.fnal.gov      , mu2egrid exit status:   0 TrigReport Events total = 2000000 passed = 15911 failed = 1984089
   111 : section 00111  was running on murat-7142797-111-fnpc8210.fnal.gov      , mu2egrid exit status:   0 TrigReport Events total = 2000000 passed = 15858 failed = 1984142
   112 : section 00112  was running on murat-7142797-112-fnpc7212.fnal.gov      , mu2egrid exit status:   0 TrigReport Events total = 2000000 passed = 15986 failed = 1984014
   113 : section 00113  was running on murat-7142797-113-fnpc17112.fnal.gov     , mu2egrid exit status:   0 TrigReport Events total = 2000000 passed = 15844 failed = 1984156
   114 : section 00114  was running on murat-7142797-114-fnpc9014.fnal.gov      , mu2egrid exit status:   0 TrigReport Events total = 2000000 passed = 15610 failed = 1984390
   115 : section 00115  was running on murat-7142797-115-fnpc7022.fnal.gov      , mu2egrid exit status:   0 TrigReport Events total = 2000000 passed = 15596 failed = 1984404
   116 : section 00116  was running on murat-7142797-116-fnpc17125.fnal.gov     , mu2egrid exit status:   0 TrigReport Events total = 2000000 passed = 15884 failed = 1984116
   117 : section 00117  was running on murat-7142797-117-fnpc17155.fnal.gov     , mu2egrid exit status:   0 TrigReport Events total = 2000000 passed = 16127 failed = 1983873
   118 : section 00118  was running on murat-7142797-118-fnpc19130.fnal.gov     , mu2egrid exit status:   0 TrigReport Events total = 2000000 passed = 15238 failed = 1984762
   119 : section 00119  was running on murat-7142797-119-fnpc9075.fnal.gov      , mu2egrid exit status:   0 TrigReport Events total = 2000000 passed = 15815 failed = 1984185
   120 : section 00120  was running on murat-7142797-120-fnpc7307.fnal.gov      , mu2egrid exit status:   0 TrigReport Events total = 2000000 passed = 16033 failed = 1983967
   121 : section 00121  was running on murat-7142797-121-fnpc19127.fnal.gov     , mu2egrid exit status:   0 TrigReport Events total = 2000000 passed = 15322 failed = 1984678
   122 : section 00122  was running on murat-7142797-122-fnpc19112.fnal.gov     , mu2egrid exit status:   0 TrigReport Events total = 2000000 passed = 15659 failed = 1984341
   123 : section 00123  was running on murat-7142797-123-fnpc17145.fnal.gov     , mu2egrid exit status:   0 TrigReport Events total = 2000000 passed = 16019 failed = 1983981
   124 : section 00124  was running on murat-7142797-124-fnpc9028.fnal.gov      , mu2egrid exit status:   0 TrigReport Events total = 2000000 passed = 16211 failed = 1983789
   125 : section 00125  was running on murat-7142797-125-fnpc17125.fnal.gov     , mu2egrid exit status:   0 TrigReport Events total = 2000000 passed = 15400 failed = 1984600
   126 : section 00126  was running on murat-7142797-126-fnpc9042.fnal.gov      , mu2egrid exit status:   0 TrigReport Events total = 2000000 passed = 15688 failed = 1984312
   127 : section 00127  was running on murat-7142797-127-fnpc17114.fnal.gov     , mu2egrid exit status:   0 TrigReport Events total = 2000000 passed = 15455 failed = 1984545
   128 : section 00128  was running on murat-7142797-128-fnpc17144.fnal.gov     , mu2egrid exit status:   0 TrigReport Events total = 2000000 passed = 15444 failed = 1984556
   129 : section 00129  was running on murat-7142797-129-fnpc19119.fnal.gov     , mu2egrid exit status:   0 TrigReport Events total = 2000000 passed = 15826 failed = 1984174
   130 : section 00130  was running on murat-7142797-130-fnpc17125.fnal.gov     , mu2egrid exit status:   0 TrigReport Events total = 2000000 passed = 15836 failed = 1984164
   131 : section 00131  was running on murat-7142797-131-fnpc8210.fnal.gov      , mu2egrid exit status:   0 TrigReport Events total = 2000000 passed = 15975 failed = 1984025
   132 : section 00132  was running on murat-7142797-132-fnpc9034.fnal.gov      , mu2egrid exit status:   0 TrigReport Events total = 2000000 passed = 15841 failed = 1984159
   133 : section 00133  was running on murat-7142797-133-fnpc17145.fnal.gov     , mu2egrid exit status:   0 TrigReport Events total = 2000000 passed = 15663 failed = 1984337
   134 : section 00134  was running on murat-7142797-134-fnpc17155.fnal.gov     , mu2egrid exit status:   0 TrigReport Events total = 2000000 passed = 15957 failed = 1984043
   135 : section 00135  was running on murat-7142797-135-fnpc19130.fnal.gov     , mu2egrid exit status:   0 TrigReport Events total = 2000000 passed = 16214 failed = 1983786
   136 : section 00136  was running on murat-7142797-136-fnpc7307.fnal.gov      , mu2egrid exit status:   0 TrigReport Events total = 2000000 passed = 16184 failed = 1983816
   137 : section 00137  was running on murat-7142797-137-fnpc19119.fnal.gov     , mu2egrid exit status:   0 TrigReport Events total = 2000000 passed = 15508 failed = 1984492
   138 : section 00138  was running on murat-7142797-138-fnpc9019.fnal.gov      , mu2egrid exit status:   0 TrigReport Events total = 2000000 passed = 15323 failed = 1984677
   139 : section 00139  was running on murat-7142797-139-fnpc17155.fnal.gov     , mu2egrid exit status:   0 TrigReport Events total = 2000000 passed = 16036 failed = 1983964
   140 : section 00140  was running on murat-7142797-140-fnpc8210.fnal.gov      , mu2egrid exit status:   0 TrigReport Events total = 2000000 passed = 15867 failed = 1984133
   141 : section 00141  was running on murat-7142797-141-fnpc9019.fnal.gov      , mu2egrid exit status:   0 TrigReport Events total = 2000000 passed = 15672 failed = 1984328
   142 : section 00142  was running on murat-7142797-142-fnpc7212.fnal.gov      , mu2egrid exit status:   0 TrigReport Events total = 2000000 passed = 15822 failed = 1984178
   143 : section 00143  was running on murat-7142797-143-fnpc17144.fnal.gov     , mu2egrid exit status:   0 TrigReport Events total = 2000000 passed = 16023 failed = 1983977
   144 : section 00144  was running on murat-7142797-144-fnpc19130.fnal.gov     , mu2egrid exit status:   0 TrigReport Events total = 2000000 passed = 15829 failed = 1984171
   145 : section 00145  was running on murat-7142797-145-fnpc17155.fnal.gov     , mu2egrid exit status:   0 TrigReport Events total = 2000000 passed = 15625 failed = 1984375
   146 : section 00146  was running on murat-7142797-146-fnpc9075.fnal.gov      , mu2egrid exit status:   0 TrigReport Events total = 2000000 passed = 15485 failed = 1984515
   147 : section 00147  was running on murat-7142797-147-fnpc19119.fnal.gov     , mu2egrid exit status:   0 TrigReport Events total = 2000000 passed = 15886 failed = 1984114
   148 : section 00148  was running on murat-7142797-148-fnpc19119.fnal.gov     , mu2egrid exit status:   0 TrigReport Events total = 2000000 passed = 15682 failed = 1984318
   149 : section 00149  was running on murat-7142797-149-fnpc19119.fnal.gov     , mu2egrid exit status:   0 TrigReport Events total = 2000000 passed = 15953 failed = 1984047
   150 : section 00150  was running on murat-7142797-150-fnpc19119.fnal.gov     , mu2egrid exit status:   0 TrigReport Events total = 2000000 passed = 15873 failed = 1984127
   151 : section 00151  was running on murat-7142797-151-fnpc17144.fnal.gov     , mu2egrid exit status:   0 TrigReport Events total = 2000000 passed = 15853 failed = 1984147
   152 : section 00152  was running on murat-7142797-152-fnpc19119.fnal.gov     , mu2egrid exit status:   0 TrigReport Events total = 2000000 passed = 16022 failed = 1983978
   153 : section 00153  was running on murat-7142797-153-fnpc7303.fnal.gov      , mu2egrid exit status:   0 TrigReport Events total = 2000000 passed = 15955 failed = 1984045
   154 : section 00154  was running on murat-7142797-154-fnpc7301.fnal.gov      , mu2egrid exit status:   0 TrigReport Events total = 2000000 passed = 16322 failed = 1983678
   155 : section 00155  was running on murat-7142797-155-fnpc8025.fnal.gov      , mu2egrid exit status:   0 TrigReport Events total = 2000000 passed = 15574 failed = 1984426
   156 : section 00156  was running on murat-7142797-156-fnpc8019.fnal.gov      , mu2egrid exit status:   0 TrigReport Events total = 2000000 passed = 15922 failed = 1984078
   157 : section 00157  was running on murat-7142797-157-fnpc8002.fnal.gov      , mu2egrid exit status:   0 TrigReport Events total = 2000000 passed = 15621 failed = 1984379
   158 : section 00158  was running on murat-7142797-158-fnpc8201.fnal.gov      , mu2egrid exit status:   0 TrigReport Events total = 2000000 passed = 16016 failed = 1983984
   159 : section 00159  was running on murat-7142797-159-fnpc7305.fnal.gov      , mu2egrid exit status:   0 TrigReport Events total = 2000000 passed = 15414 failed = 1984586
   160 : section 00160  was running on murat-7142797-160-fnpc7308.fnal.gov      , mu2egrid exit status:   0 TrigReport Events total = 2000000 passed = 15684 failed = 1984316
   161 : section 00161  was running on murat-7142797-161-fnpc8018.fnal.gov      , mu2egrid exit status:   0 TrigReport Events total = 2000000 passed = 15590 failed = 1984410
   162 : section 00162  was running on murat-7142797-162-fnpc17122.fnal.gov     , mu2egrid exit status:   0 TrigReport Events total = 2000000 passed = 15772 failed = 1984228
   163 : section 00163  was running on murat-7142797-163-fnpc9019.fnal.gov      , mu2egrid exit status:   0 TrigReport Events total = 2000000 passed = 15629 failed = 1984371
   164 : section 00164  was running on murat-7142797-164-fnpc9029.fnal.gov      , mu2egrid exit status:   0 TrigReport Events total = 2000000 passed = 15917 failed = 1984083
   165 : section 00165  was running on murat-7142797-165-fnpc17139.fnal.gov     , mu2egrid exit status:   0 TrigReport Events total = 2000000 passed = 15690 failed = 1984310
   166 : section 00166  was running on murat-7142797-166-fnpc8007.fnal.gov      , mu2egrid exit status:   0 TrigReport Events total = 2000000 passed = 15935 failed = 1984065
   167 : section 00167  was running on murat-7142797-167-fnpc8203.fnal.gov      , mu2egrid exit status:   0 TrigReport Events total = 2000000 passed = 15665 failed = 1984335
   168 : section 00168  was running on murat-7142797-168-fnpc17128.fnal.gov     , mu2egrid exit status:   0 TrigReport Events total = 2000000 passed = 15967 failed = 1984033
   169 : section 00169  was running on murat-7142797-169-fnpc17102.fnal.gov     , mu2egrid exit status:   0 TrigReport Events total = 2000000 passed = 16062 failed = 1983938
   170 : section 00170  was running on murat-7142797-170-fnpc8017.fnal.gov      , mu2egrid exit status:   0 TrigReport Events total = 2000000 passed = 15638 failed = 1984362
   171 : section 00171  was running on murat-7142797-171-fnpc9041.fnal.gov      , mu2egrid exit status:   0 TrigReport Events total = 2000000 passed = 15976 failed = 1984024
   172 : section 00172  was running on murat-7142797-172-fnpc7019.fnal.gov      , mu2egrid exit status:   0 TrigReport Events total = 2000000 passed = 15786 failed = 1984214
   173 : section 00173  was running on murat-7142797-173-fnpc8027.fnal.gov      , mu2egrid exit status:   0 TrigReport Events total = 2000000 passed = 16264 failed = 1983736
   174 : section 00174  was running on murat-7142797-174-fnpc17103.fnal.gov     , mu2egrid exit status:   0 TrigReport Events total = 2000000 passed = 15861 failed = 1984139
   175 : section 00175  was running on murat-7142797-175-fnpc17159.fnal.gov     , mu2egrid exit status:   0 TrigReport Events total = 2000000 passed = 15569 failed = 1984431
   176 : section 00176  was running on murat-7142797-176-fnpc9058.fnal.gov      , mu2egrid exit status:   0 TrigReport Events total = 2000000 passed = 15485 failed = 1984515
   177 : section 00177  was running on murat-7142797-177-fnpc17142.fnal.gov     , mu2egrid exit status:   0 TrigReport Events total = 2000000 passed = 15761 failed = 1984239
   178 : section 00178  was running on murat-7142797-178-fnpc9046.fnal.gov      , mu2egrid exit status:   0 TrigReport Events total = 2000000 passed = 15528 failed = 1984472
   179 : section 00179  was running on murat-7142797-179-fnpc17110.fnal.gov     , mu2egrid exit status:   0 TrigReport Events total = 2000000 passed = 15827 failed = 1984173
   180 : section 00180  was running on murat-7142797-180-fnpc17120.fnal.gov     , mu2egrid exit status:   0 TrigReport Events total = 2000000 passed = 15795 failed = 1984205
   181 : section 00181  was running on murat-7142797-181-fnpc9052.fnal.gov      , mu2egrid exit status:   0 TrigReport Events total = 2000000 passed = 15747 failed = 1984253
   182 : section 00182  was running on murat-7142797-182-fnpc9004.fnal.gov      , mu2egrid exit status:   0 TrigReport Events total = 2000000 passed = 15732 failed = 1984268
   183 : section 00183  was running on murat-7142797-183-fnpc9078.fnal.gov      , mu2egrid exit status:   0 TrigReport Events total = 2000000 passed = 15953 failed = 1984047
   184 : section 00184  was running on murat-7142797-184-fnpc17160.fnal.gov     , mu2egrid exit status:   0 TrigReport Events total = 2000000 passed = 16152 failed = 1983848
   185 : section 00185  was running on murat-7142797-185-fnpc7017.fnal.gov      , mu2egrid exit status:   0 TrigReport Events total = 2000000 passed = 15871 failed = 1984129
   186 : section 00186  was running on murat-7142797-186-fnpc17104.fnal.gov     , mu2egrid exit status:   0 TrigReport Events total = 2000000 passed = 15600 failed = 1984400
   187 : section 00187  was running on murat-7142797-187-fnpc6016.fnal.gov      , mu2egrid exit status:   0 TrigReport Events total = 2000000 passed = 15944 failed = 1984056
   188 : section 00188  was running on murat-7142797-188-fnpc9007.fnal.gov      , mu2egrid exit status:   0 TrigReport Events total = 2000000 passed = 15566 failed = 1984434
   189 : section 00189  was running on murat-7142797-189-fnpc9070.fnal.gov      , mu2egrid exit status:   0 TrigReport Events total = 2000000 passed = 16005 failed = 1983995
   190 : section 00190  was running on murat-7142797-190-fnpc5026.fnal.gov      , mu2egrid exit status:   0 TrigReport Events total = 2000000 passed = 16054 failed = 1983946
   191 : section 00191  was running on murat-7142797-191-fnpc9068.fnal.gov      , mu2egrid exit status:   0 TrigReport Events total = 2000000 passed = 16049 failed = 1983951
   192 : section 00192  was running on murat-7142797-192-fnpc9005.fnal.gov      , mu2egrid exit status:   0 TrigReport Events total = 2000000 passed = 15221 failed = 1984779
   193 : section 00193  was running on murat-7142797-193-fnpc9063.fnal.gov      , mu2egrid exit status:   0 TrigReport Events total = 2000000 passed = 15813 failed = 1984187
   194 : section 00194  was running on murat-7142797-194-fnpc17117.fnal.gov     , mu2egrid exit status:   0 TrigReport Events total = 2000000 passed = 16026 failed = 1983974
   195 : section 00195  was running on murat-7142797-195-fnpc9062.fnal.gov      , mu2egrid exit status:   0 TrigReport Events total = 2000000 passed = 15613 failed = 1984387
   196 : section 00196  was running on murat-7142797-196-fnpc9073.fnal.gov      , mu2egrid exit status:   0 TrigReport Events total = 2000000 passed = 15445 failed = 1984555
   197 : section 00197  was running on murat-7142797-197-fnpc7308.fnal.gov      , mu2egrid exit status:   0 TrigReport Events total = 2000000 passed = 15477 failed = 1984523
   198 : section 00198  was running on murat-7142797-198-fnpc7303.fnal.gov      , mu2egrid exit status:   0 TrigReport Events total = 2000000 passed = 15872 failed = 1984128
   199 : section 00199  was running on murat-7142797-199-fnpc7305.fnal.gov      , mu2egrid exit status:   0 TrigReport Events total = 2000000 passed = 15396 failed = 1984604
   200 : section 00200  was running on murat-7142797-200-fnpc17115.fnal.gov     , mu2egrid exit status:   0 TrigReport Events total = 2000000 passed = 15971 failed = 1984029
   201 : section 00201  was running on murat-7142797-201-fnpc7011.fnal.gov      , mu2egrid exit status:   0 TrigReport Events total = 2000000 passed = 16309 failed = 1983691
   202 : section 00202  was running on murat-7142797-202-fnpc9105.fnal.gov      , mu2egrid exit status:   0 TrigReport Events total = 2000000 passed = 15414 failed = 1984586
   203 : section 00203  was running on murat-7142797-203-fnpc9013.fnal.gov      , mu2egrid exit status:   0 TrigReport Events total = 2000000 passed = 16353 failed = 1983647
   204 : section 00204  was running on murat-7142797-204-fnpc17151.fnal.gov     , mu2egrid exit status:   0 TrigReport Events total = 2000000 passed = 15884 failed = 1984116
   205 : section 00205  was running on murat-7142797-205-fnpc17109.fnal.gov     , mu2egrid exit status:   0 TrigReport Events total = 2000000 passed = 15909 failed = 1984091
   206 : section 00206  was running on murat-7142797-206-fnpc9066.fnal.gov      , mu2egrid exit status:   0 TrigReport Events total = 2000000 passed = 15848 failed = 1984152
   207 : section 00207  was running on murat-7142797-207-fnpc8015.fnal.gov      , mu2egrid exit status:   0 TrigReport Events total = 2000000 passed = 16215 failed = 1983785
   208 : section 00208  was running on murat-7142797-208-fnpc17153.fnal.gov     , mu2egrid exit status:   0 TrigReport Events total = 2000000 passed = 15842 failed = 1984158
   209 : section 00209  was running on murat-7142797-209-fnpc17157.fnal.gov     , mu2egrid exit status:   0 TrigReport Events total = 2000000 passed = 16049 failed = 1983951
   210 : section 00210  was running on murat-7142797-210-fnpc7012.fnal.gov      , mu2egrid exit status:   0 TrigReport Events total = 2000000 passed = 16036 failed = 1983964
   211 : section 00211  was running on murat-7142797-211-fnpc9002.fnal.gov      , mu2egrid exit status:   0 TrigReport Events total = 2000000 passed = 15753 failed = 1984247
   212 : section 00212  was running on murat-7142797-212-fnpc9017.fnal.gov      , mu2egrid exit status:   0 TrigReport Events total = 2000000 passed = 16098 failed = 1983902
   213 : section 00213  was running on murat-7142797-213-fnpc17119.fnal.gov     , mu2egrid exit status:   0 TrigReport Events total = 2000000 passed = 15976 failed = 1984024
   214 : section 00214  was running on murat-7142797-214-fnpc7009.fnal.gov      , mu2egrid exit status:   0 TrigReport Events total = 2000000 passed = 15897 failed = 1984103
   215 : section 00215  was running on murat-7142797-215-fnpc9022.fnal.gov      , mu2egrid exit status:   0 TrigReport Events total = 2000000 passed = 15366 failed = 1984634
   216 : section 00216  was running on murat-7142797-216-fnpc9079.fnal.gov      , mu2egrid exit status:   0 TrigReport Events total = 2000000 passed = 15985 failed = 1984015
   217 : section 00217  was running on murat-7142797-217-fnpc9008.fnal.gov      , mu2egrid exit status:   0 TrigReport Events total = 2000000 passed = 16002 failed = 1983998
   218 : section 00218  was running on murat-7142797-218-fnpc7026.fnal.gov      , mu2egrid exit status:   0 TrigReport Events total = 2000000 passed = 15708 failed = 1984292
   219 : section 00219  was running on murat-7142797-219-fnpc17132.fnal.gov     , mu2egrid exit status:   0 TrigReport Events total = 2000000 passed = 15655 failed = 1984345
   220 : section 00220  was running on murat-7142797-220-fnpc17118.fnal.gov     , mu2egrid exit status:   0 TrigReport Events total = 2000000 passed = 16141 failed = 1983859
   221 : section 00221  was running on murat-7142797-221-fnpc17129.fnal.gov     , mu2egrid exit status:   0 TrigReport Events total = 2000000 passed = 15957 failed = 1984043
   222 : section 00222  was running on murat-7142797-222-fnpc6030.fnal.gov      , mu2egrid exit status:   0 TrigReport Events total = 2000000 passed = 15851 failed = 1984149
   223 : section 00223  was running on murat-7142797-223-fnpc9031.fnal.gov      , mu2egrid exit status:   0 TrigReport Events total = 2000000 passed = 15649 failed = 1984351
   224 : section 00224  was running on murat-7142797-224-fnpc9061.fnal.gov      , mu2egrid exit status:   0 TrigReport Events total = 2000000 passed = 15426 failed = 1984574
   225 : section 00225  was running on murat-7142797-225-fnpc6003.fnal.gov      , mu2egrid exit status:   0 TrigReport Events total = 2000000 passed = 15682 failed = 1984318
   226 : section 00226  was running on murat-7142797-226-fnpc7010.fnal.gov      , mu2egrid exit status:   0 TrigReport Events total = 2000000 passed = 15549 failed = 1984451
   227 : section 00227  was running on murat-7142797-227-fnpc6027.fnal.gov      , mu2egrid exit status:   0 TrigReport Events total = 2000000 passed = 15260 failed = 1984740
   228 : section 00228  was running on murat-7142797-228-fnpc6026.fnal.gov      , mu2egrid exit status:   0 TrigReport Events total = 2000000 passed = 16050 failed = 1983950
   229 : section 00229  was running on murat-7142797-229-fnpc8025.fnal.gov      , mu2egrid exit status:   0 TrigReport Events total = 2000000 passed = 15773 failed = 1984227
   230 : section 00230  was running on murat-7142797-230-fnpc8017.fnal.gov      , mu2egrid exit status:   0 TrigReport Events total = 2000000 passed = 15443 failed = 1984557
   231 : section 00231  was running on murat-7142797-231-fnpc8027.fnal.gov      , mu2egrid exit status:   0 TrigReport Events total = 2000000 passed = 15871 failed = 1984129
   232 : section 00232  was running on murat-7142797-232-fnpc9058.fnal.gov      , mu2egrid exit status:   0 TrigReport Events total = 2000000 passed = 16042 failed = 1983958
   233 : section 00233  was running on murat-7142797-233-fnpc7030.fnal.gov      , mu2egrid exit status:   0 TrigReport Events total = 2000000 passed = 15986 failed = 1984014
   234 : section 00234  was running on murat-7142797-234-fnpc6005.fnal.gov      , mu2egrid exit status:   0 TrigReport Events total = 2000000 passed = 16283 failed = 1983717
   235 : section 00235  was running on murat-7142797-235-fnpc7005.fnal.gov      , mu2egrid exit status:   0 TrigReport Events total = 2000000 passed = 15562 failed = 1984438
   236 : section 00236  was running on murat-7142797-236-fnpc6004.fnal.gov      , mu2egrid exit status:   0 TrigReport Events total = 2000000 passed = 15820 failed = 1984180
   237 : section 00237  was running on murat-7142797-237-fnpc6002.fnal.gov      , mu2egrid exit status:   0 TrigReport Events total = 2000000 passed = 15997 failed = 1984003
   238 : section 00238  was running on murat-7142797-238-fnpc7016.fnal.gov      , mu2egrid exit status:   0 TrigReport Events total = 2000000 passed = 15730 failed = 1984270
   239 : section 00239  was running on murat-7142797-239-fnpc6029.fnal.gov      , mu2egrid exit status:   0 TrigReport Events total = 2000000 passed = 15974 failed = 1984026
   240 : section 00240  was running on murat-7142797-240-fnpc17113.fnal.gov     , mu2egrid exit status:   0 TrigReport Events total = 2000000 passed = 15108 failed = 1984892
   241 : section 00241  was running on murat-7142797-241-fnpc6010.fnal.gov      , mu2egrid exit status:   0 TrigReport Events total = 2000000 passed = 15594 failed = 1984406
   242 : section 00242  was running on murat-7142797-242-fnpc7014.fnal.gov      , mu2egrid exit status:   0 TrigReport Events total = 2000000 passed = 15819 failed = 1984181
   243 : section 00243  was running on murat-7142797-243-fnpc7204.fnal.gov      , mu2egrid exit status:   0 TrigReport Events total = 2000000 passed = 16109 failed = 1983891
   244 : section 00244  was running on murat-7142797-244-fnpc8201.fnal.gov      , mu2egrid exit status:   0 TrigReport Events total = 2000000 passed = 15782 failed = 1984218
   245 : section 00245  was running on murat-7142797-245-fnpc8203.fnal.gov      , mu2egrid exit status:   0 TrigReport Events total = 2000000 passed = 16011 failed = 1983989
   246 : section 00246  was running on murat-7142797-246-fnpc17128.fnal.gov     , mu2egrid exit status:   0 TrigReport Events total = 2000000 passed = 16415 failed = 1983585
   247 : section 00247  was running on murat-7142797-247-fnpc17102.fnal.gov     , mu2egrid exit status:   0 TrigReport Events total = 2000000 passed = 15959 failed = 1984041
   248 : section 00248  was running on murat-7142797-248-fnpc7019.fnal.gov      , mu2egrid exit status:   0 TrigReport Events total = 2000000 passed = 15878 failed = 1984122
   249 : section 00249  was running on murat-7142797-249-fnpc17103.fnal.gov     , mu2egrid exit status:   0 TrigReport Events total = 2000000 passed = 15758 failed = 1984242
   250 : section 00250  was running on murat-7142797-250-fnpc17159.fnal.gov     , mu2egrid exit status:   0 TrigReport Events total = 2000000 passed = 16099 failed = 1983901
   251 : section 00251  was running on murat-7142797-251-fnpc9060.fnal.gov      , mu2egrid exit status:   0 TrigReport Events total = 2000000 passed = 15756 failed = 1984244
   252 : section 00252  was running on murat-7142797-252-fnpc17110.fnal.gov     , mu2egrid exit status:   0 TrigReport Events total = 2000000 passed = 15417 failed = 1984583
   253 : section 00253  was running on murat-7142797-253-fnpc9078.fnal.gov      , mu2egrid exit status:   0 TrigReport Events total = 2000000 passed = 15894 failed = 1984106
   254 : section 00254  was running on murat-7142797-254-fnpc7017.fnal.gov      , mu2egrid exit status:   0 TrigReport Events total = 2000000 passed = 15755 failed = 1984245
   255 : section 00255  was running on murat-7142797-255-fnpc5026.fnal.gov      , mu2egrid exit status:   0 TrigReport Events total = 2000000 passed = 16030 failed = 1983970
   256 : section 00256  was running on murat-7142797-256-fnpc9063.fnal.gov      , mu2egrid exit status:   0 TrigReport Events total = 2000000 passed = 15678 failed = 1984322
   257 : section 00257  was running on murat-7142797-257-fnpc17117.fnal.gov     , mu2egrid exit status:   0 TrigReport Events total = 2000000 passed = 15727 failed = 1984273
   258 : section 00258  was running on murat-7142797-258-fnpc9062.fnal.gov      , mu2egrid exit status:   0 TrigReport Events total = 2000000 passed = 15936 failed = 1984064
   259 : section 00259  was running on murat-7142797-259-fnpc9022.fnal.gov      , mu2egrid exit status:   0 TrigReport Events total = 2000000 passed = 15908 failed = 1984092
   260 : section 00260  was running on murat-7142797-260-fnpc9079.fnal.gov      , mu2egrid exit status:   0 TrigReport Events total = 2000000 passed = 15941 failed = 1984059
   261 : section 00261  was running on murat-7142797-261-fnpc9008.fnal.gov      , mu2egrid exit status:   0 TrigReport Events total = 2000000 passed = 15632 failed = 1984368
   262 : section 00262  was running on murat-7142797-262-fnpc8017.fnal.gov      , mu2egrid exit status:   0 TrigReport Events total = 2000000 passed = 15739 failed = 1984261
   263 : section 00263  was running on murat-7142797-263-fnpc7011.fnal.gov      , mu2egrid exit status:   0 TrigReport Events total = 2000000 passed = 16100 failed = 1983900
   264 : section 00264  was running on murat-7142797-264-fnpc8019.fnal.gov      , mu2egrid exit status:   0 TrigReport Events total = 2000000 passed = 15788 failed = 1984212
   265 : section 00265  was running on murat-7142797-265-fnpc8002.fnal.gov      , mu2egrid exit status:   0 TrigReport Events total = 2000000 passed = 15910 failed = 1984090
   266 : section 00266  was running on murat-7142797-266-fnpc9013.fnal.gov      , mu2egrid exit status:   0 TrigReport Events total = 2000000 passed = 16149 failed = 1983851
   267 : section 00267  was running on murat-7142797-267-fnpc17160.fnal.gov     , mu2egrid exit status:   0 TrigReport Events total = 2000000 passed = 15724 failed = 1984276
   268 : section 00268  was running on murat-7142797-268-fnpc7012.fnal.gov      , mu2egrid exit status:   0 TrigReport Events total = 2000000 passed = 15867 failed = 1984133
   269 : section 00269  was running on murat-7142797-269-fnpc9068.fnal.gov      , mu2egrid exit status:   0 TrigReport Events total = 2000000 passed = 15905 failed = 1984095
   270 : section 00270  was running on murat-7142797-270-fnpc9073.fnal.gov      , mu2egrid exit status:   0 TrigReport Events total = 2000000 passed = 16217 failed = 1983783
   271 : section 00271  was running on murat-7142797-271-fnpc7026.fnal.gov      , mu2egrid exit status:   0 TrigReport Events total = 2000000 passed = 15889 failed = 1984111
   272 : section 00272  was running on murat-7142797-272-fnpc6003.fnal.gov      , mu2egrid exit status:   0 TrigReport Events total = 2000000 passed = 16096 failed = 1983904
   273 : section 00273  was running on murat-7142797-273-fnpc7028.fnal.gov      , mu2egrid exit status:   0 TrigReport Events total = 2000000 passed = 16271 failed = 1983729
   274 : section 00274  was running on murat-7142797-274-fnpc9052.fnal.gov      , mu2egrid exit status:   0 TrigReport Events total = 2000000 passed = 15845 failed = 1984155
   275 : section 00275  was running on murat-7142797-275-fnpc6002.fnal.gov      , mu2egrid exit status:   0 TrigReport Events total = 2000000 passed = 15781 failed = 1984219
   276 : section 00276  was running on murat-7142797-276-fnpc6029.fnal.gov      , mu2egrid exit status:   0 TrigReport Events total = 2000000 passed = 15970 failed = 1984030
   277 : section 00277  was running on murat-7142797-277-fnpc17113.fnal.gov     , mu2egrid exit status:   0 TrigReport Events total = 2000000 passed = 15884 failed = 1984116
   278 : section 00278  was running on murat-7142797-278-fnpc6010.fnal.gov      , mu2egrid exit status:   0 TrigReport Events total = 2000000 passed = 15794 failed = 1984206
   279 : section 00279  was running on murat-7142797-279-fnpc7014.fnal.gov      , mu2egrid exit status:   0 TrigReport Events total = 2000000 passed = 15488 failed = 1984512
   280 : section 00280  was running on murat-7142797-280-fnpc9058.fnal.gov      , mu2egrid exit status:   0 TrigReport Events total = 2000000 passed = 15854 failed = 1984146
   281 : section 00281  was running on murat-7142797-281-fnpc17128.fnal.gov     , mu2egrid exit status:   0 TrigReport Events total = 2000000 passed = 15605 failed = 1984395
   282 : section 00282  was running on murat-7142797-282-fnpc9031.fnal.gov      , mu2egrid exit status:   0 TrigReport Events total = 2000000 passed = 15797 failed = 1984203
   283 : section 00283  was running on murat-7142797-283-fnpc6026.fnal.gov      , mu2egrid exit status:   0 TrigReport Events total = 2000000 passed = 16249 failed = 1983751
   284 : section 00284  was running on murat-7142797-284-fnpc19107.fnal.gov     , mu2egrid exit status:   0 TrigReport Events total = 2000000 passed = 16440 failed = 1983560
   285 : section 00285  was running on murat-7142797-285-fnpc19126.fnal.gov     , mu2egrid exit status:   0 TrigReport Events total = 2000000 passed = 15839 failed = 1984161
   286 : section 00286  was running on murat-7142797-286-fnpc19124.fnal.gov     , mu2egrid exit status:   0 TrigReport Events total = 2000000 passed = 15367 failed = 1984633
   287 : section 00287  was running on murat-7142797-287-fnpc19139.fnal.gov     , mu2egrid exit status:   0 TrigReport Events total = 2000000 passed = 16540 failed = 1983460
   288 : section 00288  was running on murat-7142797-288-fnpc19105.fnal.gov     , mu2egrid exit status:   0 TrigReport Events total = 2000000 passed = 16391 failed = 1983609
   289 : section 00289  was running on murat-7142797-289-fnpc19142.fnal.gov     , mu2egrid exit status:   0 TrigReport Events total = 2000000 passed = 16074 failed = 1983926
   290 : section 00290  was running on murat-7142797-290-fnpc19115.fnal.gov     , mu2egrid exit status:   0 TrigReport Events total = 2000000 passed = 16252 failed = 1983748
   291 : section 00291  was running on murat-7142797-291-fnpc19132.fnal.gov     , mu2egrid exit status:   0 TrigReport Events total = 2000000 passed = 15375 failed = 1984625
   292 : section 00292  was running on murat-7142797-292-fnpc19120.fnal.gov     , mu2egrid exit status:   0 TrigReport Events total = 2000000 passed = 15482 failed = 1984518
   293 : section 00293  was running on murat-7142797-293-fnpc19122.fnal.gov     , mu2egrid exit status:   0 TrigReport Events total = 2000000 passed = 15797 failed = 1984203
   294 : section 00294  was running on murat-7142797-294-fnpc19114.fnal.gov     , mu2egrid exit status:   0 TrigReport Events total = 2000000 passed = 15717 failed = 1984283
   295 : section 00295  was running on murat-7142797-295-fnpc7030.fnal.gov      , mu2egrid exit status:   0 TrigReport Events total = 2000000 passed = 15877 failed = 1984123
   296 : section 00296  was running on murat-7142797-296-fnpc9070.fnal.gov      , mu2egrid exit status:   0 TrigReport Events total = 2000000 passed = 15293 failed = 1984707
   297 : section 00297  was running on murat-7142797-297-fnpc17119.fnal.gov     , mu2egrid exit status:   0 TrigReport Events total = 2000000 passed = 15506 failed = 1984494
   298 : section 00298  was running on murat-7142797-298-fnpc17118.fnal.gov     , mu2egrid exit status:   0 TrigReport Events total = 2000000 passed = 16370 failed = 1983630
   299 : section 00299  was running on murat-7142797-299-fnpc7019.fnal.gov      , mu2egrid exit status:   0 TrigReport Events total = 2000000 passed = 15933 failed = 1984067
   300 : section 00300  was running on murat-7142797-300-fnpc17103.fnal.gov     , mu2egrid exit status:   0 TrigReport Events total = 2000000 passed = 15851 failed = 1984149
   301 : section 00301  was running on murat-7142797-301-fnpc8005.fnal.gov      , mu2egrid exit status:   0 TrigReport Events total = 2000000 passed = 15950 failed = 1984050
   302 : section 00302  was running on murat-7142797-302-fnpc7017.fnal.gov      , mu2egrid exit status:   0 TrigReport Events total = 2000000 passed = 15471 failed = 1984529
   303 : section 00303  was running on murat-7142797-303-fnpc17139.fnal.gov     , mu2egrid exit status:   0 TrigReport Events total = 2000000 passed = 16496 failed = 1983504
   304 : section 00304  was running on murat-7142797-304-fnpc7005.fnal.gov      , mu2egrid exit status:   0 TrigReport Events total = 2000000 passed = 15728 failed = 1984272
   305 : section 00305  was running on murat-7142797-305-fnpc17117.fnal.gov     , mu2egrid exit status:   0 TrigReport Events total = 2000000 passed = 15906 failed = 1984094
   306 : section 00306  was running on murat-7142797-306-fnpc9041.fnal.gov      , mu2egrid exit status:   0 TrigReport Events total = 2000000 passed = 15578 failed = 1984422
   307 : section 00307  was running on murat-7142797-307-fnpc9062.fnal.gov      , mu2egrid exit status:   0 TrigReport Events total = 2000000 passed = 16304 failed = 1983696
   308 : section 00308  was running on murat-7142797-308-fnpc7011.fnal.gov      , mu2egrid exit status:   0 TrigReport Events total = 2000000 passed = 15575 failed = 1984425
   309 : section 00309  was running on murat-7142797-309-fnpc7012.fnal.gov      , mu2egrid exit status:   0 TrigReport Events total = 2000000 passed = 15946 failed = 1984054
   310 : section 00310  was running on murat-7142797-310-fnpc8203.fnal.gov      , mu2egrid exit status:   0 TrigReport Events total = 2000000 passed = 15950 failed = 1984050
   311 : section 00311  was running on murat-7142797-311-fnpc9073.fnal.gov      , mu2egrid exit status:   0 TrigReport Events total = 2000000 passed = 15838 failed = 1984162
   312 : section 00312  was running on murat-7142797-312-fnpc9019.fnal.gov      , mu2egrid exit status:   0 TrigReport Events total = 2000000 passed = 15870 failed = 1984130
   313 : section 00313  was running on murat-7142797-313-fnpc17120.fnal.gov     , mu2egrid exit status:   0 TrigReport Events total = 2000000 passed = 15487 failed = 1984513
   314 : section 00314  was running on murat-7142797-314-fnpc9079.fnal.gov      , mu2egrid exit status:   0 TrigReport Events total = 2000000 passed = 15887 failed = 1984113
   315 : section 00315  was running on murat-7142797-315-fnpc9068.fnal.gov      , mu2egrid exit status:   0 TrigReport Events total = 2000000 passed = 15503 failed = 1984497
   316 : section 00316  was running on murat-7142797-316-fnpc7028.fnal.gov      , mu2egrid exit status:   0 TrigReport Events total = 2000000 passed = 16152 failed = 1983848
   317 : section 00317  was running on murat-7142797-317-fnpc6005.fnal.gov      , mu2egrid exit status:   0 TrigReport Events total = 2000000 passed = 15643 failed = 1984357
   318 : section 00318  was running on murat-7142797-318-fnpc9058.fnal.gov      , mu2egrid exit status:   0 TrigReport Events total = 2000000 passed = 15687 failed = 1984313
   319 : section 00319  was running on murat-7142797-319-fnpc6002.fnal.gov      , mu2egrid exit status:   0 TrigReport Events total = 2000000 passed = 15667 failed = 1984333
   320 : section 00320  was running on murat-7142797-320-fnpc7014.fnal.gov      , mu2egrid exit status:   0 TrigReport Events total = 2000000 passed = 15855 failed = 1984145
   321 : section 00321  was running on murat-7142797-321-fnpc8007.fnal.gov      , mu2egrid exit status:   0 TrigReport Events total = 2000000 passed = 15842 failed = 1984158
   322 : section 00322  was running on murat-7142797-322-fnpc9031.fnal.gov      , mu2egrid exit status:   0 TrigReport Events total = 2000000 passed = 15694 failed = 1984306
   323 : section 00323  was running on murat-7142797-323-fnpc19105.fnal.gov     , mu2egrid exit status:   0 TrigReport Events total = 2000000 passed = 15977 failed = 1984023
   324 : section 00324  was running on murat-7142797-324-fnpc19142.fnal.gov     , mu2egrid exit status:   0 TrigReport Events total = 2000000 passed = 15967 failed = 1984033
   325 : section 00325  was running on murat-7142797-325-fnpc19132.fnal.gov     , mu2egrid exit status:   0 TrigReport Events total = 2000000 passed = 15853 failed = 1984147
   326 : section 00326  was running on murat-7142797-326-fnpc19122.fnal.gov     , mu2egrid exit status:   0 TrigReport Events total = 2000000 passed = 16222 failed = 1983778
   327 : section 00327  was running on murat-7142797-327-fnpc7019.fnal.gov      , mu2egrid exit status:   0 TrigReport Events total = 2000000 passed = 15927 failed = 1984073
   328 : section 00328  was running on murat-7142797-328-fnpc6027.fnal.gov      , mu2egrid exit status:   0 TrigReport Events total = 2000000 passed = 15978 failed = 1984022
   329 : section 00329  was running on murat-7142797-329-fnpc9062.fnal.gov      , mu2egrid exit status:   0 TrigReport Events total = 2000000 passed = 16104 failed = 1983896
   330 : section 00330  was running on murat-7142797-330-fnpc9073.fnal.gov      , mu2egrid exit status:   0 TrigReport Events total = 2000000 passed = 15843 failed = 1984157
   331 : section 00331  was running on murat-7142797-331-fnpc19120.fnal.gov     , mu2egrid exit status:   0 TrigReport Events total = 2000000 passed = 15202 failed = 1984798
   332 : section 00332  was running on murat-7142797-332-fnpc17129.fnal.gov     , mu2egrid exit status:   0 TrigReport Events total = 2000000 passed = 15683 failed = 1984317
   333 : section 00333  was running on murat-7142797-333-fnpc17118.fnal.gov     , mu2egrid exit status:   0 TrigReport Events total = 2000000 passed = 15675 failed = 1984325
   334 : section 00334  was running on murat-7142797-334-fnpc7017.fnal.gov      , mu2egrid exit status:   0 TrigReport Events total = 2000000 passed = 15561 failed = 1984439
   335 : section 00335  was running on murat-7142797-335-fnpc6010.fnal.gov      , mu2egrid exit status:   0 TrigReport Events total = 2000000 passed = 15458 failed = 1984542
   336 : section 00336  was running on murat-7142797-336-fnpc19107.fnal.gov     , mu2egrid exit status:   0 TrigReport Events total = 2000000 passed = 15626 failed = 1984374
   337 : section 00337  was running on murat-7142797-337-fnpc17104.fnal.gov     , mu2egrid exit status:   0 TrigReport Events total = 2000000 passed = 16205 failed = 1983795
   338 : section 00338  was running on murat-7142797-338-fnpc9058.fnal.gov      , mu2egrid exit status:   0 TrigReport Events total = 2000000 passed = 16044 failed = 1983956
   339 : section 00339  was running on murat-7142797-339-fnpc9031.fnal.gov      , mu2egrid exit status:   0 TrigReport Events total = 2000000 passed = 16024 failed = 1983976
   340 : section 00340  was running on murat-7142797-340-fnpc6026.fnal.gov      , mu2egrid exit status:   0 TrigReport Events total = 2000000 passed = 15937 failed = 1984063
   341 : section 00341  was running on murat-7142797-341-fnpc17160.fnal.gov     , mu2egrid exit status:   0 TrigReport Events total = 2000000 passed = 15796 failed = 1984204
   342 : section 00342  was running on murat-7142797-342-fnpc17103.fnal.gov     , mu2egrid exit status:   0 TrigReport Events total = 2000000 passed = 16015 failed = 1983985
   343 : section 00343  was running on murat-7142797-343-fnpc6002.fnal.gov      , mu2egrid exit status:   0 TrigReport Events total = 2000000 passed = 15767 failed = 1984233
   344 : section 00344  was running on murat-7142797-344-fnpc7014.fnal.gov      , mu2egrid exit status:   0 TrigReport Events total = 2000000 passed = 16051 failed = 1983949
   345 : section 00345  was running on murat-7142797-345-fnpc7005.fnal.gov      , mu2egrid exit status:   0 TrigReport Events total = 2000000 passed = 15795 failed = 1984205
   346 : section 00346  was running on murat-7142797-346-fnpc19122.fnal.gov     , mu2egrid exit status:   0 TrigReport Events total = 2000000 passed = 16085 failed = 1983915
   347 : section 00347  was running on murat-7142797-347-fnpc19105.fnal.gov     , mu2egrid exit status:   0 TrigReport Events total = 2000000 passed = 15720 failed = 1984280
   348 : section 00348  was running on murat-7142797-348-fnpc7019.fnal.gov      , mu2egrid exit status:   0 TrigReport Events total = 2000000 passed = 15869 failed = 1984131
   349 : section 00349  was running on murat-7142797-349-fnpc17153.fnal.gov     , mu2egrid exit status:   0 TrigReport Events total = 2000000 passed = 15521 failed = 1984479
   350 : section 00350  was running on murat-7142797-350-fnpc17132.fnal.gov     , mu2egrid exit status:   0 TrigReport Events total = 2000000 passed = 15649 failed = 1984351
   351 : section 00351  was running on murat-7142797-351-fnpc17139.fnal.gov     , mu2egrid exit status:   0 TrigReport Events total = 2000000 passed = 16058 failed = 1983942
   352 : section 00352  was running on murat-7142797-352-fnpc9058.fnal.gov      , mu2egrid exit status:   0 TrigReport Events total = 2000000 passed = 15789 failed = 1984211
   353 : section 00353  was running on murat-7142797-353-fnpc9007.fnal.gov      , mu2egrid exit status:   0 TrigReport Events total = 2000000 passed = 15886 failed = 1984114
   354 : section 00354  was running on murat-7142797-354-fnpc17115.fnal.gov     , mu2egrid exit status:   0 TrigReport Events total = 2000000 passed = 15612 failed = 1984388
   355 : section 00355  was running on murat-7142797-355-fnpc8022.fnal.gov      , mu2egrid exit status:   0 TrigReport Events total = 2000000 passed = 15731 failed = 1984269
   356 : section 00356  was running on murat-7142797-356-fnpc6002.fnal.gov      , mu2egrid exit status:   0 TrigReport Events total = 2000000 passed = 15551 failed = 1984449
   357 : section 00357  was running on murat-7142797-357-fnpc19122.fnal.gov     , mu2egrid exit status:   0 TrigReport Events total = 2000000 passed = 15485 failed = 1984515
   358 : section 00358  was running on murat-7142797-358-fnpc19105.fnal.gov     , mu2egrid exit status:   0 TrigReport Events total = 2000000 passed = 15778 failed = 1984222
   359 : section 00359  was running on murat-7142797-359-fnpc7017.fnal.gov      , mu2egrid exit status:   0 TrigReport Events total = 2000000 passed = 15558 failed = 1984442
   360 : section 00360  was running on murat-7142797-360-fnpc9070.fnal.gov      , mu2egrid exit status:   0 TrigReport Events total = 2000000 passed = 16245 failed = 1983755
   361 : section 00361  was running on murat-7142797-361-fnpc9031.fnal.gov      , mu2egrid exit status:   0 TrigReport Events total = 2000000 passed = 15665 failed = 1984335
   362 : section 00362  was running on murat-7142797-362-fnpc9007.fnal.gov      , mu2egrid exit status:   0 TrigReport Events total = 2000000 passed = 15757 failed = 1984243
   363 : section 00363  was running on murat-7142797-363-fnpc6026.fnal.gov      , mu2egrid exit status:   0 TrigReport Events total = 2000000 passed = 15716 failed = 1984284
   364 : section 00364  was running on murat-7142797-364-fnpc9029.fnal.gov      , mu2egrid exit status:   0 TrigReport Events total = 2000000 passed = 15815 failed = 1984185
   365 : section 00365  was running on murat-7142797-365-fnpc7019.fnal.gov      , mu2egrid exit status:   0 TrigReport Events total = 2000000 passed = 16024 failed = 1983976
   366 : section 00366  was running on murat-7142797-366-fnpc8007.fnal.gov      , mu2egrid exit status:   0 TrigReport Events total = 2000000 passed = 15692 failed = 1984308
   367 : section 00367  was running on murat-7142797-367-fnpc17103.fnal.gov     , mu2egrid exit status:   0 TrigReport Events total = 2000000 passed = 16069 failed = 1983931
   368 : section 00368  was running on murat-7142797-368-fnpc6002.fnal.gov      , mu2egrid exit status:   0 TrigReport Events total = 2000000 passed = 15865 failed = 1984135
   369 : section 00369  was running on murat-7142797-369-fnpc17104.fnal.gov     , mu2egrid exit status:   0 TrigReport Events total = 2000000 passed = 15851 failed = 1984149
   370 : section 00370  was running on murat-7142797-370-fnpc17132.fnal.gov     , mu2egrid exit status:   0 TrigReport Events total = 2000000 passed = 16176 failed = 1983824
   371 : section 00371  was running on murat-7142797-371-fnpc9004.fnal.gov      , mu2egrid exit status:   0 TrigReport Events total = 2000000 passed = 15982 failed = 1984018
   372 : section 00372  was running on murat-7142797-372-fnpc19126.fnal.gov     , mu2egrid exit status:   0 TrigReport Events total = 2000000 passed = 15289 failed = 1984711
   373 : section 00373  was running on murat-7142797-373-fnpc7016.fnal.gov      , mu2egrid exit status:   0 TrigReport Events total = 2000000 passed = 15839 failed = 1984161
   374 : section 00374  was running on murat-7142797-374-fnpc17157.fnal.gov     , mu2egrid exit status:   0 TrigReport Events total = 2000000 passed = 15578 failed = 1984422
   375 : section 00375  was running on murat-7142797-375-fnpc17129.fnal.gov     , mu2egrid exit status:   0 TrigReport Events total = 2000000 passed = 15960 failed = 1984040
   376 : section 00376  was running on murat-7142797-376-fnpc8019.fnal.gov      , mu2egrid exit status:   0 TrigReport Events total = 2000000 passed = 15858 failed = 1984142
   377 : section 00377  was running on murat-7142797-377-fnpc8002.fnal.gov      , mu2egrid exit status:   0 TrigReport Events total = 2000000 passed = 15768 failed = 1984232
   378 : section 00378  was running on murat-7142797-378-fnpc19115.fnal.gov     , mu2egrid exit status:   0 TrigReport Events total = 2000000 passed = 16024 failed = 1983976
   379 : section 00379  was running on murat-7142797-379-fnpc9019.fnal.gov      , mu2egrid exit status:   0 TrigReport Events total = 2000000 passed = 15957 failed = 1984043
   380 : section 00380  was running on murat-7142797-380-fnpc19114.fnal.gov     , mu2egrid exit status:   0 TrigReport Events total = 2000000 passed = 15681 failed = 1984319
   381 : section 00381  was running on murat-7142797-381-fnpc17120.fnal.gov     , mu2egrid exit status:   0 TrigReport Events total = 2000000 passed = 16292 failed = 1983708
   382 : section 00382  was running on murat-7142797-382-fnpc8027.fnal.gov      , mu2egrid exit status:   0 TrigReport Events total = 2000000 passed = 16215 failed = 1983785
   383 : section 00383  was running on murat-7142797-383-fnpc19105.fnal.gov     , mu2egrid exit status:   0 TrigReport Events total = 2000000 passed = 16032 failed = 1983968
   384 : section 00384  was running on murat-7142797-384-fnpc19122.fnal.gov     , mu2egrid exit status:   0 TrigReport Events total = 2000000 passed = 16210 failed = 1983790
   385 : section 00385  was running on murat-7142797-385-fnpc17103.fnal.gov     , mu2egrid exit status:   0 TrigReport Events total = 2000000 passed = 15924 failed = 1984076
   386 : section 00386  was running on murat-7142797-386-fnpc9007.fnal.gov      , mu2egrid exit status:   0 TrigReport Events total = 2000000 passed = 15617 failed = 1984383
   387 : section 00387  was running on murat-7142797-387-fnpc19105.fnal.gov     , mu2egrid exit status:   0 TrigReport Events total = 2000000 passed = 15927 failed = 1984073
   388 : section 00388  was running on murat-7142797-388-fnpc19114.fnal.gov     , mu2egrid exit status:   0 TrigReport Events total = 2000000 passed = 16334 failed = 1983666
   389 : section 00389  was running on murat-7142797-389-fnpc19122.fnal.gov     , mu2egrid exit status:   0 TrigReport Events total = 2000000 passed = 15592 failed = 1984408
   390 : section 00390  was running on murat-7142797-390-fnpc17103.fnal.gov     , mu2egrid exit status:   0 TrigReport Events total = 2000000 passed = 15644 failed = 1984356
   391 : section 00391  was running on murat-7142797-391-fnpc9031.fnal.gov      , mu2egrid exit status:   0 TrigReport Events total = 2000000 passed = 15689 failed = 1984311
   392 : section 00392  was running on murat-7142797-392-fnpc19115.fnal.gov     , mu2egrid exit status:   0 TrigReport Events total = 2000000 passed = 15840 failed = 1984160
   393 : section 00393  was running on murat-7142797-393-fnpc17104.fnal.gov     , mu2egrid exit status:   0 TrigReport Events total = 2000000 passed = 16028 failed = 1983972
   394 : section 00394  was running on murat-7142797-394-fnpc19122.fnal.gov     , mu2egrid exit status:   0 TrigReport Events total = 2000000 passed = 15885 failed = 1984115
   395 : section 00395  was running on murat-7142797-395-fnpc19105.fnal.gov     , mu2egrid exit status:   0 TrigReport Events total = 2000000 passed = 15941 failed = 1984059
   396 : section 00396  was running on murat-7142797-396-fnpc17103.fnal.gov     , mu2egrid exit status:   0 TrigReport Events total = 2000000 passed = 15975 failed = 1984025
   397 : section 00397  was running on murat-7142797-397-fnpc19126.fnal.gov     , mu2egrid exit status:   0 TrigReport Events total = 2000000 passed = 16066 failed = 1983934
   398 : section 00398  was running on murat-7142797-398-fnpc17132.fnal.gov     , mu2egrid exit status:   0 TrigReport Events total = 2000000 passed = 16362 failed = 1983638
   399 : section 00399  was running on murat-7142797-399-fnpc17129.fnal.gov     , mu2egrid exit status:   0 TrigReport Events total = 2000000 passed = 16060 failed = 1983940
   400 : section 00400  was running on murat-7142797-400-fnpc19122.fnal.gov     , mu2egrid exit status:   0 TrigReport Events total = 2000000 passed = 15726 failed = 1984274
   401 : section 00401  was running on murat-7142797-401-fnpc19105.fnal.gov     , mu2egrid exit status:   0 TrigReport Events total = 2000000 passed = 16008 failed = 1983992
   402 : section 00402  was running on murat-7142797-402-fnpc19126.fnal.gov     , mu2egrid exit status:   0 TrigReport Events total = 2000000 passed = 15728 failed = 1984272
   403 : section 00403  was running on murat-7142797-403-fnpc17104.fnal.gov     , mu2egrid exit status:   0 TrigReport Events total = 2000000 passed = 15959 failed = 1984041
   404 : section 00404  was running on murat-7142797-404-fnpc17129.fnal.gov     , mu2egrid exit status:   0 TrigReport Events total = 2000000 passed = 16359 failed = 1983641
   405 : section 00405  was running on murat-7142797-405-fnpc19126.fnal.gov     , mu2egrid exit status:   0 TrigReport Events total = 2000000 passed = 15801 failed = 1984199
   406 : section 00406  was running on murat-7142797-406-fnpc9004.fnal.gov      , mu2egrid exit status:   0 TrigReport Events total = 2000000 passed = 15865 failed = 1984135
   407 : section 00407  was running on murat-7142797-407-fnpc8027.fnal.gov      , mu2egrid exit status:   0 TrigReport Events total = 2000000 passed = 16334 failed = 1983666
   408 : section 00408  was running on murat-7142797-408-fnpc9019.fnal.gov      , mu2egrid exit status:   0 TrigReport Events total = 2000000 passed = 15600 failed = 1984400
   409 : section 00409  was running on murat-7142797-409-fnpc17104.fnal.gov     , mu2egrid exit status:   0 TrigReport Events total = 2000000 passed = 16084 failed = 1983916
   410 : section 00410  was running on murat-7142797-410-fnpc7016.fnal.gov      , mu2egrid exit status:   0 TrigReport Events total = 2000000 passed = 16006 failed = 1983994
   411 : section 00411  was running on murat-7142797-411-fnpc17104.fnal.gov     , mu2egrid exit status:   0 TrigReport Events total = 2000000 passed = 15801 failed = 1984199
   412 : section 00412  was running on murat-7142797-412-fnpc9019.fnal.gov      , mu2egrid exit status:   0 TrigReport Events total = 2000000 passed = 15570 failed = 1984430
   413 : section 00413  was running on murat-7142797-413-fnpc8027.fnal.gov      , mu2egrid exit status:   0 TrigReport Events total = 2000000 passed = 15902 failed = 1984098
   414 : section 00414  was running on murat-7142797-414-fnpc17104.fnal.gov     , mu2egrid exit status:   0 TrigReport Events total = 2000000 passed = 15211 failed = 1984789
   415 : section 00415  was running on murat-7142797-415-fnpc17138.fnal.gov     , mu2egrid exit status:   0 TrigReport Events total = 2000000 passed = 15774 failed = 1984226
   416 : section 00416  was running on murat-7142797-416-fnpc7208.fnal.gov      , mu2egrid exit status:   0 TrigReport Events total = 2000000 passed = 16232 failed = 1983768
   417 : section 00417  was running on murat-7142797-417-fnpc8005.fnal.gov      , mu2egrid exit status:   0 TrigReport Events total = 2000000 passed = 15605 failed = 1984395
   418 : section 00418  was running on murat-7142797-418-fnpc7211.fnal.gov      , mu2egrid exit status:   0 TrigReport Events total = 2000000 passed = 15752 failed = 1984248
   419 : section 00419  was running on murat-7142797-419-fnpc7203.fnal.gov      , mu2egrid exit status:   0 TrigReport Events total = 2000000 passed = 15925 failed = 1984075
   420 : section 00420  was running on murat-7142797-420-fnpc17156.fnal.gov     , mu2egrid exit status:   0 TrigReport Events total = 2000000 passed = 15893 failed = 1984107
   421 : section 00421  was running on murat-7142797-421-fnpc17103.fnal.gov     , mu2egrid exit status:   0 TrigReport Events total = 2000000 passed = 15730 failed = 1984270
   422 : section 00422  was running on murat-7142797-422-fnpc8205.fnal.gov      , mu2egrid exit status:   0 TrigReport Events total = 2000000 passed = 16025 failed = 1983975
   423 : section 00423  was running on murat-7142797-423-fnpc8207.fnal.gov      , mu2egrid exit status:   0 TrigReport Events total = 2000000 passed = 15697 failed = 1984303
   424 : section 00424  was running on murat-7142797-424-fnpc9039.fnal.gov      , mu2egrid exit status:   0 TrigReport Events total = 2000000 passed = 15484 failed = 1984516
   425 : section 00425  was running on murat-7142797-425-fnpc8024.fnal.gov      , mu2egrid exit status:   0 TrigReport Events total = 2000000 passed = 16025 failed = 1983975
   426 : section 00426  was running on murat-7142797-426-fnpc8026.fnal.gov      , mu2egrid exit status:   0 TrigReport Events total = 2000000 passed = 16103 failed = 1983897
   427 : section 00427  was running on murat-7142797-427-fnpc7019.fnal.gov      , mu2egrid exit status:   0 TrigReport Events total = 2000000 passed = 15855 failed = 1984145
   428 : section 00428  was running on murat-7142797-428-fnpc17145.fnal.gov     , mu2egrid exit status:   0 TrigReport Events total = 2000000 passed = 15510 failed = 1984490
   429 : section 00429  was running on murat-7142797-429-fnpc7205.fnal.gov      , mu2egrid exit status:   0 TrigReport Events total = 2000000 passed = 15700 failed = 1984300
   430 : section 00430  was running on murat-7142797-430-fnpc8210.fnal.gov      , mu2egrid exit status:   0 TrigReport Events total = 2000000 passed = 16087 failed = 1983913
   431 : section 00431  was running on murat-7142797-431-fnpc7310.fnal.gov      , mu2egrid exit status:   0 TrigReport Events total = 2000000 passed = 15830 failed = 1984170
   432 : section 00432  was running on murat-7142797-432-fnpc17101.fnal.gov     , mu2egrid exit status:   0 TrigReport Events total = 2000000 passed = 16086 failed = 1983914
   433 : section 00433  was running on murat-7142797-433-fnpc9051.fnal.gov      , mu2egrid exit status:   0 TrigReport Events total = 2000000 passed = 15793 failed = 1984207
   434 : section 00434  was running on murat-7142797-434-fnpc17122.fnal.gov     , mu2egrid exit status:   0 TrigReport Events total = 2000000 passed = 16065 failed = 1983935
   435 : section 00435  was running on murat-7142797-435-fnpc8016.fnal.gov      , mu2egrid exit status:   0 TrigReport Events total = 2000000 passed = 15143 failed = 1984857
   436 : section 00436  was running on murat-7142797-436-fnpc17127.fnal.gov     , mu2egrid exit status:   0 TrigReport Events total = 2000000 passed = 15123 failed = 1984877
   437 : section 00437  was running on murat-7142797-437-fnpc17147.fnal.gov     , mu2egrid exit status:   0 TrigReport Events total = 2000000 passed = 15934 failed = 1984066
   438 : section 00438  was running on murat-7142797-438-fnpc17146.fnal.gov     , mu2egrid exit status:   0 TrigReport Events total = 2000000 passed = 15972 failed = 1984028
   439 : section 00439  was running on murat-7142797-439-fnpc9075.fnal.gov      , mu2egrid exit status:   0 TrigReport Events total = 2000000 passed = 15145 failed = 1984855
   440 : section 00440  was running on murat-7142797-440-fnpc8006.fnal.gov      , mu2egrid exit status:   0 TrigReport Events total = 2000000 passed = 16070 failed = 1983930
   441 : section 00441  was running on murat-7142797-441-fnpc17112.fnal.gov     , mu2egrid exit status:   0 TrigReport Events total = 2000000 passed = 16099 failed = 1983901
   442 : section 00442  was running on murat-7142797-442-fnpc9072.fnal.gov      , mu2egrid exit status:   0 TrigReport Events total = 2000000 passed = 15420 failed = 1984580
   443 : section 00443  was running on murat-7142797-443-fnpc17154.fnal.gov     , mu2egrid exit status:   0 TrigReport Events total = 2000000 passed = 16116 failed = 1983884
   444 : section 00444  was running on murat-7142797-444-fnpc17123.fnal.gov     , mu2egrid exit status:   0 TrigReport Events total = 2000000 passed = 15747 failed = 1984253
   445 : section 00445  was running on murat-7142797-445-fnpc8205.fnal.gov      , mu2egrid exit status:   0 TrigReport Events total = 2000000 passed = 16291 failed = 1983709
   446 : section 00446  was running on murat-7142797-446-fnpc17160.fnal.gov     , mu2egrid exit status:   0 TrigReport Events total = 2000000 passed = 15875 failed = 1984125
   447 : section 00447  was running on murat-7142797-447-fnpc17155.fnal.gov     , mu2egrid exit status:   0 TrigReport Events total = 2000000 passed = 15773 failed = 1984227
   448 : section 00448  was running on murat-7142797-448-fnpc9076.fnal.gov      , mu2egrid exit status:   0 TrigReport Events total = 2000000 passed = 16004 failed = 1983996
   449 : section 00449  was running on murat-7142797-449-fnpc17125.fnal.gov     , mu2egrid exit status:   0 TrigReport Events total = 2000000 passed = 15481 failed = 1984519
   450 : section 00450  was running on murat-7142797-450-fnpc17114.fnal.gov     , mu2egrid exit status:   0 TrigReport Events total = 2000000 passed = 16306 failed = 1983694
   451 : section 00451  was running on murat-7142797-451-fnpc9110.fnal.gov      , mu2egrid exit status:   0 TrigReport Events total = 2000000 passed = 15909 failed = 1984091
   452 : section 00452  was running on murat-7142797-452-fnpc8023.fnal.gov      , mu2egrid exit status:   0 TrigReport Events total = 2000000 passed = 16096 failed = 1983904
   453 : section 00453  was running on murat-7142797-453-fnpc7025.fnal.gov      , mu2egrid exit status:   0 TrigReport Events total = 2000000 passed = 15666 failed = 1984334
   454 : section 00454  was running on murat-7142797-454-fnpc17120.fnal.gov     , mu2egrid exit status:   0 TrigReport Events total = 2000000 passed = 15596 failed = 1984404
   455 : section 00455  was running on murat-7142797-455-fnpc7018.fnal.gov      , mu2egrid exit status:   0 TrigReport Events total = 2000000 passed = 16136 failed = 1983864
   456 : section 00456  was running on murat-7142797-456-fnpc9003.fnal.gov      , mu2egrid exit status:   0 TrigReport Events total = 2000000 passed = 15533 failed = 1984467
   457 : section 00457  was running on murat-7142797-457-fnpc9054.fnal.gov      , mu2egrid exit status:   0 TrigReport Events total = 2000000 passed = 15677 failed = 1984323
   458 : section 00458  was running on murat-7142797-458-fnpc9102.fnal.gov      , mu2egrid exit status:   0 TrigReport Events total = 2000000 passed = 15746 failed = 1984254
   459 : section 00459  was running on murat-7142797-459-fnpc17141.fnal.gov     , mu2egrid exit status:   0 TrigReport Events total = 2000000 passed = 15329 failed = 1984671
   460 : section 00460  was running on murat-7142797-460-fnpc17149.fnal.gov     , mu2egrid exit status:   0 TrigReport Events total = 2000000 passed = 15752 failed = 1984248
   461 : section 00461  was running on murat-7142797-461-fnpc8003.fnal.gov      , mu2egrid exit status:   0 TrigReport Events total = 2000000 passed = 15813 failed = 1984187
   462 : section 00462  was running on murat-7142797-462-fnpc8012.fnal.gov      , mu2egrid exit status:   0 TrigReport Events total = 2000000 passed = 15938 failed = 1984062
   463 : section 00463  was running on murat-7142797-463-fnpc17159.fnal.gov     , mu2egrid exit status:   0 TrigReport Events total = 2000000 passed = 15771 failed = 1984229
   464 : section 00464  was running on murat-7142797-464-fnpc9055.fnal.gov      , mu2egrid exit status:   0 TrigReport Events total = 2000000 passed = 15714 failed = 1984286
   465 : section 00465  was running on murat-7142797-465-fnpc17130.fnal.gov     , mu2egrid exit status:   0 TrigReport Events total = 2000000 passed = 16047 failed = 1983953
   466 : section 00466  was running on murat-7142797-466-fnpc5006.fnal.gov      , mu2egrid exit status:   0 TrigReport Events total = 2000000 passed = 16035 failed = 1983965
   467 : section 00467  was running on murat-7142797-467-fnpc9007.fnal.gov      , mu2egrid exit status:   0 TrigReport Events total = 2000000 passed = 15914 failed = 1984086
   468 : section 00468  was running on murat-7142797-468-fnpc17156.fnal.gov     , mu2egrid exit status:   0 TrigReport Events total = 2000000 passed = 15971 failed = 1984029
   469 : section 00469  was running on murat-7142797-469-fnpc6025.fnal.gov      , mu2egrid exit status:   0 TrigReport Events total = 2000000 passed = 15871 failed = 1984129
   470 : section 00470  was running on murat-7142797-470-fnpc8010.fnal.gov      , mu2egrid exit status:   0 TrigReport Events total = 2000000 passed = 15468 failed = 1984532
   471 : section 00471  was running on murat-7142797-471-fnpc9109.fnal.gov      , mu2egrid exit status:   0 TrigReport Events total = 2000000 passed = 16338 failed = 1983662
   472 : section 00472  was running on murat-7142797-472-fnpc7021.fnal.gov      , mu2egrid exit status:   0 TrigReport Events total = 2000000 passed = 15381 failed = 1984619
   473 : section 00473  was running on murat-7142797-473-fnpc17116.fnal.gov     , mu2egrid exit status:   0 TrigReport Events total = 2000000 passed = 15846 failed = 1984154
   474 : section 00474  was running on murat-7142797-474-fnpc6016.fnal.gov      , mu2egrid exit status:   0 TrigReport Events total = 2000000 passed = 16396 failed = 1983604
   475 : section 00475  was running on murat-7142797-475-fnpc5029.fnal.gov      , mu2egrid exit status:   0 TrigReport Events total = 2000000 passed = 16028 failed = 1983972
   476 : section 00476  was running on murat-7142797-476-fnpc9016.fnal.gov      , mu2egrid exit status:   0 TrigReport Events total = 2000000 passed = 15969 failed = 1984031
   477 : section 00477  was running on murat-7142797-477-fnpc5014.fnal.gov      , mu2egrid exit status:   0 TrigReport Events total = 2000000 passed = 15430 failed = 1984570
   478 : section 00478  was running on murat-7142797-478-fnpc9005.fnal.gov      , mu2egrid exit status:   0 TrigReport Events total = 2000000 passed = 15842 failed = 1984158
   479 : section 00479  was running on murat-7142797-479-fnpc5037.fnal.gov      , mu2egrid exit status:   0 TrigReport Events total = 2000000 passed = 15890 failed = 1984110
   480 : section 00480  was running on murat-7142797-480-fnpc9040.fnal.gov      , mu2egrid exit status:   0 TrigReport Events total = 2000000 passed = 16075 failed = 1983925
   481 : section 00481  was running on murat-7142797-481-fnpc9023.fnal.gov      , mu2egrid exit status:   0 TrigReport Events total = 2000000 passed = 15788 failed = 1984212
   482 : section 00482  was running on murat-7142797-482-fnpc9070.fnal.gov      , mu2egrid exit status:   0 TrigReport Events total = 2000000 passed = 15613 failed = 1984387
   483 : section 00483  was running on murat-7142797-483-fnpc5018.fnal.gov      , mu2egrid exit status:   0 TrigReport Events total = 2000000 passed = 15405 failed = 1984595
   484 : section 00484  was running on murat-7142797-484-fnpc5036.fnal.gov      , mu2egrid exit status:   0 TrigReport Events total = 2000000 passed = 16239 failed = 1983761
--------------------------------------------
JOB SUMMARY:
--------------------------------------------
submitted           :   485 sections
output checked      :   485 sections
completed           :   485 sections
staging failures    :     0 sections
completed with rc=0 :   485 sections
mu2e job failed     :     0 sections
