# Mon May 18 19:30:35 CDT 2020
# job output directory: /pnfs/mu2e/scratch/users/murat/workflow/ts_warm_bore.760_1300.pbar_vd91.ts1_sim/outstage/32918356
# subdirectory        : /pnfs/mu2e/scratch/users/murat/workflow/ts_warm_bore.760_1300.pbar_vd91.ts1_sim/outstage/32918356/00
     0 : section 00000  was running on murat-32918356-0-fnpc9101.fnal.gov       , mu2egrid exit status:   0 TrigReport Events total = 2000000 passed = 19411 failed = 1980589
     1 : section 00001  was running on murat-32918356-1-fnpc17116.fnal.gov      , mu2egrid exit status:   0 TrigReport Events total = 2000000 passed = 19197 failed = 1980803
     2 : section 00002  was running on murat-32918356-2-fnpc9055.fnal.gov       , mu2egrid exit status:   0 TrigReport Events total = 2000000 passed = 19552 failed = 1980448
     3 : section 00003  was running on murat-32918356-3-fnpc17108.fnal.gov      , mu2egrid exit status:   0 TrigReport Events total = 2000000 passed = 19552 failed = 1980448
     4 : section 00004  was running on murat-32918356-4-fnpc9029.fnal.gov       , mu2egrid exit status:   0 TrigReport Events total = 2000000 passed = 19277 failed = 1980723
     5 : section 00005  was running on murat-32918356-5-fnpc6002.fnal.gov       , mu2egrid exit status:   0 TrigReport Events total = 2000000 passed = 19891 failed = 1980109
     6 : section 00006  was running on murat-32918356-6-fnpc7030.fnal.gov       , mu2egrid exit status:   0 TrigReport Events total = 2000000 passed = 19747 failed = 1980253
     7 : section 00007  was running on murat-32918356-7-fnpc9050.fnal.gov       , mu2egrid exit status:   0 TrigReport Events total = 2000000 passed = 19837 failed = 1980163
     8 : section 00008  was running on murat-32918356-8-fnpc9011.fnal.gov       , mu2egrid exit status:   0 TrigReport Events total = 2000000 passed = 19400 failed = 1980600
     9 : section 00009  was running on murat-32918356-9-fnpc5029.fnal.gov       , mu2egrid exit status:   0 TrigReport Events total = 2000000 passed = 19644 failed = 1980356
    10 : section 00010  was running on murat-32918356-10-fnpc6031.fnal.gov      , mu2egrid exit status:   0 TrigReport Events total = 2000000 passed = 19271 failed = 1980729
    11 : section 00011  was running on murat-32918356-11-fnpc9050.fnal.gov      , mu2egrid exit status:   0 TrigReport Events total = 2000000 passed = 19256 failed = 1980744
    12 : section 00012  was running on murat-32918356-12-fnpc17108.fnal.gov     , mu2egrid exit status:   0 TrigReport Events total = 2000000 passed = 19738 failed = 1980262
    13 : section 00013  was running on murat-32918356-13-fnpc8210.fnal.gov      , mu2egrid exit status:   0 TrigReport Events total = 2000000 passed = 19795 failed = 1980205
    14 : section 00014  was running on murat-32918356-14-fnpc5005.fnal.gov      , mu2egrid exit status:   0 TrigReport Events total = 2000000 passed = 19611 failed = 1980389
    15 : section 00015  was running on murat-32918356-15-fnpc9050.fnal.gov      , mu2egrid exit status:   0 TrigReport Events total = 2000000 passed = 19371 failed = 1980629
    16 : section 00016  was running on murat-32918356-16-fnpc6002.fnal.gov      , mu2egrid exit status:   0 TrigReport Events total = 2000000 passed = 19319 failed = 1980681
    17 : section 00017  was running on murat-32918356-17-fnpc7027.fnal.gov      , mu2egrid exit status:   0 TrigReport Events total = 2000000 passed = 19114 failed = 1980886
    18 : section 00018  was running on murat-32918356-18-fnpc6022.fnal.gov      , mu2egrid exit status:   0 TrigReport Events total = 2000000 passed = 18947 failed = 1981053
    19 : section 00019  was running on murat-32918356-19-fnpc6019.fnal.gov      , mu2egrid exit status:   0 TrigReport Events total = 2000000 passed = 19716 failed = 1980284
    20 : section 00020  was running on murat-32918356-20-fnpc6025.fnal.gov      , mu2egrid exit status:   0 TrigReport Events total = 2000000 passed = 19772 failed = 1980228
    21 : section 00021  was running on murat-32918356-21-fnpc7025.fnal.gov      , mu2egrid exit status:   0 TrigReport Events total = 2000000 passed = 19980 failed = 1980020
    22 : section 00022  was running on murat-32918356-22-fnpc6002.fnal.gov      , mu2egrid exit status:   0 TrigReport Events total = 2000000 passed = 19658 failed = 1980342
    23 : section 00023  was running on murat-32918356-23-fnpc9059.fnal.gov      , mu2egrid exit status:   0 TrigReport Events total = 2000000 passed = 20026 failed = 1979974
    24 : section 00024  was running on murat-32918356-24-fnpc17133.fnal.gov     , mu2egrid exit status:   0 TrigReport Events total = 2000000 passed = 19687 failed = 1980313
    25 : section 00025  was running on murat-32918356-25-fnpc19131.fnal.gov     , mu2egrid exit status:   0 TrigReport Events total = 2000000 passed = 19314 failed = 1980686
    26 : section 00026  was running on murat-32918356-26-fnpc8022.fnal.gov      , mu2egrid exit status:   0 TrigReport Events total = 2000000 passed = 19296 failed = 1980704
    27 : section 00027  was running on murat-32918356-27-fnpc19131.fnal.gov     , mu2egrid exit status:   0 TrigReport Events total = 2000000 passed = 20005 failed = 1979995
    28 : section 00028  was running on murat-32918356-28-fnpc5029.fnal.gov      , mu2egrid exit status:   0 TrigReport Events total = 2000000 passed = 19793 failed = 1980207
    29 : section 00029  was running on murat-32918356-29-fnpc7205.fnal.gov      , mu2egrid exit status:   0 TrigReport Events total = 2000000 passed = 19397 failed = 1980603
    30 : section 00030  was running on murat-32918356-30-fnpc6031.fnal.gov      , mu2egrid exit status:   0 TrigReport Events total = 2000000 passed = 19769 failed = 1980231
    31 : section 00031  was running on murat-32918356-31-fnpc6022.fnal.gov      , mu2egrid exit status:   0 TrigReport Events total = 2000000 passed = 19794 failed = 1980206
    32 : section 00032  was running on murat-32918356-32-fnpc7212.fnal.gov      , mu2egrid exit status:   0 TrigReport Events total = 2000000 passed = 19647 failed = 1980353
    33 : section 00033  was running on murat-32918356-33-fnpc7301.fnal.gov      , mu2egrid exit status:   0 TrigReport Events total = 2000000 passed = 19837 failed = 1980163
    34 : section 00034  was running on murat-32918356-34-fnpc9039.fnal.gov      , mu2egrid exit status:   0 TrigReport Events total = 2000000 passed = 20009 failed = 1979991
    35 : section 00035  was running on murat-32918356-35-fnpc9054.fnal.gov      , mu2egrid exit status:   0 TrigReport Events total = 2000000 passed = 19289 failed = 1980711
    36 : section 00036  was running on murat-32918356-36-fnpc6022.fnal.gov      , mu2egrid exit status:   0 TrigReport Events total = 2000000 passed = 19621 failed = 1980379
    37 : section 00037  was running on murat-32918356-37-fnpc9013.fnal.gov      , mu2egrid exit status:   0 TrigReport Events total = 2000000 passed = 19771 failed = 1980229
    38 : section 00038  was running on murat-32918356-38-fnpc6011.fnal.gov      , mu2egrid exit status:   0 TrigReport Events total = 2000000 passed = 20038 failed = 1979962
    39 : section 00039  was running on murat-32918356-39-fnpc17157.fnal.gov     , mu2egrid exit status:   0 TrigReport Events total = 2000000 passed = 18934 failed = 1981066
    40 : section 00040  was running on murat-32918356-40-fnpc7023.fnal.gov      , mu2egrid exit status:   0 TrigReport Events total = 2000000 passed = 19706 failed = 1980294
    41 : section 00041  was running on murat-32918356-41-fnpc5024.fnal.gov      , mu2egrid exit status:   0 TrigReport Events total = 2000000 passed = 19339 failed = 1980661
    42 : section 00042  was running on murat-32918356-42-fnpc9025.fnal.gov      , mu2egrid exit status:   0 TrigReport Events total = 2000000 passed = 19174 failed = 1980826
    43 : section 00043  was running on murat-32918356-43-fnpc17153.fnal.gov     , mu2egrid exit status:   0 TrigReport Events total = 2000000 passed = 20218 failed = 1979782
    44 : section 00044  was running on murat-32918356-44-fnpc6026.fnal.gov      , mu2egrid exit status:   0 TrigReport Events total = 2000000 passed = 19266 failed = 1980734
    45 : section 00045  was running on murat-32918356-45-fnpc17133.fnal.gov     , mu2egrid exit status:   0 TrigReport Events total = 2000000 passed = 20074 failed = 1979926
    46 : section 00046  was running on murat-32918356-46-fnpc17159.fnal.gov     , mu2egrid exit status:   0 TrigReport Events total = 2000000 passed = 20191 failed = 1979809
    47 : section 00047  was running on murat-32918356-47-fnpc7201.fnal.gov      , mu2egrid exit status:   0 TrigReport Events total = 2000000 passed = 19532 failed = 1980468
    48 : section 00048  was running on murat-32918356-48-fnpc7023.fnal.gov      , mu2egrid exit status:   0 TrigReport Events total = 2000000 passed = 19844 failed = 1980156
    49 : section 00049  was running on murat-32918356-49-fnpc8009.fnal.gov      , mu2egrid exit status:   0 TrigReport Events total = 2000000 passed = 19756 failed = 1980244
    50 : section 00050  was running on murat-32918356-50-fnpc17133.fnal.gov     , mu2egrid exit status:   0 TrigReport Events total = 2000000 passed = 19382 failed = 1980618
    51 : section 00051  was running on murat-32918356-51-fnpc17101.fnal.gov     , mu2egrid exit status:   0 TrigReport Events total = 2000000 passed = 19041 failed = 1980959
    52 : section 00052  was running on murat-32918356-52-fnpc17147.fnal.gov     , mu2egrid exit status:   0 TrigReport Events total = 2000000 passed = 19440 failed = 1980560
    53 : section 00053  was running on murat-32918356-53-fnpc9030.fnal.gov      , mu2egrid exit status:   0 TrigReport Events total = 2000000 passed = 19697 failed = 1980303
    54 : section 00054  was running on murat-32918356-54-fnpc8014.fnal.gov      , mu2egrid exit status:   0 TrigReport Events total = 2000000 passed = 19396 failed = 1980604
    55 : section 00055  was running on murat-32918356-55-fnpc7012.fnal.gov      , mu2egrid exit status:   0 TrigReport Events total = 2000000 passed = 19480 failed = 1980520
    56 : section 00056  was running on murat-32918356-56-fnpc9052.fnal.gov      , mu2egrid exit status:   0 TrigReport Events total = 2000000 passed = 19408 failed = 1980592
    57 : section 00057  was running on murat-32918356-57-fnpc17135.fnal.gov     , mu2egrid exit status:   0 TrigReport Events total = 2000000 passed = 19832 failed = 1980168
    58 : section 00058  was running on murat-32918356-58-fnpc7023.fnal.gov      , mu2egrid exit status:   0 TrigReport Events total = 2000000 passed = 19271 failed = 1980729
    59 : section 00059  was running on murat-32918356-59-fnpc17127.fnal.gov     , mu2egrid exit status:   0 TrigReport Events total = 2000000 passed = 19334 failed = 1980666
    60 : section 00060  was running on murat-32918356-60-fnpc17153.fnal.gov     , mu2egrid exit status:   0 TrigReport Events total = 2000000 passed = 19325 failed = 1980675
    61 : section 00061  was running on murat-32918356-61-fnpc9018.fnal.gov      , mu2egrid exit status:   0 TrigReport Events total = 2000000 passed = 19868 failed = 1980132
    62 : section 00062  was running on murat-32918356-62-fnpc7003.fnal.gov      , mu2egrid exit status:   0 TrigReport Events total = 2000000 passed = 19878 failed = 1980122
    63 : section 00063  was running on murat-32918356-63-fnpc9054.fnal.gov      , mu2egrid exit status:   0 TrigReport Events total = 2000000 passed = 19318 failed = 1980682
    64 : section 00064  was running on murat-32918356-64-fnpc9001.fnal.gov      , mu2egrid exit status:   0 TrigReport Events total = 2000000 passed = 19633 failed = 1980367
    65 : section 00065  was running on murat-32918356-65-fnpc17133.fnal.gov     , mu2egrid exit status:   0 TrigReport Events total = 2000000 passed = 19113 failed = 1980887
    66 : section 00066  was running on murat-32918356-66-fnpc9060.fnal.gov      , mu2egrid exit status:   0 TrigReport Events total = 2000000 passed = 19697 failed = 1980303
    67 : section 00067  was running on murat-32918356-67-fnpc5005.fnal.gov      , mu2egrid exit status:   0 TrigReport Events total = 2000000 passed = 19152 failed = 1980848
    68 : section 00068  was running on murat-32918356-68-fnpc17128.fnal.gov     , mu2egrid exit status:   0 TrigReport Events total = 2000000 passed = 19592 failed = 1980408
    69 : section 00069  was running on murat-32918356-69-fnpc17133.fnal.gov     , mu2egrid exit status:   0 TrigReport Events total = 2000000 passed = 19652 failed = 1980348
    70 : section 00070  was running on murat-32918356-70-fnpc8210.fnal.gov      , mu2egrid exit status:   0 TrigReport Events total = 2000000 passed = 19953 failed = 1980047
    71 : section 00071  was running on murat-32918356-71-fnpc17137.fnal.gov     , mu2egrid exit status:   0 TrigReport Events total = 2000000 passed = 19802 failed = 1980198
    72 : section 00072  was running on murat-32918356-72-fnpc9061.fnal.gov      , mu2egrid exit status:   0 TrigReport Events total = 2000000 passed = 19155 failed = 1980845
    73 : section 00073  was running on murat-32918356-73-fnpc9032.fnal.gov      , mu2egrid exit status:   0 TrigReport Events total = 2000000 passed = 19676 failed = 1980324
    74 : section 00074  was running on murat-32918356-74-fnpc5006.fnal.gov      , mu2egrid exit status:   0 TrigReport Events total = 2000000 passed = 19226 failed = 1980774
    75 : section 00075  was running on murat-32918356-75-fnpc17119.fnal.gov     , mu2egrid exit status:   0 TrigReport Events total = 2000000 passed = 19521 failed = 1980479
    76 : section 00076  was running on murat-32918356-76-fnpc6002.fnal.gov      , mu2egrid exit status:   0 TrigReport Events total = 2000000 passed = 19202 failed = 1980798
    77 : section 00077  was running on murat-32918356-77-fnpc6015.fnal.gov      , mu2egrid exit status:   0 TrigReport Events total = 2000000 passed = 19492 failed = 1980508
    78 : section 00078  was running on murat-32918356-78-fnpc17116.fnal.gov     , mu2egrid exit status:   0 TrigReport Events total = 2000000 passed = 19494 failed = 1980506
    79 : section 00079  was running on murat-32918356-79-fnpc9104.fnal.gov      , mu2egrid exit status:   0 TrigReport Events total = 2000000 passed = 19370 failed = 1980630
    80 : section 00080  was running on murat-32918356-80-fnpc17153.fnal.gov     , mu2egrid exit status:   0 TrigReport Events total = 2000000 passed = 19821 failed = 1980179
    81 : section 00081  was running on murat-32918356-81-fnpc5002.fnal.gov      , mu2egrid exit status:   0 TrigReport Events total = 2000000 passed = 19555 failed = 1980445
    82 : section 00082  was running on murat-32918356-82-fnpc17123.fnal.gov     , mu2egrid exit status:   0 TrigReport Events total = 2000000 passed = 19307 failed = 1980693
    83 : section 00083  was running on murat-32918356-83-fnpc8210.fnal.gov      , mu2egrid exit status:   0 TrigReport Events total = 2000000 passed = 19848 failed = 1980152
    84 : section 00084  was running on murat-32918356-84-fnpc5036.fnal.gov      , mu2egrid exit status:   0 TrigReport Events total = 2000000 passed = 18922 failed = 1981078
    85 : section 00085  was running on murat-32918356-85-fnpc7029.fnal.gov      , mu2egrid exit status:   0 TrigReport Events total = 2000000 passed = 19308 failed = 1980692
    86 : section 00086  was running on murat-32918356-86-fnpc9104.fnal.gov      , mu2egrid exit status:   0 TrigReport Events total = 2000000 passed = 19412 failed = 1980588
    87 : section 00087  was running on murat-32918356-87-fnpc9061.fnal.gov      , mu2egrid exit status:   0 TrigReport Events total = 2000000 passed = 19105 failed = 1980895
    88 : section 00088  was running on murat-32918356-88-fnpc17154.fnal.gov     , mu2egrid exit status:   0 TrigReport Events total = 2000000 passed = 19790 failed = 1980210
    89 : section 00089  was running on murat-32918356-89-fnpc5018.fnal.gov      , mu2egrid exit status:   0 TrigReport Events total = 2000000 passed = 19640 failed = 1980360
    90 : section 00090  was running on murat-32918356-90-fnpc9042.fnal.gov      , mu2egrid exit status:   0 TrigReport Events total = 2000000 passed = 19906 failed = 1980094
    91 : section 00091  was running on murat-32918356-91-fnpc9054.fnal.gov      , mu2egrid exit status:   0 TrigReport Events total = 2000000 passed = 20170 failed = 1979830
    92 : section 00092  was running on murat-32918356-92-fnpc17127.fnal.gov     , mu2egrid exit status:   0 TrigReport Events total = 2000000 passed = 19318 failed = 1980682
    93 : section 00093  was running on murat-32918356-93-fnpc17128.fnal.gov     , mu2egrid exit status:   0 TrigReport Events total = 2000000 passed = 19573 failed = 1980427
    94 : section 00094  was running on murat-32918356-94-fnpc7007.fnal.gov      , mu2egrid exit status:   0 TrigReport Events total = 2000000 passed = 19541 failed = 1980459
    95 : section 00095  was running on murat-32918356-95-fnpc17116.fnal.gov     , mu2egrid exit status:   0 TrigReport Events total = 2000000 passed = 19725 failed = 1980275
    96 : section 00096  was running on murat-32918356-96-fnpc7025.fnal.gov      , mu2egrid exit status:   0 TrigReport Events total = 2000000 passed = 19553 failed = 1980447
    97 : section 00097  was running on murat-32918356-97-fnpc9059.fnal.gov      , mu2egrid exit status:   0 TrigReport Events total = 2000000 passed = 20009 failed = 1979991
    98 : section 00098  was running on murat-32918356-98-fnpc17120.fnal.gov     , mu2egrid exit status:   0 TrigReport Events total = 2000000 passed = 20144 failed = 1979856
    99 : section 00099  was running on murat-32918356-99-fnpc7205.fnal.gov      , mu2egrid exit status:   0 TrigReport Events total = 2000000 passed = 19933 failed = 1980067
   100 : section 00100  was running on murat-32918356-100-fnpc19132.fnal.gov    , mu2egrid exit status:   0 TrigReport Events total = 2000000 passed = 20018 failed = 1979982
   101 : section 00101  was running on murat-32918356-101-fnpc8022.fnal.gov     , mu2egrid exit status:   0 TrigReport Events total = 2000000 passed = 19535 failed = 1980465
   102 : section 00102  was running on murat-32918356-102-fnpc7007.fnal.gov     , mu2egrid exit status:   0 TrigReport Events total = 2000000 passed = 19272 failed = 1980728
   103 : section 00103  was running on murat-32918356-103-fnpc9054.fnal.gov     , mu2egrid exit status:   0 TrigReport Events total = 2000000 passed = 19762 failed = 1980238
   104 : section 00104  was running on murat-32918356-104-fnpc8201.fnal.gov     , mu2egrid exit status:   0 TrigReport Events total = 2000000 passed = 19624 failed = 1980376
   105 : section 00105  was running on murat-32918356-105-fnpc9059.fnal.gov     , mu2egrid exit status:   0 TrigReport Events total = 2000000 passed = 19750 failed = 1980250
   106 : section 00106  was running on murat-32918356-106-fnpc17116.fnal.gov    , mu2egrid exit status:   0 TrigReport Events total = 2000000 passed = 20142 failed = 1979858
   107 : section 00107  was running on murat-32918356-107-fnpc17153.fnal.gov    , mu2egrid exit status:   0 TrigReport Events total = 2000000 passed = 20076 failed = 1979924
   108 : section 00108  was running on murat-32918356-108-fnpc5002.fnal.gov     , mu2egrid exit status:   0 TrigReport Events total = 2000000 passed = 19772 failed = 1980228
   109 : section 00109  was running on murat-32918356-109-fnpc17157.fnal.gov    , mu2egrid exit status:   0 TrigReport Events total = 2000000 passed = 19552 failed = 1980448
   110 : section 00110  was running on murat-32918356-110-fnpc7029.fnal.gov     , mu2egrid exit status:   0 TrigReport Events total = 2000000 passed = 19902 failed = 1980098
   111 : section 00111  was running on murat-32918356-111-fnpc7208.fnal.gov     , mu2egrid exit status:   0 TrigReport Events total = 2000000 passed = 19978 failed = 1980022
   112 : section 00112  was running on murat-32918356-112-fnpc9103.fnal.gov     , mu2egrid exit status:   0 TrigReport Events total = 2000000 passed = 19228 failed = 1980772
   113 : section 00113  was running on murat-32918356-113-fnpc7007.fnal.gov     , mu2egrid exit status:   0 TrigReport Events total = 2000000 passed = 19463 failed = 1980537
   114 : section 00114  was running on murat-32918356-114-fnpc9059.fnal.gov     , mu2egrid exit status:   0 TrigReport Events total = 2000000 passed = 19100 failed = 1980900
   115 : section 00115  was running on murat-32918356-115-fnpc17109.fnal.gov    , mu2egrid exit status:   0 TrigReport Events total = 2000000 passed = 19716 failed = 1980284
   116 : section 00116  was running on murat-32918356-116-fnpc17121.fnal.gov    , mu2egrid exit status:   0 TrigReport Events total = 2000000 passed = 19589 failed = 1980411
   117 : section 00117  was running on murat-32918356-117-fnpc17158.fnal.gov    , mu2egrid exit status:   0 TrigReport Events total = 2000000 passed = 19630 failed = 1980370
   118 : section 00118  was running on murat-32918356-118-fnpc6024.fnal.gov     , mu2egrid exit status:   0 TrigReport Events total = 2000000 passed = 19443 failed = 1980557
   119 : section 00119  was running on murat-32918356-119-fnpc17119.fnal.gov    , mu2egrid exit status:   0 TrigReport Events total = 2000000 passed = 18707 failed = 1981293
   120 : section 00120  was running on murat-32918356-120-fnpc17117.fnal.gov    , mu2egrid exit status:   0 TrigReport Events total = 2000000 passed = 19474 failed = 1980526
   121 : section 00121  was running on murat-32918356-121-fnpc7007.fnal.gov     , mu2egrid exit status:   0 TrigReport Events total = 2000000 passed = 19699 failed = 1980301
   122 : section 00122  was running on murat-32918356-122-fnpc17108.fnal.gov    , mu2egrid exit status:   0 TrigReport Events total = 2000000 passed = 19787 failed = 1980213
   123 : section 00123  was running on murat-32918356-123-fnpc9053.fnal.gov     , mu2egrid exit status:   0 TrigReport Events total = 2000000 passed = 19729 failed = 1980271
   124 : section 00124  was running on murat-32918356-124-fnpc7026.fnal.gov     , mu2egrid exit status:   0 TrigReport Events total = 2000000 passed = 19464 failed = 1980536
   125 : section 00125  was running on murat-32918356-125-fnpc9051.fnal.gov     , mu2egrid exit status:   0 TrigReport Events total = 2000000 passed = 19484 failed = 1980516
   126 : section 00126  was running on murat-32918356-126-fnpc9053.fnal.gov     , mu2egrid exit status:   0 TrigReport Events total = 2000000 passed = 19593 failed = 1980407
   127 : section 00127  was running on murat-32918356-127-fnpc6017.fnal.gov     , mu2egrid exit status:   0 TrigReport Events total = 2000000 passed = 19858 failed = 1980142
   128 : section 00128  was running on murat-32918356-128-fnpc8016.fnal.gov     , mu2egrid exit status:   0 TrigReport Events total = 2000000 passed = 19740 failed = 1980260
   129 : section 00129  was running on murat-32918356-129-fnpc7029.fnal.gov     , mu2egrid exit status:   0 TrigReport Events total = 2000000 passed = 19496 failed = 1980504
   130 : section 00130  was running on murat-32918356-130-fnpc17115.fnal.gov    , mu2egrid exit status:   0 TrigReport Events total = 2000000 passed = 19359 failed = 1980641
   131 : section 00131  was running on murat-32918356-131-fnpc7007.fnal.gov     , mu2egrid exit status:   0 TrigReport Events total = 2000000 passed = 19210 failed = 1980790
   132 : section 00132  was running on murat-32918356-132-fnpc7305.fnal.gov     , mu2egrid exit status:   0 TrigReport Events total = 2000000 passed = 19812 failed = 1980188
   133 : section 00133  was running on murat-32918356-133-fnpc8014.fnal.gov     , mu2egrid exit status:   0 TrigReport Events total = 2000000 passed = 20170 failed = 1979830
   134 : section 00134  was running on murat-32918356-134-fnpc17152.fnal.gov    , mu2egrid exit status:   0 TrigReport Events total = 2000000 passed = 19557 failed = 1980443
   135 : section 00135  was running on murat-32918356-135-fnpc9004.fnal.gov     , mu2egrid exit status:   0 TrigReport Events total = 2000000 passed = 19443 failed = 1980557
   136 : section 00136  was running on murat-32918356-136-fnpc9001.fnal.gov     , mu2egrid exit status:   0 TrigReport Events total = 2000000 passed = 19558 failed = 1980442
   137 : section 00137  was running on murat-32918356-137-fnpc6024.fnal.gov     , mu2egrid exit status:   0 TrigReport Events total = 2000000 passed = 19693 failed = 1980307
   138 : section 00138  was running on murat-32918356-138-fnpc9104.fnal.gov     , mu2egrid exit status:   0 TrigReport Events total = 2000000 passed = 19202 failed = 1980798
   139 : section 00139  was running on murat-32918356-139-fnpc7301.fnal.gov     , mu2egrid exit status:   0 TrigReport Events total = 2000000 passed = 19407 failed = 1980593
   140 : section 00140  was running on murat-32918356-140-fnpc9074.fnal.gov     , mu2egrid exit status:   0 TrigReport Events total = 2000000 passed = 19468 failed = 1980532
   141 : section 00141  was running on murat-32918356-141-fnpc7007.fnal.gov     , mu2egrid exit status:   0 TrigReport Events total = 2000000 passed = 20023 failed = 1979977
   142 : section 00142  was running on murat-32918356-142-fnpc9040.fnal.gov     , mu2egrid exit status:   0 TrigReport Events total = 2000000 passed = 19937 failed = 1980063
   143 : section 00143  was running on murat-32918356-143-fnpc9045.fnal.gov     , mu2egrid exit status:   0 TrigReport Events total = 2000000 passed = 19581 failed = 1980419
   144 : section 00144  was running on murat-32918356-144-fnpc6029.fnal.gov     , mu2egrid exit status:   0 TrigReport Events total = 2000000 passed = 19745 failed = 1980255
   145 : section 00145  was running on murat-32918356-145-fnpc9053.fnal.gov     , mu2egrid exit status:   0 TrigReport Events total = 2000000 passed = 19691 failed = 1980309
   146 : section 00146  was running on murat-32918356-146-fnpc9027.fnal.gov     , mu2egrid exit status:   0 TrigReport Events total = 2000000 passed = 19755 failed = 1980245
   147 : section 00147  was running on murat-32918356-147-fnpc9033.fnal.gov     , mu2egrid exit status:   0 TrigReport Events total = 2000000 passed = 19632 failed = 1980368
   148 : section 00148  was running on murat-32918356-148-fnpc9001.fnal.gov     , mu2egrid exit status:   0 TrigReport Events total = 2000000 passed = 19768 failed = 1980232
   149 : section 00149  was running on murat-32918356-149-fnpc7027.fnal.gov     , mu2egrid exit status:   0 TrigReport Events total = 2000000 passed = 19780 failed = 1980220
   150 : section 00150  was running on murat-32918356-150-fnpc9104.fnal.gov     , mu2egrid exit status:   0 TrigReport Events total = 2000000 passed = 19817 failed = 1980183
   151 : section 00151  was running on murat-32918356-151-fnpc17119.fnal.gov    , mu2egrid exit status:   0 TrigReport Events total = 2000000 passed = 18945 failed = 1981055
   152 : section 00152  was running on murat-32918356-152-fnpc7026.fnal.gov     , mu2egrid exit status:   0 TrigReport Events total = 2000000 passed = 19599 failed = 1980401
   153 : section 00153  was running on murat-32918356-153-fnpc8016.fnal.gov     , mu2egrid exit status:   0 TrigReport Events total = 2000000 passed = 19009 failed = 1980991
   154 : section 00154  was running on murat-32918356-154-fnpc6015.fnal.gov     , mu2egrid exit status:   0 TrigReport Events total = 2000000 passed = 19882 failed = 1980118
   155 : section 00155  was running on murat-32918356-155-fnpc17115.fnal.gov    , mu2egrid exit status:   0 TrigReport Events total = 2000000 passed = 19883 failed = 1980117
   156 : section 00156  was running on murat-32918356-156-fnpc6024.fnal.gov     , mu2egrid exit status:   0 TrigReport Events total = 2000000 passed = 19281 failed = 1980719
   157 : section 00157  was running on murat-32918356-157-fnpc9009.fnal.gov     , mu2egrid exit status:   0 TrigReport Events total = 2000000 passed = 19732 failed = 1980268
   158 : section 00158  was running on murat-32918356-158-fnpc5005.fnal.gov     , mu2egrid exit status:   0 TrigReport Events total = 2000000 passed = 18989 failed = 1981011
   159 : section 00159  was running on murat-32918356-159-fnpc9065.fnal.gov     , mu2egrid exit status:   0 TrigReport Events total = 2000000 passed = 19128 failed = 1980872
   160 : section 00160  was running on murat-32918356-160-fnpc19110.fnal.gov    , mu2egrid exit status:   0 TrigReport Events total = 2000000 passed = 20133 failed = 1979867
   161 : section 00161  was running on murat-32918356-161-fnpc9074.fnal.gov     , mu2egrid exit status:   0 TrigReport Events total = 2000000 passed = 19321 failed = 1980679
   162 : section 00162  was running on murat-32918356-162-fnpc9009.fnal.gov     , mu2egrid exit status:   0 TrigReport Events total = 2000000 passed = 19890 failed = 1980110
   163 : section 00163  was running on murat-32918356-163-fnpc7014.fnal.gov     , mu2egrid exit status:   0 TrigReport Events total = 2000000 passed = 19683 failed = 1980317
   164 : section 00164  was running on murat-32918356-164-fnpc5005.fnal.gov     , mu2egrid exit status:   0 TrigReport Events total = 2000000 passed = 19469 failed = 1980531
   165 : section 00165  was running on murat-32918356-165-fnpc9033.fnal.gov     , mu2egrid exit status:   0 TrigReport Events total = 2000000 passed = 19828 failed = 1980172
   166 : section 00166  was running on murat-32918356-166-fnpc6016.fnal.gov     , mu2egrid exit status:   0 TrigReport Events total = 2000000 passed = 19592 failed = 1980408
   167 : section 00167  was running on murat-32918356-167-fnpc7026.fnal.gov     , mu2egrid exit status:   0 TrigReport Events total = 2000000 passed = 19442 failed = 1980558
   168 : section 00168  was running on murat-32918356-168-fnpc7010.fnal.gov     , mu2egrid exit status:   0 TrigReport Events total = 2000000 passed = 20156 failed = 1979844
   169 : section 00169  was running on murat-32918356-169-fnpc9033.fnal.gov     , mu2egrid exit status:   0 TrigReport Events total = 2000000 passed = 19683 failed = 1980317
   170 : section 00170  was running on murat-32918356-170-fnpc7026.fnal.gov     , mu2egrid exit status:   0 TrigReport Events total = 2000000 passed = 19693 failed = 1980307
   171 : section 00171  was running on murat-32918356-171-fnpc7012.fnal.gov     , mu2egrid exit status:   0 TrigReport Events total = 2000000 passed = 20030 failed = 1979970
   172 : section 00172  was running on murat-32918356-172-fnpc9107.fnal.gov     , mu2egrid exit status:   0 TrigReport Events total = 2000000 passed = 20025 failed = 1979975
   173 : section 00173  was running on murat-32918356-173-fnpc17121.fnal.gov    , mu2egrid exit status:   0 TrigReport Events total = 2000000 passed = 19040 failed = 1980960
   174 : section 00174  was running on murat-32918356-174-fnpc9010.fnal.gov     , mu2egrid exit status:   0 TrigReport Events total = 2000000 passed = 19680 failed = 1980320
   175 : section 00175  was running on murat-32918356-175-fnpc17147.fnal.gov    , mu2egrid exit status:   0 TrigReport Events total = 2000000 passed = 19459 failed = 1980541
   176 : section 00176  was running on murat-32918356-176-fnpc8021.fnal.gov     , mu2egrid exit status:   0 TrigReport Events total = 2000000 passed = 19681 failed = 1980319
   177 : section 00177  was running on murat-32918356-177-fnpc17116.fnal.gov    , mu2egrid exit status:   0 TrigReport Events total = 2000000 passed = 20006 failed = 1979994
   178 : section 00178  was running on murat-32918356-178-fnpc9107.fnal.gov     , mu2egrid exit status:   0 TrigReport Events total = 2000000 passed = 19905 failed = 1980095
   179 : section 00179  was running on murat-32918356-179-fnpc9057.fnal.gov     , mu2egrid exit status:   0 TrigReport Events total = 2000000 passed = 19754 failed = 1980246
   180 : section 00180  was running on murat-32918356-180-fnpc9003.fnal.gov     , mu2egrid exit status:   0 TrigReport Events total = 2000000 passed = 19227 failed = 1980773
   181 : section 00181  was running on murat-32918356-181-fnpc17151.fnal.gov    , mu2egrid exit status:   0 TrigReport Events total = 2000000 passed = 19880 failed = 1980120
   182 : section 00182  was running on murat-32918356-182-fnpc17143.fnal.gov    , mu2egrid exit status:   0 TrigReport Events total = 2000000 passed = 19657 failed = 1980343
   183 : section 00183  was running on murat-32918356-183-fnpc9101.fnal.gov     , mu2egrid exit status:   0 TrigReport Events total = 2000000 passed = 19765 failed = 1980235
   184 : section 00184  was running on murat-32918356-184-fnpc7211.fnal.gov     , mu2egrid exit status:   0 TrigReport Events total = 2000000 passed = 19426 failed = 1980574
   185 : section 00185  was running on murat-32918356-185-fnpc9022.fnal.gov     , mu2egrid exit status:   0 TrigReport Events total = 2000000 passed = 19524 failed = 1980476
   186 : section 00186  was running on murat-32918356-186-fnpc6027.fnal.gov     , mu2egrid exit status:   0 TrigReport Events total = 2000000 passed = 19515 failed = 1980485
   187 : section 00187  was running on murat-32918356-187-fnpc17122.fnal.gov    , mu2egrid exit status:   0 TrigReport Events total = 2000000 passed = 19851 failed = 1980149
   188 : section 00188  was running on murat-32918356-188-fnpc7306.fnal.gov     , mu2egrid exit status:   0 TrigReport Events total = 2000000 passed = 19933 failed = 1980067
   189 : section 00189  was running on murat-32918356-189-fnpc7008.fnal.gov     , mu2egrid exit status:   0 TrigReport Events total = 2000000 passed = 19947 failed = 1980053
   190 : section 00190  was running on murat-32918356-190-fnpc8026.fnal.gov     , mu2egrid exit status:   0 TrigReport Events total = 2000000 passed = 19175 failed = 1980825
   191 : section 00191  was running on murat-32918356-191-fnpc7024.fnal.gov     , mu2egrid exit status:   0 TrigReport Events total = 2000000 passed = 19975 failed = 1980025
   192 : section 00192  was running on murat-32918356-192-fnpc9040.fnal.gov     , mu2egrid exit status:   0 TrigReport Events total = 2000000 passed = 19564 failed = 1980436
   193 : section 00193  was running on murat-32918356-193-fnpc7004.fnal.gov     , mu2egrid exit status:   0 TrigReport Events total = 2000000 passed = 19085 failed = 1980915
   194 : section 00194  was running on murat-32918356-194-fnpc9079.fnal.gov     , mu2egrid exit status:   0 TrigReport Events total = 2000000 passed = 19768 failed = 1980232
   195 : section 00195  was running on murat-32918356-195-fnpc9009.fnal.gov     , mu2egrid exit status:   0 TrigReport Events total = 2000000 passed = 20637 failed = 1979363
   196 : section 00196  was running on murat-32918356-196-fnpc5028.fnal.gov     , mu2egrid exit status:   0 TrigReport Events total = 2000000 passed = 19380 failed = 1980620
   197 : section 00197  was running on murat-32918356-197-fnpc6022.fnal.gov     , mu2egrid exit status:   0 TrigReport Events total = 2000000 passed = 19126 failed = 1980874
   198 : section 00198  was running on murat-32918356-198-fnpc9026.fnal.gov     , mu2egrid exit status:   0 TrigReport Events total = 2000000 passed = 19579 failed = 1980421
   199 : section 00199  was running on murat-32918356-199-fnpc9101.fnal.gov     , mu2egrid exit status:   0 TrigReport Events total = 2000000 passed = 19378 failed = 1980622
   200 : section 00200  was running on murat-32918356-200-fnpc9046.fnal.gov     , mu2egrid exit status:   0 TrigReport Events total = 2000000 passed = 19962 failed = 1980038
   201 : section 00201  was running on murat-32918356-201-fnpc9079.fnal.gov     , mu2egrid exit status:   0 TrigReport Events total = 2000000 passed = 19582 failed = 1980418
   202 : section 00202  was running on murat-32918356-202-fnpc6022.fnal.gov     , mu2egrid exit status:   0 TrigReport Events total = 2000000 passed = 19891 failed = 1980109
   203 : section 00203  was running on murat-32918356-203-fnpc6028.fnal.gov     , mu2egrid exit status:   0 TrigReport Events total = 2000000 passed = 19465 failed = 1980535
   204 : section 00204  was running on murat-32918356-204-fnpc5027.fnal.gov     , mu2egrid exit status:   0 TrigReport Events total = 2000000 passed = 19470 failed = 1980530
   205 : section 00205  was running on murat-32918356-205-fnpc9058.fnal.gov     , mu2egrid exit status:   0 TrigReport Events total = 2000000 passed = 20370 failed = 1979630
   206 : section 00206  was running on murat-32918356-206-fnpc9026.fnal.gov     , mu2egrid exit status:   0 TrigReport Events total = 2000000 passed = 19516 failed = 1980484
   207 : section 00207  was running on murat-32918356-207-fnpc9026.fnal.gov     , mu2egrid exit status:   0 TrigReport Events total = 2000000 passed = 19201 failed = 1980799
   208 : section 00208  was running on murat-32918356-208-fnpc6022.fnal.gov     , mu2egrid exit status:   0 TrigReport Events total = 2000000 passed = 19655 failed = 1980345
   209 : section 00209  was running on murat-32918356-209-fnpc7211.fnal.gov     , mu2egrid exit status:   0 TrigReport Events total = 2000000 passed = 20270 failed = 1979730
   210 : section 00210  was running on murat-32918356-210-fnpc7204.fnal.gov     , mu2egrid exit status:   0 TrigReport Events total = 2000000 passed = 19382 failed = 1980618
   211 : section 00211  was running on murat-32918356-211-fnpc17151.fnal.gov    , mu2egrid exit status:   0 TrigReport Events total = 2000000 passed = 19680 failed = 1980320
   212 : section 00212  was running on murat-32918356-212-fnpc9011.fnal.gov     , mu2egrid exit status:   0 TrigReport Events total = 2000000 passed = 19830 failed = 1980170
   213 : section 00213  was running on murat-32918356-213-fnpc9063.fnal.gov     , mu2egrid exit status:   0 TrigReport Events total = 2000000 passed = 19870 failed = 1980130
   214 : section 00214  was running on murat-32918356-214-fnpc6030.fnal.gov     , mu2egrid exit status:   0 TrigReport Events total = 2000000 passed = 19862 failed = 1980138
   215 : section 00215  was running on murat-32918356-215-fnpc9003.fnal.gov     , mu2egrid exit status:   0 TrigReport Events total = 2000000 passed = 19513 failed = 1980487
   216 : section 00216  was running on murat-32918356-216-fnpc9001.fnal.gov     , mu2egrid exit status:   0 TrigReport Events total = 2000000 passed = 19609 failed = 1980391
   217 : section 00217  was running on murat-32918356-217-fnpc9006.fnal.gov     , mu2egrid exit status:   0 TrigReport Events total = 2000000 passed = 18963 failed = 1981037
   218 : section 00218  was running on murat-32918356-218-fnpc7030.fnal.gov     , mu2egrid exit status:   0 TrigReport Events total = 2000000 passed = 19624 failed = 1980376
   219 : section 00219  was running on murat-32918356-219-fnpc9029.fnal.gov     , mu2egrid exit status:   0 TrigReport Events total = 2000000 passed = 19925 failed = 1980075
   220 : section 00220  was running on murat-32918356-220-fnpc9023.fnal.gov     , mu2egrid exit status:   0 TrigReport Events total = 2000000 passed = 19783 failed = 1980217
   221 : section 00221  was running on murat-32918356-221-fnpc19132.fnal.gov    , mu2egrid exit status:   0 TrigReport Events total = 2000000 passed = 19725 failed = 1980275
   222 : section 00222  was running on murat-32918356-222-fnpc6025.fnal.gov     , mu2egrid exit status:   0 TrigReport Events total = 2000000 passed = 19674 failed = 1980326
   223 : section 00223  was running on murat-32918356-223-fnpc9003.fnal.gov     , mu2egrid exit status:   0 TrigReport Events total = 2000000 passed = 19356 failed = 1980644
   224 : section 00224  was running on murat-32918356-224-fnpc9009.fnal.gov     , mu2egrid exit status:   0 TrigReport Events total = 2000000 passed = 19199 failed = 1980801
   225 : section 00225  was running on murat-32918356-225-fnpc9023.fnal.gov     , mu2egrid exit status:   0 TrigReport Events total = 2000000 passed = 19661 failed = 1980339
   226 : section 00226  was running on murat-32918356-226-fnpc5027.fnal.gov     , mu2egrid exit status:   0 TrigReport Events total = 2000000 passed = 19760 failed = 1980240
   227 : section 00227  was running on murat-32918356-227-fnpc9058.fnal.gov     , mu2egrid exit status:   0 TrigReport Events total = 2000000 passed = 19658 failed = 1980342
   228 : section 00228  was running on murat-32918356-228-fnpc9029.fnal.gov     , mu2egrid exit status:   0 TrigReport Events total = 2000000 passed = 19465 failed = 1980535
   229 : section 00229  was running on murat-32918356-229-fnpc9046.fnal.gov     , mu2egrid exit status:   0 TrigReport Events total = 2000000 passed = 20205 failed = 1979795
   230 : section 00230  was running on murat-32918356-230-fnpc9046.fnal.gov     , mu2egrid exit status:   0 TrigReport Events total = 2000000 passed = 19924 failed = 1980076
   231 : section 00231  was running on murat-32918356-231-fnpc9018.fnal.gov     , mu2egrid exit status:   0 TrigReport Events total = 2000000 passed = 19629 failed = 1980371
   232 : section 00232  was running on murat-32918356-232-fnpc9058.fnal.gov     , mu2egrid exit status:   0 TrigReport Events total = 2000000 passed = 19446 failed = 1980554
   233 : section 00233  was running on murat-32918356-233-fnpc7024.fnal.gov     , mu2egrid exit status:   0 TrigReport Events total = 2000000 passed = 19360 failed = 1980640
   234 : section 00234  was running on murat-32918356-234-fnpc7024.fnal.gov     , mu2egrid exit status:   0 TrigReport Events total = 2000000 passed = 19092 failed = 1980908
   235 : section 00235  was running on murat-32918356-235-fnpc17148.fnal.gov    , mu2egrid exit status:   0 TrigReport Events total = 2000000 passed = 19829 failed = 1980171
   236 : section 00236  was running on murat-32918356-236-fnpc17150.fnal.gov    , mu2egrid exit status:   0 TrigReport Events total = 2000000 passed = 19716 failed = 1980284
   237 : section 00237  was running on murat-32918356-237-fnpc7210.fnal.gov     , mu2egrid exit status:   0 TrigReport Events total = 2000000 passed = 19558 failed = 1980442
   238 : section 00238  was running on murat-32918356-238-fnpc5024.fnal.gov     , mu2egrid exit status:   0 TrigReport Events total = 2000000 passed = 19485 failed = 1980515
   239 : section 00239  was running on murat-32918356-239-fnpc5030.fnal.gov     , mu2egrid exit status:   0 TrigReport Events total = 2000000 passed = 19297 failed = 1980703
   240 : section 00240  was running on murat-32918356-240-fnpc17133.fnal.gov    , mu2egrid exit status:   0 TrigReport Events total = 2000000 passed = 19744 failed = 1980256
   241 : section 00241  was running on murat-32918356-241-fnpc17134.fnal.gov    , mu2egrid exit status:   0 TrigReport Events total = 2000000 passed = 19949 failed = 1980051
   242 : section 00242  was running on murat-32918356-242-fnpc17142.fnal.gov    , mu2egrid exit status:   0 TrigReport Events total = 2000000 passed = 19612 failed = 1980388
   243 : section 00243  was running on murat-32918356-243-fnpc17143.fnal.gov    , mu2egrid exit status:   0 TrigReport Events total = 2000000 passed = 19575 failed = 1980425
   244 : section 00244  was running on murat-32918356-244-fnpc8028.fnal.gov     , mu2egrid exit status:   0 TrigReport Events total = 2000000 passed = 19564 failed = 1980436
   245 : section 00245  was running on murat-32918356-245-fnpc9075.fnal.gov     , mu2egrid exit status:   0 TrigReport Events total = 2000000 passed = 19588 failed = 1980412
   246 : section 00246  was running on murat-32918356-246-fnpc17156.fnal.gov    , mu2egrid exit status:   0 TrigReport Events total = 2000000 passed = 19625 failed = 1980375
   247 : section 00247  was running on murat-32918356-247-fnpc7013.fnal.gov     , mu2egrid exit status:   0 TrigReport Events total = 2000000 passed = 19719 failed = 1980281
   248 : section 00248  was running on murat-32918356-248-fnpc9014.fnal.gov     , mu2egrid exit status:   0 TrigReport Events total = 2000000 passed = 19851 failed = 1980149
   249 : section 00249  was running on murat-32918356-249-fnpc9044.fnal.gov     , mu2egrid exit status:   0 TrigReport Events total = 2000000 passed = 19768 failed = 1980232
   250 : section 00250  was running on murat-32918356-250-fnpc17131.fnal.gov    , mu2egrid exit status:   0 TrigReport Events total = 2000000 passed = 19511 failed = 1980489
   251 : section 00251  was running on murat-32918356-251-fnpc17119.fnal.gov    , mu2egrid exit status:   0 TrigReport Events total = 2000000 passed = 19468 failed = 1980532
   252 : section 00252  was running on murat-32918356-252-fnpc7204.fnal.gov     , mu2egrid exit status:   0 TrigReport Events total = 2000000 passed = 19681 failed = 1980319
   253 : section 00253  was running on murat-32918356-253-fnpc8201.fnal.gov     , mu2egrid exit status:   0 TrigReport Events total = 2000000 passed = 19719 failed = 1980281
   254 : section 00254  was running on murat-32918356-254-fnpc17111.fnal.gov    , mu2egrid exit status:   0 TrigReport Events total = 2000000 passed = 19314 failed = 1980686
   255 : section 00255  was running on murat-32918356-255-fnpc17145.fnal.gov    , mu2egrid exit status:   0 TrigReport Events total = 2000000 passed = 19356 failed = 1980644
   256 : section 00256  was running on murat-32918356-256-fnpc8006.fnal.gov     , mu2egrid exit status:   0 TrigReport Events total = 2000000 passed = 19508 failed = 1980492
   257 : section 00257  was running on murat-32918356-257-fnpc9073.fnal.gov     , mu2egrid exit status:   0 TrigReport Events total = 2000000 passed = 19477 failed = 1980523
   258 : section 00258  was running on murat-32918356-258-fnpc6026.fnal.gov     , mu2egrid exit status:   0 TrigReport Events total = 2000000 passed = 19480 failed = 1980520
   259 : section 00259  was running on murat-32918356-259-fnpc6013.fnal.gov     , mu2egrid exit status:   0 TrigReport Events total = 2000000 passed = 19539 failed = 1980461
   260 : section 00260  was running on murat-32918356-260-fnpc9043.fnal.gov     , mu2egrid exit status:   0 TrigReport Events total = 2000000 passed = 20120 failed = 1979880
   261 : section 00261  was running on murat-32918356-261-fnpc9058.fnal.gov     , mu2egrid exit status:   0 TrigReport Events total = 2000000 passed = 19716 failed = 1980284
   262 : section 00262  was running on murat-32918356-262-fnpc9036.fnal.gov     , mu2egrid exit status:   0 TrigReport Events total = 2000000 passed = 19902 failed = 1980098
   263 : section 00263  was running on murat-32918356-263-fnpc7023.fnal.gov     , mu2egrid exit status:   0 TrigReport Events total = 2000000 passed = 19271 failed = 1980729
   264 : section 00264  was running on murat-32918356-264-fnpc19132.fnal.gov    , mu2egrid exit status:   0 TrigReport Events total = 2000000 passed = 19914 failed = 1980086
   265 : section 00265  was running on murat-32918356-265-fnpc17153.fnal.gov    , mu2egrid exit status:   0 TrigReport Events total = 2000000 passed = 19711 failed = 1980289
   266 : section 00266  was running on murat-32918356-266-fnpc17131.fnal.gov    , mu2egrid exit status:   0 TrigReport Events total = 2000000 passed = 19871 failed = 1980129
   267 : section 00267  was running on murat-32918356-267-fnpc17145.fnal.gov    , mu2egrid exit status:   0 TrigReport Events total = 2000000 passed = 19688 failed = 1980312
   268 : section 00268  was running on murat-32918356-268-fnpc8006.fnal.gov     , mu2egrid exit status:   0 TrigReport Events total = 2000000 passed = 19181 failed = 1980819
   269 : section 00269  was running on murat-32918356-269-fnpc9104.fnal.gov     , mu2egrid exit status:   0 TrigReport Events total = 2000000 passed = 19257 failed = 1980743
   270 : section 00270  was running on murat-32918356-270-fnpc9014.fnal.gov     , mu2egrid exit status:   0 TrigReport Events total = 2000000 passed = 19541 failed = 1980459
   271 : section 00271  was running on murat-32918356-271-fnpc17145.fnal.gov    , mu2egrid exit status:   0 TrigReport Events total = 2000000 passed = 19135 failed = 1980865
   272 : section 00272  was running on murat-32918356-272-fnpc8006.fnal.gov     , mu2egrid exit status:   0 TrigReport Events total = 2000000 passed = 20190 failed = 1979810
   273 : section 00273  was running on murat-32918356-273-fnpc9075.fnal.gov     , mu2egrid exit status:   0 TrigReport Events total = 2000000 passed = 19500 failed = 1980500
   274 : section 00274  was running on murat-32918356-274-fnpc9057.fnal.gov     , mu2egrid exit status:   0 TrigReport Events total = 2000000 passed = 19919 failed = 1980081
   275 : section 00275  was running on murat-32918356-275-fnpc7013.fnal.gov     , mu2egrid exit status:   0 TrigReport Events total = 2000000 passed = 20455 failed = 1979545
   276 : section 00276  was running on murat-32918356-276-fnpc17116.fnal.gov    , mu2egrid exit status:   0 TrigReport Events total = 2000000 passed = 19629 failed = 1980371
   277 : section 00277  was running on murat-32918356-277-fnpc17119.fnal.gov    , mu2egrid exit status:   0 TrigReport Events total = 2000000 passed = 19958 failed = 1980042
   278 : section 00278  was running on murat-32918356-278-fnpc7203.fnal.gov     , mu2egrid exit status:   0 TrigReport Events total = 2000000 passed = 19183 failed = 1980817
   279 : section 00279  was running on murat-32918356-279-fnpc7029.fnal.gov     , mu2egrid exit status:   0 TrigReport Events total = 2000000 passed = 19759 failed = 1980241
   280 : section 00280  was running on murat-32918356-280-fnpc17119.fnal.gov    , mu2egrid exit status:   0 TrigReport Events total = 2000000 passed = 19882 failed = 1980118
   281 : section 00281  was running on murat-32918356-281-fnpc8008.fnal.gov     , mu2egrid exit status:   0 TrigReport Events total = 2000000 passed = 19436 failed = 1980564
   282 : section 00282  was running on murat-32918356-282-fnpc17109.fnal.gov    , mu2egrid exit status:   0 TrigReport Events total = 2000000 passed = 19343 failed = 1980657
   283 : section 00283  was running on murat-32918356-283-fnpc9010.fnal.gov     , mu2egrid exit status:   0 TrigReport Events total = 2000000 passed = 19625 failed = 1980375
   284 : section 00284  was running on murat-32918356-284-fnpc6024.fnal.gov     , mu2egrid exit status:   0 TrigReport Events total = 2000000 passed = 19373 failed = 1980627
   285 : section 00285  was running on murat-32918356-285-fnpc17147.fnal.gov    , mu2egrid exit status:   0 TrigReport Events total = 2000000 passed = 19533 failed = 1980467
   286 : section 00286  was running on murat-32918356-286-fnpc17107.fnal.gov    , mu2egrid exit status:   0 TrigReport Events total = 2000000 passed = 19005 failed = 1980995
   287 : section 00287  was running on murat-32918356-287-fnpc8001.fnal.gov     , mu2egrid exit status:   0 TrigReport Events total = 2000000 passed = 20303 failed = 1979697
   288 : section 00288  was running on murat-32918356-288-fnpc9009.fnal.gov     , mu2egrid exit status:   0 TrigReport Events total = 2000000 passed = 19971 failed = 1980029
   289 : section 00289  was running on murat-32918356-289-fnpc17101.fnal.gov    , mu2egrid exit status:   0 TrigReport Events total = 2000000 passed = 19544 failed = 1980456
   290 : section 00290  was running on murat-32918356-290-fnpc8210.fnal.gov     , mu2egrid exit status:   0 TrigReport Events total = 2000000 passed = 19451 failed = 1980549
   291 : section 00291  was running on murat-32918356-291-fnpc9033.fnal.gov     , mu2egrid exit status:   0 TrigReport Events total = 2000000 passed = 19898 failed = 1980102
   292 : section 00292  was running on murat-32918356-292-fnpc17103.fnal.gov    , mu2egrid exit status:   0 TrigReport Events total = 2000000 passed = 19526 failed = 1980474
   293 : section 00293  was running on murat-32918356-293-fnpc6011.fnal.gov     , mu2egrid exit status:   0 TrigReport Events total = 2000000 passed = 19766 failed = 1980234
   294 : section 00294  was running on murat-32918356-294-fnpc6018.fnal.gov     , mu2egrid exit status:   0 TrigReport Events total = 2000000 passed = 19641 failed = 1980359
   295 : section 00295  was running on murat-32918356-295-fnpc8201.fnal.gov     , mu2egrid exit status:   0 TrigReport Events total = 2000000 passed = 19535 failed = 1980465
   296 : section 00296  was running on murat-32918356-296-fnpc7207.fnal.gov     , mu2egrid exit status:   0 TrigReport Events total = 2000000 passed = 19564 failed = 1980436
   297 : section 00297  was running on murat-32918356-297-fnpc7029.fnal.gov     , mu2egrid exit status:   0 TrigReport Events total = 2000000 passed = 18999 failed = 1981001
   298 : section 00298  was running on murat-32918356-298-fnpc6011.fnal.gov     , mu2egrid exit status:   0 TrigReport Events total = 2000000 passed = 19609 failed = 1980391
   299 : section 00299  was running on murat-32918356-299-fnpc7205.fnal.gov     , mu2egrid exit status:   0 TrigReport Events total = 2000000 passed = 19067 failed = 1980933
   300 : section 00300  was running on murat-32918356-300-fnpc6011.fnal.gov     , mu2egrid exit status:   0 TrigReport Events total = 2000000 passed = 19648 failed = 1980352
   301 : section 00301  was running on murat-32918356-301-fnpc7301.fnal.gov     , mu2egrid exit status:   0 TrigReport Events total = 2000000 passed = 19355 failed = 1980645
   302 : section 00302  was running on murat-32918356-302-fnpc5002.fnal.gov     , mu2egrid exit status:   0 TrigReport Events total = 2000000 passed = 19467 failed = 1980533
   303 : section 00303  was running on murat-32918356-303-fnpc9063.fnal.gov     , mu2egrid exit status:   0 TrigReport Events total = 2000000 passed = 19436 failed = 1980564
   304 : section 00304  was running on murat-32918356-304-fnpc9030.fnal.gov     , mu2egrid exit status:   0 TrigReport Events total = 2000000 passed = 18819 failed = 1981181
   305 : section 00305  was running on murat-32918356-305-fnpc17158.fnal.gov    , mu2egrid exit status:   0 TrigReport Events total = 2000000 passed = 19821 failed = 1980179
   306 : section 00306  was running on murat-32918356-306-fnpc17124.fnal.gov    , mu2egrid exit status:   0 TrigReport Events total = 2000000 passed = 19810 failed = 1980190
   307 : section 00307  was running on murat-32918356-307-fnpc9008.fnal.gov     , mu2egrid exit status:   0 TrigReport Events total = 2000000 passed = 19717 failed = 1980283
   308 : section 00308  was running on murat-32918356-308-fnpc17125.fnal.gov    , mu2egrid exit status:   0 TrigReport Events total = 2000000 passed = 19451 failed = 1980549
   309 : section 00309  was running on murat-32918356-309-fnpc9014.fnal.gov     , mu2egrid exit status:   0 TrigReport Events total = 2000000 passed = 19664 failed = 1980336
   310 : section 00310  was running on murat-32918356-310-fnpc9060.fnal.gov     , mu2egrid exit status:   0 TrigReport Events total = 2000000 passed = 19696 failed = 1980304
   311 : section 00311  was running on murat-32918356-311-fnpc9076.fnal.gov     , mu2egrid exit status:   0 TrigReport Events total = 2000000 passed = 19228 failed = 1980772
   312 : section 00312  was running on murat-32918356-312-fnpc5005.fnal.gov     , mu2egrid exit status:   0 TrigReport Events total = 2000000 passed = 19755 failed = 1980245
   313 : section 00313  was running on murat-32918356-313-fnpc17124.fnal.gov    , mu2egrid exit status:   0 TrigReport Events total = 2000000 passed = 19743 failed = 1980257
   314 : section 00314  was running on murat-32918356-314-fnpc8004.fnal.gov     , mu2egrid exit status:   0 TrigReport Events total = 2000000 passed = 19993 failed = 1980007
   315 : section 00315  was running on murat-32918356-315-fnpc17130.fnal.gov    , mu2egrid exit status:   0 TrigReport Events total = 2000000 passed = 19642 failed = 1980358
   316 : section 00316  was running on murat-32918356-316-fnpc9060.fnal.gov     , mu2egrid exit status:   0 TrigReport Events total = 2000000 passed = 20048 failed = 1979952
   317 : section 00317  was running on murat-32918356-317-fnpc9028.fnal.gov     , mu2egrid exit status:   0 TrigReport Events total = 2000000 passed = 19549 failed = 1980451
   318 : section 00318  was running on murat-32918356-318-fnpc9017.fnal.gov     , mu2egrid exit status:   0 TrigReport Events total = 2000000 passed = 19374 failed = 1980626
   319 : section 00319  was running on murat-32918356-319-fnpc7020.fnal.gov     , mu2egrid exit status:   0 TrigReport Events total = 2000000 passed = 18906 failed = 1981094
   320 : section 00320  was running on murat-32918356-320-fnpc17125.fnal.gov    , mu2egrid exit status:   0 TrigReport Events total = 2000000 passed = 19463 failed = 1980537
   321 : section 00321  was running on murat-32918356-321-fnpc8004.fnal.gov     , mu2egrid exit status:   0 TrigReport Events total = 2000000 passed = 19590 failed = 1980410
   322 : section 00322  was running on murat-32918356-322-fnpc9006.fnal.gov     , mu2egrid exit status:   0 TrigReport Events total = 2000000 passed = 20454 failed = 1979546
   323 : section 00323  was running on murat-32918356-323-fnpc17124.fnal.gov    , mu2egrid exit status:   0 TrigReport Events total = 2000000 passed = 19479 failed = 1980521
   324 : section 00324  was running on murat-32918356-324-fnpc9022.fnal.gov     , mu2egrid exit status:   0 TrigReport Events total = 2000000 passed = 20170 failed = 1979830
   325 : section 00325  was running on murat-32918356-325-fnpc17130.fnal.gov    , mu2egrid exit status:   0 TrigReport Events total = 2000000 passed = 19525 failed = 1980475
   326 : section 00326  was running on murat-32918356-326-fnpc9066.fnal.gov     , mu2egrid exit status:   0 TrigReport Events total = 2000000 passed = 19565 failed = 1980435
   327 : section 00327  was running on murat-32918356-327-fnpc7020.fnal.gov     , mu2egrid exit status:   0 TrigReport Events total = 2000000 passed = 20033 failed = 1979967
   328 : section 00328  was running on murat-32918356-328-fnpc9065.fnal.gov     , mu2egrid exit status:   0 TrigReport Events total = 2000000 passed = 19600 failed = 1980400
   329 : section 00329  was running on murat-32918356-329-fnpc7002.fnal.gov     , mu2egrid exit status:   0 TrigReport Events total = 2000000 passed = 19400 failed = 1980600
   330 : section 00330  was running on murat-32918356-330-fnpc7020.fnal.gov     , mu2egrid exit status:   0 TrigReport Events total = 2000000 passed = 19708 failed = 1980292
   331 : section 00331  was running on murat-32918356-331-fnpc9107.fnal.gov     , mu2egrid exit status:   0 TrigReport Events total = 2000000 passed = 19943 failed = 1980057
   332 : section 00332  was running on murat-32918356-332-fnpc9006.fnal.gov     , mu2egrid exit status:   0 TrigReport Events total = 2000000 passed = 19556 failed = 1980444
   333 : section 00333  was running on murat-32918356-333-fnpc17141.fnal.gov    , mu2egrid exit status:   0 TrigReport Events total = 2000000 passed = 19510 failed = 1980490
   334 : section 00334  was running on murat-32918356-334-fnpc7012.fnal.gov     , mu2egrid exit status:   0 TrigReport Events total = 2000000 passed = 19604 failed = 1980396
   335 : section 00335  was running on murat-32918356-335-fnpc17135.fnal.gov    , mu2egrid exit status:   0 TrigReport Events total = 2000000 passed = 19307 failed = 1980693
   336 : section 00336  was running on murat-32918356-336-fnpc9071.fnal.gov     , mu2egrid exit status:   0 TrigReport Events total = 2000000 passed = 19451 failed = 1980549
   337 : section 00337  was running on murat-32918356-337-fnpc17143.fnal.gov    , mu2egrid exit status:   0 TrigReport Events total = 2000000 passed = 19829 failed = 1980171
   338 : section 00338  was running on murat-32918356-338-fnpc8028.fnal.gov     , mu2egrid exit status:   0 TrigReport Events total = 2000000 passed = 19626 failed = 1980374
   339 : section 00339  was running on murat-32918356-339-fnpc9011.fnal.gov     , mu2egrid exit status:   0 TrigReport Events total = 2000000 passed = 19294 failed = 1980706
   340 : section 00340  was running on murat-32918356-340-fnpc7008.fnal.gov     , mu2egrid exit status:   0 TrigReport Events total = 2000000 passed = 19554 failed = 1980446
   341 : section 00341  was running on murat-32918356-341-fnpc17127.fnal.gov    , mu2egrid exit status:   0 TrigReport Events total = 2000000 passed = 19668 failed = 1980332
   342 : section 00342  was running on murat-32918356-342-fnpc9011.fnal.gov     , mu2egrid exit status:   0 TrigReport Events total = 2000000 passed = 19263 failed = 1980737
   343 : section 00343  was running on murat-32918356-343-fnpc17113.fnal.gov    , mu2egrid exit status:   0 TrigReport Events total = 2000000 passed = 19283 failed = 1980717
   344 : section 00344  was running on murat-32918356-344-fnpc5028.fnal.gov     , mu2egrid exit status:   0 TrigReport Events total = 2000000 passed = 20024 failed = 1979976
   345 : section 00345  was running on murat-32918356-345-fnpc17142.fnal.gov    , mu2egrid exit status:   0 TrigReport Events total = 2000000 passed = 19763 failed = 1980237
   346 : section 00346  was running on murat-32918356-346-fnpc9064.fnal.gov     , mu2egrid exit status:   0 TrigReport Events total = 2000000 passed = 19650 failed = 1980350
   347 : section 00347  was running on murat-32918356-347-fnpc8208.fnal.gov     , mu2egrid exit status:   0 TrigReport Events total = 2000000 passed = 19581 failed = 1980419
   348 : section 00348  was running on murat-32918356-348-fnpc6002.fnal.gov     , mu2egrid exit status:   0 TrigReport Events total = 2000000 passed = 19778 failed = 1980222
   349 : section 00349  was running on murat-32918356-349-fnpc9030.fnal.gov     , mu2egrid exit status:   0 TrigReport Events total = 2000000 passed = 19263 failed = 1980737
   350 : section 00350  was running on murat-32918356-350-fnpc5026.fnal.gov     , mu2egrid exit status:   0 TrigReport Events total = 2000000 passed = 20044 failed = 1979956
   351 : section 00351  was running on murat-32918356-351-fnpc7025.fnal.gov     , mu2egrid exit status:   0 TrigReport Events total = 2000000 passed = 19474 failed = 1980526
   352 : section 00352  was running on murat-32918356-352-fnpc17124.fnal.gov    , mu2egrid exit status:   0 TrigReport Events total = 2000000 passed = 20017 failed = 1979983
   353 : section 00353  was running on murat-32918356-353-fnpc17153.fnal.gov    , mu2egrid exit status:   0 TrigReport Events total = 2000000 passed = 19377 failed = 1980623
   354 : section 00354  was running on murat-32918356-354-fnpc6026.fnal.gov     , mu2egrid exit status:   0 TrigReport Events total = 2000000 passed = 19832 failed = 1980168
   355 : section 00355  was running on murat-32918356-355-fnpc9064.fnal.gov     , mu2egrid exit status:   0 TrigReport Events total = 2000000 passed = 19452 failed = 1980548
   356 : section 00356  was running on murat-32918356-356-fnpc7022.fnal.gov     , mu2egrid exit status:   0 TrigReport Events total = 2000000 passed = 19429 failed = 1980571
   357 : section 00357  was running on murat-32918356-357-fnpc17124.fnal.gov    , mu2egrid exit status:   0 TrigReport Events total = 2000000 passed = 19738 failed = 1980262
   358 : section 00358  was running on murat-32918356-358-fnpc7008.fnal.gov     , mu2egrid exit status:   0 TrigReport Events total = 2000000 passed = 20515 failed = 1979485
   359 : section 00359  was running on murat-32918356-359-fnpc5026.fnal.gov     , mu2egrid exit status:   0 TrigReport Events total = 2000000 passed = 19205 failed = 1980795
   360 : section 00360  was running on murat-32918356-360-fnpc6003.fnal.gov     , mu2egrid exit status:   0 TrigReport Events total = 2000000 passed = 19849 failed = 1980151
   361 : section 00361  was running on murat-32918356-361-fnpc6026.fnal.gov     , mu2egrid exit status:   0 TrigReport Events total = 2000000 passed = 19726 failed = 1980274
   362 : section 00362  was running on murat-32918356-362-fnpc6026.fnal.gov     , mu2egrid exit status:   0 TrigReport Events total = 2000000 passed = 19645 failed = 1980355
   363 : section 00363  was running on murat-32918356-363-fnpc17149.fnal.gov    , mu2egrid exit status:   0 TrigReport Events total = 2000000 passed = 19686 failed = 1980314
   364 : section 00364  was running on murat-32918356-364-fnpc5018.fnal.gov     , mu2egrid exit status:   0 TrigReport Events total = 2000000 passed = 19315 failed = 1980685
   365 : section 00365  was running on murat-32918356-365-fnpc17119.fnal.gov    , mu2egrid exit status:   0 TrigReport Events total = 2000000 passed = 19032 failed = 1980968
   366 : section 00366  was running on murat-32918356-366-fnpc9049.fnal.gov     , mu2egrid exit status:   0 TrigReport Events total = 2000000 passed = 19815 failed = 1980185
   367 : section 00367  was running on murat-32918356-367-fnpc17158.fnal.gov    , mu2egrid exit status:   0 TrigReport Events total = 2000000 passed = 20118 failed = 1979882
   368 : section 00368  was running on murat-32918356-368-fnpc8015.fnal.gov     , mu2egrid exit status:   0 TrigReport Events total = 2000000 passed = 20175 failed = 1979825
   369 : section 00369  was running on murat-32918356-369-fnpc5026.fnal.gov     , mu2egrid exit status:   0 TrigReport Events total = 2000000 passed = 19791 failed = 1980209
   370 : section 00370  was running on murat-32918356-370-fnpc9010.fnal.gov     , mu2egrid exit status:   0 TrigReport Events total = 2000000 passed = 19673 failed = 1980327
   371 : section 00371  was running on murat-32918356-371-fnpc8026.fnal.gov     , mu2egrid exit status:   0 TrigReport Events total = 2000000 passed = 19856 failed = 1980144
   372 : section 00372  was running on murat-32918356-372-fnpc17154.fnal.gov    , mu2egrid exit status:   0 TrigReport Events total = 2000000 passed = 19982 failed = 1980018
   373 : section 00373  was running on murat-32918356-373-fnpc5027.fnal.gov     , mu2egrid exit status:   0 TrigReport Events total = 2000000 passed = 20580 failed = 1979420
   374 : section 00374  was running on murat-32918356-374-fnpc7013.fnal.gov     , mu2egrid exit status:   0 TrigReport Events total = 2000000 passed = 19871 failed = 1980129
   375 : section 00375  was running on murat-32918356-375-fnpc6017.fnal.gov     , mu2egrid exit status:   0 TrigReport Events total = 2000000 passed = 19867 failed = 1980133
   376 : section 00376  was running on murat-32918356-376-fnpc9102.fnal.gov     , mu2egrid exit status:   0 TrigReport Events total = 2000000 passed = 19629 failed = 1980371
   377 : section 00377  was running on murat-32918356-377-fnpc7021.fnal.gov     , mu2egrid exit status:   0 TrigReport Events total = 2000000 passed = 19582 failed = 1980418
   378 : section 00378  was running on murat-32918356-378-fnpc19110.fnal.gov    , mu2egrid exit status:   0 TrigReport Events total = 2000000 passed = 19630 failed = 1980370
   379 : section 00379  was running on murat-32918356-379-fnpc17149.fnal.gov    , mu2egrid exit status:   0 TrigReport Events total = 2000000 passed = 19938 failed = 1980062
   380 : section 00380  was running on murat-32918356-380-fnpc7013.fnal.gov     , mu2egrid exit status:   0 TrigReport Events total = 2000000 passed = 20038 failed = 1979962
   381 : section 00381  was running on murat-32918356-381-fnpc6017.fnal.gov     , mu2egrid exit status:   0 TrigReport Events total = 2000000 passed = 19540 failed = 1980460
   382 : section 00382  was running on murat-32918356-382-fnpc6017.fnal.gov     , mu2egrid exit status:   0 TrigReport Events total = 2000000 passed = 20315 failed = 1979685
   383 : section 00383  was running on murat-32918356-383-fnpc17121.fnal.gov    , mu2egrid exit status:   0 TrigReport Events total = 2000000 passed = 19311 failed = 1980689
   384 : section 00384  was running on murat-32918356-384-fnpc9038.fnal.gov     , mu2egrid exit status:   0 TrigReport Events total = 2000000 passed = 19307 failed = 1980693
   385 : section 00385  was running on murat-32918356-385-fnpc5036.fnal.gov     , mu2egrid exit status:   0 TrigReport Events total = 2000000 passed = 19548 failed = 1980452
   386 : section 00386  was running on murat-32918356-386-fnpc5014.fnal.gov     , mu2egrid exit status:   0 TrigReport Events total = 2000000 passed = 19681 failed = 1980319
   387 : section 00387  was running on murat-32918356-387-fnpc7009.fnal.gov     , mu2egrid exit status:   0 TrigReport Events total = 2000000 passed = 19399 failed = 1980601
   388 : section 00388  was running on murat-32918356-388-fnpc9057.fnal.gov     , mu2egrid exit status:   0 TrigReport Events total = 2000000 passed = 19761 failed = 1980239
   389 : section 00389  was running on murat-32918356-389-fnpc17126.fnal.gov    , mu2egrid exit status:   0 TrigReport Events total = 2000000 passed = 19886 failed = 1980114
   390 : section 00390  was running on murat-32918356-390-fnpc17135.fnal.gov    , mu2egrid exit status:   0 TrigReport Events total = 2000000 passed = 19309 failed = 1980691
   391 : section 00391  was running on murat-32918356-391-fnpc5002.fnal.gov     , mu2egrid exit status:   0 TrigReport Events total = 2000000 passed = 19225 failed = 1980775
   392 : section 00392  was running on murat-32918356-392-fnpc17130.fnal.gov    , mu2egrid exit status:   0 TrigReport Events total = 2000000 passed = 20427 failed = 1979573
   393 : section 00393  was running on murat-32918356-393-fnpc9042.fnal.gov     , mu2egrid exit status:   0 TrigReport Events total = 2000000 passed = 19910 failed = 1980090
   394 : section 00394  was running on murat-32918356-394-fnpc9039.fnal.gov     , mu2egrid exit status:   0 TrigReport Events total = 2000000 passed = 20003 failed = 1979997
   395 : section 00395  was running on murat-32918356-395-fnpc17147.fnal.gov    , mu2egrid exit status:   0 TrigReport Events total = 2000000 passed = 19502 failed = 1980498
   396 : section 00396  was running on murat-32918356-396-fnpc7306.fnal.gov     , mu2egrid exit status:   0 TrigReport Events total = 2000000 passed = 19575 failed = 1980425
   397 : section 00397  was running on murat-32918356-397-fnpc9003.fnal.gov     , mu2egrid exit status:   0 TrigReport Events total = 2000000 passed = 19381 failed = 1980619
   398 : section 00398  was running on murat-32918356-398-fnpc9070.fnal.gov     , mu2egrid exit status:   0 TrigReport Events total = 2000000 passed = 19887 failed = 1980113
   399 : section 00399  was running on murat-32918356-399-fnpc17114.fnal.gov    , mu2egrid exit status:   0 TrigReport Events total = 2000000 passed = 19776 failed = 1980224
   400 : section 00400  was running on murat-32918356-400-fnpc9058.fnal.gov     , mu2egrid exit status:   0 TrigReport Events total = 2000000 passed = 19057 failed = 1980943
   401 : section 00401  was running on murat-32918356-401-fnpc7021.fnal.gov     , mu2egrid exit status:   0 TrigReport Events total = 2000000 passed = 19551 failed = 1980449
   402 : section 00402  was running on murat-32918356-402-fnpc9053.fnal.gov     , mu2egrid exit status:   0 TrigReport Events total = 2000000 passed = 19734 failed = 1980266
   403 : section 00403  was running on murat-32918356-403-fnpc7014.fnal.gov     , mu2egrid exit status:   0 TrigReport Events total = 2000000 passed = 20118 failed = 1979882
   404 : section 00404  was running on murat-32918356-404-fnpc6023.fnal.gov     , mu2egrid exit status:   0 TrigReport Events total = 2000000 passed = 19420 failed = 1980580
   405 : section 00405  was running on murat-32918356-405-fnpc6020.fnal.gov     , mu2egrid exit status:   0 TrigReport Events total = 2000000 passed = 19312 failed = 1980688
   406 : section 00406  was running on murat-32918356-406-fnpc9058.fnal.gov     , mu2egrid exit status:   0 TrigReport Events total = 2000000 passed = 19444 failed = 1980556
   407 : section 00407  was running on murat-32918356-407-fnpc9053.fnal.gov     , mu2egrid exit status:   0 TrigReport Events total = 2000000 passed = 19796 failed = 1980204
   408 : section 00408  was running on murat-32918356-408-fnpc17114.fnal.gov    , mu2egrid exit status:   0 TrigReport Events total = 2000000 passed = 19538 failed = 1980462
   409 : section 00409  was running on murat-32918356-409-fnpc7014.fnal.gov     , mu2egrid exit status:   0 TrigReport Events total = 2000000 passed = 19265 failed = 1980735
   410 : section 00410  was running on murat-32918356-410-fnpc9058.fnal.gov     , mu2egrid exit status:   0 TrigReport Events total = 2000000 passed = 19380 failed = 1980620
   411 : section 00411  was running on murat-32918356-411-fnpc17120.fnal.gov    , mu2egrid exit status:   0 TrigReport Events total = 2000000 passed = 19292 failed = 1980708
   412 : section 00412  was running on murat-32918356-412-fnpc17101.fnal.gov    , mu2egrid exit status:   0 TrigReport Events total = 2000000 passed = 19646 failed = 1980354
   413 : section 00413  was running on murat-32918356-413-fnpc8016.fnal.gov     , mu2egrid exit status:   0 TrigReport Events total = 2000000 passed = 19728 failed = 1980272
   414 : section 00414  was running on murat-32918356-414-fnpc9103.fnal.gov     , mu2egrid exit status:   0 TrigReport Events total = 2000000 passed = 19674 failed = 1980326
   415 : section 00415  was running on murat-32918356-415-fnpc9052.fnal.gov     , mu2egrid exit status:   0 TrigReport Events total = 2000000 passed = 19377 failed = 1980623
   416 : section 00416  was running on murat-32918356-416-fnpc17153.fnal.gov    , mu2egrid exit status:   0 TrigReport Events total = 2000000 passed = 20005 failed = 1979995
   417 : section 00417  was running on murat-32918356-417-fnpc17130.fnal.gov    , mu2egrid exit status:   0 TrigReport Events total = 2000000 passed = 20030 failed = 1979970
   418 : section 00418  was running on murat-32918356-418-fnpc8027.fnal.gov     , mu2egrid exit status:   0 TrigReport Events total = 2000000 passed = 19879 failed = 1980121
   419 : section 00419  was running on murat-32918356-419-fnpc17113.fnal.gov    , mu2egrid exit status:   0 TrigReport Events total = 2000000 passed = 19056 failed = 1980944
   420 : section 00420  was running on murat-32918356-420-fnpc5037.fnal.gov     , mu2egrid exit status:   0 TrigReport Events total = 2000000 passed = 19387 failed = 1980613
   421 : section 00421  was running on murat-32918356-421-fnpc7003.fnal.gov     , mu2egrid exit status:   0 TrigReport Events total = 2000000 passed = 19812 failed = 1980188
   422 : section 00422  was running on murat-32918356-422-fnpc6022.fnal.gov     , mu2egrid exit status:   0 TrigReport Events total = 2000000 passed = 19872 failed = 1980128
   423 : section 00423  was running on murat-32918356-423-fnpc9044.fnal.gov     , mu2egrid exit status:   0 TrigReport Events total = 2000000 passed = 20037 failed = 1979963
   424 : section 00424  was running on murat-32918356-424-fnpc9015.fnal.gov     , mu2egrid exit status:   0 TrigReport Events total = 2000000 passed = 20456 failed = 1979544
   425 : section 00425  was running on murat-32918356-425-fnpc19132.fnal.gov    , mu2egrid exit status:   0 TrigReport Events total = 2000000 passed = 19558 failed = 1980442
   426 : section 00426  was running on murat-32918356-426-fnpc5029.fnal.gov     , mu2egrid exit status:   0 TrigReport Events total = 2000000 passed = 19388 failed = 1980612
   427 : section 00427  was running on murat-32918356-427-fnpc17103.fnal.gov    , mu2egrid exit status:   0 TrigReport Events total = 2000000 passed = 19489 failed = 1980511
   428 : section 00428  was running on murat-32918356-428-fnpc6014.fnal.gov     , mu2egrid exit status:   0 TrigReport Events total = 2000000 passed = 19916 failed = 1980084
   429 : section 00429  was running on murat-32918356-429-fnpc6031.fnal.gov     , mu2egrid exit status:   0 TrigReport Events total = 2000000 passed = 20452 failed = 1979548
   430 : section 00430  was running on murat-32918356-430-fnpc17110.fnal.gov    , mu2egrid exit status:   0 TrigReport Events total = 2000000 passed = 19653 failed = 1980347
   431 : section 00431  was running on murat-32918356-431-fnpc5030.fnal.gov     , mu2egrid exit status:   0 TrigReport Events total = 2000000 passed = 19506 failed = 1980494
   432 : section 00432  was running on murat-32918356-432-fnpc9039.fnal.gov     , mu2egrid exit status:   0 TrigReport Events total = 2000000 passed = 19780 failed = 1980220
   433 : section 00433  was running on murat-32918356-433-fnpc7303.fnal.gov     , mu2egrid exit status:   0 TrigReport Events total = 2000000 passed = 20122 failed = 1979878
   434 : section 00434  was running on murat-32918356-434-fnpc17146.fnal.gov    , mu2egrid exit status:   0 TrigReport Events total = 2000000 passed = 19857 failed = 1980143
   435 : section 00435  was running on murat-32918356-435-fnpc7011.fnal.gov     , mu2egrid exit status:   0 TrigReport Events total = 2000000 passed = 19664 failed = 1980336
   436 : section 00436  was running on murat-32918356-436-fnpc7003.fnal.gov     , mu2egrid exit status:   0 TrigReport Events total = 2000000 passed = 19658 failed = 1980342
   437 : section 00437  was running on murat-32918356-437-fnpc7027.fnal.gov     , mu2egrid exit status:   0 TrigReport Events total = 2000000 passed = 20039 failed = 1979961
   438 : section 00438  was running on murat-32918356-438-fnpc9029.fnal.gov     , mu2egrid exit status:   0 TrigReport Events total = 2000000 passed = 19973 failed = 1980027
   439 : section 00439  was running on murat-32918356-439-fnpc6016.fnal.gov     , mu2egrid exit status:   0 TrigReport Events total = 2000000 passed = 19642 failed = 1980358
   440 : section 00440  was running on murat-32918356-440-fnpc7018.fnal.gov     , mu2egrid exit status:   0 TrigReport Events total = 2000000 passed = 19460 failed = 1980540
   441 : section 00441  was running on murat-32918356-441-fnpc6027.fnal.gov     , mu2egrid exit status:   0 TrigReport Events total = 2000000 passed = 19939 failed = 1980061
   442 : section 00442  was running on murat-32918356-442-fnpc6028.fnal.gov     , mu2egrid exit status:   0 TrigReport Events total = 2000000 passed = 19727 failed = 1980273
   443 : section 00443  was running on murat-32918356-443-fnpc6018.fnal.gov     , mu2egrid exit status:   0 TrigReport Events total = 2000000 passed = 19676 failed = 1980324
   444 : section 00444  was running on murat-32918356-444-fnpc19111.fnal.gov    , mu2egrid exit status:   0 TrigReport Events total = 2000000 passed = 19478 failed = 1980522
   445 : section 00445  was running on murat-32918356-445-fnpc19111.fnal.gov    , mu2egrid exit status:   0 TrigReport Events total = 2000000 passed = 19745 failed = 1980255
   446 : section 00446  was running on murat-32918356-446-fnpc9009.fnal.gov     , mu2egrid exit status:   0 TrigReport Events total = 2000000 passed = 19706 failed = 1980294
   447 : section 00447  was running on murat-32918356-447-fnpc6027.fnal.gov     , mu2egrid exit status:   0 TrigReport Events total = 2000000 passed = 19878 failed = 1980122
   448 : section 00448  was running on murat-32918356-448-fnpc7002.fnal.gov     , mu2egrid exit status:   0 TrigReport Events total = 2000000 passed = 19381 failed = 1980619
   449 : section 00449  was running on murat-32918356-449-fnpc7002.fnal.gov     , mu2egrid exit status:   0 TrigReport Events total = 2000000 passed = 19589 failed = 1980411
   450 : section 00450  was running on murat-32918356-450-fnpc17155.fnal.gov    , mu2egrid exit status:   0 TrigReport Events total = 2000000 passed = 19972 failed = 1980028
   451 : section 00451  was running on murat-32918356-451-fnpc9109.fnal.gov     , mu2egrid exit status:   0 TrigReport Events total = 2000000 passed = 19920 failed = 1980080
   452 : section 00452  was running on murat-32918356-452-fnpc6026.fnal.gov     , mu2egrid exit status:   0 TrigReport Events total = 2000000 passed = 20274 failed = 1979726
   453 : section 00453  was running on murat-32918356-453-fnpc17154.fnal.gov    , mu2egrid exit status:   0 TrigReport Events total = 2000000 passed = 19856 failed = 1980144
   454 : section 00454  was running on murat-32918356-454-fnpc9106.fnal.gov     , mu2egrid exit status:   0 TrigReport Events total = 2000000 passed = 19692 failed = 1980308
   455 : section 00455  was running on murat-32918356-455-fnpc9045.fnal.gov     , mu2egrid exit status:   0 TrigReport Events total = 2000000 passed = 19414 failed = 1980586
   456 : section 00456  was running on murat-32918356-456-fnpc9023.fnal.gov     , mu2egrid exit status:   0 TrigReport Events total = 2000000 passed = 19916 failed = 1980084
   457 : section 00457  was running on murat-32918356-457-fnpc8018.fnal.gov     , mu2egrid exit status:   0 TrigReport Events total = 2000000 passed = 19699 failed = 1980301
   458 : section 00458  was running on murat-32918356-458-fnpc6018.fnal.gov     , mu2egrid exit status:   0 TrigReport Events total = 2000000 passed = 19939 failed = 1980061
   459 : section 00459  was running on murat-32918356-459-fnpc8019.fnal.gov     , mu2egrid exit status:   0 TrigReport Events total = 2000000 passed = 19547 failed = 1980453
   460 : section 00460  was running on murat-32918356-460-fnpc19132.fnal.gov    , mu2egrid exit status:   0 TrigReport Events total = 2000000 passed = 19753 failed = 1980247
   461 : section 00461  was running on murat-32918356-461-fnpc5020.fnal.gov     , mu2egrid exit status:   0 TrigReport Events total = 2000000 passed = 19565 failed = 1980435
   462 : section 00462  was running on murat-32918356-462-fnpc9102.fnal.gov     , mu2egrid exit status:   0 TrigReport Events total = 2000000 passed = 19785 failed = 1980215
   463 : section 00463  was running on murat-32918356-463-fnpc19140.fnal.gov    , mu2egrid exit status:   0 TrigReport Events total = 2000000 passed = 19206 failed = 1980794
   464 : section 00464  was running on murat-32918356-464-fnpc17154.fnal.gov    , mu2egrid exit status:   0 TrigReport Events total = 2000000 passed = 19475 failed = 1980525
   465 : section 00465  was running on murat-32918356-465-fnpc5016.fnal.gov     , mu2egrid exit status:   0 TrigReport Events total = 2000000 passed = 19044 failed = 1980956
   466 : section 00466  was running on murat-32918356-466-fnpc17116.fnal.gov    , mu2egrid exit status:   0 TrigReport Events total = 2000000 passed = 19741 failed = 1980259
   467 : section 00467  was running on murat-32918356-467-fnpc5024.fnal.gov     , mu2egrid exit status:   0 TrigReport Events total = 2000000 passed = 20018 failed = 1979982
   468 : section 00468  was running on murat-32918356-468-fnpc9063.fnal.gov     , mu2egrid exit status:   0 TrigReport Events total = 2000000 passed = 19320 failed = 1980680
   469 : section 00469  was running on murat-32918356-469-fnpc19132.fnal.gov    , mu2egrid exit status:   0 TrigReport Events total = 2000000 passed = 19380 failed = 1980620
   470 : section 00470  was running on murat-32918356-470-fnpc17130.fnal.gov    , mu2egrid exit status:   0 TrigReport Events total = 2000000 passed = 19579 failed = 1980421
   471 : section 00471  was running on murat-32918356-471-fnpc17108.fnal.gov    , mu2egrid exit status:   0 TrigReport Events total = 2000000 passed = 19466 failed = 1980534
   472 : section 00472  was running on murat-32918356-472-fnpc8011.fnal.gov     , mu2egrid exit status:   0 TrigReport Events total = 2000000 passed = 19468 failed = 1980532
   473 : section 00473  was running on murat-32918356-473-fnpc9009.fnal.gov     , mu2egrid exit status:   0 TrigReport Events total = 2000000 passed = 19728 failed = 1980272
   474 : section 00474  was running on murat-32918356-474-fnpc8002.fnal.gov     , mu2egrid exit status:   0 TrigReport Events total = 2000000 passed = 19718 failed = 1980282
   475 : section 00475  was running on murat-32918356-475-fnpc8008.fnal.gov     , mu2egrid exit status:   0 TrigReport Events total = 2000000 passed = 19831 failed = 1980169
   476 : section 00476  was running on murat-32918356-476-fnpc17121.fnal.gov    , mu2egrid exit status:   0 TrigReport Events total = 2000000 passed = 20489 failed = 1979511
   477 : section 00477  was running on murat-32918356-477-fnpc6003.fnal.gov     , mu2egrid exit status:   0 TrigReport Events total = 2000000 passed = 19245 failed = 1980755
   478 : section 00478  was running on murat-32918356-478-fnpc9108.fnal.gov     , mu2egrid exit status:   0 TrigReport Events total = 2000000 passed = 19054 failed = 1980946
   479 : section 00479  was running on murat-32918356-479-fnpc9069.fnal.gov     , mu2egrid exit status:   0 TrigReport Events total = 2000000 passed = 19381 failed = 1980619
   480 : section 00480  was running on murat-32918356-480-fnpc9025.fnal.gov     , mu2egrid exit status:   0 TrigReport Events total = 2000000 passed = 19827 failed = 1980173
   481 : section 00481  was running on murat-32918356-481-fnpc9013.fnal.gov     , mu2egrid exit status:   0 TrigReport Events total = 2000000 passed = 19444 failed = 1980556
   482 : section 00482  was running on murat-32918356-482-fnpc19132.fnal.gov    , mu2egrid exit status:   0 TrigReport Events total = 2000000 passed = 19763 failed = 1980237
   483 : section 00483  was running on murat-32918356-483-fnpc7018.fnal.gov     , mu2egrid exit status:   0 TrigReport Events total = 2000000 passed = 19408 failed = 1980592
   484 : section 00484  was running on murat-32918356-484-fnpc6029.fnal.gov     , mu2egrid exit status:   0 TrigReport Events total = 2000000 passed = 19661 failed = 1980339
--------------------------------------------
JOB SUMMARY:
--------------------------------------------
submitted           :   485 sections
output checked      :   485 sections
completed           :   485 sections
staging failures    :     0 sections
completed with rc=0 :   485 sections
mu2e job failed     :     0 sections
